<?xml version="1.0" encoding="UTF-8"?>
<testsuite name="org.apache.commons.math3.util.OpenIntToFieldTest" tests="17" skipped="0" failures="0" errors="0" timestamp="2020-10-17T21:43:04" hostname="DYLAN-DESKTOP" time="0.027">
  <properties/>
  <testcase name="testPutAbsentOnExisting" classname="org.apache.commons.math3.util.OpenIntToFieldTest" time="0.008"/>
  <testcase name="testPutKeysWithCollision2" classname="org.apache.commons.math3.util.OpenIntToFieldTest" time="0.0"/>
  <testcase name="testPutKeysWithCollisions" classname="org.apache.commons.math3.util.OpenIntToFieldTest" time="0.0"/>
  <testcase name="testCopy" classname="org.apache.commons.math3.util.OpenIntToFieldTest" time="0.0"/>
  <testcase name="testContainsKey" classname="org.apache.commons.math3.util.OpenIntToFieldTest" time="0.005"/>
  <testcase name="testRemoveAbsent" classname="org.apache.commons.math3.util.OpenIntToFieldTest" time="0.006"/>
  <testcase name="testPutAndGet" classname="org.apache.commons.math3.util.OpenIntToFieldTest" time="0.0"/>
  <testcase name="testPutAndGetWith0ExpectedSize" classname="org.apache.commons.math3.util.OpenIntToFieldTest" time="0.0"/>
  <testcase name="testRemove2" classname="org.apache.commons.math3.util.OpenIntToFieldTest" time="0.0"/>
  <testcase name="testConcurrentModification" classname="org.apache.commons.math3.util.OpenIntToFieldTest" time="0.001"/>
  <testcase name="testGetAbsent" classname="org.apache.commons.math3.util.OpenIntToFieldTest" time="0.005"/>
  <testcase name="testGetFromEmpty" classname="org.apache.commons.math3.util.OpenIntToFieldTest" time="0.0"/>
  <testcase name="testPutOnExisting" classname="org.apache.commons.math3.util.OpenIntToFieldTest" time="0.0"/>
  <testcase name="testRemove" classname="org.apache.commons.math3.util.OpenIntToFieldTest" time="0.0"/>
  <testcase name="testIterator" classname="org.apache.commons.math3.util.OpenIntToFieldTest" time="0.0"/>
  <testcase name="testPutAndGetWithExpectedSize" classname="org.apache.commons.math3.util.OpenIntToFieldTest" time="0.001"/>
  <testcase name="testRemoveFromEmpty" classname="org.apache.commons.math3.util.OpenIntToFieldTest" time="0.0"/>
  <system-out><![CDATA[]]></system-out>
  <system-err><![CDATA[]]></system-err>
</testsuite>
