<?xml version="1.0" encoding="UTF-8"?>
<testsuite name="org.apache.commons.math3.optimization.general.NonLinearConjugateGradientOptimizerTest" tests="12" skipped="0" failures="0" errors="0" timestamp="2020-10-17T21:42:00" hostname="DYLAN-DESKTOP" time="0.014">
  <properties/>
  <testcase name="testNoDependency" classname="org.apache.commons.math3.optimization.general.NonLinearConjugateGradientOptimizerTest" time="0.005"/>
  <testcase name="testRedundantEquations" classname="org.apache.commons.math3.optimization.general.NonLinearConjugateGradientOptimizerTest" time="0.001"/>
  <testcase name="testTrivial" classname="org.apache.commons.math3.optimization.general.NonLinearConjugateGradientOptimizerTest" time="0.0"/>
  <testcase name="testTwoSets" classname="org.apache.commons.math3.optimization.general.NonLinearConjugateGradientOptimizerTest" time="0.001"/>
  <testcase name="testMoreEstimatedParametersSimple" classname="org.apache.commons.math3.optimization.general.NonLinearConjugateGradientOptimizerTest" time="0.0"/>
  <testcase name="testMoreEstimatedParametersUnsorted" classname="org.apache.commons.math3.optimization.general.NonLinearConjugateGradientOptimizerTest" time="0.001"/>
  <testcase name="testIllConditioned" classname="org.apache.commons.math3.optimization.general.NonLinearConjugateGradientOptimizerTest" time="0.002"/>
  <testcase name="testColumnsPermutation" classname="org.apache.commons.math3.optimization.general.NonLinearConjugateGradientOptimizerTest" time="0.0"/>
  <testcase name="testNonInversible" classname="org.apache.commons.math3.optimization.general.NonLinearConjugateGradientOptimizerTest" time="0.0"/>
  <testcase name="testInconsistentEquations" classname="org.apache.commons.math3.optimization.general.NonLinearConjugateGradientOptimizerTest" time="0.0"/>
  <testcase name="testCircleFitting" classname="org.apache.commons.math3.optimization.general.NonLinearConjugateGradientOptimizerTest" time="0.003"/>
  <testcase name="testOneSet" classname="org.apache.commons.math3.optimization.general.NonLinearConjugateGradientOptimizerTest" time="0.0"/>
  <system-out><![CDATA[]]></system-out>
  <system-err><![CDATA[]]></system-err>
</testsuite>
