<?xml version="1.0" encoding="UTF-8"?>
<testsuite name="org.apache.commons.math3.ode.nonstiff.GraggBulirschStoerIntegratorTest" tests="12" skipped="0" failures="0" errors="0" timestamp="2020-11-02T01:14:33" hostname="DESKTOP-C0495IR" time="0.136">
  <properties/>
  <testcase name="testDimensionCheck" classname="org.apache.commons.math3.ode.nonstiff.GraggBulirschStoerIntegratorTest" time="0.0"/>
  <testcase name="testBackward" classname="org.apache.commons.math3.ode.nonstiff.GraggBulirschStoerIntegratorTest" time="0.0"/>
  <testcase name="testVariableSteps" classname="org.apache.commons.math3.ode.nonstiff.GraggBulirschStoerIntegratorTest" time="0.006"/>
  <testcase name="testIntegratorControls" classname="org.apache.commons.math3.ode.nonstiff.GraggBulirschStoerIntegratorTest" time="0.114"/>
  <testcase name="testMinStep" classname="org.apache.commons.math3.ode.nonstiff.GraggBulirschStoerIntegratorTest" time="0.0"/>
  <testcase name="testUnstableDerivative" classname="org.apache.commons.math3.ode.nonstiff.GraggBulirschStoerIntegratorTest" time="0.001"/>
  <testcase name="testNullIntervalCheck" classname="org.apache.commons.math3.ode.nonstiff.GraggBulirschStoerIntegratorTest" time="0.0"/>
  <testcase name="testEvents" classname="org.apache.commons.math3.ode.nonstiff.GraggBulirschStoerIntegratorTest" time="0.0"/>
  <testcase name="testIssue596" classname="org.apache.commons.math3.ode.nonstiff.GraggBulirschStoerIntegratorTest" time="0.001"/>
  <testcase name="testKepler" classname="org.apache.commons.math3.ode.nonstiff.GraggBulirschStoerIntegratorTest" time="0.01"/>
  <testcase name="testIncreasingTolerance" classname="org.apache.commons.math3.ode.nonstiff.GraggBulirschStoerIntegratorTest" time="0.001"/>
  <testcase name="testTooLargeFirstStep" classname="org.apache.commons.math3.ode.nonstiff.GraggBulirschStoerIntegratorTest" time="0.001"/>
  <system-out><![CDATA[]]></system-out>
  <system-err><![CDATA[]]></system-err>
</testsuite>
