<?xml version="1.0" encoding="UTF-8"?>
<testsuite name="org.apache.commons.math3.ode.nonstiff.AdamsMoultonFieldIntegratorTest" tests="6" skipped="0" failures="0" errors="0" timestamp="2020-11-02T01:14:31" hostname="DESKTOP-C0495IR" time="0.153">
  <properties/>
  <testcase name="polynomial" classname="org.apache.commons.math3.ode.nonstiff.AdamsMoultonFieldIntegratorTest" time="0.014"/>
  <testcase name="testStartFailure" classname="org.apache.commons.math3.ode.nonstiff.AdamsMoultonFieldIntegratorTest" time="0.001"/>
  <testcase name="testMinStep" classname="org.apache.commons.math3.ode.nonstiff.AdamsMoultonFieldIntegratorTest" time="0.0"/>
  <testcase name="exceedMaxEvaluations" classname="org.apache.commons.math3.ode.nonstiff.AdamsMoultonFieldIntegratorTest" time="0.013"/>
  <testcase name="testIncreasingTolerance" classname="org.apache.commons.math3.ode.nonstiff.AdamsMoultonFieldIntegratorTest" time="0.084"/>
  <testcase name="backward" classname="org.apache.commons.math3.ode.nonstiff.AdamsMoultonFieldIntegratorTest" time="0.041"/>
  <system-out><![CDATA[]]></system-out>
  <system-err><![CDATA[]]></system-err>
</testsuite>
