<?xml version="1.0" encoding="UTF-8"?>
<testsuite name="org.apache.commons.math3.linear.FieldLUSolverTest" tests="5" skipped="0" failures="0" errors="0" timestamp="2020-11-02T01:14:29" hostname="DESKTOP-C0495IR" time="0.004">
  <properties/>
  <testcase name="testSolve" classname="org.apache.commons.math3.linear.FieldLUSolverTest" time="0.003"/>
  <testcase name="testDeterminant" classname="org.apache.commons.math3.linear.FieldLUSolverTest" time="0.001"/>
  <testcase name="testSolveDimensionErrors" classname="org.apache.commons.math3.linear.FieldLUSolverTest" time="0.0"/>
  <testcase name="testSolveSingularityErrors" classname="org.apache.commons.math3.linear.FieldLUSolverTest" time="0.0"/>
  <testcase name="testSingular" classname="org.apache.commons.math3.linear.FieldLUSolverTest" time="0.0"/>
  <system-out><![CDATA[]]></system-out>
  <system-err><![CDATA[]]></system-err>
</testsuite>
