<?xml version="1.0" encoding="UTF-8"?>
<testsuite name="org.apache.commons.math3.ode.FirstOrderConverterTest" tests="4" skipped="0" failures="0" errors="0" timestamp="2020-10-17T21:41:27" hostname="DYLAN-DESKTOP" time="0.023">
  <properties/>
  <testcase name="testSmallStep" classname="org.apache.commons.math3.ode.FirstOrderConverterTest" time="0.02"/>
  <testcase name="testDecreasingSteps" classname="org.apache.commons.math3.ode.FirstOrderConverterTest" time="0.002"/>
  <testcase name="testBigStep" classname="org.apache.commons.math3.ode.FirstOrderConverterTest" time="0.0"/>
  <testcase name="testDoubleDimension" classname="org.apache.commons.math3.ode.FirstOrderConverterTest" time="0.001"/>
  <system-out><![CDATA[]]></system-out>
  <system-err><![CDATA[]]></system-err>
</testsuite>
