<?xml version="1.0" encoding="UTF-8"?>
<testsuite name="org.apache.commons.math3.analysis.integration.IterativeLegendreGaussIntegratorTest" tests="5" skipped="0" failures="0" errors="0" timestamp="2020-10-17T21:41:07" hostname="DYLAN-DESKTOP" time="0.688">
  <properties/>
  <testcase name="testExactIntegration" classname="org.apache.commons.math3.analysis.integration.IterativeLegendreGaussIntegratorTest" time="0.024"/>
  <testcase name="testNormalDistributionWithLargeSigma" classname="org.apache.commons.math3.analysis.integration.IterativeLegendreGaussIntegratorTest" time="0.0"/>
  <testcase name="testSinFunction" classname="org.apache.commons.math3.analysis.integration.IterativeLegendreGaussIntegratorTest" time="0.0"/>
  <testcase name="testQuinticFunction" classname="org.apache.commons.math3.analysis.integration.IterativeLegendreGaussIntegratorTest" time="0.0"/>
  <testcase name="testIssue464" classname="org.apache.commons.math3.analysis.integration.IterativeLegendreGaussIntegratorTest" time="0.664"/>
  <system-out><![CDATA[]]></system-out>
  <system-err><![CDATA[]]></system-err>
</testsuite>
