<?xml version="1.0" encoding="UTF-8"?>
<testsuite name="org.apache.commons.math3.ode.JacobianMatricesTest" tests="7" skipped="0" failures="0" errors="0" timestamp="2020-11-02T01:14:30" hostname="DESKTOP-C0495IR" time="0.386">
  <properties/>
  <testcase name="testLowAccuracyExternalDifferentiation" classname="org.apache.commons.math3.ode.JacobianMatricesTest" time="0.028"/>
  <testcase name="testHighAccuracyExternalDifferentiation" classname="org.apache.commons.math3.ode.JacobianMatricesTest" time="0.229"/>
  <testcase name="testAnalyticalDifferentiation" classname="org.apache.commons.math3.ode.JacobianMatricesTest" time="0.057"/>
  <testcase name="testInternalDifferentiation" classname="org.apache.commons.math3.ode.JacobianMatricesTest" time="0.065"/>
  <testcase name="testParameterizable" classname="org.apache.commons.math3.ode.JacobianMatricesTest" time="0.005"/>
  <testcase name="testWrongParameterName" classname="org.apache.commons.math3.ode.JacobianMatricesTest" time="0.0"/>
  <testcase name="testFinalResult" classname="org.apache.commons.math3.ode.JacobianMatricesTest" time="0.002"/>
  <system-out><![CDATA[]]></system-out>
  <system-err><![CDATA[]]></system-err>
</testsuite>
