<?xml version="1.0" encoding="UTF-8"?>
<testsuite name="org.apache.commons.math3.linear.UnmodifiableArrayRealVectorTest" tests="8" skipped="0" failures="0" errors="0" timestamp="2020-10-17T21:41:26" hostname="DYLAN-DESKTOP" time="0.019">
  <properties/>
  <testcase name="testSetSubVector" classname="org.apache.commons.math3.linear.UnmodifiableArrayRealVectorTest" time="0.0"/>
  <testcase name="testGetEntry" classname="org.apache.commons.math3.linear.UnmodifiableArrayRealVectorTest" time="0.0"/>
  <testcase name="testAllButExcluded" classname="org.apache.commons.math3.linear.UnmodifiableArrayRealVectorTest" time="0.01"/>
  <testcase name="testAddToEntry" classname="org.apache.commons.math3.linear.UnmodifiableArrayRealVectorTest" time="0.0"/>
  <testcase name="testGetSubVector" classname="org.apache.commons.math3.linear.UnmodifiableArrayRealVectorTest" time="0.005"/>
  <testcase name="testSparseIterator" classname="org.apache.commons.math3.linear.UnmodifiableArrayRealVectorTest" time="0.002"/>
  <testcase name="testIterator" classname="org.apache.commons.math3.linear.UnmodifiableArrayRealVectorTest" time="0.001"/>
  <testcase name="testSetEntry" classname="org.apache.commons.math3.linear.UnmodifiableArrayRealVectorTest" time="0.0"/>
  <system-out><![CDATA[]]></system-out>
  <system-err><![CDATA[]]></system-err>
</testsuite>
