<?xml version="1.0" encoding="UTF-8"?>
<testsuite name="org.apache.commons.math3.optim.nonlinear.scalar.noderiv.PowellOptimizerTest" tests="5" skipped="0" failures="0" errors="0" timestamp="2020-10-17T21:41:44" hostname="DYLAN-DESKTOP" time="0.005">
  <properties/>
  <testcase name="testQuadratic" classname="org.apache.commons.math3.optim.nonlinear.scalar.noderiv.PowellOptimizerTest" time="0.001"/>
  <testcase name="testRelativeToleranceOnScaledValues" classname="org.apache.commons.math3.optim.nonlinear.scalar.noderiv.PowellOptimizerTest" time="0.002"/>
  <testcase name="testMaximizeQuadratic" classname="org.apache.commons.math3.optim.nonlinear.scalar.noderiv.PowellOptimizerTest" time="0.0"/>
  <testcase name="testBoundsUnsupported" classname="org.apache.commons.math3.optim.nonlinear.scalar.noderiv.PowellOptimizerTest" time="0.001"/>
  <testcase name="testSumSinc" classname="org.apache.commons.math3.optim.nonlinear.scalar.noderiv.PowellOptimizerTest" time="0.001"/>
  <system-out><![CDATA[]]></system-out>
  <system-err><![CDATA[]]></system-err>
</testsuite>
