<?xml version="1.0" encoding="UTF-8"?>
<testsuite name="org.apache.commons.math3.analysis.differentiation.DSCompilerTest" tests="7" skipped="0" failures="0" errors="0" timestamp="2020-11-02T01:13:38" hostname="DESKTOP-C0495IR" time="0.014">
  <properties/>
  <testcase name="testSymmetry" classname="org.apache.commons.math3.analysis.differentiation.DSCompilerTest" time="0.003"/>
  <testcase name="testSize" classname="org.apache.commons.math3.analysis.differentiation.DSCompilerTest" time="0.0"/>
  <testcase name="testIncompatibleOrder" classname="org.apache.commons.math3.analysis.differentiation.DSCompilerTest" time="0.0"/>
  <testcase name="testIncompatibleParams" classname="org.apache.commons.math3.analysis.differentiation.DSCompilerTest" time="0.0"/>
  <testcase name="testMultiplicationRules" classname="org.apache.commons.math3.analysis.differentiation.DSCompilerTest" time="0.002"/>
  <testcase name="testIndices" classname="org.apache.commons.math3.analysis.differentiation.DSCompilerTest" time="0.0"/>
  <testcase name="testCompositionRules" classname="org.apache.commons.math3.analysis.differentiation.DSCompilerTest" time="0.007"/>
  <system-out><![CDATA[]]></system-out>
  <system-err><![CDATA[]]></system-err>
</testsuite>
