<?xml version="1.0" encoding="UTF-8"?>
<testsuite name="org.apache.commons.math3.util.PrecisionTest" tests="16" skipped="0" failures="0" errors="0" timestamp="2020-11-02T01:17:13" hostname="DESKTOP-C0495IR" time="0.003">
  <properties/>
  <testcase name="testRepresentableDelta" classname="org.apache.commons.math3.util.PrecisionTest" time="0.001"/>
  <testcase name="testRoundDouble" classname="org.apache.commons.math3.util.PrecisionTest" time="0.0"/>
  <testcase name="testCompareToEpsilon" classname="org.apache.commons.math3.util.PrecisionTest" time="0.0"/>
  <testcase name="testRoundFloat" classname="org.apache.commons.math3.util.PrecisionTest" time="0.0"/>
  <testcase name="testEqualsIncludingNaNWithAllowedDelta" classname="org.apache.commons.math3.util.PrecisionTest" time="0.0"/>
  <testcase name="testEqualsIncludingNaNWithAllowedUlps" classname="org.apache.commons.math3.util.PrecisionTest" time="0.0"/>
  <testcase name="testEqualsWithRelativeTolerance" classname="org.apache.commons.math3.util.PrecisionTest" time="0.0"/>
  <testcase name="testFloatEqualsWithAllowedUlps" classname="org.apache.commons.math3.util.PrecisionTest" time="0.0"/>
  <testcase name="testMath475" classname="org.apache.commons.math3.util.PrecisionTest" time="0.0"/>
  <testcase name="testMath843" classname="org.apache.commons.math3.util.PrecisionTest" time="0.0"/>
  <testcase name="testEqualsWithAllowedUlps" classname="org.apache.commons.math3.util.PrecisionTest" time="0.0"/>
  <testcase name="testMath1127" classname="org.apache.commons.math3.util.PrecisionTest" time="0.0"/>
  <testcase name="testEqualsWithAllowedDelta" classname="org.apache.commons.math3.util.PrecisionTest" time="0.0"/>
  <testcase name="testIssue721" classname="org.apache.commons.math3.util.PrecisionTest" time="0.001"/>
  <testcase name="testCompareToMaxUlps" classname="org.apache.commons.math3.util.PrecisionTest" time="0.0"/>
  <testcase name="testEqualsIncludingNaN" classname="org.apache.commons.math3.util.PrecisionTest" time="0.0"/>
  <system-out><![CDATA[]]></system-out>
  <system-err><![CDATA[]]></system-err>
</testsuite>
