<?xml version="1.0" encoding="UTF-8"?>
<testsuite name="org.apache.commons.math3.ode.nonstiff.GillIntegratorTest" tests="8" skipped="0" failures="0" errors="0" timestamp="2020-10-17T21:41:30" hostname="DYLAN-DESKTOP" time="0.12">
  <properties/>
  <testcase name="testDimensionCheck" classname="org.apache.commons.math3.ode.nonstiff.GillIntegratorTest" time="0.0"/>
  <testcase name="testBackward" classname="org.apache.commons.math3.ode.nonstiff.GillIntegratorTest" time="0.015"/>
  <testcase name="testSmallStep" classname="org.apache.commons.math3.ode.nonstiff.GillIntegratorTest" time="0.014"/>
  <testcase name="testDecreasingSteps" classname="org.apache.commons.math3.ode.nonstiff.GillIntegratorTest" time="0.081"/>
  <testcase name="testBigStep" classname="org.apache.commons.math3.ode.nonstiff.GillIntegratorTest" time="0.0"/>
  <testcase name="testUnstableDerivative" classname="org.apache.commons.math3.ode.nonstiff.GillIntegratorTest" time="0.0"/>
  <testcase name="testKepler" classname="org.apache.commons.math3.ode.nonstiff.GillIntegratorTest" time="0.009"/>
  <testcase name="testStepSize" classname="org.apache.commons.math3.ode.nonstiff.GillIntegratorTest" time="0.001"/>
  <system-out><![CDATA[]]></system-out>
  <system-err><![CDATA[]]></system-err>
</testsuite>
