<?xml version="1.0" encoding="UTF-8"?>
<testsuite name="org.apache.commons.math3.optimization.PointVectorValuePairTest" tests="1" skipped="0" failures="0" errors="0" timestamp="2020-10-17T21:42:00" hostname="DYLAN-DESKTOP" time="0.002">
  <properties/>
  <testcase name="testSerial" classname="org.apache.commons.math3.optimization.PointVectorValuePairTest" time="0.002"/>
  <system-out><![CDATA[]]></system-out>
  <system-err><![CDATA[]]></system-err>
</testsuite>
