<?xml version="1.0" encoding="UTF-8"?>
<testsuite name="org.apache.commons.math3.random.SynchronizedRandomGeneratorTest" tests="2" skipped="0" failures="0" errors="0" timestamp="2020-10-17T21:42:22" hostname="DYLAN-DESKTOP" time="0.627">
  <properties/>
  <testcase name="testAdapter" classname="org.apache.commons.math3.random.SynchronizedRandomGeneratorTest" time="0.003"/>
  <testcase name="testMath899Sync" classname="org.apache.commons.math3.random.SynchronizedRandomGeneratorTest" time="0.624"/>
  <system-out><![CDATA[]]></system-out>
  <system-err><![CDATA[]]></system-err>
</testsuite>
