<?xml version="1.0" encoding="UTF-8"?>
<testsuite name="org.apache.commons.math3.linear.UnmodifiableOpenMapRealVectorTest" tests="8" skipped="0" failures="0" errors="0" timestamp="2020-11-02T01:14:29" hostname="DESKTOP-C0495IR" time="0.164">
  <properties/>
  <testcase name="testSetSubVector" classname="org.apache.commons.math3.linear.UnmodifiableOpenMapRealVectorTest" time="0.0"/>
  <testcase name="testGetEntry" classname="org.apache.commons.math3.linear.UnmodifiableOpenMapRealVectorTest" time="0.0"/>
  <testcase name="testAllButExcluded" classname="org.apache.commons.math3.linear.UnmodifiableOpenMapRealVectorTest" time="0.01"/>
  <testcase name="testAddToEntry" classname="org.apache.commons.math3.linear.UnmodifiableOpenMapRealVectorTest" time="0.0"/>
  <testcase name="testGetSubVector" classname="org.apache.commons.math3.linear.UnmodifiableOpenMapRealVectorTest" time="0.151"/>
  <testcase name="testSparseIterator" classname="org.apache.commons.math3.linear.UnmodifiableOpenMapRealVectorTest" time="0.002"/>
  <testcase name="testIterator" classname="org.apache.commons.math3.linear.UnmodifiableOpenMapRealVectorTest" time="0.001"/>
  <testcase name="testSetEntry" classname="org.apache.commons.math3.linear.UnmodifiableOpenMapRealVectorTest" time="0.0"/>
  <system-out><![CDATA[]]></system-out>
  <system-err><![CDATA[]]></system-err>
</testsuite>
