<?xml version="1.0" encoding="UTF-8"?>
<testsuite name="org.apache.commons.math3.genetics.FixedElapsedTimeTest" tests="1" skipped="0" failures="0" errors="0" timestamp="2020-11-02T01:14:13" hostname="DESKTOP-C0495IR" time="3.017">
  <properties/>
  <testcase name="testIsSatisfied" classname="org.apache.commons.math3.genetics.FixedElapsedTimeTest" time="3.017"/>
  <system-out><![CDATA[]]></system-out>
  <system-err><![CDATA[]]></system-err>
</testsuite>
