<?xml version="1.0" encoding="UTF-8"?>
<testsuite name="org.apache.commons.math3.linear.OpenMapRealMatrixTest" tests="2" skipped="0" failures="0" errors="0" timestamp="2020-10-17T21:41:26" hostname="DYLAN-DESKTOP" time="0.004">
  <properties/>
  <testcase name="testMath679" classname="org.apache.commons.math3.linear.OpenMapRealMatrixTest" time="0.0"/>
  <testcase name="testMath870" classname="org.apache.commons.math3.linear.OpenMapRealMatrixTest" time="0.004"/>
  <system-out><![CDATA[]]></system-out>
  <system-err><![CDATA[]]></system-err>
</testsuite>
