<?xml version="1.0" encoding="UTF-8"?>
<testsuite name="org.apache.commons.math3.distribution.HypergeometricDistributionTest" tests="17" skipped="0" failures="0" errors="0" timestamp="2020-11-02T01:14:08" hostname="DESKTOP-C0495IR" time="0.011">
  <properties/>
  <testcase name="testLargeValues" classname="org.apache.commons.math3.distribution.HypergeometricDistributionTest" time="0.004"/>
  <testcase name="testDegenerateNoFailures" classname="org.apache.commons.math3.distribution.HypergeometricDistributionTest" time="0.0"/>
  <testcase name="testAccessors" classname="org.apache.commons.math3.distribution.HypergeometricDistributionTest" time="0.0"/>
  <testcase name="testPreconditions" classname="org.apache.commons.math3.distribution.HypergeometricDistributionTest" time="0.0"/>
  <testcase name="testDegenerateNoSuccesses" classname="org.apache.commons.math3.distribution.HypergeometricDistributionTest" time="0.001"/>
  <testcase name="testDegenerateFullSample" classname="org.apache.commons.math3.distribution.HypergeometricDistributionTest" time="0.0"/>
  <testcase name="testMath644" classname="org.apache.commons.math3.distribution.HypergeometricDistributionTest" time="0.0"/>
  <testcase name="testMoments" classname="org.apache.commons.math3.distribution.HypergeometricDistributionTest" time="0.0"/>
  <testcase name="testMath1021" classname="org.apache.commons.math3.distribution.HypergeometricDistributionTest" time="0.001"/>
  <testcase name="testMoreLargeValues" classname="org.apache.commons.math3.distribution.HypergeometricDistributionTest" time="0.001"/>
  <testcase name="testDensities" classname="org.apache.commons.math3.distribution.HypergeometricDistributionTest" time="0.0"/>
  <testcase name="testInverseCumulativeProbabilities" classname="org.apache.commons.math3.distribution.HypergeometricDistributionTest" time="0.0"/>
  <testcase name="testSampling" classname="org.apache.commons.math3.distribution.HypergeometricDistributionTest" time="0.004"/>
  <testcase name="testCumulativeProbabilities" classname="org.apache.commons.math3.distribution.HypergeometricDistributionTest" time="0.0"/>
  <testcase name="testIllegalArguments" classname="org.apache.commons.math3.distribution.HypergeometricDistributionTest" time="0.0"/>
  <testcase name="testLogDensities" classname="org.apache.commons.math3.distribution.HypergeometricDistributionTest" time="0.0"/>
  <testcase name="testConsistencyAtSupportBounds" classname="org.apache.commons.math3.distribution.HypergeometricDistributionTest" time="0.0"/>
  <system-out><![CDATA[]]></system-out>
  <system-err><![CDATA[]]></system-err>
</testsuite>
