<?xml version="1.0" encoding="UTF-8"?>
<testsuite name="org.apache.commons.math3.optimization.SimplePointCheckerTest" tests="3" skipped="0" failures="0" errors="0" timestamp="2020-11-02T01:15:25" hostname="DESKTOP-C0495IR" time="0.001">
  <properties/>
  <testcase name="testIterationCheck" classname="org.apache.commons.math3.optimization.SimplePointCheckerTest" time="0.0"/>
  <testcase name="testIterationCheckPrecondition" classname="org.apache.commons.math3.optimization.SimplePointCheckerTest" time="0.001"/>
  <testcase name="testIterationCheckDisabled" classname="org.apache.commons.math3.optimization.SimplePointCheckerTest" time="0.0"/>
  <system-out><![CDATA[]]></system-out>
  <system-err><![CDATA[]]></system-err>
</testsuite>
