<?xml version="1.0" encoding="UTF-8"?>
<testsuite name="org.apache.commons.math3.geometry.spherical.twod.SphericalPolygonsSetTest" tests="11" skipped="0" failures="0" errors="0" timestamp="2020-10-17T21:41:25" hostname="DYLAN-DESKTOP" time="0.123">
  <properties/>
  <testcase name="testSeveralParts" classname="org.apache.commons.math3.geometry.spherical.twod.SphericalPolygonsSetTest" time="0.013"/>
  <testcase name="testFullSphere" classname="org.apache.commons.math3.geometry.spherical.twod.SphericalPolygonsSetTest" time="0.001"/>
  <testcase name="testConcentricSubParts" classname="org.apache.commons.math3.geometry.spherical.twod.SphericalPolygonsSetTest" time="0.046"/>
  <testcase name="testEmpty" classname="org.apache.commons.math3.geometry.spherical.twod.SphericalPolygonsSetTest" time="0.001"/>
  <testcase name="testPartWithHole" classname="org.apache.commons.math3.geometry.spherical.twod.SphericalPolygonsSetTest" time="0.004"/>
  <testcase name="testModeratlyComplexShape" classname="org.apache.commons.math3.geometry.spherical.twod.SphericalPolygonsSetTest" time="0.001"/>
  <testcase name="testGeographicalMap" classname="org.apache.commons.math3.geometry.spherical.twod.SphericalPolygonsSetTest" time="0.045"/>
  <testcase name="testPositiveOctantByIntersection" classname="org.apache.commons.math3.geometry.spherical.twod.SphericalPolygonsSetTest" time="0.004"/>
  <testcase name="testNonConvex" classname="org.apache.commons.math3.geometry.spherical.twod.SphericalPolygonsSetTest" time="0.003"/>
  <testcase name="testSouthHemisphere" classname="org.apache.commons.math3.geometry.spherical.twod.SphericalPolygonsSetTest" time="0.002"/>
  <testcase name="testPositiveOctantByVertices" classname="org.apache.commons.math3.geometry.spherical.twod.SphericalPolygonsSetTest" time="0.002"/>
  <system-out><![CDATA[]]></system-out>
  <system-err><![CDATA[]]></system-err>
</testsuite>
