<?xml version="1.0" encoding="UTF-8"?>
<testsuite name="org.apache.commons.math3.ode.nonstiff.DormandPrince54IntegratorTest" tests="8" skipped="0" failures="0" errors="0" timestamp="2020-11-02T01:14:32" hostname="DESKTOP-C0495IR" time="0.014">
  <properties/>
  <testcase name="testSmallLastStep" classname="org.apache.commons.math3.ode.nonstiff.DormandPrince54IntegratorTest" time="0.001"/>
  <testcase name="testDimensionCheck" classname="org.apache.commons.math3.ode.nonstiff.DormandPrince54IntegratorTest" time="0.0"/>
  <testcase name="testBackward" classname="org.apache.commons.math3.ode.nonstiff.DormandPrince54IntegratorTest" time="0.001"/>
  <testcase name="testVariableSteps" classname="org.apache.commons.math3.ode.nonstiff.DormandPrince54IntegratorTest" time="0.002"/>
  <testcase name="testMinStep" classname="org.apache.commons.math3.ode.nonstiff.DormandPrince54IntegratorTest" time="0.0"/>
  <testcase name="testEvents" classname="org.apache.commons.math3.ode.nonstiff.DormandPrince54IntegratorTest" time="0.001"/>
  <testcase name="testKepler" classname="org.apache.commons.math3.ode.nonstiff.DormandPrince54IntegratorTest" time="0.007"/>
  <testcase name="testIncreasingTolerance" classname="org.apache.commons.math3.ode.nonstiff.DormandPrince54IntegratorTest" time="0.002"/>
  <system-out><![CDATA[]]></system-out>
  <system-err><![CDATA[]]></system-err>
</testsuite>
