<?xml version="1.0" encoding="UTF-8"?>
<testsuite name="org.apache.commons.math3.geometry.euclidean.oned.IntervalTest" tests="5" skipped="0" failures="0" errors="0" timestamp="2020-10-17T21:41:19" hostname="DYLAN-DESKTOP" time="0.001">
  <properties/>
  <testcase name="testStrictOrdering" classname="org.apache.commons.math3.geometry.euclidean.oned.IntervalTest" time="0.0"/>
  <testcase name="testInfinite" classname="org.apache.commons.math3.geometry.euclidean.oned.IntervalTest" time="0.0"/>
  <testcase name="testInterval" classname="org.apache.commons.math3.geometry.euclidean.oned.IntervalTest" time="0.0"/>
  <testcase name="testTolerance" classname="org.apache.commons.math3.geometry.euclidean.oned.IntervalTest" time="0.0"/>
  <testcase name="testSinglePoint" classname="org.apache.commons.math3.geometry.euclidean.oned.IntervalTest" time="0.0"/>
  <system-out><![CDATA[]]></system-out>
  <system-err><![CDATA[]]></system-err>
</testsuite>
