<?xml version="1.0" encoding="UTF-8"?>
<testsuite name="org.apache.commons.math3.analysis.integration.SimpsonIntegratorTest" tests="3" skipped="0" failures="0" errors="0" timestamp="2020-11-02T01:13:59" hostname="DESKTOP-C0495IR" time="0.0">
  <properties/>
  <testcase name="testParameters" classname="org.apache.commons.math3.analysis.integration.SimpsonIntegratorTest" time="0.0"/>
  <testcase name="testSinFunction" classname="org.apache.commons.math3.analysis.integration.SimpsonIntegratorTest" time="0.0"/>
  <testcase name="testQuinticFunction" classname="org.apache.commons.math3.analysis.integration.SimpsonIntegratorTest" time="0.0"/>
  <system-out><![CDATA[]]></system-out>
  <system-err><![CDATA[]]></system-err>
</testsuite>
