<?xml version="1.0" encoding="UTF-8"?>
<testsuite name="org.apache.commons.math3.analysis.integration.gauss.BaseRuleFactoryTest" tests="1" skipped="0" failures="0" errors="0" timestamp="2020-10-17T21:41:01" hostname="DYLAN-DESKTOP" time="0.037">
  <properties/>
  <testcase name="testConcurrentCreation" classname="org.apache.commons.math3.analysis.integration.gauss.BaseRuleFactoryTest" time="0.037"/>
  <system-out><![CDATA[]]></system-out>
  <system-err><![CDATA[]]></system-err>
</testsuite>
