<?xml version="1.0" encoding="UTF-8"?>
<testsuite name="org.apache.commons.math3.util.TransformerMapTest" tests="8" skipped="0" failures="0" errors="0" timestamp="2020-10-17T21:43:04" hostname="DYLAN-DESKTOP" time="0.001">
  <properties/>
  <testcase name="testClear" classname="org.apache.commons.math3.util.TransformerMapTest" time="0.0"/>
  <testcase name="testContainsTransformer" classname="org.apache.commons.math3.util.TransformerMapTest" time="0.0"/>
  <testcase name="testTransformers" classname="org.apache.commons.math3.util.TransformerMapTest" time="0.0"/>
  <testcase name="testPutTransformer" classname="org.apache.commons.math3.util.TransformerMapTest" time="0.0"/>
  <testcase name="testContainsClass" classname="org.apache.commons.math3.util.TransformerMapTest" time="0.0"/>
  <testcase name="testClasses" classname="org.apache.commons.math3.util.TransformerMapTest" time="0.0"/>
  <testcase name="testSerial" classname="org.apache.commons.math3.util.TransformerMapTest" time="0.001"/>
  <testcase name="testRemoveTransformer" classname="org.apache.commons.math3.util.TransformerMapTest" time="0.0"/>
  <system-out><![CDATA[]]></system-out>
  <system-err><![CDATA[]]></system-err>
</testsuite>
