<?xml version="1.0" encoding="UTF-8"?>
<testsuite name="org.apache.commons.math3.analysis.function.LogitTest" tests="15" skipped="0" failures="0" errors="0" timestamp="2020-10-17T21:41:01" hostname="DYLAN-DESKTOP" time="0.01">
  <properties/>
  <testcase name="testDerivative" classname="org.apache.commons.math3.analysis.function.LogitTest" time="0.002"/>
  <testcase name="testSomeValues" classname="org.apache.commons.math3.analysis.function.LogitTest" time="0.0"/>
  <testcase name="testParametricValue" classname="org.apache.commons.math3.analysis.function.LogitTest" time="0.001"/>
  <testcase name="testParametricUsage1" classname="org.apache.commons.math3.analysis.function.LogitTest" time="0.0"/>
  <testcase name="testParametricUsage2" classname="org.apache.commons.math3.analysis.function.LogitTest" time="0.0"/>
  <testcase name="testParametricUsage3" classname="org.apache.commons.math3.analysis.function.LogitTest" time="0.0"/>
  <testcase name="testParametricUsage4" classname="org.apache.commons.math3.analysis.function.LogitTest" time="0.0"/>
  <testcase name="testParametricUsage5" classname="org.apache.commons.math3.analysis.function.LogitTest" time="0.0"/>
  <testcase name="testParametricUsage6" classname="org.apache.commons.math3.analysis.function.LogitTest" time="0.0"/>
  <testcase name="testDerivativesWithInverseFunction" classname="org.apache.commons.math3.analysis.function.LogitTest" time="0.004"/>
  <testcase name="testPreconditions1" classname="org.apache.commons.math3.analysis.function.LogitTest" time="0.0"/>
  <testcase name="testPreconditions2" classname="org.apache.commons.math3.analysis.function.LogitTest" time="0.0"/>
  <testcase name="testDerivativeLargeArguments" classname="org.apache.commons.math3.analysis.function.LogitTest" time="0.0"/>
  <testcase name="testValueWithInverseFunction" classname="org.apache.commons.math3.analysis.function.LogitTest" time="0.0"/>
  <testcase name="testDerivativesHighOrder" classname="org.apache.commons.math3.analysis.function.LogitTest" time="0.0"/>
  <system-out><![CDATA[]]></system-out>
  <system-err><![CDATA[]]></system-err>
</testsuite>
