<?xml version="1.0" encoding="UTF-8"?>
<testsuite name="org.apache.commons.math3.geometry.partitioning.utilities.AVLTreeTest" tests="5" skipped="0" failures="0" errors="0" timestamp="2020-10-17T21:41:25" hostname="DYLAN-DESKTOP" time="0.003">
  <properties/>
  <testcase name="testRepetition" classname="org.apache.commons.math3.geometry.partitioning.utilities.AVLTreeTest" time="0.002"/>
  <testcase name="testNavigation" classname="org.apache.commons.math3.geometry.partitioning.utilities.AVLTreeTest" time="0.001"/>
  <testcase name="testDelete1" classname="org.apache.commons.math3.geometry.partitioning.utilities.AVLTreeTest" time="0.0"/>
  <testcase name="testInsert" classname="org.apache.commons.math3.geometry.partitioning.utilities.AVLTreeTest" time="0.0"/>
  <testcase name="testSearch" classname="org.apache.commons.math3.geometry.partitioning.utilities.AVLTreeTest" time="0.0"/>
  <system-out><![CDATA[]]></system-out>
  <system-err><![CDATA[]]></system-err>
</testsuite>
