<?xml version="1.0" encoding="UTF-8"?>
<testsuite name="org.apache.commons.math3.geometry.euclidean.threed.RotationOrderTest" tests="1" skipped="0" failures="0" errors="0" timestamp="2020-10-17T21:41:24" hostname="DYLAN-DESKTOP" time="0.0">
  <properties/>
  <testcase name="testName" classname="org.apache.commons.math3.geometry.euclidean.threed.RotationOrderTest" time="0.0"/>
  <system-out><![CDATA[]]></system-out>
  <system-err><![CDATA[]]></system-err>
</testsuite>
