<?xml version="1.0" encoding="UTF-8"?>
<testsuite name="org.apache.commons.math3.random.HaltonSequenceGeneratorTest" tests="5" skipped="0" failures="0" errors="0" timestamp="2020-11-02T01:15:40" hostname="DESKTOP-C0495IR" time="0.001">
  <properties/>
  <testcase name="testSkip" classname="org.apache.commons.math3.random.HaltonSequenceGeneratorTest" time="0.001"/>
  <testcase name="testConstructor2" classname="org.apache.commons.math3.random.HaltonSequenceGeneratorTest" time="0.0"/>
  <testcase name="test2DUnscrambledReference" classname="org.apache.commons.math3.random.HaltonSequenceGeneratorTest" time="0.0"/>
  <testcase name="test3DReference" classname="org.apache.commons.math3.random.HaltonSequenceGeneratorTest" time="0.0"/>
  <testcase name="testConstructor" classname="org.apache.commons.math3.random.HaltonSequenceGeneratorTest" time="0.0"/>
  <system-out><![CDATA[]]></system-out>
  <system-err><![CDATA[]]></system-err>
</testsuite>
