<?xml version="1.0" encoding="UTF-8"?>
<testsuite name="org.apache.commons.math3.optim.nonlinear.vector.MultiStartMultivariateVectorOptimizerTest" tests="4" skipped="0" failures="0" errors="0" timestamp="2020-11-02T01:14:57" hostname="DESKTOP-C0495IR" time="0.006">
  <properties/>
  <testcase name="testGetOptimaBeforeOptimize" classname="org.apache.commons.math3.optim.nonlinear.vector.MultiStartMultivariateVectorOptimizerTest" time="0.002"/>
  <testcase name="testTrivial" classname="org.apache.commons.math3.optim.nonlinear.vector.MultiStartMultivariateVectorOptimizerTest" time="0.002"/>
  <testcase name="testNoOptimum" classname="org.apache.commons.math3.optim.nonlinear.vector.MultiStartMultivariateVectorOptimizerTest" time="0.0"/>
  <testcase name="testIssue914" classname="org.apache.commons.math3.optim.nonlinear.vector.MultiStartMultivariateVectorOptimizerTest" time="0.001"/>
  <system-out><![CDATA[]]></system-out>
  <system-err><![CDATA[]]></system-err>
</testsuite>
