<?xml version="1.0" encoding="UTF-8"?>
<testsuite name="org.apache.commons.math3.distribution.MultivariateNormalDistributionTest" tests="5" skipped="0" failures="0" errors="0" timestamp="2020-11-02T01:14:09" hostname="DESKTOP-C0495IR" time="0.362">
  <properties/>
  <testcase name="testDensities" classname="org.apache.commons.math3.distribution.MultivariateNormalDistributionTest" time="0.0"/>
  <testcase name="testSampling" classname="org.apache.commons.math3.distribution.MultivariateNormalDistributionTest" time="0.359"/>
  <testcase name="testUnivariateDistribution" classname="org.apache.commons.math3.distribution.MultivariateNormalDistributionTest" time="0.001"/>
  <testcase name="testGetMean" classname="org.apache.commons.math3.distribution.MultivariateNormalDistributionTest" time="0.0"/>
  <testcase name="testGetCovarianceMatrix" classname="org.apache.commons.math3.distribution.MultivariateNormalDistributionTest" time="0.0"/>
  <system-out><![CDATA[]]></system-out>
  <system-err><![CDATA[]]></system-err>
</testsuite>
