<?xml version="1.0" encoding="UTF-8"?>
<testsuite name="org.apache.commons.math3.geometry.spherical.oned.S1PointTest" tests="5" skipped="0" failures="0" errors="0" timestamp="2020-10-17T21:41:25" hostname="DYLAN-DESKTOP" time="0.004">
  <properties/>
  <testcase name="testNaN" classname="org.apache.commons.math3.geometry.spherical.oned.S1PointTest" time="0.0"/>
  <testcase name="testSpace" classname="org.apache.commons.math3.geometry.spherical.oned.S1PointTest" time="0.003"/>
  <testcase name="testS1Point" classname="org.apache.commons.math3.geometry.spherical.oned.S1PointTest" time="0.0"/>
  <testcase name="testDistance" classname="org.apache.commons.math3.geometry.spherical.oned.S1PointTest" time="0.0"/>
  <testcase name="testEquals" classname="org.apache.commons.math3.geometry.spherical.oned.S1PointTest" time="0.001"/>
  <system-out><![CDATA[]]></system-out>
  <system-err><![CDATA[]]></system-err>
</testsuite>
