<?xml version="1.0" encoding="UTF-8"?>
<testsuite name="org.apache.commons.math3.ode.nonstiff.AdamsMoultonFieldIntegratorTest" tests="6" skipped="0" failures="0" errors="0" timestamp="2020-10-17T21:41:28" hostname="DYLAN-DESKTOP" time="0.363">
  <properties/>
  <testcase name="polynomial" classname="org.apache.commons.math3.ode.nonstiff.AdamsMoultonFieldIntegratorTest" time="0.032"/>
  <testcase name="testStartFailure" classname="org.apache.commons.math3.ode.nonstiff.AdamsMoultonFieldIntegratorTest" time="0.0"/>
  <testcase name="testMinStep" classname="org.apache.commons.math3.ode.nonstiff.AdamsMoultonFieldIntegratorTest" time="0.0"/>
  <testcase name="exceedMaxEvaluations" classname="org.apache.commons.math3.ode.nonstiff.AdamsMoultonFieldIntegratorTest" time="0.04"/>
  <testcase name="testIncreasingTolerance" classname="org.apache.commons.math3.ode.nonstiff.AdamsMoultonFieldIntegratorTest" time="0.199"/>
  <testcase name="backward" classname="org.apache.commons.math3.ode.nonstiff.AdamsMoultonFieldIntegratorTest" time="0.091"/>
  <system-out><![CDATA[]]></system-out>
  <system-err><![CDATA[]]></system-err>
</testsuite>
