<?xml version="1.0" encoding="UTF-8"?>
<testsuite name="org.apache.commons.math3.linear.RRQRSolverTest" tests="6" skipped="0" failures="0" errors="0" timestamp="2020-10-17T21:41:26" hostname="DYLAN-DESKTOP" time="0.016">
  <properties/>
  <testcase name="testOverdetermined" classname="org.apache.commons.math3.linear.RRQRSolverTest" time="0.01"/>
  <testcase name="testSolve" classname="org.apache.commons.math3.linear.RRQRSolverTest" time="0.0"/>
  <testcase name="testRank" classname="org.apache.commons.math3.linear.RRQRSolverTest" time="0.0"/>
  <testcase name="testSolveRankErrors" classname="org.apache.commons.math3.linear.RRQRSolverTest" time="0.0"/>
  <testcase name="testSolveDimensionErrors" classname="org.apache.commons.math3.linear.RRQRSolverTest" time="0.0"/>
  <testcase name="testUnderdetermined" classname="org.apache.commons.math3.linear.RRQRSolverTest" time="0.006"/>
  <system-out><![CDATA[]]></system-out>
  <system-err><![CDATA[]]></system-err>
</testsuite>
