<?xml version="1.0" encoding="UTF-8"?>
<testsuite name="org.apache.commons.math3.optimization.univariate.BrentOptimizerTest" tests="10" skipped="0" failures="0" errors="0" timestamp="2020-10-17T21:42:00" hostname="DYLAN-DESKTOP" time="0.008">
  <properties/>
  <testcase name="testBoundaries" classname="org.apache.commons.math3.optimization.univariate.BrentOptimizerTest" time="0.001"/>
  <testcase name="testQuinticMax" classname="org.apache.commons.math3.optimization.univariate.BrentOptimizerTest" time="0.0"/>
  <testcase name="testQuinticMin" classname="org.apache.commons.math3.optimization.univariate.BrentOptimizerTest" time="0.0"/>
  <testcase name="testMinEndpoints" classname="org.apache.commons.math3.optimization.univariate.BrentOptimizerTest" time="0.0"/>
  <testcase name="testKeepInitIfBest" classname="org.apache.commons.math3.optimization.univariate.BrentOptimizerTest" time="0.0"/>
  <testcase name="testQuinticMinStatistics" classname="org.apache.commons.math3.optimization.univariate.BrentOptimizerTest" time="0.005"/>
  <testcase name="testMath832" classname="org.apache.commons.math3.optimization.univariate.BrentOptimizerTest" time="0.001"/>
  <testcase name="testMath855" classname="org.apache.commons.math3.optimization.univariate.BrentOptimizerTest" time="0.0"/>
  <testcase name="testSinMinWithValueChecker" classname="org.apache.commons.math3.optimization.univariate.BrentOptimizerTest" time="0.0"/>
  <testcase name="testSinMin" classname="org.apache.commons.math3.optimization.univariate.BrentOptimizerTest" time="0.0"/>
  <system-out><![CDATA[]]></system-out>
  <system-err><![CDATA[]]></system-err>
</testsuite>
