<?xml version="1.0" encoding="UTF-8"?>
<testsuite name="org.apache.commons.math3.genetics.RandomKeyTest" tests="10" skipped="0" failures="0" errors="0" timestamp="2020-10-17T21:41:18" hostname="DYLAN-DESKTOP" time="0.003">
  <properties/>
  <testcase name="testRandomPermutation" classname="org.apache.commons.math3.genetics.RandomKeyTest" time="0.0"/>
  <testcase name="testInducedPermutation" classname="org.apache.commons.math3.genetics.RandomKeyTest" time="0.0"/>
  <testcase name="testIdentityPermutation" classname="org.apache.commons.math3.genetics.RandomKeyTest" time="0.0"/>
  <testcase name="testConstructor1" classname="org.apache.commons.math3.genetics.RandomKeyTest" time="0.0"/>
  <testcase name="testConstructor2" classname="org.apache.commons.math3.genetics.RandomKeyTest" time="0.0"/>
  <testcase name="testInvalidRepresentation" classname="org.apache.commons.math3.genetics.RandomKeyTest" time="0.001"/>
  <testcase name="testComparatorPermutation" classname="org.apache.commons.math3.genetics.RandomKeyTest" time="0.001"/>
  <testcase name="testDecode" classname="org.apache.commons.math3.genetics.RandomKeyTest" time="0.0"/>
  <testcase name="testIsSame" classname="org.apache.commons.math3.genetics.RandomKeyTest" time="0.0"/>
  <testcase name="testEqualRepr" classname="org.apache.commons.math3.genetics.RandomKeyTest" time="0.0"/>
  <system-out><![CDATA[]]></system-out>
  <system-err><![CDATA[]]></system-err>
</testsuite>
