<?xml version="1.0" encoding="UTF-8"?>
<testsuite name="org.apache.commons.math3.stat.clustering.DBSCANClustererTest" tests="7" skipped="0" failures="0" errors="0" timestamp="2020-10-17T21:42:43" hostname="DYLAN-DESKTOP" time="0.007">
  <properties/>
  <testcase name="testNullDataset" classname="org.apache.commons.math3.stat.clustering.DBSCANClustererTest" time="0.001"/>
  <testcase name="testNegativeEps" classname="org.apache.commons.math3.stat.clustering.DBSCANClustererTest" time="0.001"/>
  <testcase name="testSingleLink" classname="org.apache.commons.math3.stat.clustering.DBSCANClustererTest" time="0.003"/>
  <testcase name="testCluster" classname="org.apache.commons.math3.stat.clustering.DBSCANClustererTest" time="0.002"/>
  <testcase name="testNegativeMinPts" classname="org.apache.commons.math3.stat.clustering.DBSCANClustererTest" time="0.0"/>
  <testcase name="testGetMinPts" classname="org.apache.commons.math3.stat.clustering.DBSCANClustererTest" time="0.0"/>
  <testcase name="testGetEps" classname="org.apache.commons.math3.stat.clustering.DBSCANClustererTest" time="0.0"/>
  <system-out><![CDATA[]]></system-out>
  <system-err><![CDATA[]]></system-err>
</testsuite>
