<?xml version="1.0" encoding="UTF-8"?>
<testsuite name="org.apache.commons.math3.linear.HessenbergTransformerTest" tests="9" skipped="0" failures="0" errors="0" timestamp="2020-11-02T01:14:29" hostname="DESKTOP-C0495IR" time="0.023">
  <properties/>
  <testcase name="testPOrthogonal" classname="org.apache.commons.math3.linear.HessenbergTransformerTest" time="0.001"/>
  <testcase name="testRandomData" classname="org.apache.commons.math3.linear.HessenbergTransformerTest" time="0.013"/>
  <testcase name="testRandomDataNormalDistribution" classname="org.apache.commons.math3.linear.HessenbergTransformerTest" time="0.008"/>
  <testcase name="testAEqualPHPt" classname="org.apache.commons.math3.linear.HessenbergTransformerTest" time="0.0"/>
  <testcase name="testPTOrthogonal" classname="org.apache.commons.math3.linear.HessenbergTransformerTest" time="0.0"/>
  <testcase name="testNonSquare" classname="org.apache.commons.math3.linear.HessenbergTransformerTest" time="0.0"/>
  <testcase name="testHessenbergForm" classname="org.apache.commons.math3.linear.HessenbergTransformerTest" time="0.0"/>
  <testcase name="testMatricesValues3" classname="org.apache.commons.math3.linear.HessenbergTransformerTest" time="0.001"/>
  <testcase name="testMatricesValues5" classname="org.apache.commons.math3.linear.HessenbergTransformerTest" time="0.0"/>
  <system-out><![CDATA[]]></system-out>
  <system-err><![CDATA[]]></system-err>
</testsuite>
