<?xml version="1.0" encoding="UTF-8"?>
<testsuite name="org.apache.commons.math3.geometry.spherical.oned.ArcTest" tests="5" skipped="0" failures="0" errors="0" timestamp="2020-11-02T01:14:28" hostname="DESKTOP-C0495IR" time="0.001">
  <properties/>
  <testcase name="testFullCircle" classname="org.apache.commons.math3.geometry.spherical.oned.ArcTest" time="0.0"/>
  <testcase name="testArc" classname="org.apache.commons.math3.geometry.spherical.oned.ArcTest" time="0.0"/>
  <testcase name="testSmall" classname="org.apache.commons.math3.geometry.spherical.oned.ArcTest" time="0.0"/>
  <testcase name="testWrongInterval" classname="org.apache.commons.math3.geometry.spherical.oned.ArcTest" time="0.0"/>
  <testcase name="testTolerance" classname="org.apache.commons.math3.geometry.spherical.oned.ArcTest" time="0.0"/>
  <system-out><![CDATA[]]></system-out>
  <system-err><![CDATA[]]></system-err>
</testsuite>
