<?xml version="1.0" encoding="UTF-8"?>
<testsuite name="org.apache.commons.math3.geometry.euclidean.threed.Euclidean3DTest" tests="3" skipped="0" failures="0" errors="0" timestamp="2020-11-02T01:14:17" hostname="DESKTOP-C0495IR" time="0.001">
  <properties/>
  <testcase name="testSerialization" classname="org.apache.commons.math3.geometry.euclidean.threed.Euclidean3DTest" time="0.0"/>
  <testcase name="testSubSpace" classname="org.apache.commons.math3.geometry.euclidean.threed.Euclidean3DTest" time="0.0"/>
  <testcase name="testDimension" classname="org.apache.commons.math3.geometry.euclidean.threed.Euclidean3DTest" time="0.0"/>
  <system-out><![CDATA[]]></system-out>
  <system-err><![CDATA[]]></system-err>
</testsuite>
