<?xml version="1.0" encoding="UTF-8"?>
<testsuite name="org.apache.commons.math3.analysis.differentiation.JacobianFunctionTest" tests="1" skipped="0" failures="0" errors="0" timestamp="2020-10-17T21:41:00" hostname="DYLAN-DESKTOP" time="0.008">
  <properties/>
  <testcase name="testSphere" classname="org.apache.commons.math3.analysis.differentiation.JacobianFunctionTest" time="0.008"/>
  <system-out><![CDATA[]]></system-out>
  <system-err><![CDATA[]]></system-err>
</testsuite>
