<?xml version="1.0" encoding="UTF-8"?>
<testsuite name="org.apache.commons.math3.analysis.interpolation.MicrosphereInterpolatorTest" tests="2" skipped="0" failures="0" errors="0" timestamp="2020-10-17T21:41:09" hostname="DYLAN-DESKTOP" time="0.09">
  <properties/>
  <testcase name="testLinearFunction2D" classname="org.apache.commons.math3.analysis.interpolation.MicrosphereInterpolatorTest" time="0.032"/>
  <testcase name="testParaboloid2D" classname="org.apache.commons.math3.analysis.interpolation.MicrosphereInterpolatorTest" time="0.058"/>
  <system-out><![CDATA[]]></system-out>
  <system-err><![CDATA[]]></system-err>
</testsuite>
