<?xml version="1.0" encoding="UTF-8"?>
<testsuite name="org.apache.commons.math3.analysis.function.StepFunctionTest" tests="9" skipped="0" failures="0" errors="0" timestamp="2020-10-17T21:41:01" hostname="DYLAN-DESKTOP" time="0.006">
  <properties/>
  <testcase name="testSomeValues" classname="org.apache.commons.math3.analysis.function.StepFunctionTest" time="0.004"/>
  <testcase name="testEndpointBehavior" classname="org.apache.commons.math3.analysis.function.StepFunctionTest" time="0.0"/>
  <testcase name="testPreconditions1" classname="org.apache.commons.math3.analysis.function.StepFunctionTest" time="0.0"/>
  <testcase name="testPreconditions2" classname="org.apache.commons.math3.analysis.function.StepFunctionTest" time="0.0"/>
  <testcase name="testPreconditions3" classname="org.apache.commons.math3.analysis.function.StepFunctionTest" time="0.0"/>
  <testcase name="testPreconditions4" classname="org.apache.commons.math3.analysis.function.StepFunctionTest" time="0.0"/>
  <testcase name="testPreconditions5" classname="org.apache.commons.math3.analysis.function.StepFunctionTest" time="0.0"/>
  <testcase name="testPreconditions6" classname="org.apache.commons.math3.analysis.function.StepFunctionTest" time="0.001"/>
  <testcase name="testHeaviside" classname="org.apache.commons.math3.analysis.function.StepFunctionTest" time="0.0"/>
  <system-out><![CDATA[]]></system-out>
  <system-err><![CDATA[]]></system-err>
</testsuite>
