<?xml version="1.0" encoding="UTF-8"?>
<testsuite name="org.apache.commons.math3.optim.nonlinear.scalar.noderiv.CMAESOptimizerTest" tests="24" skipped="0" failures="0" errors="0" timestamp="2020-11-02T01:14:39" hostname="DESKTOP-C0495IR" time="17.367">
  <properties/>
  <testcase name="testConstrainedRosen" classname="org.apache.commons.math3.optim.nonlinear.scalar.noderiv.CMAESOptimizerTest" time="1.009"/>
  <testcase name="testElliRotated" classname="org.apache.commons.math3.optim.nonlinear.scalar.noderiv.CMAESOptimizerTest" time="0.997"/>
  <testcase name="testEllipse" classname="org.apache.commons.math3.optim.nonlinear.scalar.noderiv.CMAESOptimizerTest" time="0.926"/>
  <testcase name="testTwoAxes" classname="org.apache.commons.math3.optim.nonlinear.scalar.noderiv.CMAESOptimizerTest" time="1.467"/>
  <testcase name="testCigar" classname="org.apache.commons.math3.optim.nonlinear.scalar.noderiv.CMAESOptimizerTest" time="0.454"/>
  <testcase name="testRosen" classname="org.apache.commons.math3.optim.nonlinear.scalar.noderiv.CMAESOptimizerTest" time="0.685"/>
  <testcase name="testInputSigmaOutOfRange" classname="org.apache.commons.math3.optim.nonlinear.scalar.noderiv.CMAESOptimizerTest" time="0.0"/>
  <testcase name="testInputSigmaNegative" classname="org.apache.commons.math3.optim.nonlinear.scalar.noderiv.CMAESOptimizerTest" time="0.0"/>
  <testcase name="testInputSigmaDimensionMismatch" classname="org.apache.commons.math3.optim.nonlinear.scalar.noderiv.CMAESOptimizerTest" time="0.0"/>
  <testcase name="testFitAccuracyDependsOnBoundary" classname="org.apache.commons.math3.optim.nonlinear.scalar.noderiv.CMAESOptimizerTest" time="0.005"/>
  <testcase name="testRastrigin" classname="org.apache.commons.math3.optim.nonlinear.scalar.noderiv.CMAESOptimizerTest" time="5.925"/>
  <testcase name="testMath864" classname="org.apache.commons.math3.optim.nonlinear.scalar.noderiv.CMAESOptimizerTest" time="0.002"/>
  <testcase name="testDiagonalRosen" classname="org.apache.commons.math3.optim.nonlinear.scalar.noderiv.CMAESOptimizerTest" time="1.338"/>
  <testcase name="testSsDiffPow" classname="org.apache.commons.math3.optim.nonlinear.scalar.noderiv.CMAESOptimizerTest" time="0.985"/>
  <testcase name="testMaximize" classname="org.apache.commons.math3.optim.nonlinear.scalar.noderiv.CMAESOptimizerTest" time="0.979"/>
  <testcase name="testAckley" classname="org.apache.commons.math3.optim.nonlinear.scalar.noderiv.CMAESOptimizerTest" time="0.406"/>
  <testcase name="testCigTab" classname="org.apache.commons.math3.optim.nonlinear.scalar.noderiv.CMAESOptimizerTest" time="0.516"/>
  <testcase name="testDiffPow" classname="org.apache.commons.math3.optim.nonlinear.scalar.noderiv.CMAESOptimizerTest" time="0.48"/>
  <testcase name="testBoundariesDimensionMismatch" classname="org.apache.commons.math3.optim.nonlinear.scalar.noderiv.CMAESOptimizerTest" time="0.001"/>
  <testcase name="testSphere" classname="org.apache.commons.math3.optim.nonlinear.scalar.noderiv.CMAESOptimizerTest" time="0.205"/>
  <testcase name="testTablet" classname="org.apache.commons.math3.optim.nonlinear.scalar.noderiv.CMAESOptimizerTest" time="0.525"/>
  <testcase name="testInitOutofbounds1" classname="org.apache.commons.math3.optim.nonlinear.scalar.noderiv.CMAESOptimizerTest" time="0.0"/>
  <testcase name="testInitOutofbounds2" classname="org.apache.commons.math3.optim.nonlinear.scalar.noderiv.CMAESOptimizerTest" time="0.0"/>
  <testcase name="testCigarWithBoundaries" classname="org.apache.commons.math3.optim.nonlinear.scalar.noderiv.CMAESOptimizerTest" time="0.462"/>
  <system-out><![CDATA[]]></system-out>
  <system-err><![CDATA[]]></system-err>
</testsuite>
