<?xml version="1.0" encoding="UTF-8"?>
<testsuite name="org.apache.commons.math3.distribution.GumbelDistributionTest" tests="13" skipped="0" failures="0" errors="0" timestamp="2020-10-17T21:41:12" hostname="DYLAN-DESKTOP" time="0.006">
  <properties/>
  <testcase name="testParameters" classname="org.apache.commons.math3.distribution.GumbelDistributionTest" time="0.001"/>
  <testcase name="testSupport" classname="org.apache.commons.math3.distribution.GumbelDistributionTest" time="0.0"/>
  <testcase name="testIsSupportLowerBoundInclusive" classname="org.apache.commons.math3.distribution.GumbelDistributionTest" time="0.0"/>
  <testcase name="testDensities" classname="org.apache.commons.math3.distribution.GumbelDistributionTest" time="0.0"/>
  <testcase name="testInverseCumulativeProbabilities" classname="org.apache.commons.math3.distribution.GumbelDistributionTest" time="0.0"/>
  <testcase name="testSampling" classname="org.apache.commons.math3.distribution.GumbelDistributionTest" time="0.001"/>
  <testcase name="testCumulativeProbabilities" classname="org.apache.commons.math3.distribution.GumbelDistributionTest" time="0.0"/>
  <testcase name="testDistributionClone" classname="org.apache.commons.math3.distribution.GumbelDistributionTest" time="0.003"/>
  <testcase name="testIllegalArguments" classname="org.apache.commons.math3.distribution.GumbelDistributionTest" time="0.0"/>
  <testcase name="testDensityIntegrals" classname="org.apache.commons.math3.distribution.GumbelDistributionTest" time="0.001"/>
  <testcase name="testConsistency" classname="org.apache.commons.math3.distribution.GumbelDistributionTest" time="0.0"/>
  <testcase name="testLogDensities" classname="org.apache.commons.math3.distribution.GumbelDistributionTest" time="0.0"/>
  <testcase name="testIsSupportUpperBoundInclusive" classname="org.apache.commons.math3.distribution.GumbelDistributionTest" time="0.0"/>
  <system-out><![CDATA[]]></system-out>
  <system-err><![CDATA[]]></system-err>
</testsuite>
