<?xml version="1.0" encoding="UTF-8"?>
<testsuite name="org.apache.commons.math3.ode.nonstiff.EulerStepInterpolatorTest" tests="5" skipped="0" failures="0" errors="0" timestamp="2020-11-02T01:14:32" hostname="DESKTOP-C0495IR" time="0.014">
  <properties/>
  <testcase name="interpolationAtBounds" classname="org.apache.commons.math3.ode.nonstiff.EulerStepInterpolatorTest" time="0.0"/>
  <testcase name="derivativesConsistency" classname="org.apache.commons.math3.ode.nonstiff.EulerStepInterpolatorTest" time="0.009"/>
  <testcase name="interpolationInside" classname="org.apache.commons.math3.ode.nonstiff.EulerStepInterpolatorTest" time="0.0"/>
  <testcase name="serialization" classname="org.apache.commons.math3.ode.nonstiff.EulerStepInterpolatorTest" time="0.004"/>
  <testcase name="noReset" classname="org.apache.commons.math3.ode.nonstiff.EulerStepInterpolatorTest" time="0.0"/>
  <system-out><![CDATA[]]></system-out>
  <system-err><![CDATA[]]></system-err>
</testsuite>
