<?xml version="1.0" encoding="UTF-8"?>
<testsuite name="org.apache.commons.math3.optimization.fitting.GaussianFitterTest" tests="9" skipped="0" failures="0" errors="0" timestamp="2020-10-17T21:41:56" hostname="DYLAN-DESKTOP" time="0.04">
  <properties/>
  <testcase name="testFit01" classname="org.apache.commons.math3.optimization.fitting.GaussianFitterTest" time="0.004"/>
  <testcase name="testFit02" classname="org.apache.commons.math3.optimization.fitting.GaussianFitterTest" time="0.0"/>
  <testcase name="testFit03" classname="org.apache.commons.math3.optimization.fitting.GaussianFitterTest" time="0.0"/>
  <testcase name="testFit04" classname="org.apache.commons.math3.optimization.fitting.GaussianFitterTest" time="0.003"/>
  <testcase name="testFit05" classname="org.apache.commons.math3.optimization.fitting.GaussianFitterTest" time="0.001"/>
  <testcase name="testFit06" classname="org.apache.commons.math3.optimization.fitting.GaussianFitterTest" time="0.0"/>
  <testcase name="testFit07" classname="org.apache.commons.math3.optimization.fitting.GaussianFitterTest" time="0.0"/>
  <testcase name="testMath519" classname="org.apache.commons.math3.optimization.fitting.GaussianFitterTest" time="0.031"/>
  <testcase name="testMath798" classname="org.apache.commons.math3.optimization.fitting.GaussianFitterTest" time="0.0"/>
  <system-out><![CDATA[]]></system-out>
  <system-err><![CDATA[]]></system-err>
</testsuite>
