<?xml version="1.0" encoding="UTF-8"?>
<testsuite name="org.apache.commons.math3.ode.nonstiff.AdamsBashforthFieldIntegratorTest" tests="6" skipped="0" failures="0" errors="0" timestamp="2020-10-17T21:41:28" hostname="DYLAN-DESKTOP" time="0.338">
  <properties/>
  <testcase name="polynomial" classname="org.apache.commons.math3.ode.nonstiff.AdamsBashforthFieldIntegratorTest" time="0.026"/>
  <testcase name="testStartFailure" classname="org.apache.commons.math3.ode.nonstiff.AdamsBashforthFieldIntegratorTest" time="0.001"/>
  <testcase name="testMinStep" classname="org.apache.commons.math3.ode.nonstiff.AdamsBashforthFieldIntegratorTest" time="0.0"/>
  <testcase name="exceedMaxEvaluations" classname="org.apache.commons.math3.ode.nonstiff.AdamsBashforthFieldIntegratorTest" time="0.045"/>
  <testcase name="testIncreasingTolerance" classname="org.apache.commons.math3.ode.nonstiff.AdamsBashforthFieldIntegratorTest" time="0.166"/>
  <testcase name="backward" classname="org.apache.commons.math3.ode.nonstiff.AdamsBashforthFieldIntegratorTest" time="0.099"/>
  <system-out><![CDATA[]]></system-out>
  <system-err><![CDATA[]]></system-err>
</testsuite>
