<?xml version="1.0" encoding="UTF-8"?>
<testsuite name="org.apache.commons.math3.stat.interval.IntervalUtilsTest" tests="4" skipped="0" failures="0" errors="0" timestamp="2020-11-02T01:16:51" hostname="DESKTOP-C0495IR" time="0.001">
  <properties/>
  <testcase name="testAgrestiCoull" classname="org.apache.commons.math3.stat.interval.IntervalUtilsTest" time="0.0"/>
  <testcase name="testNormalApproximation" classname="org.apache.commons.math3.stat.interval.IntervalUtilsTest" time="0.0"/>
  <testcase name="testClopperPearson" classname="org.apache.commons.math3.stat.interval.IntervalUtilsTest" time="0.0"/>
  <testcase name="testWilsonScore" classname="org.apache.commons.math3.stat.interval.IntervalUtilsTest" time="0.0"/>
  <system-out><![CDATA[]]></system-out>
  <system-err><![CDATA[]]></system-err>
</testsuite>
