<?xml version="1.0" encoding="UTF-8"?>
<testsuite name="org.apache.commons.math3.analysis.interpolation.BicubicInterpolatorTest" tests="3" skipped="0" failures="0" errors="0" timestamp="2020-10-17T21:41:08" hostname="DYLAN-DESKTOP" time="0.009">
  <properties/>
  <testcase name="testPlane" classname="org.apache.commons.math3.analysis.interpolation.BicubicInterpolatorTest" time="0.005"/>
  <testcase name="testPreconditions" classname="org.apache.commons.math3.analysis.interpolation.BicubicInterpolatorTest" time="0.0"/>
  <testcase name="testParaboloid" classname="org.apache.commons.math3.analysis.interpolation.BicubicInterpolatorTest" time="0.004"/>
  <system-out><![CDATA[]]></system-out>
  <system-err><![CDATA[]]></system-err>
</testsuite>
