<?xml version="1.0" encoding="UTF-8"?>
<testsuite name="org.apache.commons.math3.geometry.spherical.twod.CircleTest" tests="9" skipped="0" failures="0" errors="0" timestamp="2020-11-02T01:14:28" hostname="DESKTOP-C0495IR" time="0.013">
  <properties/>
  <testcase name="testEquator" classname="org.apache.commons.math3.geometry.spherical.twod.CircleTest" time="0.001"/>
  <testcase name="testSubSpace" classname="org.apache.commons.math3.geometry.spherical.twod.CircleTest" time="0.001"/>
  <testcase name="testPhase" classname="org.apache.commons.math3.geometry.spherical.twod.CircleTest" time="0.0"/>
  <testcase name="testSpace" classname="org.apache.commons.math3.geometry.spherical.twod.CircleTest" time="0.0"/>
  <testcase name="testXY" classname="org.apache.commons.math3.geometry.spherical.twod.CircleTest" time="0.0"/>
  <testcase name="testInsideArc" classname="org.apache.commons.math3.geometry.spherical.twod.CircleTest" time="0.007"/>
  <testcase name="testReverse" classname="org.apache.commons.math3.geometry.spherical.twod.CircleTest" time="0.0"/>
  <testcase name="testOffset" classname="org.apache.commons.math3.geometry.spherical.twod.CircleTest" time="0.0"/>
  <testcase name="testTransform" classname="org.apache.commons.math3.geometry.spherical.twod.CircleTest" time="0.002"/>
  <system-out><![CDATA[]]></system-out>
  <system-err><![CDATA[]]></system-err>
</testsuite>
