<?xml version="1.0" encoding="UTF-8"?>
<testsuite name="org.apache.commons.math3.analysis.interpolation.TricubicSplineInterpolatorTest" tests="3" skipped="2" failures="0" errors="0" timestamp="2020-10-17T21:41:09" hostname="DYLAN-DESKTOP" time="0.006">
  <properties/>
  <testcase name="testPlane" classname="org.apache.commons.math3.analysis.interpolation.TricubicSplineInterpolatorTest" time="0.0">
    <skipped/>
  </testcase>
  <testcase name="testWave" classname="org.apache.commons.math3.analysis.interpolation.TricubicSplineInterpolatorTest" time="0.0">
    <skipped/>
  </testcase>
  <testcase name="testPreconditions" classname="org.apache.commons.math3.analysis.interpolation.TricubicSplineInterpolatorTest" time="0.006"/>
  <system-out><![CDATA[]]></system-out>
  <system-err><![CDATA[]]></system-err>
</testsuite>
