<?xml version="1.0" encoding="UTF-8"?>
<testsuite name="org.apache.commons.math3.fraction.FractionFieldTest" tests="3" skipped="0" failures="0" errors="0" timestamp="2020-10-17T21:41:15" hostname="DYLAN-DESKTOP" time="0.005">
  <properties/>
  <testcase name="testOne" classname="org.apache.commons.math3.fraction.FractionFieldTest" time="0.005"/>
  <testcase name="testZero" classname="org.apache.commons.math3.fraction.FractionFieldTest" time="0.0"/>
  <testcase name="testSerial" classname="org.apache.commons.math3.fraction.FractionFieldTest" time="0.0"/>
  <system-out><![CDATA[]]></system-out>
  <system-err><![CDATA[]]></system-err>
</testsuite>
