<?xml version="1.0" encoding="UTF-8"?>
<testsuite name="org.apache.commons.math3.analysis.function.GaussianTest" tests="14" skipped="0" failures="0" errors="0" timestamp="2020-11-02T01:13:38" hostname="DESKTOP-C0495IR" time="0.004">
  <properties/>
  <testcase name="testSomeValues" classname="org.apache.commons.math3.analysis.function.GaussianTest" time="0.001"/>
  <testcase name="testParametricValue" classname="org.apache.commons.math3.analysis.function.GaussianTest" time="0.001"/>
  <testcase name="testPreconditions" classname="org.apache.commons.math3.analysis.function.GaussianTest" time="0.0"/>
  <testcase name="testParametricUsage1" classname="org.apache.commons.math3.analysis.function.GaussianTest" time="0.0"/>
  <testcase name="testParametricUsage2" classname="org.apache.commons.math3.analysis.function.GaussianTest" time="0.0"/>
  <testcase name="testParametricUsage3" classname="org.apache.commons.math3.analysis.function.GaussianTest" time="0.0"/>
  <testcase name="testParametricUsage4" classname="org.apache.commons.math3.analysis.function.GaussianTest" time="0.0"/>
  <testcase name="testParametricUsage5" classname="org.apache.commons.math3.analysis.function.GaussianTest" time="0.0"/>
  <testcase name="testParametricUsage6" classname="org.apache.commons.math3.analysis.function.GaussianTest" time="0.0"/>
  <testcase name="testDerivativesNaN" classname="org.apache.commons.math3.analysis.function.GaussianTest" time="0.0"/>
  <testcase name="testLargeArguments" classname="org.apache.commons.math3.analysis.function.GaussianTest" time="0.0"/>
  <testcase name="testDerivatives" classname="org.apache.commons.math3.analysis.function.GaussianTest" time="0.0"/>
  <testcase name="testDerivativeLargeArguments" classname="org.apache.commons.math3.analysis.function.GaussianTest" time="0.0"/>
  <testcase name="testParametricGradient" classname="org.apache.commons.math3.analysis.function.GaussianTest" time="0.0"/>
  <system-out><![CDATA[]]></system-out>
  <system-err><![CDATA[]]></system-err>
</testsuite>
