<?xml version="1.0" encoding="UTF-8"?>
<testsuite name="org.apache.commons.math3.stat.clustering.KMeansPlusPlusClustererTest" tests="5" skipped="0" failures="0" errors="0" timestamp="2020-11-02T01:16:34" hostname="DESKTOP-C0495IR" time="0.038">
  <properties/>
  <testcase name="testPerformClusterAnalysisDegenerate" classname="org.apache.commons.math3.stat.clustering.KMeansPlusPlusClustererTest" time="0.003"/>
  <testcase name="testCertainSpace" classname="org.apache.commons.math3.stat.clustering.KMeansPlusPlusClustererTest" time="0.033"/>
  <testcase name="testPerformClusterAnalysisToManyClusters" classname="org.apache.commons.math3.stat.clustering.KMeansPlusPlusClustererTest" time="0.0"/>
  <testcase name="testSmallDistances" classname="org.apache.commons.math3.stat.clustering.KMeansPlusPlusClustererTest" time="0.002"/>
  <testcase name="dimension2" classname="org.apache.commons.math3.stat.clustering.KMeansPlusPlusClustererTest" time="0.0"/>
  <system-out><![CDATA[]]></system-out>
  <system-err><![CDATA[]]></system-err>
</testsuite>
