<?xml version="1.0" encoding="UTF-8"?>
<testsuite name="org.apache.commons.math3.geometry.euclidean.oned.IntervalsSetTest" tests="4" skipped="0" failures="0" errors="0" timestamp="2020-11-02T01:14:17" hostname="DESKTOP-C0495IR" time="0.012">
  <properties/>
  <testcase name="testInfinite" classname="org.apache.commons.math3.geometry.euclidean.oned.IntervalsSetTest" time="0.008"/>
  <testcase name="testInterval" classname="org.apache.commons.math3.geometry.euclidean.oned.IntervalsSetTest" time="0.0"/>
  <testcase name="testMultiple" classname="org.apache.commons.math3.geometry.euclidean.oned.IntervalsSetTest" time="0.004"/>
  <testcase name="testSinglePoint" classname="org.apache.commons.math3.geometry.euclidean.oned.IntervalsSetTest" time="0.0"/>
  <system-out><![CDATA[]]></system-out>
  <system-err><![CDATA[]]></system-err>
</testsuite>
