<?xml version="1.0" encoding="UTF-8"?>
<testsuite name="org.apache.commons.math3.distribution.CauchyDistributionTest" tests="16" skipped="0" failures="0" errors="0" timestamp="2020-11-02T01:14:08" hostname="DESKTOP-C0495IR" time="0.032">
  <properties/>
  <testcase name="testScale" classname="org.apache.commons.math3.distribution.CauchyDistributionTest" time="0.0"/>
  <testcase name="testPreconditions" classname="org.apache.commons.math3.distribution.CauchyDistributionTest" time="0.001"/>
  <testcase name="testMoments" classname="org.apache.commons.math3.distribution.CauchyDistributionTest" time="0.0"/>
  <testcase name="testMedian" classname="org.apache.commons.math3.distribution.CauchyDistributionTest" time="0.0"/>
  <testcase name="testInverseCumulativeProbabilityExtremes" classname="org.apache.commons.math3.distribution.CauchyDistributionTest" time="0.0"/>
  <testcase name="testIsSupportLowerBoundInclusive" classname="org.apache.commons.math3.distribution.CauchyDistributionTest" time="0.001"/>
  <testcase name="testDensities" classname="org.apache.commons.math3.distribution.CauchyDistributionTest" time="0.0"/>
  <testcase name="testInverseCumulativeProbabilities" classname="org.apache.commons.math3.distribution.CauchyDistributionTest" time="0.0"/>
  <testcase name="testSampling" classname="org.apache.commons.math3.distribution.CauchyDistributionTest" time="0.001"/>
  <testcase name="testCumulativeProbabilities" classname="org.apache.commons.math3.distribution.CauchyDistributionTest" time="0.001"/>
  <testcase name="testDistributionClone" classname="org.apache.commons.math3.distribution.CauchyDistributionTest" time="0.005"/>
  <testcase name="testIllegalArguments" classname="org.apache.commons.math3.distribution.CauchyDistributionTest" time="0.001"/>
  <testcase name="testDensityIntegrals" classname="org.apache.commons.math3.distribution.CauchyDistributionTest" time="0.021"/>
  <testcase name="testConsistency" classname="org.apache.commons.math3.distribution.CauchyDistributionTest" time="0.0"/>
  <testcase name="testLogDensities" classname="org.apache.commons.math3.distribution.CauchyDistributionTest" time="0.0"/>
  <testcase name="testIsSupportUpperBoundInclusive" classname="org.apache.commons.math3.distribution.CauchyDistributionTest" time="0.0"/>
  <system-out><![CDATA[]]></system-out>
  <system-err><![CDATA[]]></system-err>
</testsuite>
