<?xml version="1.0" encoding="UTF-8"?>
<testsuite name="org.apache.commons.math3.ode.events.ReappearingEventTest" tests="2" skipped="0" failures="0" errors="0" timestamp="2020-10-17T21:41:27" hostname="DYLAN-DESKTOP" time="0.004">
  <properties/>
  <testcase name="testGragg" classname="org.apache.commons.math3.ode.events.ReappearingEventTest" time="0.003"/>
  <testcase name="testDormandPrince" classname="org.apache.commons.math3.ode.events.ReappearingEventTest" time="0.0"/>
  <system-out><![CDATA[]]></system-out>
  <system-err><![CDATA[]]></system-err>
</testsuite>
