<?xml version="1.0" encoding="UTF-8"?>
<testsuite name="org.apache.commons.math3.ode.sampling.StepNormalizerOutputTest" tests="16" skipped="0" failures="0" errors="0" timestamp="2020-11-02T01:14:35" hostname="DESKTOP-C0495IR" time="0.003">
  <properties/>
  <testcase name="testMulNeitherRev" classname="org.apache.commons.math3.ode.sampling.StepNormalizerOutputTest" time="0.0"/>
  <testcase name="testIncNeither" classname="org.apache.commons.math3.ode.sampling.StepNormalizerOutputTest" time="0.0"/>
  <testcase name="testMulLastRev" classname="org.apache.commons.math3.ode.sampling.StepNormalizerOutputTest" time="0.0"/>
  <testcase name="testMulBothRev" classname="org.apache.commons.math3.ode.sampling.StepNormalizerOutputTest" time="0.0"/>
  <testcase name="testIncFirstRev" classname="org.apache.commons.math3.ode.sampling.StepNormalizerOutputTest" time="0.001"/>
  <testcase name="testIncFirst" classname="org.apache.commons.math3.ode.sampling.StepNormalizerOutputTest" time="0.0"/>
  <testcase name="testMulBoth" classname="org.apache.commons.math3.ode.sampling.StepNormalizerOutputTest" time="0.0"/>
  <testcase name="testMulLast" classname="org.apache.commons.math3.ode.sampling.StepNormalizerOutputTest" time="0.0"/>
  <testcase name="testMulNeither" classname="org.apache.commons.math3.ode.sampling.StepNormalizerOutputTest" time="0.001"/>
  <testcase name="testIncLastRev" classname="org.apache.commons.math3.ode.sampling.StepNormalizerOutputTest" time="0.0"/>
  <testcase name="testMulFirst" classname="org.apache.commons.math3.ode.sampling.StepNormalizerOutputTest" time="0.0"/>
  <testcase name="testIncBothRev" classname="org.apache.commons.math3.ode.sampling.StepNormalizerOutputTest" time="0.0"/>
  <testcase name="testMulFirstRev" classname="org.apache.commons.math3.ode.sampling.StepNormalizerOutputTest" time="0.001"/>
  <testcase name="testIncBoth" classname="org.apache.commons.math3.ode.sampling.StepNormalizerOutputTest" time="0.0"/>
  <testcase name="testIncLast" classname="org.apache.commons.math3.ode.sampling.StepNormalizerOutputTest" time="0.0"/>
  <testcase name="testIncNeitherRev" classname="org.apache.commons.math3.ode.sampling.StepNormalizerOutputTest" time="0.0"/>
  <system-out><![CDATA[]]></system-out>
  <system-err><![CDATA[]]></system-err>
</testsuite>
