<?xml version="1.0" encoding="UTF-8"?>
<testsuite name="org.apache.commons.math3.stat.descriptive.rank.PSquarePercentileTest" tests="53" skipped="0" failures="0" errors="0" timestamp="2020-11-02T01:16:34" hostname="DESKTOP-C0495IR" time="12.645">
  <properties/>
  <testcase name="testPositiveInvalidValues" classname="org.apache.commons.math3.stat.descriptive.rank.PSquarePercentileTest" time="0.002"/>
  <testcase name="testPSQuaredEvalFuncWithPapersExampleData" classname="org.apache.commons.math3.stat.descriptive.rank.PSquarePercentileTest" time="0.002"/>
  <testcase name="test5Percentile" classname="org.apache.commons.math3.stat.descriptive.rank.PSquarePercentileTest" time="0.182"/>
  <testcase name="testCopyConsistencyWithInitialFirstFewElements" classname="org.apache.commons.math3.stat.descriptive.rank.PSquarePercentileTest" time="0.001"/>
  <testcase name="test90PercentileHighValues" classname="org.apache.commons.math3.stat.descriptive.rank.PSquarePercentileTest" time="0.018"/>
  <testcase name="testNegativeInvalidValues" classname="org.apache.commons.math3.stat.descriptive.rank.PSquarePercentileTest" time="0.0"/>
  <testcase name="testArrayExample" classname="org.apache.commons.math3.stat.descriptive.rank.PSquarePercentileTest" time="0.001"/>
  <testcase name="testPercentile" classname="org.apache.commons.math3.stat.descriptive.rank.PSquarePercentileTest" time="0.0"/>
  <testcase name="testHashCodeInMarkers" classname="org.apache.commons.math3.stat.descriptive.rank.PSquarePercentileTest" time="0.0"/>
  <testcase name="test5PercentileHighValues" classname="org.apache.commons.math3.stat.descriptive.rank.PSquarePercentileTest" time="0.014"/>
  <testcase name="testMiscellaniousFunctionsInMarkers" classname="org.apache.commons.math3.stat.descriptive.rank.PSquarePercentileTest" time="0.0"/>
  <testcase name="testEmpty" classname="org.apache.commons.math3.stat.descriptive.rank.PSquarePercentileTest" time="0.0"/>
  <testcase name="testNISTExample" classname="org.apache.commons.math3.stat.descriptive.rank.PSquarePercentileTest" time="0.0"/>
  <testcase name="testPSquaredEqualsAndMin" classname="org.apache.commons.math3.stat.descriptive.rank.PSquarePercentileTest" time="0.0"/>
  <testcase name="testNull" classname="org.apache.commons.math3.stat.descriptive.rank.PSquarePercentileTest" time="0.0"/>
  <testcase name="testSingleton" classname="org.apache.commons.math3.stat.descriptive.rank.PSquarePercentileTest" time="0.0"/>
  <testcase name="test0PercentileValuesWithFewerThan5Values" classname="org.apache.commons.math3.stat.descriptive.rank.PSquarePercentileTest" time="0.0"/>
  <testcase name="testMarkersOORHigh" classname="org.apache.commons.math3.stat.descriptive.rank.PSquarePercentileTest" time="0.0"/>
  <testcase name="testMarkersWithLowerIndex" classname="org.apache.commons.math3.stat.descriptive.rank.PSquarePercentileTest" time="0.001"/>
  <testcase name="testLowPercentile" classname="org.apache.commons.math3.stat.descriptive.rank.PSquarePercentileTest" time="0.0"/>
  <testcase name="test20Percentile" classname="org.apache.commons.math3.stat.descriptive.rank.PSquarePercentileTest" time="0.017"/>
  <testcase name="testDistribution" classname="org.apache.commons.math3.stat.descriptive.rank.PSquarePercentileTest" time="12.373"/>
  <testcase name="test20PercentileHighValues" classname="org.apache.commons.math3.stat.descriptive.rank.PSquarePercentileTest" time="0.013"/>
  <testcase name="testMarkersWithHigherIndex" classname="org.apache.commons.math3.stat.descriptive.rank.PSquarePercentileTest" time="0.0"/>
  <testcase name="test99PercentileHighValues" classname="org.apache.commons.math3.stat.descriptive.rank.PSquarePercentileTest" time="0.001"/>
  <testcase name="testSetQuantile" classname="org.apache.commons.math3.stat.descriptive.rank.PSquarePercentileTest" time="0.0"/>
  <testcase name="test5" classname="org.apache.commons.math3.stat.descriptive.rank.PSquarePercentileTest" time="0.0"/>
  <testcase name="testMarkerHeightWithHigherIndex" classname="org.apache.commons.math3.stat.descriptive.rank.PSquarePercentileTest" time="0.0"/>
  <testcase name="testCopyConsistencyWithInitialMostElements" classname="org.apache.commons.math3.stat.descriptive.rank.PSquarePercentileTest" time="0.0"/>
  <testcase name="test90Percentile" classname="org.apache.commons.math3.stat.descriptive.rank.PSquarePercentileTest" time="0.001"/>
  <testcase name="testHighPercentile" classname="org.apache.commons.math3.stat.descriptive.rank.PSquarePercentileTest" time="0.0"/>
  <testcase name="testMarkers2" classname="org.apache.commons.math3.stat.descriptive.rank.PSquarePercentileTest" time="0.001"/>
  <testcase name="testSpecialValues" classname="org.apache.commons.math3.stat.descriptive.rank.PSquarePercentileTest" time="0.0"/>
  <testcase name="testAccept" classname="org.apache.commons.math3.stat.descriptive.rank.PSquarePercentileTest" time="0.002"/>
  <testcase name="test99Percentile" classname="org.apache.commons.math3.stat.descriptive.rank.PSquarePercentileTest" time="0.001"/>
  <testcase name="testCannedDataSet" classname="org.apache.commons.math3.stat.descriptive.rank.PSquarePercentileTest" time="0.002"/>
  <testcase name="testMarkerHeightWithLowerIndex" classname="org.apache.commons.math3.stat.descriptive.rank.PSquarePercentileTest" time="0.0"/>
  <testcase name="testInitial" classname="org.apache.commons.math3.stat.descriptive.rank.PSquarePercentileTest" time="0.0"/>
  <testcase name="testMarkersOORLow" classname="org.apache.commons.math3.stat.descriptive.rank.PSquarePercentileTest" time="0.0"/>
  <testcase name="testString" classname="org.apache.commons.math3.stat.descriptive.rank.PSquarePercentileTest" time="0.001"/>
  <testcase name="testNullListInMarkers" classname="org.apache.commons.math3.stat.descriptive.rank.PSquarePercentileTest" time="0.0"/>
  <testcase name="testMomentSmallSamples" classname="org.apache.commons.math3.stat.descriptive.rank.PSquarePercentileTest" time="0.0"/>
  <testcase name="testSerialization" classname="org.apache.commons.math3.stat.descriptive.rank.PSquarePercentileTest" time="0.004"/>
  <testcase name="testIncrementation" classname="org.apache.commons.math3.stat.descriptive.rank.PSquarePercentileTest" time="0.0"/>
  <testcase name="testConsistency" classname="org.apache.commons.math3.stat.descriptive.rank.PSquarePercentileTest" time="0.0"/>
  <testcase name="testEqualsAndHashCode" classname="org.apache.commons.math3.stat.descriptive.rank.PSquarePercentileTest" time="0.0"/>
  <testcase name="testCopyConsistency" classname="org.apache.commons.math3.stat.descriptive.rank.PSquarePercentileTest" time="0.001"/>
  <testcase name="testSerial" classname="org.apache.commons.math3.stat.descriptive.rank.PSquarePercentileTest" time="0.0"/>
  <testcase name="testCopy" classname="org.apache.commons.math3.stat.descriptive.rank.PSquarePercentileTest" time="0.0"/>
  <testcase name="testEvaluation" classname="org.apache.commons.math3.stat.descriptive.rank.PSquarePercentileTest" time="0.001"/>
  <testcase name="testEvaluateArraySegment" classname="org.apache.commons.math3.stat.descriptive.rank.PSquarePercentileTest" time="0.0"/>
  <testcase name="testWeightedConsistency" classname="org.apache.commons.math3.stat.descriptive.rank.PSquarePercentileTest" time="0.0"/>
  <testcase name="testEvaluateArraySegmentWeighted" classname="org.apache.commons.math3.stat.descriptive.rank.PSquarePercentileTest" time="0.0"/>
  <system-out><![CDATA[]]></system-out>
  <system-err><![CDATA[]]></system-err>
</testsuite>
