<?xml version="1.0" encoding="UTF-8"?>
<testsuite name="org.apache.commons.math3.ode.nonstiff.GillFieldIntegratorTest" tests="14" skipped="0" failures="0" errors="0" timestamp="2020-10-17T21:41:30" hostname="DYLAN-DESKTOP" time="0.25">
  <properties/>
  <testcase name="testBackward" classname="org.apache.commons.math3.ode.nonstiff.GillFieldIntegratorTest" time="0.039"/>
  <testcase name="testDerivativesConsistency" classname="org.apache.commons.math3.ode.nonstiff.GillFieldIntegratorTest" time="0.019"/>
  <testcase name="testMissedEndEvent" classname="org.apache.commons.math3.ode.nonstiff.GillFieldIntegratorTest" time="0.0"/>
  <testcase name="testSmallStep" classname="org.apache.commons.math3.ode.nonstiff.GillFieldIntegratorTest" time="0.033"/>
  <testcase name="testDecreasingSteps" classname="org.apache.commons.math3.ode.nonstiff.GillFieldIntegratorTest" time="0.131"/>
  <testcase name="testNonFieldIntegratorConsistency" classname="org.apache.commons.math3.ode.nonstiff.GillFieldIntegratorTest" time="0.002"/>
  <testcase name="testBigStep" classname="org.apache.commons.math3.ode.nonstiff.GillFieldIntegratorTest" time="0.0"/>
  <testcase name="testSingleStep" classname="org.apache.commons.math3.ode.nonstiff.GillFieldIntegratorTest" time="0.001"/>
  <testcase name="testUnstableDerivative" classname="org.apache.commons.math3.ode.nonstiff.GillFieldIntegratorTest" time="0.0"/>
  <testcase name="testPartialDerivatives" classname="org.apache.commons.math3.ode.nonstiff.GillFieldIntegratorTest" time="0.005"/>
  <testcase name="testKepler" classname="org.apache.commons.math3.ode.nonstiff.GillFieldIntegratorTest" time="0.018"/>
  <testcase name="testTooLargeFirstStep" classname="org.apache.commons.math3.ode.nonstiff.GillFieldIntegratorTest" time="0.0"/>
  <testcase name="testSanityChecks" classname="org.apache.commons.math3.ode.nonstiff.GillFieldIntegratorTest" time="0.0"/>
  <testcase name="testStepSize" classname="org.apache.commons.math3.ode.nonstiff.GillFieldIntegratorTest" time="0.0"/>
  <system-out><![CDATA[]]></system-out>
  <system-err><![CDATA[]]></system-err>
</testsuite>
