<?xml version="1.0" encoding="UTF-8"?>
<testsuite name="org.apache.commons.math3.stat.descriptive.SynchronizedMultivariateSummaryStatisticsTest" tests="10" skipped="0" failures="0" errors="0" timestamp="2020-11-02T01:16:47" hostname="DESKTOP-C0495IR" time="0.006">
  <properties/>
  <testcase name="testSerialization" classname="org.apache.commons.math3.stat.descriptive.SynchronizedMultivariateSummaryStatisticsTest" time="0.004"/>
  <testcase name="testStats" classname="org.apache.commons.math3.stat.descriptive.SynchronizedMultivariateSummaryStatisticsTest" time="0.0"/>
  <testcase name="testToString" classname="org.apache.commons.math3.stat.descriptive.SynchronizedMultivariateSummaryStatisticsTest" time="0.0"/>
  <testcase name="testNaNContracts" classname="org.apache.commons.math3.stat.descriptive.SynchronizedMultivariateSummaryStatisticsTest" time="0.0"/>
  <testcase name="testN0andN1Conditions" classname="org.apache.commons.math3.stat.descriptive.SynchronizedMultivariateSummaryStatisticsTest" time="0.0"/>
  <testcase name="testShuffledStatistics" classname="org.apache.commons.math3.stat.descriptive.SynchronizedMultivariateSummaryStatisticsTest" time="0.001"/>
  <testcase name="testDimension" classname="org.apache.commons.math3.stat.descriptive.SynchronizedMultivariateSummaryStatisticsTest" time="0.0"/>
  <testcase name="testSetterInjection" classname="org.apache.commons.math3.stat.descriptive.SynchronizedMultivariateSummaryStatisticsTest" time="0.0"/>
  <testcase name="testSetterIllegalState" classname="org.apache.commons.math3.stat.descriptive.SynchronizedMultivariateSummaryStatisticsTest" time="0.0"/>
  <testcase name="testEqualsAndHashCode" classname="org.apache.commons.math3.stat.descriptive.SynchronizedMultivariateSummaryStatisticsTest" time="0.0"/>
  <system-out><![CDATA[]]></system-out>
  <system-err><![CDATA[]]></system-err>
</testsuite>
