<?xml version="1.0" encoding="UTF-8"?>
<testsuite name="org.apache.commons.math3.ode.nonstiff.AdamsMoultonIntegratorTest" tests="6" skipped="0" failures="0" errors="0" timestamp="2020-10-17T21:41:29" hostname="DYLAN-DESKTOP" time="0.044">
  <properties/>
  <testcase name="polynomial" classname="org.apache.commons.math3.ode.nonstiff.AdamsMoultonIntegratorTest" time="0.006"/>
  <testcase name="dimensionCheck" classname="org.apache.commons.math3.ode.nonstiff.AdamsMoultonIntegratorTest" time="0.0"/>
  <testcase name="testMinStep" classname="org.apache.commons.math3.ode.nonstiff.AdamsMoultonIntegratorTest" time="0.0"/>
  <testcase name="exceedMaxEvaluations" classname="org.apache.commons.math3.ode.nonstiff.AdamsMoultonIntegratorTest" time="0.003"/>
  <testcase name="testIncreasingTolerance" classname="org.apache.commons.math3.ode.nonstiff.AdamsMoultonIntegratorTest" time="0.026"/>
  <testcase name="backward" classname="org.apache.commons.math3.ode.nonstiff.AdamsMoultonIntegratorTest" time="0.008"/>
  <system-out><![CDATA[]]></system-out>
  <system-err><![CDATA[]]></system-err>
</testsuite>
