<?xml version="1.0" encoding="UTF-8"?>
<testsuite name="org.apache.commons.math3.ml.neuralnet.sofm.KohonenTrainingTaskTest" tests="2" skipped="0" failures="0" errors="0" timestamp="2020-10-17T21:41:27" hostname="DYLAN-DESKTOP" time="0.325">
  <properties/>
  <testcase name="testTravellerSalesmanSquareTourSequentialSolver" classname="org.apache.commons.math3.ml.neuralnet.sofm.KohonenTrainingTaskTest" time="0.184"/>
  <testcase name="testTravellerSalesmanSquareTourParallelSolver" classname="org.apache.commons.math3.ml.neuralnet.sofm.KohonenTrainingTaskTest" time="0.141"/>
  <system-out><![CDATA[]]></system-out>
  <system-err><![CDATA[]]></system-err>
</testsuite>
