<?xml version="1.0" encoding="UTF-8"?>
<testsuite name="org.apache.commons.math3.optimization.fitting.CurveFitterTest" tests="3" skipped="0" failures="0" errors="0" timestamp="2020-10-17T21:41:56" hostname="DYLAN-DESKTOP" time="0.012">
  <properties/>
  <testcase name="testMath303" classname="org.apache.commons.math3.optimization.fitting.CurveFitterTest" time="0.011"/>
  <testcase name="testMath304" classname="org.apache.commons.math3.optimization.fitting.CurveFitterTest" time="0.0"/>
  <testcase name="testMath372" classname="org.apache.commons.math3.optimization.fitting.CurveFitterTest" time="0.001"/>
  <system-out><![CDATA[]]></system-out>
  <system-err><![CDATA[]]></system-err>
</testsuite>
