<?xml version="1.0" encoding="UTF-8"?>
<testsuite name="org.apache.commons.math3.geometry.enclosing.WelzlEncloser2DTest" tests="7" skipped="0" failures="0" errors="0" timestamp="2020-11-02T01:14:16" hostname="DESKTOP-C0495IR" time="0.177">
  <properties/>
  <testcase name="testSolutionOnDiameter" classname="org.apache.commons.math3.geometry.enclosing.WelzlEncloser2DTest" time="0.002"/>
  <testcase name="testNullList" classname="org.apache.commons.math3.geometry.enclosing.WelzlEncloser2DTest" time="0.0"/>
  <testcase name="testReducingBall1" classname="org.apache.commons.math3.geometry.enclosing.WelzlEncloser2DTest" time="0.001"/>
  <testcase name="testReducingBall2" classname="org.apache.commons.math3.geometry.enclosing.WelzlEncloser2DTest" time="0.002"/>
  <testcase name="testLargeSamples" classname="org.apache.commons.math3.geometry.enclosing.WelzlEncloser2DTest" time="0.172"/>
  <testcase name="testRegularPoints" classname="org.apache.commons.math3.geometry.enclosing.WelzlEncloser2DTest" time="0.0"/>
  <testcase name="testNoPoints" classname="org.apache.commons.math3.geometry.enclosing.WelzlEncloser2DTest" time="0.0"/>
  <system-out><![CDATA[]]></system-out>
  <system-err><![CDATA[]]></system-err>
</testsuite>
