<?xml version="1.0" encoding="UTF-8"?>
<testsuite name="org.apache.commons.math3.exception.util.LocalizedFormatsTest" tests="6" skipped="0" failures="0" errors="0" timestamp="2020-11-02T01:14:09" hostname="DESKTOP-C0495IR" time="0.027">
  <properties/>
  <testcase name="testNoMissingFrenchTranslation" classname="org.apache.commons.math3.exception.util.LocalizedFormatsTest" time="0.008"/>
  <testcase name="testNoOpEnglishTranslation" classname="org.apache.commons.math3.exception.util.LocalizedFormatsTest" time="0.006"/>
  <testcase name="testVariablePartsConsistency" classname="org.apache.commons.math3.exception.util.LocalizedFormatsTest" time="0.005"/>
  <testcase name="testMessageNumber" classname="org.apache.commons.math3.exception.util.LocalizedFormatsTest" time="0.0"/>
  <testcase name="testAllKeysPresentInPropertiesFiles" classname="org.apache.commons.math3.exception.util.LocalizedFormatsTest" time="0.007"/>
  <testcase name="testAllPropertiesCorrespondToKeys" classname="org.apache.commons.math3.exception.util.LocalizedFormatsTest" time="0.0"/>
  <system-out><![CDATA[]]></system-out>
  <system-err><![CDATA[]]></system-err>
</testsuite>
