<?xml version="1.0" encoding="UTF-8"?>
<testsuite name="org.apache.commons.math3.fitting.leastsquares.GaussNewtonOptimizerWithLUTest" tests="21" skipped="0" failures="0" errors="0" timestamp="2020-10-17T21:41:13" hostname="DYLAN-DESKTOP" time="0.028">
  <properties/>
  <testcase name="testHahn1" classname="org.apache.commons.math3.fitting.leastsquares.GaussNewtonOptimizerWithLUTest" time="0.016"/>
  <testcase name="testMoreEstimatedParametersSimple" classname="org.apache.commons.math3.fitting.leastsquares.GaussNewtonOptimizerWithLUTest" time="0.0"/>
  <testcase name="testMoreEstimatedParametersUnsorted" classname="org.apache.commons.math3.fitting.leastsquares.GaussNewtonOptimizerWithLUTest" time="0.0"/>
  <testcase name="testMaxEvaluations" classname="org.apache.commons.math3.fitting.leastsquares.GaussNewtonOptimizerWithLUTest" time="0.002"/>
  <testcase name="testCircleFittingBadInit" classname="org.apache.commons.math3.fitting.leastsquares.GaussNewtonOptimizerWithLUTest" time="0.0"/>
  <testcase name="testCircleFittingGoodInit" classname="org.apache.commons.math3.fitting.leastsquares.GaussNewtonOptimizerWithLUTest" time="0.001"/>
  <testcase name="testPointCopy" classname="org.apache.commons.math3.fitting.leastsquares.GaussNewtonOptimizerWithLUTest" time="0.0"/>
  <testcase name="testNoDependency" classname="org.apache.commons.math3.fitting.leastsquares.GaussNewtonOptimizerWithLUTest" time="0.0"/>
  <testcase name="testRedundantEquations" classname="org.apache.commons.math3.fitting.leastsquares.GaussNewtonOptimizerWithLUTest" time="0.0"/>
  <testcase name="testTrivial" classname="org.apache.commons.math3.fitting.leastsquares.GaussNewtonOptimizerWithLUTest" time="0.0"/>
  <testcase name="testQRColumnsPermutation" classname="org.apache.commons.math3.fitting.leastsquares.GaussNewtonOptimizerWithLUTest" time="0.0"/>
  <testcase name="testInconsistentSizes1" classname="org.apache.commons.math3.fitting.leastsquares.GaussNewtonOptimizerWithLUTest" time="0.0"/>
  <testcase name="testInconsistentSizes2" classname="org.apache.commons.math3.fitting.leastsquares.GaussNewtonOptimizerWithLUTest" time="0.0"/>
  <testcase name="testTwoSets" classname="org.apache.commons.math3.fitting.leastsquares.GaussNewtonOptimizerWithLUTest" time="0.001"/>
  <testcase name="testIllConditioned" classname="org.apache.commons.math3.fitting.leastsquares.GaussNewtonOptimizerWithLUTest" time="0.0"/>
  <testcase name="testGetIterations" classname="org.apache.commons.math3.fitting.leastsquares.GaussNewtonOptimizerWithLUTest" time="0.001"/>
  <testcase name="testNonInvertible" classname="org.apache.commons.math3.fitting.leastsquares.GaussNewtonOptimizerWithLUTest" time="0.001"/>
  <testcase name="testInconsistentEquations" classname="org.apache.commons.math3.fitting.leastsquares.GaussNewtonOptimizerWithLUTest" time="0.0"/>
  <testcase name="testCircleFitting" classname="org.apache.commons.math3.fitting.leastsquares.GaussNewtonOptimizerWithLUTest" time="0.002"/>
  <testcase name="testKirby2" classname="org.apache.commons.math3.fitting.leastsquares.GaussNewtonOptimizerWithLUTest" time="0.003"/>
  <testcase name="testOneSet" classname="org.apache.commons.math3.fitting.leastsquares.GaussNewtonOptimizerWithLUTest" time="0.0"/>
  <system-out><![CDATA[]]></system-out>
  <system-err><![CDATA[]]></system-err>
</testsuite>
