<?xml version="1.0" encoding="UTF-8"?>
<testsuite name="org.apache.commons.math3.analysis.interpolation.SplineInterpolatorTest" tests="5" skipped="0" failures="0" errors="0" timestamp="2020-10-17T21:41:09" hostname="DYLAN-DESKTOP" time="0.001">
  <properties/>
  <testcase name="testInterpolateSin" classname="org.apache.commons.math3.analysis.interpolation.SplineInterpolatorTest" time="0.0"/>
  <testcase name="testInterpolateLinearDegenerateTwoSegment" classname="org.apache.commons.math3.analysis.interpolation.SplineInterpolatorTest" time="0.0"/>
  <testcase name="testIllegalArguments" classname="org.apache.commons.math3.analysis.interpolation.SplineInterpolatorTest" time="0.0"/>
  <testcase name="testInterpolateLinear" classname="org.apache.commons.math3.analysis.interpolation.SplineInterpolatorTest" time="0.0"/>
  <testcase name="testInterpolateLinearDegenerateThreeSegment" classname="org.apache.commons.math3.analysis.interpolation.SplineInterpolatorTest" time="0.0"/>
  <system-out><![CDATA[]]></system-out>
  <system-err><![CDATA[]]></system-err>
</testsuite>
