<?xml version="1.0" encoding="UTF-8"?>
<testsuite name="org.apache.commons.math3.analysis.polynomials.PolynomialSplineFunctionTest" tests="3" skipped="0" failures="0" errors="0" timestamp="2020-10-17T21:41:09" hostname="DYLAN-DESKTOP" time="0.0">
  <properties/>
  <testcase name="testIsValidPoint" classname="org.apache.commons.math3.analysis.polynomials.PolynomialSplineFunctionTest" time="0.0"/>
  <testcase name="testValues" classname="org.apache.commons.math3.analysis.polynomials.PolynomialSplineFunctionTest" time="0.0"/>
  <testcase name="testConstructor" classname="org.apache.commons.math3.analysis.polynomials.PolynomialSplineFunctionTest" time="0.0"/>
  <system-out><![CDATA[]]></system-out>
  <system-err><![CDATA[]]></system-err>
</testsuite>
