<?xml version="1.0" encoding="UTF-8"?>
<testsuite name="org.apache.commons.math3.util.PairTest" tests="6" skipped="0" failures="0" errors="0" timestamp="2020-10-17T21:43:04" hostname="DYLAN-DESKTOP" time="0.001">
  <properties/>
  <testcase name="testAccessor2" classname="org.apache.commons.math3.util.PairTest" time="0.0"/>
  <testcase name="testAccessor" classname="org.apache.commons.math3.util.PairTest" time="0.0"/>
  <testcase name="testToString" classname="org.apache.commons.math3.util.PairTest" time="0.0"/>
  <testcase name="testHashCode" classname="org.apache.commons.math3.util.PairTest" time="0.001"/>
  <testcase name="testCreate" classname="org.apache.commons.math3.util.PairTest" time="0.0"/>
  <testcase name="testEquals" classname="org.apache.commons.math3.util.PairTest" time="0.0"/>
  <system-out><![CDATA[]]></system-out>
  <system-err><![CDATA[]]></system-err>
</testsuite>
