<?xml version="1.0" encoding="UTF-8"?>
<testsuite name="org.apache.commons.math3.stat.regression.OLSMultipleLinearRegressionTest" tests="28" skipped="0" failures="0" errors="0" timestamp="2020-10-17T21:42:57" hostname="DYLAN-DESKTOP" time="0.01">
  <properties/>
  <testcase name="testNoDataNPECalculateHat" classname="org.apache.commons.math3.stat.regression.OLSMultipleLinearRegressionTest" time="0.0"/>
  <testcase name="testNoDataNPESSTO" classname="org.apache.commons.math3.stat.regression.OLSMultipleLinearRegressionTest" time="0.0"/>
  <testcase name="testHat" classname="org.apache.commons.math3.stat.regression.OLSMultipleLinearRegressionTest" time="0.001"/>
  <testcase name="testSwissFertility" classname="org.apache.commons.math3.stat.regression.OLSMultipleLinearRegressionTest" time="0.0"/>
  <testcase name="testNoSSTOCalculateRsquare" classname="org.apache.commons.math3.stat.regression.OLSMultipleLinearRegressionTest" time="0.0"/>
  <testcase name="testSingularCalculateBeta" classname="org.apache.commons.math3.stat.regression.OLSMultipleLinearRegressionTest" time="0.0"/>
  <testcase name="testNewSampleDataXNull" classname="org.apache.commons.math3.stat.regression.OLSMultipleLinearRegressionTest" time="0.0"/>
  <testcase name="testNewSampleDataYNull" classname="org.apache.commons.math3.stat.regression.OLSMultipleLinearRegressionTest" time="0.0"/>
  <testcase name="testYVariance" classname="org.apache.commons.math3.stat.regression.OLSMultipleLinearRegressionTest" time="0.0"/>
  <testcase name="cannotAddSampleDataWithSizeMismatch" classname="org.apache.commons.math3.stat.regression.OLSMultipleLinearRegressionTest" time="0.0"/>
  <testcase name="testNoDataNPECalculateBeta" classname="org.apache.commons.math3.stat.regression.OLSMultipleLinearRegressionTest" time="0.0"/>
  <testcase name="testPerfectFit" classname="org.apache.commons.math3.stat.regression.OLSMultipleLinearRegressionTest" time="0.003"/>
  <testcase name="testWampler1" classname="org.apache.commons.math3.stat.regression.OLSMultipleLinearRegressionTest" time="0.0"/>
  <testcase name="testWampler2" classname="org.apache.commons.math3.stat.regression.OLSMultipleLinearRegressionTest" time="0.001"/>
  <testcase name="testWampler3" classname="org.apache.commons.math3.stat.regression.OLSMultipleLinearRegressionTest" time="0.0"/>
  <testcase name="testWampler4" classname="org.apache.commons.math3.stat.regression.OLSMultipleLinearRegressionTest" time="0.0"/>
  <testcase name="testLongly" classname="org.apache.commons.math3.stat.regression.OLSMultipleLinearRegressionTest" time="0.0"/>
  <testcase name="testNewSample2" classname="org.apache.commons.math3.stat.regression.OLSMultipleLinearRegressionTest" time="0.0"/>
  <testcase name="canEstimateResiduals" classname="org.apache.commons.math3.stat.regression.OLSMultipleLinearRegressionTest" time="0.0"/>
  <testcase name="canEstimateRegressandVariance" classname="org.apache.commons.math3.stat.regression.OLSMultipleLinearRegressionTest" time="0.0"/>
  <testcase name="testNewSampleInsufficientData" classname="org.apache.commons.math3.stat.regression.OLSMultipleLinearRegressionTest" time="0.0"/>
  <testcase name="testNewSample" classname="org.apache.commons.math3.stat.regression.OLSMultipleLinearRegressionTest" time="0.0"/>
  <testcase name="canEstimateRegressionParameters" classname="org.apache.commons.math3.stat.regression.OLSMultipleLinearRegressionTest" time="0.0"/>
  <testcase name="canEstimateRegressionParametersVariance" classname="org.apache.commons.math3.stat.regression.OLSMultipleLinearRegressionTest" time="0.0"/>
  <testcase name="testNewSampleNullData" classname="org.apache.commons.math3.stat.regression.OLSMultipleLinearRegressionTest" time="0.001"/>
  <testcase name="testXSampleDataNull" classname="org.apache.commons.math3.stat.regression.OLSMultipleLinearRegressionTest" time="0.0"/>
  <testcase name="testNewSampleInvalidData" classname="org.apache.commons.math3.stat.regression.OLSMultipleLinearRegressionTest" time="0.0"/>
  <testcase name="testYSampleDataNull" classname="org.apache.commons.math3.stat.regression.OLSMultipleLinearRegressionTest" time="0.0"/>
  <system-out><![CDATA[]]></system-out>
  <system-err><![CDATA[]]></system-err>
</testsuite>
