<?xml version="1.0" encoding="UTF-8"?>
<testsuite name="org.apache.commons.math3.analysis.interpolation.TricubicSplineInterpolatorTest" tests="3" skipped="2" failures="0" errors="0" timestamp="2020-11-02T01:14:01" hostname="DESKTOP-C0495IR" time="0.003">
  <properties/>
  <testcase name="testPlane" classname="org.apache.commons.math3.analysis.interpolation.TricubicSplineInterpolatorTest" time="0.0">
    <skipped/>
  </testcase>
  <testcase name="testWave" classname="org.apache.commons.math3.analysis.interpolation.TricubicSplineInterpolatorTest" time="0.0">
    <skipped/>
  </testcase>
  <testcase name="testPreconditions" classname="org.apache.commons.math3.analysis.interpolation.TricubicSplineInterpolatorTest" time="0.003"/>
  <system-out><![CDATA[]]></system-out>
  <system-err><![CDATA[]]></system-err>
</testsuite>
