<?xml version="1.0" encoding="UTF-8"?>
<testsuite name="org.apache.commons.math3.stat.descriptive.DescriptiveStatisticsTest" tests="12" skipped="0" failures="0" errors="0" timestamp="2020-10-17T21:42:43" hostname="DYLAN-DESKTOP" time="0.004">
  <properties/>
  <testcase name="testPercentileSetter" classname="org.apache.commons.math3.stat.descriptive.DescriptiveStatisticsTest" time="0.002"/>
  <testcase name="test20090720" classname="org.apache.commons.math3.stat.descriptive.DescriptiveStatisticsTest" time="0.0"/>
  <testcase name="testCopy" classname="org.apache.commons.math3.stat.descriptive.DescriptiveStatisticsTest" time="0.001"/>
  <testcase name="testToString" classname="org.apache.commons.math3.stat.descriptive.DescriptiveStatisticsTest" time="0.0"/>
  <testcase name="testShuffledStatistics" classname="org.apache.commons.math3.stat.descriptive.DescriptiveStatisticsTest" time="0.0"/>
  <testcase name="testSetterInjection" classname="org.apache.commons.math3.stat.descriptive.DescriptiveStatisticsTest" time="0.0"/>
  <testcase name="testQuadraticMean" classname="org.apache.commons.math3.stat.descriptive.DescriptiveStatisticsTest" time="0.0"/>
  <testcase name="testRemoval" classname="org.apache.commons.math3.stat.descriptive.DescriptiveStatisticsTest" time="0.001"/>
  <testcase name="testMath1129" classname="org.apache.commons.math3.stat.descriptive.DescriptiveStatisticsTest" time="0.0"/>
  <testcase name="testSummaryConsistency" classname="org.apache.commons.math3.stat.descriptive.DescriptiveStatisticsTest" time="0.0"/>
  <testcase name="testWindowSize" classname="org.apache.commons.math3.stat.descriptive.DescriptiveStatisticsTest" time="0.0"/>
  <testcase name="testGetValues" classname="org.apache.commons.math3.stat.descriptive.DescriptiveStatisticsTest" time="0.0"/>
  <system-out><![CDATA[]]></system-out>
  <system-err><![CDATA[]]></system-err>
</testsuite>
