<?xml version="1.0" encoding="UTF-8"?>
<testsuite name="org.apache.commons.math3.fitting.SimpleCurveFitterTest" tests="1" skipped="0" failures="0" errors="0" timestamp="2020-10-17T21:41:15" hostname="DYLAN-DESKTOP" time="0.001">
  <properties/>
  <testcase name="testPolynomialFit" classname="org.apache.commons.math3.fitting.SimpleCurveFitterTest" time="0.001"/>
  <system-out><![CDATA[]]></system-out>
  <system-err><![CDATA[]]></system-err>
</testsuite>
