<?xml version="1.0" encoding="UTF-8"?>
<testsuite name="org.apache.commons.math3.ode.nonstiff.LutherFieldIntegratorTest" tests="14" skipped="0" failures="0" errors="0" timestamp="2020-11-02T01:14:33" hostname="DESKTOP-C0495IR" time="0.579">
  <properties/>
  <testcase name="testBackward" classname="org.apache.commons.math3.ode.nonstiff.LutherFieldIntegratorTest" time="0.069"/>
  <testcase name="testDerivativesConsistency" classname="org.apache.commons.math3.ode.nonstiff.LutherFieldIntegratorTest" time="0.032"/>
  <testcase name="testMissedEndEvent" classname="org.apache.commons.math3.ode.nonstiff.LutherFieldIntegratorTest" time="0.0"/>
  <testcase name="testSmallStep" classname="org.apache.commons.math3.ode.nonstiff.LutherFieldIntegratorTest" time="0.057"/>
  <testcase name="testDecreasingSteps" classname="org.apache.commons.math3.ode.nonstiff.LutherFieldIntegratorTest" time="0.353"/>
  <testcase name="testNonFieldIntegratorConsistency" classname="org.apache.commons.math3.ode.nonstiff.LutherFieldIntegratorTest" time="0.0"/>
  <testcase name="testBigStep" classname="org.apache.commons.math3.ode.nonstiff.LutherFieldIntegratorTest" time="0.001"/>
  <testcase name="testSingleStep" classname="org.apache.commons.math3.ode.nonstiff.LutherFieldIntegratorTest" time="0.001"/>
  <testcase name="testUnstableDerivative" classname="org.apache.commons.math3.ode.nonstiff.LutherFieldIntegratorTest" time="0.001"/>
  <testcase name="testPartialDerivatives" classname="org.apache.commons.math3.ode.nonstiff.LutherFieldIntegratorTest" time="0.027"/>
  <testcase name="testKepler" classname="org.apache.commons.math3.ode.nonstiff.LutherFieldIntegratorTest" time="0.036"/>
  <testcase name="testTooLargeFirstStep" classname="org.apache.commons.math3.ode.nonstiff.LutherFieldIntegratorTest" time="0.0"/>
  <testcase name="testSanityChecks" classname="org.apache.commons.math3.ode.nonstiff.LutherFieldIntegratorTest" time="0.0"/>
  <testcase name="testStepSize" classname="org.apache.commons.math3.ode.nonstiff.LutherFieldIntegratorTest" time="0.001"/>
  <system-out><![CDATA[]]></system-out>
  <system-err><![CDATA[]]></system-err>
</testsuite>
