<?xml version="1.0" encoding="UTF-8"?>
<testsuite name="org.apache.commons.math3.random.CorrelatedRandomVectorGeneratorTest" tests="5" skipped="0" failures="0" errors="0" timestamp="2020-10-17T21:42:07" hostname="DYLAN-DESKTOP" time="0.035">
  <properties/>
  <testcase name="testRank" classname="org.apache.commons.math3.random.CorrelatedRandomVectorGeneratorTest" time="0.0"/>
  <testcase name="testMeanAndCovariance" classname="org.apache.commons.math3.random.CorrelatedRandomVectorGeneratorTest" time="0.005"/>
  <testcase name="testSampleWithZeroCovariance" classname="org.apache.commons.math3.random.CorrelatedRandomVectorGeneratorTest" time="0.03"/>
  <testcase name="testMath226" classname="org.apache.commons.math3.random.CorrelatedRandomVectorGeneratorTest" time="0.0"/>
  <testcase name="testRootMatrix" classname="org.apache.commons.math3.random.CorrelatedRandomVectorGeneratorTest" time="0.0"/>
  <system-out><![CDATA[]]></system-out>
  <system-err><![CDATA[]]></system-err>
</testsuite>
