<?xml version="1.0" encoding="UTF-8"?>
<testsuite name="org.apache.commons.math3.analysis.function.SigmoidTest" tests="9" skipped="0" failures="0" errors="0" timestamp="2020-10-17T21:41:01" hostname="DYLAN-DESKTOP" time="0.001">
  <properties/>
  <testcase name="testDerivative" classname="org.apache.commons.math3.analysis.function.SigmoidTest" time="0.0"/>
  <testcase name="testSomeValues" classname="org.apache.commons.math3.analysis.function.SigmoidTest" time="0.0"/>
  <testcase name="testParametricValue" classname="org.apache.commons.math3.analysis.function.SigmoidTest" time="0.0"/>
  <testcase name="testParametricUsage1" classname="org.apache.commons.math3.analysis.function.SigmoidTest" time="0.0"/>
  <testcase name="testParametricUsage2" classname="org.apache.commons.math3.analysis.function.SigmoidTest" time="0.0"/>
  <testcase name="testParametricUsage3" classname="org.apache.commons.math3.analysis.function.SigmoidTest" time="0.0"/>
  <testcase name="testParametricUsage4" classname="org.apache.commons.math3.analysis.function.SigmoidTest" time="0.0"/>
  <testcase name="testDerivativeLargeArguments" classname="org.apache.commons.math3.analysis.function.SigmoidTest" time="0.0"/>
  <testcase name="testDerivativesHighOrder" classname="org.apache.commons.math3.analysis.function.SigmoidTest" time="0.0"/>
  <system-out><![CDATA[]]></system-out>
  <system-err><![CDATA[]]></system-err>
</testsuite>
