<?xml version="1.0" encoding="UTF-8"?>
<testsuite name="org.apache.commons.math3.util.BigRealFieldTest" tests="3" skipped="0" failures="0" errors="0" timestamp="2020-11-02T01:16:53" hostname="DESKTOP-C0495IR" time="0.002">
  <properties/>
  <testcase name="testOne" classname="org.apache.commons.math3.util.BigRealFieldTest" time="0.001"/>
  <testcase name="testZero" classname="org.apache.commons.math3.util.BigRealFieldTest" time="0.0"/>
  <testcase name="testSerial" classname="org.apache.commons.math3.util.BigRealFieldTest" time="0.001"/>
  <system-out><![CDATA[]]></system-out>
  <system-err><![CDATA[]]></system-err>
</testsuite>
