<?xml version="1.0" encoding="UTF-8"?>
<testsuite name="org.apache.commons.math3.genetics.OrderedCrossoverTest" tests="4" skipped="0" failures="0" errors="0" timestamp="2020-11-02T01:14:16" hostname="DESKTOP-C0495IR" time="0.002">
  <properties/>
  <testcase name="testCrossoverInvalidFixedLengthChromosomeFirst" classname="org.apache.commons.math3.genetics.OrderedCrossoverTest" time="0.001"/>
  <testcase name="testCrossoverInvalidFixedLengthChromosomeSecond" classname="org.apache.commons.math3.genetics.OrderedCrossoverTest" time="0.0"/>
  <testcase name="testCrossoverDimensionMismatchException" classname="org.apache.commons.math3.genetics.OrderedCrossoverTest" time="0.0"/>
  <testcase name="testCrossover" classname="org.apache.commons.math3.genetics.OrderedCrossoverTest" time="0.001"/>
  <system-out><![CDATA[]]></system-out>
  <system-err><![CDATA[]]></system-err>
</testsuite>
