<?xml version="1.0" encoding="UTF-8"?>
<testsuite name="org.apache.commons.math3.geometry.euclidean.threed.LineTest" tests="7" skipped="0" failures="0" errors="0" timestamp="2020-11-02T01:14:27" hostname="DESKTOP-C0495IR" time="0.002">
  <properties/>
  <testcase name="testContains" classname="org.apache.commons.math3.geometry.euclidean.threed.LineTest" time="0.001"/>
  <testcase name="testLineDistance" classname="org.apache.commons.math3.geometry.euclidean.threed.LineTest" time="0.0"/>
  <testcase name="testClosest" classname="org.apache.commons.math3.geometry.euclidean.threed.LineTest" time="0.0"/>
  <testcase name="testIntersection" classname="org.apache.commons.math3.geometry.euclidean.threed.LineTest" time="0.0"/>
  <testcase name="testRevert" classname="org.apache.commons.math3.geometry.euclidean.threed.LineTest" time="0.0"/>
  <testcase name="testSimilar" classname="org.apache.commons.math3.geometry.euclidean.threed.LineTest" time="0.0"/>
  <testcase name="testPointDistance" classname="org.apache.commons.math3.geometry.euclidean.threed.LineTest" time="0.001"/>
  <system-out><![CDATA[]]></system-out>
  <system-err><![CDATA[]]></system-err>
</testsuite>
