<?xml version="1.0" encoding="UTF-8"?>
<testsuite name="org.apache.commons.math3.analysis.interpolation.DividedDifferenceInterpolatorTest" tests="3" skipped="0" failures="0" errors="0" timestamp="2020-11-02T01:13:59" hostname="DESKTOP-C0495IR" time="0.003">
  <properties/>
  <testcase name="testParameters" classname="org.apache.commons.math3.analysis.interpolation.DividedDifferenceInterpolatorTest" time="0.001"/>
  <testcase name="testSinFunction" classname="org.apache.commons.math3.analysis.interpolation.DividedDifferenceInterpolatorTest" time="0.001"/>
  <testcase name="testExpm1Function" classname="org.apache.commons.math3.analysis.interpolation.DividedDifferenceInterpolatorTest" time="0.001"/>
  <system-out><![CDATA[]]></system-out>
  <system-err><![CDATA[]]></system-err>
</testsuite>
