<?xml version="1.0" encoding="UTF-8"?>
<testsuite name="org.apache.commons.math3.optim.nonlinear.vector.jacobian.AbstractLeastSquaresOptimizerTest" tests="3" skipped="0" failures="0" errors="0" timestamp="2020-11-02T01:14:57" hostname="DESKTOP-C0495IR" time="0.01">
  <properties/>
  <testcase name="testComputeSigma" classname="org.apache.commons.math3.optim.nonlinear.vector.jacobian.AbstractLeastSquaresOptimizerTest" time="0.007"/>
  <testcase name="testGetChiSquare" classname="org.apache.commons.math3.optim.nonlinear.vector.jacobian.AbstractLeastSquaresOptimizerTest" time="0.002"/>
  <testcase name="testGetRMS" classname="org.apache.commons.math3.optim.nonlinear.vector.jacobian.AbstractLeastSquaresOptimizerTest" time="0.001"/>
  <system-out><![CDATA[]]></system-out>
  <system-err><![CDATA[]]></system-err>
</testsuite>
