<?xml version="1.0" encoding="UTF-8"?>
<testsuite name="org.apache.commons.math3.analysis.integration.gauss.LegendreTest" tests="2" skipped="0" failures="0" errors="0" timestamp="2020-11-02T01:13:52" hostname="DESKTOP-C0495IR" time="0.029">
  <properties/>
  <testcase name="testCos" classname="org.apache.commons.math3.analysis.integration.gauss.LegendreTest" time="0.0"/>
  <testcase name="testInverse" classname="org.apache.commons.math3.analysis.integration.gauss.LegendreTest" time="0.029"/>
  <system-out><![CDATA[]]></system-out>
  <system-err><![CDATA[]]></system-err>
</testsuite>
