<?xml version="1.0" encoding="UTF-8"?>
<testsuite name="org.apache.commons.math3.distribution.MultivariateNormalDistributionTest" tests="5" skipped="0" failures="0" errors="0" timestamp="2020-10-17T21:41:12" hostname="DYLAN-DESKTOP" time="0.183">
  <properties/>
  <testcase name="testDensities" classname="org.apache.commons.math3.distribution.MultivariateNormalDistributionTest" time="0.0"/>
  <testcase name="testSampling" classname="org.apache.commons.math3.distribution.MultivariateNormalDistributionTest" time="0.181"/>
  <testcase name="testUnivariateDistribution" classname="org.apache.commons.math3.distribution.MultivariateNormalDistributionTest" time="0.002"/>
  <testcase name="testGetMean" classname="org.apache.commons.math3.distribution.MultivariateNormalDistributionTest" time="0.0"/>
  <testcase name="testGetCovarianceMatrix" classname="org.apache.commons.math3.distribution.MultivariateNormalDistributionTest" time="0.0"/>
  <system-out><![CDATA[]]></system-out>
  <system-err><![CDATA[]]></system-err>
</testsuite>
