<?xml version="1.0" encoding="UTF-8"?>
<testsuite name="org.apache.commons.math3.util.MultidimensionalCounterTest" tests="7" skipped="0" failures="0" errors="0" timestamp="2020-11-02T01:17:13" hostname="DESKTOP-C0495IR" time="0.001">
  <properties/>
  <testcase name="testIterationConsistency" classname="org.apache.commons.math3.util.MultidimensionalCounterTest" time="0.001"/>
  <testcase name="testIteratorPreconditions" classname="org.apache.commons.math3.util.MultidimensionalCounterTest" time="0.0"/>
  <testcase name="testAccessors" classname="org.apache.commons.math3.util.MultidimensionalCounterTest" time="0.0"/>
  <testcase name="testMulti2UniConversion" classname="org.apache.commons.math3.util.MultidimensionalCounterTest" time="0.0"/>
  <testcase name="testPreconditions" classname="org.apache.commons.math3.util.MultidimensionalCounterTest" time="0.0"/>
  <testcase name="testIteratorNoMoreElements" classname="org.apache.commons.math3.util.MultidimensionalCounterTest" time="0.0"/>
  <testcase name="testIterator" classname="org.apache.commons.math3.util.MultidimensionalCounterTest" time="0.0"/>
  <system-out><![CDATA[]]></system-out>
  <system-err><![CDATA[]]></system-err>
</testsuite>
