<?xml version="1.0" encoding="UTF-8"?>
<testsuite name="org.apache.commons.math3.fitting.leastsquares.MinpackTest" tests="18" skipped="0" failures="0" errors="0" timestamp="2020-10-17T21:41:13" hostname="DYLAN-DESKTOP" time="0.122">
  <properties/>
  <testcase name="testMinpackLinearRank1" classname="org.apache.commons.math3.fitting.leastsquares.MinpackTest" time="0.003"/>
  <testcase name="testMinpackBrownDennis" classname="org.apache.commons.math3.fitting.leastsquares.MinpackTest" time="0.026"/>
  <testcase name="testMinpackJennrichSampson" classname="org.apache.commons.math3.fitting.leastsquares.MinpackTest" time="0.001"/>
  <testcase name="testMinpackRosenbrok" classname="org.apache.commons.math3.fitting.leastsquares.MinpackTest" time="0.001"/>
  <testcase name="testMinpackBox3Dimensional" classname="org.apache.commons.math3.fitting.leastsquares.MinpackTest" time="0.0"/>
  <testcase name="testMinpackHelicalValley" classname="org.apache.commons.math3.fitting.leastsquares.MinpackTest" time="0.001"/>
  <testcase name="testMinpackMeyer" classname="org.apache.commons.math3.fitting.leastsquares.MinpackTest" time="0.032"/>
  <testcase name="testMinpackLinearFullRank" classname="org.apache.commons.math3.fitting.leastsquares.MinpackTest" time="0.0"/>
  <testcase name="testMinpackFreudensteinRoth" classname="org.apache.commons.math3.fitting.leastsquares.MinpackTest" time="0.0"/>
  <testcase name="testMinpackOsborne1" classname="org.apache.commons.math3.fitting.leastsquares.MinpackTest" time="0.002"/>
  <testcase name="testMinpackOsborne2" classname="org.apache.commons.math3.fitting.leastsquares.MinpackTest" time="0.003"/>
  <testcase name="testMinpackWatson" classname="org.apache.commons.math3.fitting.leastsquares.MinpackTest" time="0.022"/>
  <testcase name="testMinpackKowalikOsborne" classname="org.apache.commons.math3.fitting.leastsquares.MinpackTest" time="0.01"/>
  <testcase name="testMinpackPowellSingular" classname="org.apache.commons.math3.fitting.leastsquares.MinpackTest" time="0.006"/>
  <testcase name="testMinpackChebyquad" classname="org.apache.commons.math3.fitting.leastsquares.MinpackTest" time="0.003"/>
  <testcase name="testMinpackLinearRank1ZeroColsAndRows" classname="org.apache.commons.math3.fitting.leastsquares.MinpackTest" time="0.0"/>
  <testcase name="testMinpackBard" classname="org.apache.commons.math3.fitting.leastsquares.MinpackTest" time="0.001"/>
  <testcase name="testMinpackBrownAlmostLinear" classname="org.apache.commons.math3.fitting.leastsquares.MinpackTest" time="0.008"/>
  <system-out><![CDATA[]]></system-out>
  <system-err><![CDATA[]]></system-err>
</testsuite>
