<?xml version="1.0" encoding="UTF-8"?>
<testsuite name="org.apache.commons.math3.ml.clustering.DBSCANClustererTest" tests="7" skipped="0" failures="0" errors="0" timestamp="2020-11-02T01:14:30" hostname="DESKTOP-C0495IR" time="0.009">
  <properties/>
  <testcase name="testNullDataset" classname="org.apache.commons.math3.ml.clustering.DBSCANClustererTest" time="0.002"/>
  <testcase name="testNegativeEps" classname="org.apache.commons.math3.ml.clustering.DBSCANClustererTest" time="0.0"/>
  <testcase name="testSingleLink" classname="org.apache.commons.math3.ml.clustering.DBSCANClustererTest" time="0.002"/>
  <testcase name="testCluster" classname="org.apache.commons.math3.ml.clustering.DBSCANClustererTest" time="0.005"/>
  <testcase name="testNegativeMinPts" classname="org.apache.commons.math3.ml.clustering.DBSCANClustererTest" time="0.0"/>
  <testcase name="testGetMinPts" classname="org.apache.commons.math3.ml.clustering.DBSCANClustererTest" time="0.0"/>
  <testcase name="testGetEps" classname="org.apache.commons.math3.ml.clustering.DBSCANClustererTest" time="0.0"/>
  <system-out><![CDATA[]]></system-out>
  <system-err><![CDATA[]]></system-err>
</testsuite>
