<?xml version="1.0" encoding="UTF-8"?>
<testsuite name="org.apache.commons.math3.stat.inference.MannWhitneyUTestTest" tests="4" skipped="0" failures="0" errors="0" timestamp="2020-11-02T01:16:51" hostname="DESKTOP-C0495IR" time="0.025">
  <properties/>
  <testcase name="testBigDataSet" classname="org.apache.commons.math3.stat.inference.MannWhitneyUTestTest" time="0.001"/>
  <testcase name="testMannWhitneyUInputValidation" classname="org.apache.commons.math3.stat.inference.MannWhitneyUTestTest" time="0.001"/>
  <testcase name="testBigDataSetOverflow" classname="org.apache.commons.math3.stat.inference.MannWhitneyUTestTest" time="0.023"/>
  <testcase name="testMannWhitneyUSimple" classname="org.apache.commons.math3.stat.inference.MannWhitneyUTestTest" time="0.0"/>
  <system-out><![CDATA[]]></system-out>
  <system-err><![CDATA[]]></system-err>
</testsuite>
