<?xml version="1.0" encoding="UTF-8"?>
<testsuite name="org.apache.commons.math3.stat.regression.MillerUpdatingRegressionTest" tests="17" skipped="0" failures="0" errors="0" timestamp="2020-10-17T21:42:57" hostname="DYLAN-DESKTOP" time="0.023">
  <properties/>
  <testcase name="testHdiagConstant" classname="org.apache.commons.math3.stat.regression.MillerUpdatingRegressionTest" time="0.011"/>
  <testcase name="testRegressAirlineConstantInternal" classname="org.apache.commons.math3.stat.regression.MillerUpdatingRegressionTest" time="0.002"/>
  <testcase name="testHdiag" classname="org.apache.commons.math3.stat.regression.MillerUpdatingRegressionTest" time="0.007"/>
  <testcase name="testPCorr" classname="org.apache.commons.math3.stat.regression.MillerUpdatingRegressionTest" time="0.001"/>
  <testcase name="testOneRedundantColumn" classname="org.apache.commons.math3.stat.regression.MillerUpdatingRegressionTest" time="0.0"/>
  <testcase name="testThreeRedundantColumn" classname="org.apache.commons.math3.stat.regression.MillerUpdatingRegressionTest" time="0.0"/>
  <testcase name="testNegativeTestAddObs" classname="org.apache.commons.math3.stat.regression.MillerUpdatingRegressionTest" time="0.0"/>
  <testcase name="testSubsetRegression" classname="org.apache.commons.math3.stat.regression.MillerUpdatingRegressionTest" time="0.0"/>
  <testcase name="testRegressAirlineConstantExternal" classname="org.apache.commons.math3.stat.regression.MillerUpdatingRegressionTest" time="0.001"/>
  <testcase name="testHasIntercept" classname="org.apache.commons.math3.stat.regression.MillerUpdatingRegressionTest" time="0.0"/>
  <testcase name="testAddObsGetNClear" classname="org.apache.commons.math3.stat.regression.MillerUpdatingRegressionTest" time="0.0"/>
  <testcase name="testWampler1" classname="org.apache.commons.math3.stat.regression.MillerUpdatingRegressionTest" time="0.0"/>
  <testcase name="testWampler2" classname="org.apache.commons.math3.stat.regression.MillerUpdatingRegressionTest" time="0.0"/>
  <testcase name="testWampler3" classname="org.apache.commons.math3.stat.regression.MillerUpdatingRegressionTest" time="0.0"/>
  <testcase name="testFilippelli" classname="org.apache.commons.math3.stat.regression.MillerUpdatingRegressionTest" time="0.0"/>
  <testcase name="testLongly" classname="org.apache.commons.math3.stat.regression.MillerUpdatingRegressionTest" time="0.0"/>
  <testcase name="testNegativeTestAddMultipleObs" classname="org.apache.commons.math3.stat.regression.MillerUpdatingRegressionTest" time="0.0"/>
  <system-out><![CDATA[]]></system-out>
  <system-err><![CDATA[]]></system-err>
</testsuite>
