<?xml version="1.0" encoding="UTF-8"?>
<testsuite name="org.apache.commons.math3.ode.ContinuousOutputModelTest" tests="4" skipped="0" failures="0" errors="0" timestamp="2020-11-02T01:14:30" hostname="DESKTOP-C0495IR" time="0.038">
  <properties/>
  <testcase name="testBoundaries" classname="org.apache.commons.math3.ode.ContinuousOutputModelTest" time="0.017"/>
  <testcase name="testModelsMerging" classname="org.apache.commons.math3.ode.ContinuousOutputModelTest" time="0.005"/>
  <testcase name="testRandomAccess" classname="org.apache.commons.math3.ode.ContinuousOutputModelTest" time="0.015"/>
  <testcase name="testErrorConditions" classname="org.apache.commons.math3.ode.ContinuousOutputModelTest" time="0.0"/>
  <system-out><![CDATA[]]></system-out>
  <system-err><![CDATA[]]></system-err>
</testsuite>
