<?xml version="1.0" encoding="UTF-8"?>
<testsuite name="org.apache.commons.math3.stat.CertifiedDataTest" tests="2" skipped="0" failures="0" errors="0" timestamp="2020-10-17T21:42:43" hostname="DYLAN-DESKTOP" time="0.009">
  <properties/>
  <testcase name="testSummaryStatistics" classname="org.apache.commons.math3.stat.CertifiedDataTest" time="0.005"/>
  <testcase name="testDescriptiveStatistics" classname="org.apache.commons.math3.stat.CertifiedDataTest" time="0.004"/>
  <system-out><![CDATA[]]></system-out>
  <system-err><![CDATA[]]></system-err>
</testsuite>
