<?xml version="1.0" encoding="UTF-8"?>
<testsuite name="org.apache.commons.math3.ode.sampling.DummyStepInterpolatorTest" tests="4" skipped="0" failures="0" errors="0" timestamp="2020-11-02T01:14:35" hostname="DESKTOP-C0495IR" time="0.002">
  <properties/>
  <testcase name="testSerialization" classname="org.apache.commons.math3.ode.sampling.DummyStepInterpolatorTest" time="0.001"/>
  <testcase name="testImpossibleSerialization" classname="org.apache.commons.math3.ode.sampling.DummyStepInterpolatorTest" time="0.0"/>
  <testcase name="testFixedState" classname="org.apache.commons.math3.ode.sampling.DummyStepInterpolatorTest" time="0.0"/>
  <testcase name="testNoReset" classname="org.apache.commons.math3.ode.sampling.DummyStepInterpolatorTest" time="0.0"/>
  <system-out><![CDATA[]]></system-out>
  <system-err><![CDATA[]]></system-err>
</testsuite>
