<?xml version="1.0" encoding="UTF-8"?>
<testsuite name="org.apache.commons.math3.random.CorrelatedRandomVectorGeneratorTest" tests="5" skipped="0" failures="0" errors="0" timestamp="2020-11-02T01:15:37" hostname="DESKTOP-C0495IR" time="0.047">
  <properties/>
  <testcase name="testRank" classname="org.apache.commons.math3.random.CorrelatedRandomVectorGeneratorTest" time="0.0"/>
  <testcase name="testMeanAndCovariance" classname="org.apache.commons.math3.random.CorrelatedRandomVectorGeneratorTest" time="0.005"/>
  <testcase name="testSampleWithZeroCovariance" classname="org.apache.commons.math3.random.CorrelatedRandomVectorGeneratorTest" time="0.041"/>
  <testcase name="testMath226" classname="org.apache.commons.math3.random.CorrelatedRandomVectorGeneratorTest" time="0.0"/>
  <testcase name="testRootMatrix" classname="org.apache.commons.math3.random.CorrelatedRandomVectorGeneratorTest" time="0.0"/>
  <system-out><![CDATA[]]></system-out>
  <system-err><![CDATA[]]></system-err>
</testsuite>
