<?xml version="1.0" encoding="UTF-8"?>
<testsuite name="org.apache.commons.math3.ode.nonstiff.LutherIntegratorTest" tests="9" skipped="0" failures="0" errors="0" timestamp="2020-10-17T21:41:31" hostname="DYLAN-DESKTOP" time="0.066">
  <properties/>
  <testcase name="testBackward" classname="org.apache.commons.math3.ode.nonstiff.LutherIntegratorTest" time="0.007"/>
  <testcase name="testMissedEndEvent" classname="org.apache.commons.math3.ode.nonstiff.LutherIntegratorTest" time="0.002"/>
  <testcase name="testSmallStep" classname="org.apache.commons.math3.ode.nonstiff.LutherIntegratorTest" time="0.006"/>
  <testcase name="testDecreasingSteps" classname="org.apache.commons.math3.ode.nonstiff.LutherIntegratorTest" time="0.041"/>
  <testcase name="testBigStep" classname="org.apache.commons.math3.ode.nonstiff.LutherIntegratorTest" time="0.0"/>
  <testcase name="testSingleStep" classname="org.apache.commons.math3.ode.nonstiff.LutherIntegratorTest" time="0.001"/>
  <testcase name="testKepler" classname="org.apache.commons.math3.ode.nonstiff.LutherIntegratorTest" time="0.007"/>
  <testcase name="testSanityChecks" classname="org.apache.commons.math3.ode.nonstiff.LutherIntegratorTest" time="0.0"/>
  <testcase name="testStepSize" classname="org.apache.commons.math3.ode.nonstiff.LutherIntegratorTest" time="0.002"/>
  <system-out><![CDATA[]]></system-out>
  <system-err><![CDATA[]]></system-err>
</testsuite>
