<?xml version="1.0" encoding="UTF-8"?>
<testsuite name="org.apache.commons.math3.ode.nonstiff.MidpointIntegratorTest" tests="6" skipped="0" failures="0" errors="0" timestamp="2020-11-02T01:14:34" hostname="DESKTOP-C0495IR" time="0.044">
  <properties/>
  <testcase name="testDimensionCheck" classname="org.apache.commons.math3.ode.nonstiff.MidpointIntegratorTest" time="0.0"/>
  <testcase name="testBackward" classname="org.apache.commons.math3.ode.nonstiff.MidpointIntegratorTest" time="0.003"/>
  <testcase name="testSmallStep" classname="org.apache.commons.math3.ode.nonstiff.MidpointIntegratorTest" time="0.002"/>
  <testcase name="testDecreasingSteps" classname="org.apache.commons.math3.ode.nonstiff.MidpointIntegratorTest" time="0.038"/>
  <testcase name="testBigStep" classname="org.apache.commons.math3.ode.nonstiff.MidpointIntegratorTest" time="0.0"/>
  <testcase name="testStepSize" classname="org.apache.commons.math3.ode.nonstiff.MidpointIntegratorTest" time="0.001"/>
  <system-out><![CDATA[]]></system-out>
  <system-err><![CDATA[]]></system-err>
</testsuite>
