<?xml version="1.0" encoding="UTF-8"?>
<testsuite name="org.apache.commons.math3.RetryRunnerTest" tests="2" skipped="0" failures="0" errors="0" timestamp="2020-11-02T01:16:34" hostname="DESKTOP-C0495IR" time="0.0">
  <properties/>
  <testcase name="testRetryFailSometimes" classname="org.apache.commons.math3.RetryRunnerTest" time="0.0"/>
  <testcase name="testRetryFailAlways" classname="org.apache.commons.math3.RetryRunnerTest" time="0.0"/>
  <system-out><![CDATA[]]></system-out>
  <system-err><![CDATA[]]></system-err>
</testsuite>
