<?xml version="1.0" encoding="UTF-8"?>
<testsuite name="org.apache.commons.math3.fitting.PolynomialCurveFitterTest" tests="5" skipped="0" failures="0" errors="0" timestamp="2020-10-17T21:41:13" hostname="DYLAN-DESKTOP" time="0.607">
  <properties/>
  <testcase name="testFit" classname="org.apache.commons.math3.fitting.PolynomialCurveFitterTest" time="0.001"/>
  <testcase name="testSmallError" classname="org.apache.commons.math3.fitting.PolynomialCurveFitterTest" time="0.005"/>
  <testcase name="testRedundantSolvable" classname="org.apache.commons.math3.fitting.PolynomialCurveFitterTest" time="0.004"/>
  <testcase name="testNoError" classname="org.apache.commons.math3.fitting.PolynomialCurveFitterTest" time="0.006"/>
  <testcase name="testLargeSample" classname="org.apache.commons.math3.fitting.PolynomialCurveFitterTest" time="0.59"/>
  <system-out><![CDATA[]]></system-out>
  <system-err><![CDATA[]]></system-err>
</testsuite>
