<?xml version="1.0" encoding="UTF-8"?>
<testsuite name="org.apache.commons.math3.optim.univariate.SimpleUnivariateValueCheckerTest" tests="3" skipped="0" failures="0" errors="0" timestamp="2020-10-17T21:41:44" hostname="DYLAN-DESKTOP" time="0.0">
  <properties/>
  <testcase name="testIterationCheck" classname="org.apache.commons.math3.optim.univariate.SimpleUnivariateValueCheckerTest" time="0.0"/>
  <testcase name="testIterationCheckPrecondition" classname="org.apache.commons.math3.optim.univariate.SimpleUnivariateValueCheckerTest" time="0.0"/>
  <testcase name="testIterationCheckDisabled" classname="org.apache.commons.math3.optim.univariate.SimpleUnivariateValueCheckerTest" time="0.0"/>
  <system-out><![CDATA[]]></system-out>
  <system-err><![CDATA[]]></system-err>
</testsuite>
