<?xml version="1.0" encoding="UTF-8"?>
<testsuite name="org.apache.commons.math3.linear.FieldLUDecompositionTest" tests="9" skipped="0" failures="0" errors="0" timestamp="2020-10-17T21:41:26" hostname="DYLAN-DESKTOP" time="0.003">
  <properties/>
  <testcase name="testPPermutation" classname="org.apache.commons.math3.linear.FieldLUDecompositionTest" time="0.0"/>
  <testcase name="testUUpperTriangular" classname="org.apache.commons.math3.linear.FieldLUDecompositionTest" time="0.0"/>
  <testcase name="testDimensions" classname="org.apache.commons.math3.linear.FieldLUDecompositionTest" time="0.0"/>
  <testcase name="testNonSquare" classname="org.apache.commons.math3.linear.FieldLUDecompositionTest" time="0.0"/>
  <testcase name="testSingular" classname="org.apache.commons.math3.linear.FieldLUDecompositionTest" time="0.0"/>
  <testcase name="testLLowerTriangular" classname="org.apache.commons.math3.linear.FieldLUDecompositionTest" time="0.001"/>
  <testcase name="testPAEqualLU" classname="org.apache.commons.math3.linear.FieldLUDecompositionTest" time="0.002"/>
  <testcase name="testMatricesValues1" classname="org.apache.commons.math3.linear.FieldLUDecompositionTest" time="0.0"/>
  <testcase name="testMatricesValues2" classname="org.apache.commons.math3.linear.FieldLUDecompositionTest" time="0.0"/>
  <system-out><![CDATA[]]></system-out>
  <system-err><![CDATA[]]></system-err>
</testsuite>
