<?xml version="1.0" encoding="UTF-8"?>
<testsuite name="org.apache.commons.math3.util.ResizableDoubleArrayTest" tests="17" skipped="0" failures="0" errors="0" timestamp="2020-11-02T01:17:13" hostname="DESKTOP-C0495IR" time="0.004">
  <properties/>
  <testcase name="testAddElements" classname="org.apache.commons.math3.util.ResizableDoubleArrayTest" time="0.0"/>
  <testcase name="testAdd1000" classname="org.apache.commons.math3.util.ResizableDoubleArrayTest" time="0.001"/>
  <testcase name="testSubstitute" classname="org.apache.commons.math3.util.ResizableDoubleArrayTest" time="0.0"/>
  <testcase name="testSetElementArbitraryExpansion1" classname="org.apache.commons.math3.util.ResizableDoubleArrayTest" time="0.0"/>
  <testcase name="testSetElementArbitraryExpansion2" classname="org.apache.commons.math3.util.ResizableDoubleArrayTest" time="0.0"/>
  <testcase name="testConstructors" classname="org.apache.commons.math3.util.ResizableDoubleArrayTest" time="0.001"/>
  <testcase name="testGetArrayRef" classname="org.apache.commons.math3.util.ResizableDoubleArrayTest" time="0.0"/>
  <testcase name="testAddElementRolling" classname="org.apache.commons.math3.util.ResizableDoubleArrayTest" time="0.0"/>
  <testcase name="testWithInitialCapacityAndExpansionFactor" classname="org.apache.commons.math3.util.ResizableDoubleArrayTest" time="0.0"/>
  <testcase name="testCompute" classname="org.apache.commons.math3.util.ResizableDoubleArrayTest" time="0.001"/>
  <testcase name="testSetNumberOfElements" classname="org.apache.commons.math3.util.ResizableDoubleArrayTest" time="0.0"/>
  <testcase name="testWithInitialCapacity" classname="org.apache.commons.math3.util.ResizableDoubleArrayTest" time="0.0"/>
  <testcase name="testDiscard" classname="org.apache.commons.math3.util.ResizableDoubleArrayTest" time="0.0"/>
  <testcase name="testEqualsAndHashCode" classname="org.apache.commons.math3.util.ResizableDoubleArrayTest" time="0.0"/>
  <testcase name="testMutators" classname="org.apache.commons.math3.util.ResizableDoubleArrayTest" time="0.001"/>
  <testcase name="testGetValues" classname="org.apache.commons.math3.util.ResizableDoubleArrayTest" time="0.0"/>
  <testcase name="testMinMax" classname="org.apache.commons.math3.util.ResizableDoubleArrayTest" time="0.0"/>
  <system-out><![CDATA[]]></system-out>
  <system-err><![CDATA[]]></system-err>
</testsuite>
