<?xml version="1.0" encoding="UTF-8"?>
<testsuite name="org.apache.commons.math3.linear.BiDiagonalTransformerTest" tests="8" skipped="0" failures="0" errors="0" timestamp="2020-10-17T21:41:25" hostname="DYLAN-DESKTOP" time="0.002">
  <properties/>
  <testcase name="testBBiDiagonal" classname="org.apache.commons.math3.linear.BiDiagonalTransformerTest" time="0.001"/>
  <testcase name="testUpperOrLower" classname="org.apache.commons.math3.linear.BiDiagonalTransformerTest" time="0.0"/>
  <testcase name="testUOrthogonal" classname="org.apache.commons.math3.linear.BiDiagonalTransformerTest" time="0.0"/>
  <testcase name="testSingularMatrix" classname="org.apache.commons.math3.linear.BiDiagonalTransformerTest" time="0.0"/>
  <testcase name="testMatricesValues" classname="org.apache.commons.math3.linear.BiDiagonalTransformerTest" time="0.0"/>
  <testcase name="testDimensions" classname="org.apache.commons.math3.linear.BiDiagonalTransformerTest" time="0.0"/>
  <testcase name="testAEqualUSVt" classname="org.apache.commons.math3.linear.BiDiagonalTransformerTest" time="0.001"/>
  <testcase name="testVOrthogonal" classname="org.apache.commons.math3.linear.BiDiagonalTransformerTest" time="0.0"/>
  <system-out><![CDATA[]]></system-out>
  <system-err><![CDATA[]]></system-err>
</testsuite>
