<?xml version="1.0" encoding="UTF-8"?>
<testsuite name="org.apache.commons.math3.distribution.AbstractRealDistributionTest" tests="2" skipped="0" failures="0" errors="0" timestamp="2020-11-02T01:14:08" hostname="DESKTOP-C0495IR" time="0.052">
  <properties/>
  <testcase name="testDiscontinuous" classname="org.apache.commons.math3.distribution.AbstractRealDistributionTest" time="0.052"/>
  <testcase name="testContinuous" classname="org.apache.commons.math3.distribution.AbstractRealDistributionTest" time="0.0"/>
  <system-out><![CDATA[]]></system-out>
  <system-err><![CDATA[]]></system-err>
</testsuite>
