<?xml version="1.0" encoding="UTF-8"?>
<testsuite name="org.apache.commons.math3.analysis.integration.gauss.LegendreHighPrecisionTest" tests="2" skipped="0" failures="0" errors="0" timestamp="2020-11-02T01:13:40" hostname="DESKTOP-C0495IR" time="11.184">
  <properties/>
  <testcase name="testCos" classname="org.apache.commons.math3.analysis.integration.gauss.LegendreHighPrecisionTest" time="0.016"/>
  <testcase name="testInverse" classname="org.apache.commons.math3.analysis.integration.gauss.LegendreHighPrecisionTest" time="11.168"/>
  <system-out><![CDATA[]]></system-out>
  <system-err><![CDATA[]]></system-err>
</testsuite>
