<?xml version="1.0" encoding="UTF-8"?>
<testsuite name="org.apache.commons.math3.optimization.fitting.CurveFitterTest" tests="3" skipped="0" failures="0" errors="0" timestamp="2020-11-02T01:15:18" hostname="DESKTOP-C0495IR" time="0.008">
  <properties/>
  <testcase name="testMath303" classname="org.apache.commons.math3.optimization.fitting.CurveFitterTest" time="0.006"/>
  <testcase name="testMath304" classname="org.apache.commons.math3.optimization.fitting.CurveFitterTest" time="0.001"/>
  <testcase name="testMath372" classname="org.apache.commons.math3.optimization.fitting.CurveFitterTest" time="0.001"/>
  <system-out><![CDATA[]]></system-out>
  <system-err><![CDATA[]]></system-err>
</testsuite>
