<?xml version="1.0" encoding="UTF-8"?>
<testsuite name="org.apache.commons.math3.linear.SchurTransformerTest" tests="8" skipped="0" failures="0" errors="0" timestamp="2020-11-02T01:14:29" hostname="DESKTOP-C0495IR" time="0.034">
  <properties/>
  <testcase name="testPOrthogonal" classname="org.apache.commons.math3.linear.SchurTransformerTest" time="0.0"/>
  <testcase name="testRandomData" classname="org.apache.commons.math3.linear.SchurTransformerTest" time="0.018"/>
  <testcase name="testRandomDataNormalDistribution" classname="org.apache.commons.math3.linear.SchurTransformerTest" time="0.016"/>
  <testcase name="testAEqualPTPt" classname="org.apache.commons.math3.linear.SchurTransformerTest" time="0.0"/>
  <testcase name="testMath848" classname="org.apache.commons.math3.linear.SchurTransformerTest" time="0.0"/>
  <testcase name="testPTOrthogonal" classname="org.apache.commons.math3.linear.SchurTransformerTest" time="0.0"/>
  <testcase name="testNonSquare" classname="org.apache.commons.math3.linear.SchurTransformerTest" time="0.0"/>
  <testcase name="testSchurForm" classname="org.apache.commons.math3.linear.SchurTransformerTest" time="0.0"/>
  <system-out><![CDATA[]]></system-out>
  <system-err><![CDATA[]]></system-err>
</testsuite>
