<?xml version="1.0" encoding="UTF-8"?>
<testsuite name="org.apache.commons.math3.optim.univariate.BracketFinderTest" tests="4" skipped="0" failures="0" errors="0" timestamp="2020-10-17T21:41:44" hostname="DYLAN-DESKTOP" time="0.003">
  <properties/>
  <testcase name="testMinimumIsOnIntervalBoundary" classname="org.apache.commons.math3.optim.univariate.BracketFinderTest" time="0.0"/>
  <testcase name="testCubicMax" classname="org.apache.commons.math3.optim.univariate.BracketFinderTest" time="0.001"/>
  <testcase name="testCubicMin" classname="org.apache.commons.math3.optim.univariate.BracketFinderTest" time="0.001"/>
  <testcase name="testIntervalBoundsOrdering" classname="org.apache.commons.math3.optim.univariate.BracketFinderTest" time="0.001"/>
  <system-out><![CDATA[]]></system-out>
  <system-err><![CDATA[]]></system-err>
</testsuite>
