<?xml version="1.0" encoding="UTF-8"?>
<testsuite name="org.apache.commons.math3.stat.interval.ClopperPearsonIntervalTest" tests="6" skipped="0" failures="0" errors="0" timestamp="2020-10-17T21:42:56" hostname="DYLAN-DESKTOP" time="0.0">
  <properties/>
  <testcase name="testStandardInterval" classname="org.apache.commons.math3.stat.interval.ClopperPearsonIntervalTest" time="0.0"/>
  <testcase name="testZeroTrials" classname="org.apache.commons.math3.stat.interval.ClopperPearsonIntervalTest" time="0.0"/>
  <testcase name="testZeroConfidencelevel" classname="org.apache.commons.math3.stat.interval.ClopperPearsonIntervalTest" time="0.0"/>
  <testcase name="testNegativeSuccesses" classname="org.apache.commons.math3.stat.interval.ClopperPearsonIntervalTest" time="0.0"/>
  <testcase name="testSuccessesExceedingTrials" classname="org.apache.commons.math3.stat.interval.ClopperPearsonIntervalTest" time="0.0"/>
  <testcase name="testOneConfidencelevel" classname="org.apache.commons.math3.stat.interval.ClopperPearsonIntervalTest" time="0.0"/>
  <system-out><![CDATA[]]></system-out>
  <system-err><![CDATA[]]></system-err>
</testsuite>
