<?xml version="1.0" encoding="UTF-8"?>
<testsuite name="org.apache.commons.math3.analysis.polynomials.PolynomialFunctionLagrangeFormTest" tests="4" skipped="0" failures="0" errors="0" timestamp="2020-10-17T21:41:09" hostname="DYLAN-DESKTOP" time="0.0">
  <properties/>
  <testcase name="testLinearFunction" classname="org.apache.commons.math3.analysis.polynomials.PolynomialFunctionLagrangeFormTest" time="0.0"/>
  <testcase name="testQuadraticFunction" classname="org.apache.commons.math3.analysis.polynomials.PolynomialFunctionLagrangeFormTest" time="0.0"/>
  <testcase name="testParameters" classname="org.apache.commons.math3.analysis.polynomials.PolynomialFunctionLagrangeFormTest" time="0.0"/>
  <testcase name="testQuinticFunction" classname="org.apache.commons.math3.analysis.polynomials.PolynomialFunctionLagrangeFormTest" time="0.0"/>
  <system-out><![CDATA[]]></system-out>
  <system-err><![CDATA[]]></system-err>
</testsuite>
