<?xml version="1.0" encoding="UTF-8"?>
<testsuite name="org.apache.commons.math3.geometry.spherical.twod.S2PointTest" tests="7" skipped="0" failures="0" errors="0" timestamp="2020-11-02T01:14:28" hostname="DESKTOP-C0495IR" time="0.005">
  <properties/>
  <testcase name="testNaN" classname="org.apache.commons.math3.geometry.spherical.twod.S2PointTest" time="0.001"/>
  <testcase name="testSpace" classname="org.apache.commons.math3.geometry.spherical.twod.S2PointTest" time="0.002"/>
  <testcase name="testS2Point" classname="org.apache.commons.math3.geometry.spherical.twod.S2PointTest" time="0.0"/>
  <testcase name="testTooLargePolarAngle" classname="org.apache.commons.math3.geometry.spherical.twod.S2PointTest" time="0.001"/>
  <testcase name="testDistance" classname="org.apache.commons.math3.geometry.spherical.twod.S2PointTest" time="0.0"/>
  <testcase name="testEquals" classname="org.apache.commons.math3.geometry.spherical.twod.S2PointTest" time="0.0"/>
  <testcase name="testNegativePolarAngle" classname="org.apache.commons.math3.geometry.spherical.twod.S2PointTest" time="0.001"/>
  <system-out><![CDATA[]]></system-out>
  <system-err><![CDATA[]]></system-err>
</testsuite>
