<?xml version="1.0" encoding="UTF-8"?>
<testsuite name="org.apache.commons.math3.exception.TooManyEvaluationsExceptionTest" tests="1" skipped="0" failures="0" errors="0" timestamp="2020-11-02T01:14:09" hostname="DESKTOP-C0495IR" time="0.002">
  <properties/>
  <testcase name="testMessage" classname="org.apache.commons.math3.exception.TooManyEvaluationsExceptionTest" time="0.002"/>
  <system-out><![CDATA[]]></system-out>
  <system-err><![CDATA[]]></system-err>
</testsuite>
