<?xml version="1.0" encoding="UTF-8"?>
<testsuite name="org.apache.commons.math3.analysis.function.LogisticTest" tests="14" skipped="0" failures="0" errors="0" timestamp="2020-10-17T21:41:01" hostname="DYLAN-DESKTOP" time="0.011">
  <properties/>
  <testcase name="testSomeValues" classname="org.apache.commons.math3.analysis.function.LogisticTest" time="0.001"/>
  <testcase name="testParametricUsage1" classname="org.apache.commons.math3.analysis.function.LogisticTest" time="0.001"/>
  <testcase name="testParametricUsage2" classname="org.apache.commons.math3.analysis.function.LogisticTest" time="0.0"/>
  <testcase name="testParametricUsage3" classname="org.apache.commons.math3.analysis.function.LogisticTest" time="0.0"/>
  <testcase name="testParametricUsage4" classname="org.apache.commons.math3.analysis.function.LogisticTest" time="0.0"/>
  <testcase name="testParametricUsage5" classname="org.apache.commons.math3.analysis.function.LogisticTest" time="0.0"/>
  <testcase name="testParametricUsage6" classname="org.apache.commons.math3.analysis.function.LogisticTest" time="0.0"/>
  <testcase name="testGradientComponent5" classname="org.apache.commons.math3.analysis.function.LogisticTest" time="0.001"/>
  <testcase name="testPreconditions1" classname="org.apache.commons.math3.analysis.function.LogisticTest" time="0.0"/>
  <testcase name="testPreconditions2" classname="org.apache.commons.math3.analysis.function.LogisticTest" time="0.0"/>
  <testcase name="testCompareDerivativeSigmoid" classname="org.apache.commons.math3.analysis.function.LogisticTest" time="0.004"/>
  <testcase name="testCompareSigmoid" classname="org.apache.commons.math3.analysis.function.LogisticTest" time="0.001"/>
  <testcase name="testGradientComponent0Component4" classname="org.apache.commons.math3.analysis.function.LogisticTest" time="0.001"/>
  <testcase name="testGradientComponent1Component2Component3" classname="org.apache.commons.math3.analysis.function.LogisticTest" time="0.0"/>
  <system-out><![CDATA[]]></system-out>
  <system-err><![CDATA[]]></system-err>
</testsuite>
