<?xml version="1.0" encoding="UTF-8"?>
<testsuite name="org.apache.commons.math3.geometry.euclidean.oned.Vector1DTest" tests="22" skipped="0" failures="0" errors="0" timestamp="2020-10-17T21:41:19" hostname="DYLAN-DESKTOP" time="0.002">
  <properties/>
  <testcase name="testAdd" classname="org.apache.commons.math3.geometry.euclidean.oned.Vector1DTest" time="0.0"/>
  <testcase name="testNaN" classname="org.apache.commons.math3.geometry.euclidean.oned.Vector1DTest" time="0.0"/>
  <testcase name="testDistanceInf" classname="org.apache.commons.math3.geometry.euclidean.oned.Vector1DTest" time="0.0"/>
  <testcase name="testSubtract" classname="org.apache.commons.math3.geometry.euclidean.oned.Vector1DTest" time="0.0"/>
  <testcase name="testNorm1" classname="org.apache.commons.math3.geometry.euclidean.oned.Vector1DTest" time="0.0"/>
  <testcase name="testSpace" classname="org.apache.commons.math3.geometry.euclidean.oned.Vector1DTest" time="0.0"/>
  <testcase name="testHash" classname="org.apache.commons.math3.geometry.euclidean.oned.Vector1DTest" time="0.0"/>
  <testcase name="testNorm" classname="org.apache.commons.math3.geometry.euclidean.oned.Vector1DTest" time="0.0"/>
  <testcase name="testZero" classname="org.apache.commons.math3.geometry.euclidean.oned.Vector1DTest" time="0.0"/>
  <testcase name="testToString" classname="org.apache.commons.math3.geometry.euclidean.oned.Vector1DTest" time="0.001"/>
  <testcase name="testConstructors" classname="org.apache.commons.math3.geometry.euclidean.oned.Vector1DTest" time="0.0"/>
  <testcase name="testScalarProduct" classname="org.apache.commons.math3.geometry.euclidean.oned.Vector1DTest" time="0.0"/>
  <testcase name="testInfinite" classname="org.apache.commons.math3.geometry.euclidean.oned.Vector1DTest" time="0.0"/>
  <testcase name="testNormalize" classname="org.apache.commons.math3.geometry.euclidean.oned.Vector1DTest" time="0.0"/>
  <testcase name="testDistance" classname="org.apache.commons.math3.geometry.euclidean.oned.Vector1DTest" time="0.0"/>
  <testcase name="testDistance1" classname="org.apache.commons.math3.geometry.euclidean.oned.Vector1DTest" time="0.0"/>
  <testcase name="testCoordinates" classname="org.apache.commons.math3.geometry.euclidean.oned.Vector1DTest" time="0.0"/>
  <testcase name="testEquals" classname="org.apache.commons.math3.geometry.euclidean.oned.Vector1DTest" time="0.0"/>
  <testcase name="testNegate" classname="org.apache.commons.math3.geometry.euclidean.oned.Vector1DTest" time="0.0"/>
  <testcase name="testNormSq" classname="org.apache.commons.math3.geometry.euclidean.oned.Vector1DTest" time="0.0"/>
  <testcase name="testDistanceSq" classname="org.apache.commons.math3.geometry.euclidean.oned.Vector1DTest" time="0.0"/>
  <testcase name="testNormInf" classname="org.apache.commons.math3.geometry.euclidean.oned.Vector1DTest" time="0.0"/>
  <system-out><![CDATA[]]></system-out>
  <system-err><![CDATA[]]></system-err>
</testsuite>
