<?xml version="1.0" encoding="UTF-8"?>
<testsuite name="org.apache.commons.math3.random.StableRandomGeneratorTest" tests="7" skipped="0" failures="0" errors="0" timestamp="2020-11-02T01:16:00" hostname="DESKTOP-C0495IR" time="0.022">
  <properties/>
  <testcase name="testBetaRangeBelowMinusOne" classname="org.apache.commons.math3.random.StableRandomGeneratorTest" time="0.001"/>
  <testcase name="testGaussianCase" classname="org.apache.commons.math3.random.StableRandomGeneratorTest" time="0.004"/>
  <testcase name="testAlphaRangeBelowZero" classname="org.apache.commons.math3.random.StableRandomGeneratorTest" time="0.0"/>
  <testcase name="testBetaRangeAboveOne" classname="org.apache.commons.math3.random.StableRandomGeneratorTest" time="0.0"/>
  <testcase name="testCauchyCase" classname="org.apache.commons.math3.random.StableRandomGeneratorTest" time="0.006"/>
  <testcase name="testAlphaRangeAboveTwo" classname="org.apache.commons.math3.random.StableRandomGeneratorTest" time="0.001"/>
  <testcase name="testNextDouble" classname="org.apache.commons.math3.random.StableRandomGeneratorTest" time="0.01"/>
  <system-out><![CDATA[]]></system-out>
  <system-err><![CDATA[]]></system-err>
</testsuite>
