<?xml version="1.0" encoding="UTF-8"?>
<testsuite name="org.apache.commons.math3.ode.nonstiff.AdamsMoultonIntegratorTest" tests="6" skipped="0" failures="0" errors="0" timestamp="2020-11-02T01:14:31" hostname="DESKTOP-C0495IR" time="0.043">
  <properties/>
  <testcase name="polynomial" classname="org.apache.commons.math3.ode.nonstiff.AdamsMoultonIntegratorTest" time="0.008"/>
  <testcase name="dimensionCheck" classname="org.apache.commons.math3.ode.nonstiff.AdamsMoultonIntegratorTest" time="0.0"/>
  <testcase name="testMinStep" classname="org.apache.commons.math3.ode.nonstiff.AdamsMoultonIntegratorTest" time="0.0"/>
  <testcase name="exceedMaxEvaluations" classname="org.apache.commons.math3.ode.nonstiff.AdamsMoultonIntegratorTest" time="0.002"/>
  <testcase name="testIncreasingTolerance" classname="org.apache.commons.math3.ode.nonstiff.AdamsMoultonIntegratorTest" time="0.022"/>
  <testcase name="backward" classname="org.apache.commons.math3.ode.nonstiff.AdamsMoultonIntegratorTest" time="0.01"/>
  <system-out><![CDATA[]]></system-out>
  <system-err><![CDATA[]]></system-err>
</testsuite>
