<?xml version="1.0" encoding="UTF-8"?>
<testsuite name="org.apache.commons.math3.linear.ConjugateGradientTest" tests="17" skipped="0" failures="0" errors="0" timestamp="2020-10-17T21:41:25" hostname="DYLAN-DESKTOP" time="0.057">
  <properties/>
  <testcase name="testMismatchedOperatorDimensions" classname="org.apache.commons.math3.linear.ConjugateGradientTest" time="0.004"/>
  <testcase name="testDimensionMismatchRightHandSide" classname="org.apache.commons.math3.linear.ConjugateGradientTest" time="0.0"/>
  <testcase name="testNonSquarePreconditioner" classname="org.apache.commons.math3.linear.ConjugateGradientTest" time="0.0"/>
  <testcase name="testPreconditionedResidual" classname="org.apache.commons.math3.linear.ConjugateGradientTest" time="0.005"/>
  <testcase name="testUnpreconditionedResidual" classname="org.apache.commons.math3.linear.ConjugateGradientTest" time="0.003"/>
  <testcase name="testNonPositiveDefinitePreconditioner" classname="org.apache.commons.math3.linear.ConjugateGradientTest" time="0.0"/>
  <testcase name="testPreconditionedSolution2" classname="org.apache.commons.math3.linear.ConjugateGradientTest" time="0.033"/>
  <testcase name="testUnpreconditionedInPlaceSolutionWithInitialGuess" classname="org.apache.commons.math3.linear.ConjugateGradientTest" time="0.002"/>
  <testcase name="testNonSquareOperator" classname="org.apache.commons.math3.linear.ConjugateGradientTest" time="0.0"/>
  <testcase name="testPreconditionedNormOfResidual" classname="org.apache.commons.math3.linear.ConjugateGradientTest" time="0.001"/>
  <testcase name="testNonPositiveDefiniteLinearOperator" classname="org.apache.commons.math3.linear.ConjugateGradientTest" time="0.001"/>
  <testcase name="testUnpreconditionedNormOfResidual" classname="org.apache.commons.math3.linear.ConjugateGradientTest" time="0.002"/>
  <testcase name="testDimensionMismatchSolution" classname="org.apache.commons.math3.linear.ConjugateGradientTest" time="0.0"/>
  <testcase name="testUnpreconditionedSolutionWithInitialGuess" classname="org.apache.commons.math3.linear.ConjugateGradientTest" time="0.0"/>
  <testcase name="testPreconditionedSolution" classname="org.apache.commons.math3.linear.ConjugateGradientTest" time="0.003"/>
  <testcase name="testUnpreconditionedSolution" classname="org.apache.commons.math3.linear.ConjugateGradientTest" time="0.001"/>
  <testcase name="testEventManagement" classname="org.apache.commons.math3.linear.ConjugateGradientTest" time="0.002"/>
  <system-out><![CDATA[]]></system-out>
  <system-err><![CDATA[]]></system-err>
</testsuite>
