<?xml version="1.0" encoding="UTF-8"?>
<testsuite name="org.apache.commons.math3.ml.distance.EuclideanDistanceTest" tests="2" skipped="0" failures="0" errors="0" timestamp="2020-11-02T01:14:30" hostname="DESKTOP-C0495IR" time="0.0">
  <properties/>
  <testcase name="testZero" classname="org.apache.commons.math3.ml.distance.EuclideanDistanceTest" time="0.0"/>
  <testcase name="test" classname="org.apache.commons.math3.ml.distance.EuclideanDistanceTest" time="0.0"/>
  <system-out><![CDATA[]]></system-out>
  <system-err><![CDATA[]]></system-err>
</testsuite>
