<?xml version="1.0" encoding="UTF-8"?>
<testsuite name="org.apache.commons.math3.optimization.MultivariateDifferentiableVectorMultiStartOptimizerTest" tests="2" skipped="0" failures="0" errors="0" timestamp="2020-11-02T01:15:25" hostname="DESKTOP-C0495IR" time="0.004">
  <properties/>
  <testcase name="testTrivial" classname="org.apache.commons.math3.optimization.MultivariateDifferentiableVectorMultiStartOptimizerTest" time="0.003"/>
  <testcase name="testNoOptimum" classname="org.apache.commons.math3.optimization.MultivariateDifferentiableVectorMultiStartOptimizerTest" time="0.001"/>
  <system-out><![CDATA[]]></system-out>
  <system-err><![CDATA[]]></system-err>
</testsuite>
