<?xml version="1.0" encoding="UTF-8"?>
<testsuite name="org.apache.commons.math3.stat.clustering.EuclideanIntegerPointTest" tests="4" skipped="0" failures="0" errors="0" timestamp="2020-10-17T21:42:43" hostname="DYLAN-DESKTOP" time="0.0">
  <properties/>
  <testcase name="testCentroid" classname="org.apache.commons.math3.stat.clustering.EuclideanIntegerPointTest" time="0.0"/>
  <testcase name="testDistance" classname="org.apache.commons.math3.stat.clustering.EuclideanIntegerPointTest" time="0.0"/>
  <testcase name="testArrayIsReference" classname="org.apache.commons.math3.stat.clustering.EuclideanIntegerPointTest" time="0.0"/>
  <testcase name="testSerial" classname="org.apache.commons.math3.stat.clustering.EuclideanIntegerPointTest" time="0.0"/>
  <system-out><![CDATA[]]></system-out>
  <system-err><![CDATA[]]></system-err>
</testsuite>
