<?xml version="1.0" encoding="UTF-8"?>
<testsuite name="org.apache.commons.math3.ode.nonstiff.ClassicalRungeKuttaStepInterpolatorTest" tests="2" skipped="0" failures="0" errors="0" timestamp="2020-10-17T21:41:29" hostname="DYLAN-DESKTOP" time="0.06">
  <properties/>
  <testcase name="derivativesConsistency" classname="org.apache.commons.math3.ode.nonstiff.ClassicalRungeKuttaStepInterpolatorTest" time="0.011"/>
  <testcase name="serialization" classname="org.apache.commons.math3.ode.nonstiff.ClassicalRungeKuttaStepInterpolatorTest" time="0.049"/>
  <system-out><![CDATA[]]></system-out>
  <system-err><![CDATA[]]></system-err>
</testsuite>
