<?xml version="1.0" encoding="UTF-8"?>
<testsuite name="org.apache.commons.math3.linear.EigenSolverTest" tests="8" skipped="0" failures="0" errors="0" timestamp="2020-10-17T21:41:26" hostname="DYLAN-DESKTOP" time="0.001">
  <properties/>
  <testcase name="testSolve" classname="org.apache.commons.math3.linear.EigenSolverTest" time="0.0"/>
  <testcase name="testInvertibleTinyValues" classname="org.apache.commons.math3.linear.EigenSolverTest" time="0.0"/>
  <testcase name="testIsNonSingularTinyOutOfOrderEigenvalue" classname="org.apache.commons.math3.linear.EigenSolverTest" time="0.0"/>
  <testcase name="testNonInvertibleMath1045" classname="org.apache.commons.math3.linear.EigenSolverTest" time="0.001"/>
  <testcase name="testSolveDimensionErrors" classname="org.apache.commons.math3.linear.EigenSolverTest" time="0.0"/>
  <testcase name="testNonInvertible" classname="org.apache.commons.math3.linear.EigenSolverTest" time="0.0"/>
  <testcase name="testInvertible" classname="org.apache.commons.math3.linear.EigenSolverTest" time="0.0"/>
  <testcase name="testZeroMatrix" classname="org.apache.commons.math3.linear.EigenSolverTest" time="0.0"/>
  <system-out><![CDATA[]]></system-out>
  <system-err><![CDATA[]]></system-err>
</testsuite>
