<?xml version="1.0" encoding="UTF-8"?>
<testsuite name="org.apache.commons.math3.ode.events.OverlappingEventsTest" tests="2" skipped="0" failures="0" errors="0" timestamp="2020-11-02T01:14:30" hostname="DESKTOP-C0495IR" time="0.003">
  <properties/>
  <testcase name="testOverlappingEvents0" classname="org.apache.commons.math3.ode.events.OverlappingEventsTest" time="0.002"/>
  <testcase name="testOverlappingEvents1" classname="org.apache.commons.math3.ode.events.OverlappingEventsTest" time="0.001"/>
  <system-out><![CDATA[]]></system-out>
  <system-err><![CDATA[]]></system-err>
</testsuite>
