<?xml version="1.0" encoding="UTF-8"?>
<testsuite name="org.apache.commons.math3.optimization.direct.SimplexOptimizerMultiDirectionalTest" tests="7" skipped="0" failures="0" errors="0" timestamp="2020-11-02T01:15:18" hostname="DESKTOP-C0495IR" time="0.005">
  <properties/>
  <testcase name="testMath283" classname="org.apache.commons.math3.optimization.direct.SimplexOptimizerMultiDirectionalTest" time="0.001"/>
  <testcase name="testMaximize1" classname="org.apache.commons.math3.optimization.direct.SimplexOptimizerMultiDirectionalTest" time="0.001"/>
  <testcase name="testMaximize2" classname="org.apache.commons.math3.optimization.direct.SimplexOptimizerMultiDirectionalTest" time="0.0"/>
  <testcase name="testRosenbrock" classname="org.apache.commons.math3.optimization.direct.SimplexOptimizerMultiDirectionalTest" time="0.0"/>
  <testcase name="testMinimize1" classname="org.apache.commons.math3.optimization.direct.SimplexOptimizerMultiDirectionalTest" time="0.001"/>
  <testcase name="testMinimize2" classname="org.apache.commons.math3.optimization.direct.SimplexOptimizerMultiDirectionalTest" time="0.0"/>
  <testcase name="testPowell" classname="org.apache.commons.math3.optimization.direct.SimplexOptimizerMultiDirectionalTest" time="0.0"/>
  <system-out><![CDATA[]]></system-out>
  <system-err><![CDATA[]]></system-err>
</testsuite>
