<?xml version="1.0" encoding="UTF-8"?>
<testsuite name="org.apache.commons.math3.genetics.CycleCrossoverTest" tests="6" skipped="0" failures="0" errors="0" timestamp="2020-10-17T21:41:15" hostname="DYLAN-DESKTOP" time="0.003">
  <properties/>
  <testcase name="testCrossoverExample2" classname="org.apache.commons.math3.genetics.CycleCrossoverTest" time="0.002"/>
  <testcase name="testCrossoverExample" classname="org.apache.commons.math3.genetics.CycleCrossoverTest" time="0.0"/>
  <testcase name="testCrossoverInvalidFixedLengthChromosomeFirst" classname="org.apache.commons.math3.genetics.CycleCrossoverTest" time="0.0"/>
  <testcase name="testCrossoverInvalidFixedLengthChromosomeSecond" classname="org.apache.commons.math3.genetics.CycleCrossoverTest" time="0.0"/>
  <testcase name="testCrossoverDimensionMismatchException" classname="org.apache.commons.math3.genetics.CycleCrossoverTest" time="0.0"/>
  <testcase name="testCrossover" classname="org.apache.commons.math3.genetics.CycleCrossoverTest" time="0.001"/>
  <system-out><![CDATA[]]></system-out>
  <system-err><![CDATA[]]></system-err>
</testsuite>
