<?xml version="1.0" encoding="UTF-8"?>
<testsuite name="org.apache.commons.math3.random.ValueServerTest" tests="9" skipped="0" failures="0" errors="0" timestamp="2020-11-02T01:16:03" hostname="DESKTOP-C0495IR" time="0.04">
  <properties/>
  <testcase name="testProperties" classname="org.apache.commons.math3.random.ValueServerTest" time="0.005"/>
  <testcase name="testModes" classname="org.apache.commons.math3.random.ValueServerTest" time="0.0"/>
  <testcase name="testFill" classname="org.apache.commons.math3.random.ValueServerTest" time="0.0"/>
  <testcase name="testEmptyDigestFile" classname="org.apache.commons.math3.random.ValueServerTest" time="0.0"/>
  <testcase name="testEmptyReplayFile" classname="org.apache.commons.math3.random.ValueServerTest" time="0.001"/>
  <testcase name="testNextDigestFail" classname="org.apache.commons.math3.random.ValueServerTest" time="0.0"/>
  <testcase name="testFixedSeed" classname="org.apache.commons.math3.random.ValueServerTest" time="0.004"/>
  <testcase name="testReplay" classname="org.apache.commons.math3.random.ValueServerTest" time="0.001"/>
  <testcase name="testNextDigest" classname="org.apache.commons.math3.random.ValueServerTest" time="0.027"/>
  <system-out><![CDATA[]]></system-out>
  <system-err><![CDATA[]]></system-err>
</testsuite>
