<?xml version="1.0" encoding="UTF-8"?>
<testsuite name="org.apache.commons.math3.ode.nonstiff.DormandPrince54FieldIntegratorTest" tests="11" skipped="0" failures="0" errors="0" timestamp="2020-10-17T21:41:29" hostname="DYLAN-DESKTOP" time="0.102">
  <properties/>
  <testcase name="testBackward" classname="org.apache.commons.math3.ode.nonstiff.DormandPrince54FieldIntegratorTest" time="0.006"/>
  <testcase name="testForwardBackwardExceptions" classname="org.apache.commons.math3.ode.nonstiff.DormandPrince54FieldIntegratorTest" time="0.001"/>
  <testcase name="testNonFieldIntegratorConsistency" classname="org.apache.commons.math3.ode.nonstiff.DormandPrince54FieldIntegratorTest" time="0.0"/>
  <testcase name="testMinStep" classname="org.apache.commons.math3.ode.nonstiff.DormandPrince54FieldIntegratorTest" time="0.0"/>
  <testcase name="testPartialDerivatives" classname="org.apache.commons.math3.ode.nonstiff.DormandPrince54FieldIntegratorTest" time="0.014"/>
  <testcase name="testEvents" classname="org.apache.commons.math3.ode.nonstiff.DormandPrince54FieldIntegratorTest" time="0.018"/>
  <testcase name="testEventsErrors" classname="org.apache.commons.math3.ode.nonstiff.DormandPrince54FieldIntegratorTest" time="0.003"/>
  <testcase name="testKepler" classname="org.apache.commons.math3.ode.nonstiff.DormandPrince54FieldIntegratorTest" time="0.009"/>
  <testcase name="testIncreasingTolerance" classname="org.apache.commons.math3.ode.nonstiff.DormandPrince54FieldIntegratorTest" time="0.047"/>
  <testcase name="testEventsNoConvergence" classname="org.apache.commons.math3.ode.nonstiff.DormandPrince54FieldIntegratorTest" time="0.003"/>
  <testcase name="testSanityChecks" classname="org.apache.commons.math3.ode.nonstiff.DormandPrince54FieldIntegratorTest" time="0.0"/>
  <system-out><![CDATA[]]></system-out>
  <system-err><![CDATA[]]></system-err>
</testsuite>
