<?xml version="1.0" encoding="UTF-8"?>
<testsuite name="org.apache.commons.math3.dfp.DfpMathTest" tests="2" skipped="0" failures="0" errors="0" timestamp="2020-11-02T01:14:06" hostname="DESKTOP-C0495IR" time="0.005">
  <properties/>
  <testcase name="testPow" classname="org.apache.commons.math3.dfp.DfpMathTest" time="0.002"/>
  <testcase name="testSin" classname="org.apache.commons.math3.dfp.DfpMathTest" time="0.003"/>
  <system-out><![CDATA[]]></system-out>
  <system-err><![CDATA[]]></system-err>
</testsuite>
