<?xml version="1.0" encoding="UTF-8"?>
<testsuite name="org.apache.commons.math3.geometry.euclidean.twod.SubLineTest" tests="13" skipped="0" failures="0" errors="0" timestamp="2020-10-17T21:41:25" hostname="DYLAN-DESKTOP" time="0.001">
  <properties/>
  <testcase name="testEndPoints" classname="org.apache.commons.math3.geometry.euclidean.twod.SubLineTest" time="0.0"/>
  <testcase name="testIntersectionParallel" classname="org.apache.commons.math3.geometry.euclidean.twod.SubLineTest" time="0.0"/>
  <testcase name="testNoEndPoints" classname="org.apache.commons.math3.geometry.euclidean.twod.SubLineTest" time="0.0"/>
  <testcase name="testIntersectionInsideInside" classname="org.apache.commons.math3.geometry.euclidean.twod.SubLineTest" time="0.0"/>
  <testcase name="testIntersectionBoundaryBoundary" classname="org.apache.commons.math3.geometry.euclidean.twod.SubLineTest" time="0.001"/>
  <testcase name="testIntersectionOutsideOutside" classname="org.apache.commons.math3.geometry.euclidean.twod.SubLineTest" time="0.0"/>
  <testcase name="testIntersectionBoundaryOutside" classname="org.apache.commons.math3.geometry.euclidean.twod.SubLineTest" time="0.0"/>
  <testcase name="testSeveralSegments" classname="org.apache.commons.math3.geometry.euclidean.twod.SubLineTest" time="0.0"/>
  <testcase name="testHalfInfiniteNeg" classname="org.apache.commons.math3.geometry.euclidean.twod.SubLineTest" time="0.0"/>
  <testcase name="testHalfInfinitePos" classname="org.apache.commons.math3.geometry.euclidean.twod.SubLineTest" time="0.0"/>
  <testcase name="testIntersectionInsideOutside" classname="org.apache.commons.math3.geometry.euclidean.twod.SubLineTest" time="0.0"/>
  <testcase name="testNoSegments" classname="org.apache.commons.math3.geometry.euclidean.twod.SubLineTest" time="0.0"/>
  <testcase name="testIntersectionInsideBoundary" classname="org.apache.commons.math3.geometry.euclidean.twod.SubLineTest" time="0.0"/>
  <system-out><![CDATA[]]></system-out>
  <system-err><![CDATA[]]></system-err>
</testsuite>
