<?xml version="1.0" encoding="UTF-8"?>
<testsuite name="org.apache.commons.math3.linear.SingularValueDecompositionTest" tests="13" skipped="0" failures="0" errors="0" timestamp="2020-11-02T01:14:29" hostname="DESKTOP-C0495IR" time="0.058">
  <properties/>
  <testcase name="testUOrthogonal" classname="org.apache.commons.math3.linear.SingularValueDecompositionTest" time="0.0"/>
  <testcase name="testRank" classname="org.apache.commons.math3.linear.SingularValueDecompositionTest" time="0.0"/>
  <testcase name="testMoreColumns" classname="org.apache.commons.math3.linear.SingularValueDecompositionTest" time="0.0"/>
  <testcase name="testDimensions" classname="org.apache.commons.math3.linear.SingularValueDecompositionTest" time="0.0"/>
  <testcase name="testConditionNumber" classname="org.apache.commons.math3.linear.SingularValueDecompositionTest" time="0.0"/>
  <testcase name="testAEqualUSVt" classname="org.apache.commons.math3.linear.SingularValueDecompositionTest" time="0.001"/>
  <testcase name="testStability1" classname="org.apache.commons.math3.linear.SingularValueDecompositionTest" time="0.055"/>
  <testcase name="testStability2" classname="org.apache.commons.math3.linear.SingularValueDecompositionTest" time="0.0"/>
  <testcase name="testInverseConditionNumber" classname="org.apache.commons.math3.linear.SingularValueDecompositionTest" time="0.0"/>
  <testcase name="testHadamard" classname="org.apache.commons.math3.linear.SingularValueDecompositionTest" time="0.0"/>
  <testcase name="testMoreRows" classname="org.apache.commons.math3.linear.SingularValueDecompositionTest" time="0.0"/>
  <testcase name="testVOrthogonal" classname="org.apache.commons.math3.linear.SingularValueDecompositionTest" time="0.0"/>
  <testcase name="testIssue947" classname="org.apache.commons.math3.linear.SingularValueDecompositionTest" time="0.0"/>
  <system-out><![CDATA[]]></system-out>
  <system-err><![CDATA[]]></system-err>
</testsuite>
