<?xml version="1.0" encoding="UTF-8"?>
<testsuite name="org.apache.commons.math3.special.BesselJTest" tests="3" skipped="0" failures="0" errors="0" timestamp="2020-11-02T01:16:34" hostname="DESKTOP-C0495IR" time="0.009">
  <properties/>
  <testcase name="testBesselJ" classname="org.apache.commons.math3.special.BesselJTest" time="0.008"/>
  <testcase name="testIAEBadOrder" classname="org.apache.commons.math3.special.BesselJTest" time="0.001"/>
  <testcase name="testIAEBadArgument" classname="org.apache.commons.math3.special.BesselJTest" time="0.0"/>
  <system-out><![CDATA[]]></system-out>
  <system-err><![CDATA[]]></system-err>
</testsuite>
