<?xml version="1.0" encoding="UTF-8"?>
<testsuite name="org.apache.commons.math3.analysis.integration.gauss.LegendreHighPrecisionTest" tests="2" skipped="0" failures="0" errors="0" timestamp="2020-10-17T21:41:02" hostname="DYLAN-DESKTOP" time="4.739">
  <properties/>
  <testcase name="testCos" classname="org.apache.commons.math3.analysis.integration.gauss.LegendreHighPrecisionTest" time="0.015"/>
  <testcase name="testInverse" classname="org.apache.commons.math3.analysis.integration.gauss.LegendreHighPrecisionTest" time="4.724"/>
  <system-out><![CDATA[]]></system-out>
  <system-err><![CDATA[]]></system-err>
</testsuite>
