<?xml version="1.0" encoding="UTF-8"?>
<testsuite name="org.apache.commons.math3.genetics.NPointCrossoverTest" tests="5" skipped="0" failures="0" errors="0" timestamp="2020-10-17T21:41:18" hostname="DYLAN-DESKTOP" time="0.002">
  <properties/>
  <testcase name="testCrossoverInvalidFixedLengthChromosomeFirst" classname="org.apache.commons.math3.genetics.NPointCrossoverTest" time="0.001"/>
  <testcase name="testNumberIsTooLargeException" classname="org.apache.commons.math3.genetics.NPointCrossoverTest" time="0.0"/>
  <testcase name="testCrossoverInvalidFixedLengthChromosomeSecond" classname="org.apache.commons.math3.genetics.NPointCrossoverTest" time="0.0"/>
  <testcase name="testCrossoverDimensionMismatchException" classname="org.apache.commons.math3.genetics.NPointCrossoverTest" time="0.0"/>
  <testcase name="testCrossover" classname="org.apache.commons.math3.genetics.NPointCrossoverTest" time="0.0"/>
  <system-out><![CDATA[]]></system-out>
  <system-err><![CDATA[]]></system-err>
</testsuite>
