<?xml version="1.0" encoding="UTF-8"?>
<testsuite name="org.apache.commons.math3.special.GammaTest" tests="28" skipped="0" failures="0" errors="0" timestamp="2020-10-17T21:42:43" hostname="DYLAN-DESKTOP" time="0.004">
  <properties/>
  <testcase name="testTrigamma" classname="org.apache.commons.math3.special.GammaTest" time="0.0"/>
  <testcase name="testLogGammaPositive" classname="org.apache.commons.math3.special.GammaTest" time="0.0"/>
  <testcase name="testLogGamma" classname="org.apache.commons.math3.special.GammaTest" time="0.0"/>
  <testcase name="testLogGammaNegative" classname="org.apache.commons.math3.special.GammaTest" time="0.0"/>
  <testcase name="testTrigammaNonRealArgs" classname="org.apache.commons.math3.special.GammaTest" time="0.001"/>
  <testcase name="testRegularizedGammaPositivePositive" classname="org.apache.commons.math3.special.GammaTest" time="0.0"/>
  <testcase name="testGamma" classname="org.apache.commons.math3.special.GammaTest" time="0.001"/>
  <testcase name="testDigammaNonRealArgs" classname="org.apache.commons.math3.special.GammaTest" time="0.0"/>
  <testcase name="testInvGamma1pm1" classname="org.apache.commons.math3.special.GammaTest" time="0.0"/>
  <testcase name="testRegularizedGammaPositiveNegative" classname="org.apache.commons.math3.special.GammaTest" time="0.0"/>
  <testcase name="testLogGammaNan" classname="org.apache.commons.math3.special.GammaTest" time="0.0"/>
  <testcase name="testDigammaLargeArgs" classname="org.apache.commons.math3.special.GammaTest" time="0.0"/>
  <testcase name="testLogGamma1pPrecondition1" classname="org.apache.commons.math3.special.GammaTest" time="0.0"/>
  <testcase name="testLogGamma1pPrecondition2" classname="org.apache.commons.math3.special.GammaTest" time="0.0"/>
  <testcase name="testRegularizedGammaNanPositive" classname="org.apache.commons.math3.special.GammaTest" time="0.001"/>
  <testcase name="testLogGammaPrecondition1" classname="org.apache.commons.math3.special.GammaTest" time="0.0"/>
  <testcase name="testLogGammaPrecondition2" classname="org.apache.commons.math3.special.GammaTest" time="0.0"/>
  <testcase name="testRegularizedGammaZeroPositive" classname="org.apache.commons.math3.special.GammaTest" time="0.0"/>
  <testcase name="testLogGammaZero" classname="org.apache.commons.math3.special.GammaTest" time="0.0"/>
  <testcase name="testDigammaSmallArgs" classname="org.apache.commons.math3.special.GammaTest" time="0.0"/>
  <testcase name="testLogGamma1p" classname="org.apache.commons.math3.special.GammaTest" time="0.0"/>
  <testcase name="testInvGamma1pm1Precondition1" classname="org.apache.commons.math3.special.GammaTest" time="0.0"/>
  <testcase name="testInvGamma1pm1Precondition2" classname="org.apache.commons.math3.special.GammaTest" time="0.0"/>
  <testcase name="testRegularizedGammaNegativePositive" classname="org.apache.commons.math3.special.GammaTest" time="0.0"/>
  <testcase name="testRegularizedGammaPositiveNan" classname="org.apache.commons.math3.special.GammaTest" time="0.0"/>
  <testcase name="testGammaNegativeDouble" classname="org.apache.commons.math3.special.GammaTest" time="0.001"/>
  <testcase name="testRegularizedGammaPositiveZero" classname="org.apache.commons.math3.special.GammaTest" time="0.0"/>
  <testcase name="testGammaNegativeInteger" classname="org.apache.commons.math3.special.GammaTest" time="0.0"/>
  <system-out><![CDATA[]]></system-out>
  <system-err><![CDATA[]]></system-err>
</testsuite>
