<?xml version="1.0" encoding="UTF-8"?>
<testsuite name="org.apache.commons.math3.linear.TriDiagonalTransformerTest" tests="8" skipped="0" failures="0" errors="0" timestamp="2020-11-02T01:14:29" hostname="DESKTOP-C0495IR" time="0.002">
  <properties/>
  <testcase name="testAEqualQTQt" classname="org.apache.commons.math3.linear.TriDiagonalTransformerTest" time="0.0"/>
  <testcase name="testTTriDiagonal" classname="org.apache.commons.math3.linear.TriDiagonalTransformerTest" time="0.0"/>
  <testcase name="testNonSquare" classname="org.apache.commons.math3.linear.TriDiagonalTransformerTest" time="0.0"/>
  <testcase name="testQTOrthogonal" classname="org.apache.commons.math3.linear.TriDiagonalTransformerTest" time="0.0"/>
  <testcase name="testNoAccessBelowDiagonal" classname="org.apache.commons.math3.linear.TriDiagonalTransformerTest" time="0.0"/>
  <testcase name="testQOrthogonal" classname="org.apache.commons.math3.linear.TriDiagonalTransformerTest" time="0.0"/>
  <testcase name="testMatricesValues3" classname="org.apache.commons.math3.linear.TriDiagonalTransformerTest" time="0.0"/>
  <testcase name="testMatricesValues5" classname="org.apache.commons.math3.linear.TriDiagonalTransformerTest" time="0.001"/>
  <system-out><![CDATA[]]></system-out>
  <system-err><![CDATA[]]></system-err>
</testsuite>
