<?xml version="1.0" encoding="UTF-8"?>
<testsuite name="org.apache.commons.math3.dfp.DfpDecTest" tests="3" skipped="0" failures="0" errors="0" timestamp="2020-11-02T01:14:06" hostname="DESKTOP-C0495IR" time="0.004">
  <properties/>
  <testcase name="testRound" classname="org.apache.commons.math3.dfp.DfpDecTest" time="0.003"/>
  <testcase name="testRoundDecimal10" classname="org.apache.commons.math3.dfp.DfpDecTest" time="0.001"/>
  <testcase name="testNextAfter" classname="org.apache.commons.math3.dfp.DfpDecTest" time="0.0"/>
  <system-out><![CDATA[]]></system-out>
  <system-err><![CDATA[]]></system-err>
</testsuite>
