<?xml version="1.0" encoding="UTF-8"?>
<testsuite name="org.apache.commons.math3.distribution.EnumeratedRealDistributionTest" tests="15" skipped="0" failures="0" errors="0" timestamp="2020-11-02T01:14:08" hostname="DESKTOP-C0495IR" time="0.064">
  <properties/>
  <testcase name="testIsSupportLowerBoundInclusive" classname="org.apache.commons.math3.distribution.EnumeratedRealDistributionTest" time="0.001"/>
  <testcase name="testExceptions" classname="org.apache.commons.math3.distribution.EnumeratedRealDistributionTest" time="0.0"/>
  <testcase name="testProbability" classname="org.apache.commons.math3.distribution.EnumeratedRealDistributionTest" time="0.0"/>
  <testcase name="testGetSupportUpperBound" classname="org.apache.commons.math3.distribution.EnumeratedRealDistributionTest" time="0.0"/>
  <testcase name="testGetNumericalVariance" classname="org.apache.commons.math3.distribution.EnumeratedRealDistributionTest" time="0.0"/>
  <testcase name="testGetNumericalMean" classname="org.apache.commons.math3.distribution.EnumeratedRealDistributionTest" time="0.0"/>
  <testcase name="testCreateFromDoubles" classname="org.apache.commons.math3.distribution.EnumeratedRealDistributionTest" time="0.0"/>
  <testcase name="testCumulativeProbability" classname="org.apache.commons.math3.distribution.EnumeratedRealDistributionTest" time="0.0"/>
  <testcase name="testIssue1065" classname="org.apache.commons.math3.distribution.EnumeratedRealDistributionTest" time="0.001"/>
  <testcase name="testDensity" classname="org.apache.commons.math3.distribution.EnumeratedRealDistributionTest" time="0.0"/>
  <testcase name="testIsSupportUpperBoundInclusive" classname="org.apache.commons.math3.distribution.EnumeratedRealDistributionTest" time="0.0"/>
  <testcase name="testIssue942" classname="org.apache.commons.math3.distribution.EnumeratedRealDistributionTest" time="0.001"/>
  <testcase name="testSample" classname="org.apache.commons.math3.distribution.EnumeratedRealDistributionTest" time="0.06"/>
  <testcase name="testGetSupportLowerBound" classname="org.apache.commons.math3.distribution.EnumeratedRealDistributionTest" time="0.0"/>
  <testcase name="testIsSupportConnected" classname="org.apache.commons.math3.distribution.EnumeratedRealDistributionTest" time="0.0"/>
  <system-out><![CDATA[]]></system-out>
  <system-err><![CDATA[]]></system-err>
</testsuite>
