<?xml version="1.0" encoding="UTF-8"?>
<testsuite name="org.apache.commons.math3.optimization.direct.CMAESOptimizerTest" tests="24" skipped="0" failures="0" errors="0" timestamp="2020-11-02T01:15:02" hostname="DESKTOP-C0495IR" time="16.233">
  <properties/>
  <testcase name="testConstrainedRosen" classname="org.apache.commons.math3.optimization.direct.CMAESOptimizerTest" time="0.782"/>
  <testcase name="testElliRotated" classname="org.apache.commons.math3.optimization.direct.CMAESOptimizerTest" time="0.641"/>
  <testcase name="testEllipse" classname="org.apache.commons.math3.optimization.direct.CMAESOptimizerTest" time="0.654"/>
  <testcase name="testTwoAxes" classname="org.apache.commons.math3.optimization.direct.CMAESOptimizerTest" time="1.371"/>
  <testcase name="testCigar" classname="org.apache.commons.math3.optimization.direct.CMAESOptimizerTest" time="0.438"/>
  <testcase name="testRosen" classname="org.apache.commons.math3.optimization.direct.CMAESOptimizerTest" time="0.666"/>
  <testcase name="testInputSigmaOutOfRange" classname="org.apache.commons.math3.optimization.direct.CMAESOptimizerTest" time="0.001"/>
  <testcase name="testInputSigmaNegative" classname="org.apache.commons.math3.optimization.direct.CMAESOptimizerTest" time="0.0"/>
  <testcase name="testInputSigmaDimensionMismatch" classname="org.apache.commons.math3.optimization.direct.CMAESOptimizerTest" time="0.0"/>
  <testcase name="testFitAccuracyDependsOnBoundary" classname="org.apache.commons.math3.optimization.direct.CMAESOptimizerTest" time="0.008"/>
  <testcase name="testRastrigin" classname="org.apache.commons.math3.optimization.direct.CMAESOptimizerTest" time="5.722"/>
  <testcase name="testMath864" classname="org.apache.commons.math3.optimization.direct.CMAESOptimizerTest" time="0.001"/>
  <testcase name="testDiagonalRosen" classname="org.apache.commons.math3.optimization.direct.CMAESOptimizerTest" time="1.273"/>
  <testcase name="testSsDiffPow" classname="org.apache.commons.math3.optimization.direct.CMAESOptimizerTest" time="1.044"/>
  <testcase name="testMaximize" classname="org.apache.commons.math3.optimization.direct.CMAESOptimizerTest" time="0.964"/>
  <testcase name="testAckley" classname="org.apache.commons.math3.optimization.direct.CMAESOptimizerTest" time="0.4"/>
  <testcase name="testCigTab" classname="org.apache.commons.math3.optimization.direct.CMAESOptimizerTest" time="0.492"/>
  <testcase name="testDiffPow" classname="org.apache.commons.math3.optimization.direct.CMAESOptimizerTest" time="0.49"/>
  <testcase name="testBoundariesDimensionMismatch" classname="org.apache.commons.math3.optimization.direct.CMAESOptimizerTest" time="0.0"/>
  <testcase name="testSphere" classname="org.apache.commons.math3.optimization.direct.CMAESOptimizerTest" time="0.269"/>
  <testcase name="testTablet" classname="org.apache.commons.math3.optimization.direct.CMAESOptimizerTest" time="0.546"/>
  <testcase name="testInitOutofbounds1" classname="org.apache.commons.math3.optimization.direct.CMAESOptimizerTest" time="0.0"/>
  <testcase name="testInitOutofbounds2" classname="org.apache.commons.math3.optimization.direct.CMAESOptimizerTest" time="0.0"/>
  <testcase name="testCigarWithBoundaries" classname="org.apache.commons.math3.optimization.direct.CMAESOptimizerTest" time="0.468"/>
  <system-out><![CDATA[]]></system-out>
  <system-err><![CDATA[]]></system-err>
</testsuite>
