<?xml version="1.0" encoding="UTF-8"?>
<testsuite name="org.apache.commons.math3.transform.FastCosineTransformerTest" tests="18" skipped="0" failures="0" errors="0" timestamp="2020-10-17T21:42:57" hostname="DYLAN-DESKTOP" time="0.033">
  <properties/>
  <testcase name="testAdHocData[0]" classname="org.apache.commons.math3.transform.FastCosineTransformerTest" time="0.008"/>
  <testcase name="testParameters[0]" classname="org.apache.commons.math3.transform.FastCosineTransformerTest" time="0.001"/>
  <testcase name="testSinFunction[0]" classname="org.apache.commons.math3.transform.FastCosineTransformerTest" time="0.0"/>
  <testcase name="testTransformFunction[0]" classname="org.apache.commons.math3.transform.FastCosineTransformerTest" time="0.006"/>
  <testcase name="testTransformFunctionNotStrictlyPositiveNumberOfSamples[0]" classname="org.apache.commons.math3.transform.FastCosineTransformerTest" time="0.0"/>
  <testcase name="testTransformReal[0]" classname="org.apache.commons.math3.transform.FastCosineTransformerTest" time="0.006"/>
  <testcase name="testTransformFunctionInvalidDataSize[0]" classname="org.apache.commons.math3.transform.FastCosineTransformerTest" time="0.0"/>
  <testcase name="testTransformFunctionInvalidBounds[0]" classname="org.apache.commons.math3.transform.FastCosineTransformerTest" time="0.001"/>
  <testcase name="testTransformRealInvalidDataSize[0]" classname="org.apache.commons.math3.transform.FastCosineTransformerTest" time="0.0"/>
  <testcase name="testAdHocData[1]" classname="org.apache.commons.math3.transform.FastCosineTransformerTest" time="0.0"/>
  <testcase name="testParameters[1]" classname="org.apache.commons.math3.transform.FastCosineTransformerTest" time="0.0"/>
  <testcase name="testSinFunction[1]" classname="org.apache.commons.math3.transform.FastCosineTransformerTest" time="0.0"/>
  <testcase name="testTransformFunction[1]" classname="org.apache.commons.math3.transform.FastCosineTransformerTest" time="0.004"/>
  <testcase name="testTransformFunctionNotStrictlyPositiveNumberOfSamples[1]" classname="org.apache.commons.math3.transform.FastCosineTransformerTest" time="0.0"/>
  <testcase name="testTransformReal[1]" classname="org.apache.commons.math3.transform.FastCosineTransformerTest" time="0.005"/>
  <testcase name="testTransformFunctionInvalidDataSize[1]" classname="org.apache.commons.math3.transform.FastCosineTransformerTest" time="0.001"/>
  <testcase name="testTransformFunctionInvalidBounds[1]" classname="org.apache.commons.math3.transform.FastCosineTransformerTest" time="0.0"/>
  <testcase name="testTransformRealInvalidDataSize[1]" classname="org.apache.commons.math3.transform.FastCosineTransformerTest" time="0.0"/>
  <system-out><![CDATA[]]></system-out>
  <system-err><![CDATA[]]></system-err>
</testsuite>
