<?xml version="1.0" encoding="UTF-8"?>
<testsuite name="org.apache.commons.math3.optim.nonlinear.scalar.MultiStartMultivariateOptimizerTest" tests="2" skipped="0" failures="0" errors="0" timestamp="2020-11-02T01:14:35" hostname="DESKTOP-C0495IR" time="0.009">
  <properties/>
  <testcase name="testRosenbrock" classname="org.apache.commons.math3.optim.nonlinear.scalar.MultiStartMultivariateOptimizerTest" time="0.007"/>
  <testcase name="testCircleFitting" classname="org.apache.commons.math3.optim.nonlinear.scalar.MultiStartMultivariateOptimizerTest" time="0.002"/>
  <system-out><![CDATA[]]></system-out>
  <system-err><![CDATA[]]></system-err>
</testsuite>
