<?xml version="1.0" encoding="UTF-8"?>
<testsuite name="org.apache.commons.math3.distribution.BinomialDistributionTest" tests="12" skipped="0" failures="0" errors="0" timestamp="2020-10-17T21:41:12" hostname="DYLAN-DESKTOP" time="0.102">
  <properties/>
  <testcase name="testMath718" classname="org.apache.commons.math3.distribution.BinomialDistributionTest" time="0.095"/>
  <testcase name="testMoments" classname="org.apache.commons.math3.distribution.BinomialDistributionTest" time="0.0"/>
  <testcase name="testDegenerate0" classname="org.apache.commons.math3.distribution.BinomialDistributionTest" time="0.001"/>
  <testcase name="testDegenerate1" classname="org.apache.commons.math3.distribution.BinomialDistributionTest" time="0.0"/>
  <testcase name="testDegenerate2" classname="org.apache.commons.math3.distribution.BinomialDistributionTest" time="0.0"/>
  <testcase name="testDensities" classname="org.apache.commons.math3.distribution.BinomialDistributionTest" time="0.001"/>
  <testcase name="testInverseCumulativeProbabilities" classname="org.apache.commons.math3.distribution.BinomialDistributionTest" time="0.0"/>
  <testcase name="testSampling" classname="org.apache.commons.math3.distribution.BinomialDistributionTest" time="0.003"/>
  <testcase name="testCumulativeProbabilities" classname="org.apache.commons.math3.distribution.BinomialDistributionTest" time="0.0"/>
  <testcase name="testIllegalArguments" classname="org.apache.commons.math3.distribution.BinomialDistributionTest" time="0.001"/>
  <testcase name="testLogDensities" classname="org.apache.commons.math3.distribution.BinomialDistributionTest" time="0.0"/>
  <testcase name="testConsistencyAtSupportBounds" classname="org.apache.commons.math3.distribution.BinomialDistributionTest" time="0.0"/>
  <system-out><![CDATA[]]></system-out>
  <system-err><![CDATA[]]></system-err>
</testsuite>
