<?xml version="1.0" encoding="UTF-8"?>
<testsuite name="org.apache.commons.math3.geometry.spherical.twod.SubCircleTest" tests="4" skipped="0" failures="0" errors="0" timestamp="2020-10-17T21:41:25" hostname="DYLAN-DESKTOP" time="0.0">
  <properties/>
  <testcase name="testFullCircle" classname="org.apache.commons.math3.geometry.spherical.twod.SubCircleTest" time="0.0"/>
  <testcase name="testSPlit" classname="org.apache.commons.math3.geometry.spherical.twod.SubCircleTest" time="0.0"/>
  <testcase name="testSide" classname="org.apache.commons.math3.geometry.spherical.twod.SubCircleTest" time="0.0"/>
  <testcase name="testSideSplitConsistency" classname="org.apache.commons.math3.geometry.spherical.twod.SubCircleTest" time="0.0"/>
  <system-out><![CDATA[]]></system-out>
  <system-err><![CDATA[]]></system-err>
</testsuite>
