<?xml version="1.0" encoding="UTF-8"?>
<testsuite name="org.apache.commons.math3.fitting.leastsquares.EvaluationRmsCheckerTest" tests="1" skipped="0" failures="0" errors="0" timestamp="2020-11-02T01:14:10" hostname="DESKTOP-C0495IR" time="0.002">
  <properties/>
  <testcase name="testConverged" classname="org.apache.commons.math3.fitting.leastsquares.EvaluationRmsCheckerTest" time="0.002"/>
  <system-out><![CDATA[]]></system-out>
  <system-err><![CDATA[]]></system-err>
</testsuite>
