<?xml version="1.0" encoding="UTF-8"?>
<testsuite name="org.apache.commons.math3.analysis.interpolation.AkimaSplineInterpolatorTest" tests="4" skipped="0" failures="0" errors="0" timestamp="2020-11-02T01:13:59" hostname="DESKTOP-C0495IR" time="0.007">
  <properties/>
  <testcase name="testInterpolateLine" classname="org.apache.commons.math3.analysis.interpolation.AkimaSplineInterpolatorTest" time="0.006"/>
  <testcase name="testIllegalArguments" classname="org.apache.commons.math3.analysis.interpolation.AkimaSplineInterpolatorTest" time="0.0"/>
  <testcase name="testInterpolateParabola" classname="org.apache.commons.math3.analysis.interpolation.AkimaSplineInterpolatorTest" time="0.001"/>
  <testcase name="testInterpolateCubic" classname="org.apache.commons.math3.analysis.interpolation.AkimaSplineInterpolatorTest" time="0.0"/>
  <system-out><![CDATA[]]></system-out>
  <system-err><![CDATA[]]></system-err>
</testsuite>
