<?xml version="1.0" encoding="UTF-8"?>
<testsuite name="org.apache.commons.math3.genetics.CycleCrossoverTest" tests="6" skipped="0" failures="0" errors="0" timestamp="2020-11-02T01:14:13" hostname="DESKTOP-C0495IR" time="0.004">
  <properties/>
  <testcase name="testCrossoverExample2" classname="org.apache.commons.math3.genetics.CycleCrossoverTest" time="0.003"/>
  <testcase name="testCrossoverExample" classname="org.apache.commons.math3.genetics.CycleCrossoverTest" time="0.0"/>
  <testcase name="testCrossoverInvalidFixedLengthChromosomeFirst" classname="org.apache.commons.math3.genetics.CycleCrossoverTest" time="0.0"/>
  <testcase name="testCrossoverInvalidFixedLengthChromosomeSecond" classname="org.apache.commons.math3.genetics.CycleCrossoverTest" time="0.0"/>
  <testcase name="testCrossoverDimensionMismatchException" classname="org.apache.commons.math3.genetics.CycleCrossoverTest" time="0.001"/>
  <testcase name="testCrossover" classname="org.apache.commons.math3.genetics.CycleCrossoverTest" time="0.0"/>
  <system-out><![CDATA[]]></system-out>
  <system-err><![CDATA[]]></system-err>
</testsuite>
