<?xml version="1.0" encoding="UTF-8"?>
<testsuite name="org.apache.commons.math3.analysis.interpolation.PiecewiseBicubicSplineInterpolatingFunctionTest" tests="3" skipped="0" failures="0" errors="0" timestamp="2020-10-17T21:41:09" hostname="DYLAN-DESKTOP" time="0.008">
  <properties/>
  <testcase name="testPlane" classname="org.apache.commons.math3.analysis.interpolation.PiecewiseBicubicSplineInterpolatingFunctionTest" time="0.006"/>
  <testcase name="testPreconditions" classname="org.apache.commons.math3.analysis.interpolation.PiecewiseBicubicSplineInterpolatingFunctionTest" time="0.0"/>
  <testcase name="testParabaloid" classname="org.apache.commons.math3.analysis.interpolation.PiecewiseBicubicSplineInterpolatingFunctionTest" time="0.002"/>
  <system-out><![CDATA[]]></system-out>
  <system-err><![CDATA[]]></system-err>
</testsuite>
