<?xml version="1.0" encoding="UTF-8"?>
<testsuite name="org.apache.commons.math3.analysis.solvers.FieldBracketingNthOrderBrentSolverTest" tests="4" skipped="0" failures="0" errors="0" timestamp="2020-11-02T01:14:03" hostname="DESKTOP-C0495IR" time="1.668">
  <properties/>
  <testcase name="testConvergenceOnFunctionAccuracy" classname="org.apache.commons.math3.analysis.solvers.FieldBracketingNthOrderBrentSolverTest" time="0.024"/>
  <testcase name="testNeta" classname="org.apache.commons.math3.analysis.solvers.FieldBracketingNthOrderBrentSolverTest" time="1.644"/>
  <testcase name="testInsufficientOrder3" classname="org.apache.commons.math3.analysis.solvers.FieldBracketingNthOrderBrentSolverTest" time="0.0"/>
  <testcase name="testConstructorOK" classname="org.apache.commons.math3.analysis.solvers.FieldBracketingNthOrderBrentSolverTest" time="0.0"/>
  <system-out><![CDATA[]]></system-out>
  <system-err><![CDATA[]]></system-err>
</testsuite>
