<?xml version="1.0" encoding="UTF-8"?>
<testsuite name="org.apache.commons.math3.optim.nonlinear.scalar.noderiv.BOBYQAOptimizerTest" tests="19" skipped="1" failures="0" errors="0" timestamp="2020-10-17T21:41:32" hostname="DYLAN-DESKTOP" time="5.071">
  <properties/>
  <testcase name="testConstrainedRosen" classname="org.apache.commons.math3.optim.nonlinear.scalar.noderiv.BOBYQAOptimizerTest" time="0.971"/>
  <testcase name="testElliRotated" classname="org.apache.commons.math3.optim.nonlinear.scalar.noderiv.BOBYQAOptimizerTest" time="1.937"/>
  <testcase name="testEllipse" classname="org.apache.commons.math3.optim.nonlinear.scalar.noderiv.BOBYQAOptimizerTest" time="0.064"/>
  <testcase name="testInitOutOfBounds" classname="org.apache.commons.math3.optim.nonlinear.scalar.noderiv.BOBYQAOptimizerTest" time="0.0"/>
  <testcase name="testTwoAxes" classname="org.apache.commons.math3.optim.nonlinear.scalar.noderiv.BOBYQAOptimizerTest" time="0.011"/>
  <testcase name="testProblemDimensionTooSmall" classname="org.apache.commons.math3.optim.nonlinear.scalar.noderiv.BOBYQAOptimizerTest" time="0.0"/>
  <testcase name="testCigar" classname="org.apache.commons.math3.optim.nonlinear.scalar.noderiv.BOBYQAOptimizerTest" time="0.013"/>
  <testcase name="testRosen" classname="org.apache.commons.math3.optim.nonlinear.scalar.noderiv.BOBYQAOptimizerTest" time="0.378"/>
  <testcase name="testRastrigin" classname="org.apache.commons.math3.optim.nonlinear.scalar.noderiv.BOBYQAOptimizerTest" time="0.032"/>
  <testcase name="testSsDiffPow" classname="org.apache.commons.math3.optim.nonlinear.scalar.noderiv.BOBYQAOptimizerTest" time="0.378"/>
  <testcase name="testMaximize" classname="org.apache.commons.math3.optim.nonlinear.scalar.noderiv.BOBYQAOptimizerTest" time="0.07"/>
  <testcase name="testAckley" classname="org.apache.commons.math3.optim.nonlinear.scalar.noderiv.BOBYQAOptimizerTest" time="0.081"/>
  <testcase name="testConstrainedRosenWithMoreInterpolationPoints" classname="org.apache.commons.math3.optim.nonlinear.scalar.noderiv.BOBYQAOptimizerTest" time="0.0">
    <skipped/>
  </testcase>
  <testcase name="testCigTab" classname="org.apache.commons.math3.optim.nonlinear.scalar.noderiv.BOBYQAOptimizerTest" time="0.009"/>
  <testcase name="testDiffPow" classname="org.apache.commons.math3.optim.nonlinear.scalar.noderiv.BOBYQAOptimizerTest" time="1.111"/>
  <testcase name="testBoundariesDimensionMismatch" classname="org.apache.commons.math3.optim.nonlinear.scalar.noderiv.BOBYQAOptimizerTest" time="0.0"/>
  <testcase name="testSphere" classname="org.apache.commons.math3.optim.nonlinear.scalar.noderiv.BOBYQAOptimizerTest" time="0.008"/>
  <testcase name="testTablet" classname="org.apache.commons.math3.optim.nonlinear.scalar.noderiv.BOBYQAOptimizerTest" time="0.007"/>
  <testcase name="testMaxEvaluations" classname="org.apache.commons.math3.optim.nonlinear.scalar.noderiv.BOBYQAOptimizerTest" time="0.0"/>
  <system-out><![CDATA[]]></system-out>
  <system-err><![CDATA[]]></system-err>
</testsuite>
