<?xml version="1.0" encoding="UTF-8"?>
<testsuite name="org.apache.commons.math3.ode.nonstiff.LutherFieldStepInterpolatorTest" tests="3" skipped="0" failures="0" errors="0" timestamp="2020-11-02T01:14:34" hostname="DESKTOP-C0495IR" time="0.002">
  <properties/>
  <testcase name="interpolationAtBounds" classname="org.apache.commons.math3.ode.nonstiff.LutherFieldStepInterpolatorTest" time="0.001"/>
  <testcase name="interpolationInside" classname="org.apache.commons.math3.ode.nonstiff.LutherFieldStepInterpolatorTest" time="0.0"/>
  <testcase name="nonFieldInterpolatorConsistency" classname="org.apache.commons.math3.ode.nonstiff.LutherFieldStepInterpolatorTest" time="0.001"/>
  <system-out><![CDATA[]]></system-out>
  <system-err><![CDATA[]]></system-err>
</testsuite>
