<?xml version="1.0" encoding="UTF-8"?>
<testsuite name="org.apache.commons.math3.optimization.direct.MultivariateFunctionMappingAdapterTest" tests="4" skipped="0" failures="0" errors="0" timestamp="2020-10-17T21:41:56" hostname="DYLAN-DESKTOP" time="0.01">
  <properties/>
  <testcase name="testStartSimplexInsideRange" classname="org.apache.commons.math3.optimization.direct.MultivariateFunctionMappingAdapterTest" time="0.006"/>
  <testcase name="testOptimumOutsideRange" classname="org.apache.commons.math3.optimization.direct.MultivariateFunctionMappingAdapterTest" time="0.0"/>
  <testcase name="testUnbounded" classname="org.apache.commons.math3.optimization.direct.MultivariateFunctionMappingAdapterTest" time="0.001"/>
  <testcase name="testHalfBounded" classname="org.apache.commons.math3.optimization.direct.MultivariateFunctionMappingAdapterTest" time="0.002"/>
  <system-out><![CDATA[]]></system-out>
  <system-err><![CDATA[]]></system-err>
</testsuite>
