<?xml version="1.0" encoding="UTF-8"?>
<testsuite name="org.apache.commons.math3.linear.RRQRDecompositionTest" tests="7" skipped="0" failures="0" errors="0" timestamp="2020-10-17T21:41:26" hostname="DYLAN-DESKTOP" time="0.042">
  <properties/>
  <testcase name="testRank" classname="org.apache.commons.math3.linear.RRQRDecompositionTest" time="0.002"/>
  <testcase name="testAPEqualQR" classname="org.apache.commons.math3.linear.RRQRDecompositionTest" time="0.012"/>
  <testcase name="testDimensions" classname="org.apache.commons.math3.linear.RRQRDecompositionTest" time="0.006"/>
  <testcase name="testRUpperTriangular" classname="org.apache.commons.math3.linear.RRQRDecompositionTest" time="0.005"/>
  <testcase name="testNonInvertible" classname="org.apache.commons.math3.linear.RRQRDecompositionTest" time="0.001"/>
  <testcase name="testQOrthogonal" classname="org.apache.commons.math3.linear.RRQRDecompositionTest" time="0.007"/>
  <testcase name="testHTrapezoidal" classname="org.apache.commons.math3.linear.RRQRDecompositionTest" time="0.008"/>
  <system-out><![CDATA[]]></system-out>
  <system-err><![CDATA[]]></system-err>
</testsuite>
