<?xml version="1.0" encoding="UTF-8"?>
<testsuite name="org.apache.commons.math3.ode.nonstiff.GraggBulirschStoerStepInterpolatorTest" tests="3" skipped="0" failures="0" errors="0" timestamp="2020-11-02T01:14:33" hostname="DESKTOP-C0495IR" time="0.011">
  <properties/>
  <testcase name="derivativesConsistency" classname="org.apache.commons.math3.ode.nonstiff.GraggBulirschStoerStepInterpolatorTest" time="0.002"/>
  <testcase name="checklone" classname="org.apache.commons.math3.ode.nonstiff.GraggBulirschStoerStepInterpolatorTest" time="0.003"/>
  <testcase name="serialization" classname="org.apache.commons.math3.ode.nonstiff.GraggBulirschStoerStepInterpolatorTest" time="0.006"/>
  <system-out><![CDATA[]]></system-out>
  <system-err><![CDATA[]]></system-err>
</testsuite>
