<?xml version="1.0" encoding="UTF-8"?>
<testsuite name="org.apache.commons.math3.filter.KalmanFilterTest" tests="5" skipped="0" failures="0" errors="0" timestamp="2020-11-02T01:14:09" hostname="DESKTOP-C0495IR" time="0.012">
  <properties/>
  <testcase name="testCannonball" classname="org.apache.commons.math3.filter.KalmanFilterTest" time="0.01"/>
  <testcase name="testConstant" classname="org.apache.commons.math3.filter.KalmanFilterTest" time="0.001"/>
  <testcase name="testTransitionControlMatrixMismatch" classname="org.apache.commons.math3.filter.KalmanFilterTest" time="0.0"/>
  <testcase name="testTransitionMeasurementMatrixMismatch" classname="org.apache.commons.math3.filter.KalmanFilterTest" time="0.0"/>
  <testcase name="testConstantAcceleration" classname="org.apache.commons.math3.filter.KalmanFilterTest" time="0.0"/>
  <system-out><![CDATA[]]></system-out>
  <system-err><![CDATA[]]></system-err>
</testsuite>
