<?xml version="1.0" encoding="UTF-8"?>
<testsuite name="org.apache.commons.math3.distribution.EnumeratedIntegerDistributionTest" tests="10" skipped="0" failures="0" errors="0" timestamp="2020-10-17T21:41:12" hostname="DYLAN-DESKTOP" time="0.057">
  <properties/>
  <testcase name="testExceptions" classname="org.apache.commons.math3.distribution.EnumeratedIntegerDistributionTest" time="0.0"/>
  <testcase name="testProbability" classname="org.apache.commons.math3.distribution.EnumeratedIntegerDistributionTest" time="0.0"/>
  <testcase name="testCreateFromIntegers" classname="org.apache.commons.math3.distribution.EnumeratedIntegerDistributionTest" time="0.0"/>
  <testcase name="testGetSupportUpperBound" classname="org.apache.commons.math3.distribution.EnumeratedIntegerDistributionTest" time="0.0"/>
  <testcase name="testGetNumericalVariance" classname="org.apache.commons.math3.distribution.EnumeratedIntegerDistributionTest" time="0.0"/>
  <testcase name="testGetNumericalMean" classname="org.apache.commons.math3.distribution.EnumeratedIntegerDistributionTest" time="0.0"/>
  <testcase name="testCumulativeProbability" classname="org.apache.commons.math3.distribution.EnumeratedIntegerDistributionTest" time="0.0"/>
  <testcase name="testSample" classname="org.apache.commons.math3.distribution.EnumeratedIntegerDistributionTest" time="0.056"/>
  <testcase name="testGetSupportLowerBound" classname="org.apache.commons.math3.distribution.EnumeratedIntegerDistributionTest" time="0.0"/>
  <testcase name="testIsSupportConnected" classname="org.apache.commons.math3.distribution.EnumeratedIntegerDistributionTest" time="0.0"/>
  <system-out><![CDATA[]]></system-out>
  <system-err><![CDATA[]]></system-err>
</testsuite>
