<?xml version="1.0" encoding="UTF-8"?>
<testsuite name="org.apache.commons.math3.ode.nonstiff.ThreeEighthesStepInterpolatorTest" tests="2" skipped="0" failures="0" errors="0" timestamp="2020-10-17T21:41:31" hostname="DYLAN-DESKTOP" time="0.019">
  <properties/>
  <testcase name="derivativesConsistency" classname="org.apache.commons.math3.ode.nonstiff.ThreeEighthesStepInterpolatorTest" time="0.005"/>
  <testcase name="serialization" classname="org.apache.commons.math3.ode.nonstiff.ThreeEighthesStepInterpolatorTest" time="0.014"/>
  <system-out><![CDATA[]]></system-out>
  <system-err><![CDATA[]]></system-err>
</testsuite>
