<?xml version="1.0" encoding="UTF-8"?>
<testsuite name="org.apache.commons.math3.distribution.UniformIntegerDistributionTest" tests="9" skipped="0" failures="0" errors="0" timestamp="2020-10-17T21:41:12" hostname="DYLAN-DESKTOP" time="0.002">
  <properties/>
  <testcase name="testPreconditionUpperBoundInclusive" classname="org.apache.commons.math3.distribution.UniformIntegerDistributionTest" time="0.001"/>
  <testcase name="testMoments" classname="org.apache.commons.math3.distribution.UniformIntegerDistributionTest" time="0.0"/>
  <testcase name="testDensities" classname="org.apache.commons.math3.distribution.UniformIntegerDistributionTest" time="0.0"/>
  <testcase name="testInverseCumulativeProbabilities" classname="org.apache.commons.math3.distribution.UniformIntegerDistributionTest" time="0.0"/>
  <testcase name="testSampling" classname="org.apache.commons.math3.distribution.UniformIntegerDistributionTest" time="0.0"/>
  <testcase name="testCumulativeProbabilities" classname="org.apache.commons.math3.distribution.UniformIntegerDistributionTest" time="0.001"/>
  <testcase name="testIllegalArguments" classname="org.apache.commons.math3.distribution.UniformIntegerDistributionTest" time="0.0"/>
  <testcase name="testLogDensities" classname="org.apache.commons.math3.distribution.UniformIntegerDistributionTest" time="0.0"/>
  <testcase name="testConsistencyAtSupportBounds" classname="org.apache.commons.math3.distribution.UniformIntegerDistributionTest" time="0.0"/>
  <system-out><![CDATA[]]></system-out>
  <system-err><![CDATA[]]></system-err>
</testsuite>
