<?xml version="1.0" encoding="UTF-8"?>
<testsuite name="org.apache.commons.math3.analysis.solvers.BracketingNthOrderBrentSolverTest" tests="15" skipped="0" failures="0" errors="0" timestamp="2020-10-17T21:41:10" hostname="DYLAN-DESKTOP" time="0.013">
  <properties/>
  <testcase name="testFasterThanNewton" classname="org.apache.commons.math3.analysis.solvers.BracketingNthOrderBrentSolverTest" time="0.008"/>
  <testcase name="testConvergenceOnFunctionAccuracy" classname="org.apache.commons.math3.analysis.solvers.BracketingNthOrderBrentSolverTest" time="0.0"/>
  <testcase name="testInsufficientOrder1" classname="org.apache.commons.math3.analysis.solvers.BracketingNthOrderBrentSolverTest" time="0.0"/>
  <testcase name="testInsufficientOrder2" classname="org.apache.commons.math3.analysis.solvers.BracketingNthOrderBrentSolverTest" time="0.0"/>
  <testcase name="testInsufficientOrder3" classname="org.apache.commons.math3.analysis.solvers.BracketingNthOrderBrentSolverTest" time="0.0"/>
  <testcase name="testConstructorsOK" classname="org.apache.commons.math3.analysis.solvers.BracketingNthOrderBrentSolverTest" time="0.0"/>
  <testcase name="testIssue716" classname="org.apache.commons.math3.analysis.solvers.BracketingNthOrderBrentSolverTest" time="0.001"/>
  <testcase name="testSolutionRightSide" classname="org.apache.commons.math3.analysis.solvers.BracketingNthOrderBrentSolverTest" time="0.0"/>
  <testcase name="testSolutionAboveSide" classname="org.apache.commons.math3.analysis.solvers.BracketingNthOrderBrentSolverTest" time="0.001"/>
  <testcase name="testSolutionBelowSide" classname="org.apache.commons.math3.analysis.solvers.BracketingNthOrderBrentSolverTest" time="0.0"/>
  <testcase name="testSolutionLeftSide" classname="org.apache.commons.math3.analysis.solvers.BracketingNthOrderBrentSolverTest" time="0.0"/>
  <testcase name="testBadEndpoints" classname="org.apache.commons.math3.analysis.solvers.BracketingNthOrderBrentSolverTest" time="0.001"/>
  <testcase name="testRootEndpoints" classname="org.apache.commons.math3.analysis.solvers.BracketingNthOrderBrentSolverTest" time="0.001"/>
  <testcase name="testQuinticZero" classname="org.apache.commons.math3.analysis.solvers.BracketingNthOrderBrentSolverTest" time="0.0"/>
  <testcase name="testSinZero" classname="org.apache.commons.math3.analysis.solvers.BracketingNthOrderBrentSolverTest" time="0.0"/>
  <system-out><![CDATA[]]></system-out>
  <system-err><![CDATA[]]></system-err>
</testsuite>
