<?xml version="1.0" encoding="UTF-8"?>
<testsuite name="org.apache.commons.math3.stat.correlation.CovarianceTest" tests="6" skipped="0" failures="0" errors="0" timestamp="2020-10-17T21:42:43" hostname="DYLAN-DESKTOP" time="0.001">
  <properties/>
  <testcase name="testInsufficientData" classname="org.apache.commons.math3.stat.correlation.CovarianceTest" time="0.001"/>
  <testcase name="testSwissFertility" classname="org.apache.commons.math3.stat.correlation.CovarianceTest" time="0.0"/>
  <testcase name="testConstant" classname="org.apache.commons.math3.stat.correlation.CovarianceTest" time="0.0"/>
  <testcase name="testConsistency" classname="org.apache.commons.math3.stat.correlation.CovarianceTest" time="0.0"/>
  <testcase name="testLongly" classname="org.apache.commons.math3.stat.correlation.CovarianceTest" time="0.0"/>
  <testcase name="testOneColumn" classname="org.apache.commons.math3.stat.correlation.CovarianceTest" time="0.0"/>
  <system-out><![CDATA[]]></system-out>
  <system-err><![CDATA[]]></system-err>
</testsuite>
