<?xml version="1.0" encoding="UTF-8"?>
<testsuite name="org.apache.commons.math3.fraction.BigFractionTest" tests="29" skipped="0" failures="0" errors="0" timestamp="2020-10-17T21:41:15" hostname="DYLAN-DESKTOP" time="0.008">
  <properties/>
  <testcase name="testFloatValueForLargeNumeratorAndDenominator" classname="org.apache.commons.math3.fraction.BigFractionTest" time="0.0"/>
  <testcase name="testFloatValue" classname="org.apache.commons.math3.fraction.BigFractionTest" time="0.0"/>
  <testcase name="testPercentage" classname="org.apache.commons.math3.fraction.BigFractionTest" time="0.001"/>
  <testcase name="testAbs" classname="org.apache.commons.math3.fraction.BigFractionTest" time="0.0"/>
  <testcase name="testAdd" classname="org.apache.commons.math3.fraction.BigFractionTest" time="0.0"/>
  <testcase name="testPow" classname="org.apache.commons.math3.fraction.BigFractionTest" time="0.0"/>
  <testcase name="testSubtract" classname="org.apache.commons.math3.fraction.BigFractionTest" time="0.0"/>
  <testcase name="testPositiveValueOverflow" classname="org.apache.commons.math3.fraction.BigFractionTest" time="0.0"/>
  <testcase name="testReciprocal" classname="org.apache.commons.math3.fraction.BigFractionTest" time="0.0"/>
  <testcase name="testEpsilonLimitConstructor" classname="org.apache.commons.math3.fraction.BigFractionTest" time="0.0"/>
  <testcase name="testNegativeValueOverflow" classname="org.apache.commons.math3.fraction.BigFractionTest" time="0.0"/>
  <testcase name="testGetReducedFraction" classname="org.apache.commons.math3.fraction.BigFractionTest" time="0.0"/>
  <testcase name="testConstructorDouble" classname="org.apache.commons.math3.fraction.BigFractionTest" time="0.0"/>
  <testcase name="testCompareTo" classname="org.apache.commons.math3.fraction.BigFractionTest" time="0.0"/>
  <testcase name="testDoubleConstructor" classname="org.apache.commons.math3.fraction.BigFractionTest" time="0.0"/>
  <testcase name="testBigDecimalValue" classname="org.apache.commons.math3.fraction.BigFractionTest" time="0.001"/>
  <testcase name="testMath340" classname="org.apache.commons.math3.fraction.BigFractionTest" time="0.0"/>
  <testcase name="testDoubleValueForLargeNumeratorAndDenominator" classname="org.apache.commons.math3.fraction.BigFractionTest" time="0.0"/>
  <testcase name="testLongValue" classname="org.apache.commons.math3.fraction.BigFractionTest" time="0.0"/>
  <testcase name="testDigitLimitConstructor" classname="org.apache.commons.math3.fraction.BigFractionTest" time="0.0"/>
  <testcase name="testIntValue" classname="org.apache.commons.math3.fraction.BigFractionTest" time="0.0"/>
  <testcase name="testDivide" classname="org.apache.commons.math3.fraction.BigFractionTest" time="0.0"/>
  <testcase name="testMultiply" classname="org.apache.commons.math3.fraction.BigFractionTest" time="0.001"/>
  <testcase name="testEqualsAndHashCode" classname="org.apache.commons.math3.fraction.BigFractionTest" time="0.0"/>
  <testcase name="testNegate" classname="org.apache.commons.math3.fraction.BigFractionTest" time="0.0"/>
  <testcase name="testSerial" classname="org.apache.commons.math3.fraction.BigFractionTest" time="0.004"/>
  <testcase name="testGoldenRatio" classname="org.apache.commons.math3.fraction.BigFractionTest" time="0.0"/>
  <testcase name="testDoubleValue" classname="org.apache.commons.math3.fraction.BigFractionTest" time="0.0"/>
  <testcase name="testConstructor" classname="org.apache.commons.math3.fraction.BigFractionTest" time="0.0"/>
  <system-out><![CDATA[]]></system-out>
  <system-err><![CDATA[]]></system-err>
</testsuite>
