<?xml version="1.0" encoding="UTF-8"?>
<testsuite name="org.apache.commons.math3.ode.nonstiff.DormandPrince853IntegratorTest" tests="12" skipped="0" failures="0" errors="0" timestamp="2020-11-02T01:14:32" hostname="DESKTOP-C0495IR" time="0.016">
  <properties/>
  <testcase name="testDimensionCheck" classname="org.apache.commons.math3.ode.nonstiff.DormandPrince853IntegratorTest" time="0.0"/>
  <testcase name="testBackward" classname="org.apache.commons.math3.ode.nonstiff.DormandPrince853IntegratorTest" time="0.001"/>
  <testcase name="testVariableSteps" classname="org.apache.commons.math3.ode.nonstiff.DormandPrince853IntegratorTest" time="0.002"/>
  <testcase name="testMissedEndEvent" classname="org.apache.commons.math3.ode.nonstiff.DormandPrince853IntegratorTest" time="0.004"/>
  <testcase name="testMinStep" classname="org.apache.commons.math3.ode.nonstiff.DormandPrince853IntegratorTest" time="0.0"/>
  <testcase name="testUnstableDerivative" classname="org.apache.commons.math3.ode.nonstiff.DormandPrince853IntegratorTest" time="0.001"/>
  <testcase name="testNullIntervalCheck" classname="org.apache.commons.math3.ode.nonstiff.DormandPrince853IntegratorTest" time="0.0"/>
  <testcase name="testEvents" classname="org.apache.commons.math3.ode.nonstiff.DormandPrince853IntegratorTest" time="0.001"/>
  <testcase name="testKepler" classname="org.apache.commons.math3.ode.nonstiff.DormandPrince853IntegratorTest" time="0.003"/>
  <testcase name="testIncreasingTolerance" classname="org.apache.commons.math3.ode.nonstiff.DormandPrince853IntegratorTest" time="0.001"/>
  <testcase name="testTooLargeFirstStep" classname="org.apache.commons.math3.ode.nonstiff.DormandPrince853IntegratorTest" time="0.0"/>
  <testcase name="testEventsScheduling" classname="org.apache.commons.math3.ode.nonstiff.DormandPrince853IntegratorTest" time="0.003"/>
  <system-out><![CDATA[]]></system-out>
  <system-err><![CDATA[]]></system-err>
</testsuite>
