<?xml version="1.0" encoding="UTF-8"?>
<testsuite name="org.apache.commons.math3.dfp.DfpDecTest" tests="3" skipped="0" failures="0" errors="0" timestamp="2020-10-17T21:41:11" hostname="DYLAN-DESKTOP" time="0.007">
  <properties/>
  <testcase name="testRound" classname="org.apache.commons.math3.dfp.DfpDecTest" time="0.005"/>
  <testcase name="testRoundDecimal10" classname="org.apache.commons.math3.dfp.DfpDecTest" time="0.001"/>
  <testcase name="testNextAfter" classname="org.apache.commons.math3.dfp.DfpDecTest" time="0.001"/>
  <system-out><![CDATA[]]></system-out>
  <system-err><![CDATA[]]></system-err>
</testsuite>
