<?xml version="1.0" encoding="UTF-8"?>
<testsuite name="org.apache.commons.math3.random.SobolSequenceGeneratorTest" tests="4" skipped="0" failures="0" errors="0" timestamp="2020-11-02T01:16:00" hostname="DESKTOP-C0495IR" time="0.009">
  <properties/>
  <testcase name="testSkip" classname="org.apache.commons.math3.random.SobolSequenceGeneratorTest" time="0.001"/>
  <testcase name="testConstructor2" classname="org.apache.commons.math3.random.SobolSequenceGeneratorTest" time="0.007"/>
  <testcase name="test3DReference" classname="org.apache.commons.math3.random.SobolSequenceGeneratorTest" time="0.001"/>
  <testcase name="testConstructor" classname="org.apache.commons.math3.random.SobolSequenceGeneratorTest" time="0.0"/>
  <system-out><![CDATA[]]></system-out>
  <system-err><![CDATA[]]></system-err>
</testsuite>
