<?xml version="1.0" encoding="UTF-8"?>
<testsuite name="org.apache.commons.math3.stat.descriptive.ListUnivariateImplTest" tests="5" skipped="0" failures="0" errors="0" timestamp="2020-10-17T21:42:43" hostname="DYLAN-DESKTOP" time="0.007">
  <properties/>
  <testcase name="testProductAndGeometricMean" classname="org.apache.commons.math3.stat.descriptive.ListUnivariateImplTest" time="0.002"/>
  <testcase name="testSerialization" classname="org.apache.commons.math3.stat.descriptive.ListUnivariateImplTest" time="0.004"/>
  <testcase name="testStats" classname="org.apache.commons.math3.stat.descriptive.ListUnivariateImplTest" time="0.0"/>
  <testcase name="testN0andN1Conditions" classname="org.apache.commons.math3.stat.descriptive.ListUnivariateImplTest" time="0.0"/>
  <testcase name="testSkewAndKurtosis" classname="org.apache.commons.math3.stat.descriptive.ListUnivariateImplTest" time="0.001"/>
  <system-out><![CDATA[]]></system-out>
  <system-err><![CDATA[]]></system-err>
</testsuite>
