<?xml version="1.0" encoding="UTF-8"?>
<testsuite name="org.apache.commons.math3.stat.descriptive.StatisticalSummaryValuesTest" tests="3" skipped="0" failures="0" errors="0" timestamp="2020-11-02T01:16:47" hostname="DESKTOP-C0495IR" time="0.001">
  <properties/>
  <testcase name="testSerialization" classname="org.apache.commons.math3.stat.descriptive.StatisticalSummaryValuesTest" time="0.001"/>
  <testcase name="testToString" classname="org.apache.commons.math3.stat.descriptive.StatisticalSummaryValuesTest" time="0.0"/>
  <testcase name="testEqualsAndHashCode" classname="org.apache.commons.math3.stat.descriptive.StatisticalSummaryValuesTest" time="0.0"/>
  <system-out><![CDATA[]]></system-out>
  <system-err><![CDATA[]]></system-err>
</testsuite>
