<?xml version="1.0" encoding="UTF-8"?>
<testsuite name="org.apache.commons.math3.analysis.interpolation.TricubicSplineInterpolatingFunctionTest" tests="3" skipped="0" failures="0" errors="0" timestamp="2020-10-17T21:41:09" hostname="DYLAN-DESKTOP" time="0.018">
  <properties/>
  <testcase name="testPlane" classname="org.apache.commons.math3.analysis.interpolation.TricubicSplineInterpolatingFunctionTest" time="0.009"/>
  <testcase name="testWave" classname="org.apache.commons.math3.analysis.interpolation.TricubicSplineInterpolatingFunctionTest" time="0.008"/>
  <testcase name="testPreconditions" classname="org.apache.commons.math3.analysis.interpolation.TricubicSplineInterpolatingFunctionTest" time="0.001"/>
  <system-out><![CDATA[]]></system-out>
  <system-err><![CDATA[]]></system-err>
</testsuite>
