<?xml version="1.0" encoding="UTF-8"?>
<testsuite name="org.apache.commons.math3.ode.events.EventFilterTest" tests="7" skipped="0" failures="0" errors="0" timestamp="2020-11-02T01:14:30" hostname="DESKTOP-C0495IR" time="0.053">
  <properties/>
  <testcase name="testTwoOppositeFilters" classname="org.apache.commons.math3.ode.events.EventFilterTest" time="0.017"/>
  <testcase name="testIncreasingOnly" classname="org.apache.commons.math3.ode.events.EventFilterTest" time="0.001"/>
  <testcase name="testHistoryIncreasingForward" classname="org.apache.commons.math3.ode.events.EventFilterTest" time="0.011"/>
  <testcase name="testDecreasingOnly" classname="org.apache.commons.math3.ode.events.EventFilterTest" time="0.0"/>
  <testcase name="testHistoryIncreasingBackward" classname="org.apache.commons.math3.ode.events.EventFilterTest" time="0.007"/>
  <testcase name="testHistoryDecreasingBackward" classname="org.apache.commons.math3.ode.events.EventFilterTest" time="0.009"/>
  <testcase name="testHistoryDecreasingForward" classname="org.apache.commons.math3.ode.events.EventFilterTest" time="0.007"/>
  <system-out><![CDATA[]]></system-out>
  <system-err><![CDATA[]]></system-err>
</testsuite>
