<?xml version="1.0" encoding="UTF-8"?>
<testsuite name="org.apache.commons.math3.analysis.interpolation.BicubicSplineInterpolatorTest" tests="3" skipped="0" failures="0" errors="0" timestamp="2020-10-17T21:41:08" hostname="DYLAN-DESKTOP" time="0.01">
  <properties/>
  <testcase name="testPreconditions" classname="org.apache.commons.math3.analysis.interpolation.BicubicSplineInterpolatorTest" time="0.003"/>
  <testcase name="testInterpolation1" classname="org.apache.commons.math3.analysis.interpolation.BicubicSplineInterpolatorTest" time="0.003"/>
  <testcase name="testInterpolation2" classname="org.apache.commons.math3.analysis.interpolation.BicubicSplineInterpolatorTest" time="0.004"/>
  <system-out><![CDATA[]]></system-out>
  <system-err><![CDATA[]]></system-err>
</testsuite>
