<?xml version="1.0" encoding="UTF-8"?>
<testsuite name="org.apache.commons.math3.analysis.FunctionUtilsTest" tests="18" skipped="0" failures="0" errors="0" timestamp="2020-11-02T01:13:39" hostname="DESKTOP-C0495IR" time="0.033">
  <properties/>
  <testcase name="testToDifferentiableMultivariateFunction" classname="org.apache.commons.math3.analysis.FunctionUtilsTest" time="0.006"/>
  <testcase name="testToMultivariateDifferentiableFunction" classname="org.apache.commons.math3.analysis.FunctionUtilsTest" time="0.014"/>
  <testcase name="testCollector" classname="org.apache.commons.math3.analysis.FunctionUtilsTest" time="0.002"/>
  <testcase name="testFixingArguments" classname="org.apache.commons.math3.analysis.FunctionUtilsTest" time="0.001"/>
  <testcase name="testMultiplyDifferentiable" classname="org.apache.commons.math3.analysis.FunctionUtilsTest" time="0.002"/>
  <testcase name="testAdd" classname="org.apache.commons.math3.analysis.FunctionUtilsTest" time="0.001"/>
  <testcase name="testSinc" classname="org.apache.commons.math3.analysis.FunctionUtilsTest" time="0.001"/>
  <testcase name="testComposeDifferentiable" classname="org.apache.commons.math3.analysis.FunctionUtilsTest" time="0.0"/>
  <testcase name="testSampleNegativeNumberOfPoints" classname="org.apache.commons.math3.analysis.FunctionUtilsTest" time="0.001"/>
  <testcase name="testToDifferentiableUnivariateFunction" classname="org.apache.commons.math3.analysis.FunctionUtilsTest" time="0.001"/>
  <testcase name="testSampleNullNumberOfPoints" classname="org.apache.commons.math3.analysis.FunctionUtilsTest" time="0.0"/>
  <testcase name="testSampleWrongBounds" classname="org.apache.commons.math3.analysis.FunctionUtilsTest" time="0.0"/>
  <testcase name="testCombine" classname="org.apache.commons.math3.analysis.FunctionUtilsTest" time="0.0"/>
  <testcase name="testCompose" classname="org.apache.commons.math3.analysis.FunctionUtilsTest" time="0.0"/>
  <testcase name="testMultiply" classname="org.apache.commons.math3.analysis.FunctionUtilsTest" time="0.0"/>
  <testcase name="testAddDifferentiable" classname="org.apache.commons.math3.analysis.FunctionUtilsTest" time="0.0"/>
  <testcase name="testToUnivariateDifferential" classname="org.apache.commons.math3.analysis.FunctionUtilsTest" time="0.001"/>
  <testcase name="testSample" classname="org.apache.commons.math3.analysis.FunctionUtilsTest" time="0.0"/>
  <system-out><![CDATA[]]></system-out>
  <system-err><![CDATA[]]></system-err>
</testsuite>
