<?xml version="1.0" encoding="UTF-8"?>
<testsuite name="org.apache.commons.math3.analysis.interpolation.DividedDifferenceInterpolatorTest" tests="3" skipped="0" failures="0" errors="0" timestamp="2020-10-17T21:41:08" hostname="DYLAN-DESKTOP" time="0.005">
  <properties/>
  <testcase name="testParameters" classname="org.apache.commons.math3.analysis.interpolation.DividedDifferenceInterpolatorTest" time="0.002"/>
  <testcase name="testSinFunction" classname="org.apache.commons.math3.analysis.interpolation.DividedDifferenceInterpolatorTest" time="0.001"/>
  <testcase name="testExpm1Function" classname="org.apache.commons.math3.analysis.interpolation.DividedDifferenceInterpolatorTest" time="0.001"/>
  <system-out><![CDATA[]]></system-out>
  <system-err><![CDATA[]]></system-err>
</testsuite>
