<?xml version="1.0" encoding="UTF-8"?>
<testsuite name="org.apache.commons.math3.ode.nonstiff.GillStepInterpolatorTest" tests="2" skipped="0" failures="0" errors="0" timestamp="2020-10-17T21:41:30" hostname="DYLAN-DESKTOP" time="0.046">
  <properties/>
  <testcase name="testDerivativesConsistency" classname="org.apache.commons.math3.ode.nonstiff.GillStepInterpolatorTest" time="0.015"/>
  <testcase name="serialization" classname="org.apache.commons.math3.ode.nonstiff.GillStepInterpolatorTest" time="0.031"/>
  <system-out><![CDATA[]]></system-out>
  <system-err><![CDATA[]]></system-err>
</testsuite>
