<?xml version="1.0" encoding="UTF-8"?>
<testsuite name="org.apache.commons.math3.random.SobolSequenceGeneratorTest" tests="4" skipped="0" failures="0" errors="0" timestamp="2020-10-17T21:42:22" hostname="DYLAN-DESKTOP" time="0.013">
  <properties/>
  <testcase name="testSkip" classname="org.apache.commons.math3.random.SobolSequenceGeneratorTest" time="0.002"/>
  <testcase name="testConstructor2" classname="org.apache.commons.math3.random.SobolSequenceGeneratorTest" time="0.009"/>
  <testcase name="test3DReference" classname="org.apache.commons.math3.random.SobolSequenceGeneratorTest" time="0.001"/>
  <testcase name="testConstructor" classname="org.apache.commons.math3.random.SobolSequenceGeneratorTest" time="0.001"/>
  <system-out><![CDATA[]]></system-out>
  <system-err><![CDATA[]]></system-err>
</testsuite>
