<?xml version="1.0" encoding="UTF-8"?>
<testsuite name="org.apache.commons.math3.linear.QRDecompositionTest" tests="10" skipped="0" failures="0" errors="0" timestamp="2020-10-17T21:41:26" hostname="DYLAN-DESKTOP" time="0.046">
  <properties/>
  <testcase name="testAEqualQR" classname="org.apache.commons.math3.linear.QRDecompositionTest" time="0.013"/>
  <testcase name="testInvertShortWide" classname="org.apache.commons.math3.linear.QRDecompositionTest" time="0.0"/>
  <testcase name="testMatricesValues" classname="org.apache.commons.math3.linear.QRDecompositionTest" time="0.0"/>
  <testcase name="testDimensions" classname="org.apache.commons.math3.linear.QRDecompositionTest" time="0.006"/>
  <testcase name="testInvertTallSkinny" classname="org.apache.commons.math3.linear.QRDecompositionTest" time="0.0"/>
  <testcase name="testRUpperTriangular" classname="org.apache.commons.math3.linear.QRDecompositionTest" time="0.006"/>
  <testcase name="testNonInvertible" classname="org.apache.commons.math3.linear.QRDecompositionTest" time="0.0"/>
  <testcase name="testQRSingular" classname="org.apache.commons.math3.linear.QRDecompositionTest" time="0.0"/>
  <testcase name="testQOrthogonal" classname="org.apache.commons.math3.linear.QRDecompositionTest" time="0.014"/>
  <testcase name="testHTrapezoidal" classname="org.apache.commons.math3.linear.QRDecompositionTest" time="0.006"/>
  <system-out><![CDATA[]]></system-out>
  <system-err><![CDATA[]]></system-err>
</testsuite>
