<?xml version="1.0" encoding="UTF-8"?>
<testsuite name="org.apache.commons.math3.stat.CertifiedDataTest" tests="2" skipped="0" failures="0" errors="0" timestamp="2020-11-02T01:16:34" hostname="DESKTOP-C0495IR" time="0.006">
  <properties/>
  <testcase name="testSummaryStatistics" classname="org.apache.commons.math3.stat.CertifiedDataTest" time="0.003"/>
  <testcase name="testDescriptiveStatistics" classname="org.apache.commons.math3.stat.CertifiedDataTest" time="0.003"/>
  <system-out><![CDATA[]]></system-out>
  <system-err><![CDATA[]]></system-err>
</testsuite>
