<?xml version="1.0" encoding="UTF-8"?>
<testsuite name="org.apache.commons.math3.transform.FastHadamardTransformerTest" tests="4" skipped="0" failures="0" errors="0" timestamp="2020-11-02T01:16:53" hostname="DESKTOP-C0495IR" time="0.001">
  <properties/>
  <testcase name="test3Points" classname="org.apache.commons.math3.transform.FastHadamardTransformerTest" time="0.001"/>
  <testcase name="test8Points" classname="org.apache.commons.math3.transform.FastHadamardTransformerTest" time="0.0"/>
  <testcase name="test4Points" classname="org.apache.commons.math3.transform.FastHadamardTransformerTest" time="0.0"/>
  <testcase name="testNoIntInverse" classname="org.apache.commons.math3.transform.FastHadamardTransformerTest" time="0.0"/>
  <system-out><![CDATA[]]></system-out>
  <system-err><![CDATA[]]></system-err>
</testsuite>
