<?xml version="1.0" encoding="UTF-8"?>
<testsuite name="org.apache.commons.math3.geometry.spherical.oned.Sphere1Test" tests="3" skipped="0" failures="0" errors="0" timestamp="2020-10-17T21:41:25" hostname="DYLAN-DESKTOP" time="0.001">
  <properties/>
  <testcase name="testSerialization" classname="org.apache.commons.math3.geometry.spherical.oned.Sphere1Test" time="0.001"/>
  <testcase name="testSubSpace" classname="org.apache.commons.math3.geometry.spherical.oned.Sphere1Test" time="0.0"/>
  <testcase name="testDimension" classname="org.apache.commons.math3.geometry.spherical.oned.Sphere1Test" time="0.0"/>
  <system-out><![CDATA[]]></system-out>
  <system-err><![CDATA[]]></system-err>
</testsuite>
