<?xml version="1.0" encoding="UTF-8"?>
<testsuite name="org.apache.commons.math3.exception.TooManyEvaluationsExceptionTest" tests="1" skipped="0" failures="0" errors="0" timestamp="2020-10-17T21:41:13" hostname="DYLAN-DESKTOP" time="0.003">
  <properties/>
  <testcase name="testMessage" classname="org.apache.commons.math3.exception.TooManyEvaluationsExceptionTest" time="0.003"/>
  <system-out><![CDATA[]]></system-out>
  <system-err><![CDATA[]]></system-err>
</testsuite>
