<?xml version="1.0" encoding="UTF-8"?>
<testsuite name="org.apache.commons.math3.analysis.interpolation.MicrosphereInterpolatorTest" tests="2" skipped="0" failures="0" errors="0" timestamp="2020-11-02T01:14:01" hostname="DESKTOP-C0495IR" time="0.124">
  <properties/>
  <testcase name="testLinearFunction2D" classname="org.apache.commons.math3.analysis.interpolation.MicrosphereInterpolatorTest" time="0.028"/>
  <testcase name="testParaboloid2D" classname="org.apache.commons.math3.analysis.interpolation.MicrosphereInterpolatorTest" time="0.096"/>
  <system-out><![CDATA[]]></system-out>
  <system-err><![CDATA[]]></system-err>
</testsuite>
