<?xml version="1.0" encoding="UTF-8"?>
<testsuite name="org.apache.commons.math3.ml.neuralnet.NetworkTest" tests="6" skipped="0" failures="0" errors="0" timestamp="2020-11-02T01:14:30" hostname="DESKTOP-C0495IR" time="0.007">
  <properties/>
  <testcase name="testGetFeaturesSize" classname="org.apache.commons.math3.ml.neuralnet.NetworkTest" time="0.003"/>
  <testcase name="testCopy" classname="org.apache.commons.math3.ml.neuralnet.NetworkTest" time="0.0"/>
  <testcase name="testIterationOrder" classname="org.apache.commons.math3.ml.neuralnet.NetworkTest" time="0.001"/>
  <testcase name="testSerialize" classname="org.apache.commons.math3.ml.neuralnet.NetworkTest" time="0.003"/>
  <testcase name="testDeleteNeuron" classname="org.apache.commons.math3.ml.neuralnet.NetworkTest" time="0.0"/>
  <testcase name="testDeleteLink" classname="org.apache.commons.math3.ml.neuralnet.NetworkTest" time="0.0"/>
  <system-out><![CDATA[]]></system-out>
  <system-err><![CDATA[]]></system-err>
</testsuite>
