<?xml version="1.0" encoding="UTF-8"?>
<testsuite name="org.apache.commons.math3.ml.neuralnet.sofm.KohonenTrainingTaskTest" tests="2" skipped="0" failures="0" errors="0" timestamp="2020-11-02T01:14:30" hostname="DESKTOP-C0495IR" time="0.35">
  <properties/>
  <testcase name="testTravellerSalesmanSquareTourSequentialSolver" classname="org.apache.commons.math3.ml.neuralnet.sofm.KohonenTrainingTaskTest" time="0.207"/>
  <testcase name="testTravellerSalesmanSquareTourParallelSolver" classname="org.apache.commons.math3.ml.neuralnet.sofm.KohonenTrainingTaskTest" time="0.143"/>
  <system-out><![CDATA[]]></system-out>
  <system-err><![CDATA[]]></system-err>
</testsuite>
