<?xml version="1.0" encoding="UTF-8"?>
<testsuite name="org.apache.commons.math3.complex.RootsOfUnityTest" tests="6" skipped="0" failures="0" errors="0" timestamp="2020-11-02T01:14:04" hostname="DESKTOP-C0495IR" time="0.002">
  <properties/>
  <testcase name="testZeroNumberOfRoots" classname="org.apache.commons.math3.complex.RootsOfUnityTest" time="0.001"/>
  <testcase name="testComputeRoots" classname="org.apache.commons.math3.complex.RootsOfUnityTest" time="0.0"/>
  <testcase name="testMathIllegalState1" classname="org.apache.commons.math3.complex.RootsOfUnityTest" time="0.001"/>
  <testcase name="testMathIllegalState2" classname="org.apache.commons.math3.complex.RootsOfUnityTest" time="0.0"/>
  <testcase name="testMathIllegalState3" classname="org.apache.commons.math3.complex.RootsOfUnityTest" time="0.0"/>
  <testcase name="testGetNumberOfRoots" classname="org.apache.commons.math3.complex.RootsOfUnityTest" time="0.0"/>
  <system-out><![CDATA[]]></system-out>
  <system-err><![CDATA[]]></system-err>
</testsuite>
