<?xml version="1.0" encoding="UTF-8"?>
<testsuite name="org.apache.commons.math3.analysis.solvers.IllinoisSolverTest" tests="8" skipped="0" failures="0" errors="0" timestamp="2020-11-02T01:14:04" hostname="DESKTOP-C0495IR" time="0.003">
  <properties/>
  <testcase name="testSolutionRightSide" classname="org.apache.commons.math3.analysis.solvers.IllinoisSolverTest" time="0.002"/>
  <testcase name="testSolutionAboveSide" classname="org.apache.commons.math3.analysis.solvers.IllinoisSolverTest" time="0.0"/>
  <testcase name="testSolutionBelowSide" classname="org.apache.commons.math3.analysis.solvers.IllinoisSolverTest" time="0.0"/>
  <testcase name="testSolutionLeftSide" classname="org.apache.commons.math3.analysis.solvers.IllinoisSolverTest" time="0.0"/>
  <testcase name="testBadEndpoints" classname="org.apache.commons.math3.analysis.solvers.IllinoisSolverTest" time="0.0"/>
  <testcase name="testRootEndpoints" classname="org.apache.commons.math3.analysis.solvers.IllinoisSolverTest" time="0.0"/>
  <testcase name="testQuinticZero" classname="org.apache.commons.math3.analysis.solvers.IllinoisSolverTest" time="0.0"/>
  <testcase name="testSinZero" classname="org.apache.commons.math3.analysis.solvers.IllinoisSolverTest" time="0.0"/>
  <system-out><![CDATA[]]></system-out>
  <system-err><![CDATA[]]></system-err>
</testsuite>
