<?xml version="1.0" encoding="UTF-8"?>
<testsuite name="org.apache.commons.math3.geometry.euclidean.twod.DiskGeneratorTest" tests="5" skipped="0" failures="0" errors="0" timestamp="2020-11-02T01:14:28" hostname="DESKTOP-C0495IR" time="0.125">
  <properties/>
  <testcase name="testSupport2Points" classname="org.apache.commons.math3.geometry.euclidean.twod.DiskGeneratorTest" time="0.0"/>
  <testcase name="testSupport3Points" classname="org.apache.commons.math3.geometry.euclidean.twod.DiskGeneratorTest" time="0.0"/>
  <testcase name="testSupport0Point" classname="org.apache.commons.math3.geometry.euclidean.twod.DiskGeneratorTest" time="0.0"/>
  <testcase name="testSupport1Point" classname="org.apache.commons.math3.geometry.euclidean.twod.DiskGeneratorTest" time="0.0"/>
  <testcase name="testRandom" classname="org.apache.commons.math3.geometry.euclidean.twod.DiskGeneratorTest" time="0.125"/>
  <system-out><![CDATA[]]></system-out>
  <system-err><![CDATA[]]></system-err>
</testsuite>
