<?xml version="1.0" encoding="UTF-8"?>
<testsuite name="org.apache.commons.math3.linear.SymmLQTest" tests="36" skipped="0" failures="0" errors="0" timestamp="2020-10-17T21:41:26" hostname="DYLAN-DESKTOP" time="0.11">
  <properties/>
  <testcase name="testMismatchedOperatorDimensions" classname="org.apache.commons.math3.linear.SymmLQTest" time="0.0"/>
  <testcase name="testDimensionMismatchRightHandSide" classname="org.apache.commons.math3.linear.SymmLQTest" time="0.0"/>
  <testcase name="testNonSquarePreconditioner" classname="org.apache.commons.math3.linear.SymmLQTest" time="0.0"/>
  <testcase name="testNonPositiveDefinitePreconditioner" classname="org.apache.commons.math3.linear.SymmLQTest" time="0.004"/>
  <testcase name="testPreconditionedSolution2" classname="org.apache.commons.math3.linear.SymmLQTest" time="0.094"/>
  <testcase name="testNonSelfAdjointPreconditioner" classname="org.apache.commons.math3.linear.SymmLQTest" time="0.0"/>
  <testcase name="testUnpreconditionedInPlaceSolutionWithInitialGuess" classname="org.apache.commons.math3.linear.SymmLQTest" time="0.001"/>
  <testcase name="testNonSquareOperator" classname="org.apache.commons.math3.linear.SymmLQTest" time="0.0"/>
  <testcase name="testNonSelfAdjointOperator" classname="org.apache.commons.math3.linear.SymmLQTest" time="0.0"/>
  <testcase name="testSolveSaunders1" classname="org.apache.commons.math3.linear.SymmLQTest" time="0.0"/>
  <testcase name="testSolveSaunders2" classname="org.apache.commons.math3.linear.SymmLQTest" time="0.0"/>
  <testcase name="testSolveSaunders3" classname="org.apache.commons.math3.linear.SymmLQTest" time="0.0"/>
  <testcase name="testSolveSaunders4" classname="org.apache.commons.math3.linear.SymmLQTest" time="0.0"/>
  <testcase name="testSolveSaunders5" classname="org.apache.commons.math3.linear.SymmLQTest" time="0.0"/>
  <testcase name="testSolveSaunders6" classname="org.apache.commons.math3.linear.SymmLQTest" time="0.0"/>
  <testcase name="testSolveSaunders7" classname="org.apache.commons.math3.linear.SymmLQTest" time="0.0"/>
  <testcase name="testSolveSaunders8" classname="org.apache.commons.math3.linear.SymmLQTest" time="0.001"/>
  <testcase name="testSolveSaunders9" classname="org.apache.commons.math3.linear.SymmLQTest" time="0.0"/>
  <testcase name="testPreconditionedNormOfResidual" classname="org.apache.commons.math3.linear.SymmLQTest" time="0.002"/>
  <testcase name="testUnpreconditionedNormOfResidual" classname="org.apache.commons.math3.linear.SymmLQTest" time="0.002"/>
  <testcase name="testDimensionMismatchSolution" classname="org.apache.commons.math3.linear.SymmLQTest" time="0.0"/>
  <testcase name="testUnpreconditionedSolutionWithInitialGuess" classname="org.apache.commons.math3.linear.SymmLQTest" time="0.0"/>
  <testcase name="testPreconditionedSolution" classname="org.apache.commons.math3.linear.SymmLQTest" time="0.001"/>
  <testcase name="testUnpreconditionedSolution" classname="org.apache.commons.math3.linear.SymmLQTest" time="0.001"/>
  <testcase name="testEventManagement" classname="org.apache.commons.math3.linear.SymmLQTest" time="0.001"/>
  <testcase name="testSolveSaunders10" classname="org.apache.commons.math3.linear.SymmLQTest" time="0.0"/>
  <testcase name="testSolveSaunders11" classname="org.apache.commons.math3.linear.SymmLQTest" time="0.0"/>
  <testcase name="testSolveSaunders12" classname="org.apache.commons.math3.linear.SymmLQTest" time="0.0"/>
  <testcase name="testSolveSaunders13" classname="org.apache.commons.math3.linear.SymmLQTest" time="0.0"/>
  <testcase name="testSolveSaunders14" classname="org.apache.commons.math3.linear.SymmLQTest" time="0.0"/>
  <testcase name="testSolveSaunders15" classname="org.apache.commons.math3.linear.SymmLQTest" time="0.0"/>
  <testcase name="testSolveSaunders16" classname="org.apache.commons.math3.linear.SymmLQTest" time="0.0"/>
  <testcase name="testSolveSaunders17" classname="org.apache.commons.math3.linear.SymmLQTest" time="0.0"/>
  <testcase name="testSolveSaunders18" classname="org.apache.commons.math3.linear.SymmLQTest" time="0.0"/>
  <testcase name="testSolveSaunders19" classname="org.apache.commons.math3.linear.SymmLQTest" time="0.001"/>
  <testcase name="testSolveSaunders20" classname="org.apache.commons.math3.linear.SymmLQTest" time="0.0"/>
  <system-out><![CDATA[]]></system-out>
  <system-err><![CDATA[]]></system-err>
</testsuite>
