<?xml version="1.0" encoding="UTF-8"?>
<testsuite name="org.apache.commons.math3.fraction.BigFractionFormatTest" tests="19" skipped="0" failures="0" errors="0" timestamp="2020-11-02T01:14:13" hostname="DESKTOP-C0495IR" time="0.006">
  <properties/>
  <testcase name="testNumeratorFormat" classname="org.apache.commons.math3.fraction.BigFractionFormatTest" time="0.001"/>
  <testcase name="testFormatImproperNegative" classname="org.apache.commons.math3.fraction.BigFractionFormatTest" time="0.001"/>
  <testcase name="testLongFormat" classname="org.apache.commons.math3.fraction.BigFractionFormatTest" time="0.0"/>
  <testcase name="testFormatImproper" classname="org.apache.commons.math3.fraction.BigFractionFormatTest" time="0.0"/>
  <testcase name="testParseProper" classname="org.apache.commons.math3.fraction.BigFractionFormatTest" time="0.0"/>
  <testcase name="testParseProperNegative" classname="org.apache.commons.math3.fraction.BigFractionFormatTest" time="0.001"/>
  <testcase name="testParse" classname="org.apache.commons.math3.fraction.BigFractionFormatTest" time="0.0"/>
  <testcase name="testWholeFormat" classname="org.apache.commons.math3.fraction.BigFractionFormatTest" time="0.0"/>
  <testcase name="testFormatZero" classname="org.apache.commons.math3.fraction.BigFractionFormatTest" time="0.0"/>
  <testcase name="testFormatNegative" classname="org.apache.commons.math3.fraction.BigFractionFormatTest" time="0.0"/>
  <testcase name="testParseInvalidDenominator" classname="org.apache.commons.math3.fraction.BigFractionFormatTest" time="0.001"/>
  <testcase name="testDenominatorFormat" classname="org.apache.commons.math3.fraction.BigFractionFormatTest" time="0.0"/>
  <testcase name="testParseProperInvalidMinus" classname="org.apache.commons.math3.fraction.BigFractionFormatTest" time="0.0"/>
  <testcase name="testParseInteger" classname="org.apache.commons.math3.fraction.BigFractionFormatTest" time="0.0"/>
  <testcase name="testParseInvalid" classname="org.apache.commons.math3.fraction.BigFractionFormatTest" time="0.001"/>
  <testcase name="testFormat" classname="org.apache.commons.math3.fraction.BigFractionFormatTest" time="0.0"/>
  <testcase name="testDoubleFormat" classname="org.apache.commons.math3.fraction.BigFractionFormatTest" time="0.0"/>
  <testcase name="testParseBig" classname="org.apache.commons.math3.fraction.BigFractionFormatTest" time="0.001"/>
  <testcase name="testParseNegative" classname="org.apache.commons.math3.fraction.BigFractionFormatTest" time="0.0"/>
  <system-out><![CDATA[]]></system-out>
  <system-err><![CDATA[]]></system-err>
</testsuite>
