<?xml version="1.0" encoding="UTF-8"?>
<testsuite name="org.apache.commons.math3.fraction.FractionTest" tests="26" skipped="0" failures="0" errors="0" timestamp="2020-11-02T01:14:13" hostname="DESKTOP-C0495IR" time="0.006">
  <properties/>
  <testcase name="testFloatValue" classname="org.apache.commons.math3.fraction.FractionTest" time="0.0"/>
  <testcase name="testPercentage" classname="org.apache.commons.math3.fraction.FractionTest" time="0.001"/>
  <testcase name="testAbs" classname="org.apache.commons.math3.fraction.FractionTest" time="0.0"/>
  <testcase name="testAdd" classname="org.apache.commons.math3.fraction.FractionTest" time="0.0"/>
  <testcase name="testSubtract" classname="org.apache.commons.math3.fraction.FractionTest" time="0.0"/>
  <testcase name="testToString" classname="org.apache.commons.math3.fraction.FractionTest" time="0.0"/>
  <testcase name="testReciprocal" classname="org.apache.commons.math3.fraction.FractionTest" time="0.0"/>
  <testcase name="testEpsilonLimitConstructor" classname="org.apache.commons.math3.fraction.FractionTest" time="0.0"/>
  <testcase name="testGetReducedFraction" classname="org.apache.commons.math3.fraction.FractionTest" time="0.0"/>
  <testcase name="testConstructorDouble" classname="org.apache.commons.math3.fraction.FractionTest" time="0.0"/>
  <testcase name="testCompareTo" classname="org.apache.commons.math3.fraction.FractionTest" time="0.0"/>
  <testcase name="testDoubleConstructor" classname="org.apache.commons.math3.fraction.FractionTest" time="0.0"/>
  <testcase name="testMath835" classname="org.apache.commons.math3.fraction.FractionTest" time="0.0"/>
  <testcase name="testLongValue" classname="org.apache.commons.math3.fraction.FractionTest" time="0.0"/>
  <testcase name="testDigitLimitConstructor" classname="org.apache.commons.math3.fraction.FractionTest" time="0.0"/>
  <testcase name="testMath1261" classname="org.apache.commons.math3.fraction.FractionTest" time="0.0"/>
  <testcase name="testIntValue" classname="org.apache.commons.math3.fraction.FractionTest" time="0.0"/>
  <testcase name="testDivide" classname="org.apache.commons.math3.fraction.FractionTest" time="0.0"/>
  <testcase name="testMultiply" classname="org.apache.commons.math3.fraction.FractionTest" time="0.0"/>
  <testcase name="testEqualsAndHashCode" classname="org.apache.commons.math3.fraction.FractionTest" time="0.0"/>
  <testcase name="testNegate" classname="org.apache.commons.math3.fraction.FractionTest" time="0.0"/>
  <testcase name="testSerial" classname="org.apache.commons.math3.fraction.FractionTest" time="0.003"/>
  <testcase name="testGoldenRatio" classname="org.apache.commons.math3.fraction.FractionTest" time="0.0"/>
  <testcase name="testIntegerOverflow" classname="org.apache.commons.math3.fraction.FractionTest" time="0.0"/>
  <testcase name="testDoubleValue" classname="org.apache.commons.math3.fraction.FractionTest" time="0.0"/>
  <testcase name="testConstructor" classname="org.apache.commons.math3.fraction.FractionTest" time="0.0"/>
  <system-out><![CDATA[]]></system-out>
  <system-err><![CDATA[]]></system-err>
</testsuite>
