<?xml version="1.0" encoding="UTF-8"?>
<testsuite name="org.apache.commons.math3.ode.FieldExpandableODETest" tests="8" skipped="0" failures="0" errors="0" timestamp="2020-10-17T21:41:27" hostname="DYLAN-DESKTOP" time="0.002">
  <properties/>
  <testcase name="testMainAndSecondary" classname="org.apache.commons.math3.ode.FieldExpandableODETest" time="0.001"/>
  <testcase name="testInsertTooShortComplete" classname="org.apache.commons.math3.ode.FieldExpandableODETest" time="0.0"/>
  <testcase name="testMap" classname="org.apache.commons.math3.ode.FieldExpandableODETest" time="0.001"/>
  <testcase name="testExtractDimensionMismatch" classname="org.apache.commons.math3.ode.FieldExpandableODETest" time="0.0"/>
  <testcase name="testInsertWrongEquationData" classname="org.apache.commons.math3.ode.FieldExpandableODETest" time="0.0"/>
  <testcase name="testOnlyMainEquation" classname="org.apache.commons.math3.ode.FieldExpandableODETest" time="0.0"/>
  <testcase name="testNegativeIndex" classname="org.apache.commons.math3.ode.FieldExpandableODETest" time="0.0"/>
  <testcase name="testTooLargeIndex" classname="org.apache.commons.math3.ode.FieldExpandableODETest" time="0.0"/>
  <system-out><![CDATA[]]></system-out>
  <system-err><![CDATA[]]></system-err>
</testsuite>
