<?xml version="1.0" encoding="UTF-8"?>
<testsuite name="org.apache.commons.math3.ode.nonstiff.EulerStepInterpolatorTest" tests="5" skipped="0" failures="0" errors="0" timestamp="2020-10-17T21:41:30" hostname="DYLAN-DESKTOP" time="0.019">
  <properties/>
  <testcase name="interpolationAtBounds" classname="org.apache.commons.math3.ode.nonstiff.EulerStepInterpolatorTest" time="0.0"/>
  <testcase name="derivativesConsistency" classname="org.apache.commons.math3.ode.nonstiff.EulerStepInterpolatorTest" time="0.008"/>
  <testcase name="interpolationInside" classname="org.apache.commons.math3.ode.nonstiff.EulerStepInterpolatorTest" time="0.0"/>
  <testcase name="serialization" classname="org.apache.commons.math3.ode.nonstiff.EulerStepInterpolatorTest" time="0.011"/>
  <testcase name="noReset" classname="org.apache.commons.math3.ode.nonstiff.EulerStepInterpolatorTest" time="0.0"/>
  <system-out><![CDATA[]]></system-out>
  <system-err><![CDATA[]]></system-err>
</testsuite>
