<?xml version="1.0" encoding="UTF-8"?>
<testsuite name="org.apache.commons.math3.linear.Array2DRowRealMatrixTest" tests="39" skipped="0" failures="0" errors="0" timestamp="2020-10-17T21:41:25" hostname="DYLAN-DESKTOP" time="0.021">
  <properties/>
  <testcase name="testFrobeniusNorm" classname="org.apache.commons.math3.linear.Array2DRowRealMatrixTest" time="0.001"/>
  <testcase name="testOperate" classname="org.apache.commons.math3.linear.Array2DRowRealMatrixTest" time="0.0"/>
  <testcase name="testExamples" classname="org.apache.commons.math3.linear.Array2DRowRealMatrixTest" time="0.0"/>
  <testcase name="testGetEntry" classname="org.apache.commons.math3.linear.Array2DRowRealMatrixTest" time="0.0"/>
  <testcase name="testAddFail" classname="org.apache.commons.math3.linear.Array2DRowRealMatrixTest" time="0.0"/>
  <testcase name="testAdd" classname="org.apache.commons.math3.linear.Array2DRowRealMatrixTest" time="0.0"/>
  <testcase name="testScalarAdd" classname="org.apache.commons.math3.linear.Array2DRowRealMatrixTest" time="0.0"/>
  <testcase name="testPower" classname="org.apache.commons.math3.linear.Array2DRowRealMatrixTest" time="0.001"/>
  <testcase name="testTrace" classname="org.apache.commons.math3.linear.Array2DRowRealMatrixTest" time="0.0"/>
  <testcase name="testNorm" classname="org.apache.commons.math3.linear.Array2DRowRealMatrixTest" time="0.0"/>
  <testcase name="testWalk" classname="org.apache.commons.math3.linear.Array2DRowRealMatrixTest" time="0.011"/>
  <testcase name="testToString" classname="org.apache.commons.math3.linear.Array2DRowRealMatrixTest" time="0.0"/>
  <testcase name="testSetRowMatrix" classname="org.apache.commons.math3.linear.Array2DRowRealMatrixTest" time="0.0"/>
  <testcase name="testPlusMinus" classname="org.apache.commons.math3.linear.Array2DRowRealMatrixTest" time="0.001"/>
  <testcase name="testSetRowVector" classname="org.apache.commons.math3.linear.Array2DRowRealMatrixTest" time="0.0"/>
  <testcase name="testMultiply2" classname="org.apache.commons.math3.linear.Array2DRowRealMatrixTest" time="0.0"/>
  <testcase name="testDimensions" classname="org.apache.commons.math3.linear.Array2DRowRealMatrixTest" time="0.0"/>
  <testcase name="testCopySubMatrix" classname="org.apache.commons.math3.linear.Array2DRowRealMatrixTest" time="0.001"/>
  <testcase name="testPremultiplyVector" classname="org.apache.commons.math3.linear.Array2DRowRealMatrixTest" time="0.0"/>
  <testcase name="testCopyFunctions" classname="org.apache.commons.math3.linear.Array2DRowRealMatrixTest" time="0.0"/>
  <testcase name="testGetSubMatrix" classname="org.apache.commons.math3.linear.Array2DRowRealMatrixTest" time="0.001"/>
  <testcase name="testMath209" classname="org.apache.commons.math3.linear.Array2DRowRealMatrixTest" time="0.0"/>
  <testcase name="testGetVectors" classname="org.apache.commons.math3.linear.Array2DRowRealMatrixTest" time="0.001"/>
  <testcase name="testSetColumn" classname="org.apache.commons.math3.linear.Array2DRowRealMatrixTest" time="0.0"/>
  <testcase name="testGetColumnMatrix" classname="org.apache.commons.math3.linear.Array2DRowRealMatrixTest" time="0.0"/>
  <testcase name="testGetColumn" classname="org.apache.commons.math3.linear.Array2DRowRealMatrixTest" time="0.0"/>
  <testcase name="testGetColumnVector" classname="org.apache.commons.math3.linear.Array2DRowRealMatrixTest" time="0.0"/>
  <testcase name="testMultiply" classname="org.apache.commons.math3.linear.Array2DRowRealMatrixTest" time="0.0"/>
  <testcase name="testGetRow" classname="org.apache.commons.math3.linear.Array2DRowRealMatrixTest" time="0.0"/>
  <testcase name="testEqualsAndHashCode" classname="org.apache.commons.math3.linear.Array2DRowRealMatrixTest" time="0.0"/>
  <testcase name="testSerial" classname="org.apache.commons.math3.linear.Array2DRowRealMatrixTest" time="0.002"/>
  <testcase name="testSetRow" classname="org.apache.commons.math3.linear.Array2DRowRealMatrixTest" time="0.0"/>
  <testcase name="testTranspose" classname="org.apache.commons.math3.linear.Array2DRowRealMatrixTest" time="0.0"/>
  <testcase name="testSetColumnMatrix" classname="org.apache.commons.math3.linear.Array2DRowRealMatrixTest" time="0.0"/>
  <testcase name="testPremultiply" classname="org.apache.commons.math3.linear.Array2DRowRealMatrixTest" time="0.0"/>
  <testcase name="testGetRowMatrix" classname="org.apache.commons.math3.linear.Array2DRowRealMatrixTest" time="0.0"/>
  <testcase name="testSetColumnVector" classname="org.apache.commons.math3.linear.Array2DRowRealMatrixTest" time="0.0"/>
  <testcase name="testSetSubMatrix" classname="org.apache.commons.math3.linear.Array2DRowRealMatrixTest" time="0.0"/>
  <testcase name="testGetRowVector" classname="org.apache.commons.math3.linear.Array2DRowRealMatrixTest" time="0.0"/>
  <system-out><![CDATA[]]></system-out>
  <system-err><![CDATA[]]></system-err>
</testsuite>
