<?xml version="1.0" encoding="UTF-8"?>
<testsuite name="org.apache.commons.math3.analysis.solvers.NewtonRaphsonSolverTest" tests="2" skipped="0" failures="0" errors="0" timestamp="2020-11-02T01:14:04" hostname="DESKTOP-C0495IR" time="0.001">
  <properties/>
  <testcase name="testQuinticZero" classname="org.apache.commons.math3.analysis.solvers.NewtonRaphsonSolverTest" time="0.0"/>
  <testcase name="testSinZero" classname="org.apache.commons.math3.analysis.solvers.NewtonRaphsonSolverTest" time="0.0"/>
  <system-out><![CDATA[]]></system-out>
  <system-err><![CDATA[]]></system-err>
</testsuite>
