<?xml version="1.0" encoding="UTF-8"?>
<testsuite name="org.apache.commons.math3.linear.RectangularCholeskyDecompositionTest" tests="3" skipped="0" failures="0" errors="0" timestamp="2020-11-02T01:14:29" hostname="DESKTOP-C0495IR" time="0.001">
  <properties/>
  <testcase name="testMath789" classname="org.apache.commons.math3.linear.RectangularCholeskyDecompositionTest" time="0.001"/>
  <testcase name="testDecomposition3x3" classname="org.apache.commons.math3.linear.RectangularCholeskyDecompositionTest" time="0.0"/>
  <testcase name="testFullRank" classname="org.apache.commons.math3.linear.RectangularCholeskyDecompositionTest" time="0.0"/>
  <system-out><![CDATA[]]></system-out>
  <system-err><![CDATA[]]></system-err>
</testsuite>
