<?xml version="1.0" encoding="UTF-8"?>
<testsuite name="org.apache.commons.math3.geometry.euclidean.threed.SphericalCoordinatesTest" tests="5" skipped="0" failures="0" errors="0" timestamp="2020-11-02T01:14:27" hostname="DESKTOP-C0495IR" time="0.427">
  <properties/>
  <testcase name="testCoordinatesCtoS" classname="org.apache.commons.math3.geometry.euclidean.threed.SphericalCoordinatesTest" time="0.001"/>
  <testcase name="testCoordinatesStoC" classname="org.apache.commons.math3.geometry.euclidean.threed.SphericalCoordinatesTest" time="0.0"/>
  <testcase name="testSerialization" classname="org.apache.commons.math3.geometry.euclidean.threed.SphericalCoordinatesTest" time="0.002"/>
  <testcase name="testHessian" classname="org.apache.commons.math3.geometry.euclidean.threed.SphericalCoordinatesTest" time="0.258"/>
  <testcase name="testGradient" classname="org.apache.commons.math3.geometry.euclidean.threed.SphericalCoordinatesTest" time="0.166"/>
  <system-out><![CDATA[]]></system-out>
  <system-err><![CDATA[]]></system-err>
</testsuite>
