<?xml version="1.0" encoding="UTF-8"?>
<testsuite name="org.apache.commons.math3.stat.inference.TestUtilsTest" tests="16" skipped="0" failures="0" errors="0" timestamp="2020-10-17T21:42:56" hostname="DYLAN-DESKTOP" time="0.004">
  <properties/>
  <testcase name="testOneSampleTTest" classname="org.apache.commons.math3.stat.inference.TestUtilsTest" time="0.0"/>
  <testcase name="testChiSquareIndependence" classname="org.apache.commons.math3.stat.inference.TestUtilsTest" time="0.0"/>
  <testcase name="testKSTwoSample" classname="org.apache.commons.math3.stat.inference.TestUtilsTest" time="0.0"/>
  <testcase name="testGTestGoodnesOfFit" classname="org.apache.commons.math3.stat.inference.TestUtilsTest" time="0.0"/>
  <testcase name="testChiSquareZeroCount" classname="org.apache.commons.math3.stat.inference.TestUtilsTest" time="0.0"/>
  <testcase name="testSmallSamples" classname="org.apache.commons.math3.stat.inference.TestUtilsTest" time="0.0"/>
  <testcase name="testTwoSampleTHeterscedastic" classname="org.apache.commons.math3.stat.inference.TestUtilsTest" time="0.0"/>
  <testcase name="testChiSquareLargeTestStatistic" classname="org.apache.commons.math3.stat.inference.TestUtilsTest" time="0.0"/>
  <testcase name="testRootLogLikelihood" classname="org.apache.commons.math3.stat.inference.TestUtilsTest" time="0.0"/>
  <testcase name="testChiSquare" classname="org.apache.commons.math3.stat.inference.TestUtilsTest" time="0.001"/>
  <testcase name="testGTestIndependance" classname="org.apache.commons.math3.stat.inference.TestUtilsTest" time="0.0"/>
  <testcase name="testKSOneSample" classname="org.apache.commons.math3.stat.inference.TestUtilsTest" time="0.001"/>
  <testcase name="testOneSampleT" classname="org.apache.commons.math3.stat.inference.TestUtilsTest" time="0.0"/>
  <testcase name="testPaired" classname="org.apache.commons.math3.stat.inference.TestUtilsTest" time="0.0"/>
  <testcase name="testTwoSampleTHomoscedastic" classname="org.apache.commons.math3.stat.inference.TestUtilsTest" time="0.0"/>
  <testcase name="testOneWayAnovaUtils" classname="org.apache.commons.math3.stat.inference.TestUtilsTest" time="0.0"/>
  <system-out><![CDATA[]]></system-out>
  <system-err><![CDATA[]]></system-err>
</testsuite>
