<?xml version="1.0" encoding="UTF-8"?>
<testsuite name="org.apache.commons.math3.stat.inference.OneWayAnovaTest" tests="4" skipped="0" failures="0" errors="0" timestamp="2020-10-17T21:42:56" hostname="DYLAN-DESKTOP" time="0.001">
  <properties/>
  <testcase name="testAnovaPValueSummaryStatistics" classname="org.apache.commons.math3.stat.inference.OneWayAnovaTest" time="0.001"/>
  <testcase name="testAnovaTest" classname="org.apache.commons.math3.stat.inference.OneWayAnovaTest" time="0.0"/>
  <testcase name="testAnovaFValue" classname="org.apache.commons.math3.stat.inference.OneWayAnovaTest" time="0.0"/>
  <testcase name="testAnovaPValue" classname="org.apache.commons.math3.stat.inference.OneWayAnovaTest" time="0.0"/>
  <system-out><![CDATA[]]></system-out>
  <system-err><![CDATA[]]></system-err>
</testsuite>
