<?xml version="1.0" encoding="UTF-8"?>
<testsuite name="org.apache.commons.math3.util.MathArraysTest" tests="64" skipped="0" failures="0" errors="0" timestamp="2020-11-02T01:17:13" hostname="DESKTOP-C0495IR" time="0.014">
  <properties/>
  <testcase name="testCopyOfInt" classname="org.apache.commons.math3.util.MathArraysTest" time="0.0"/>
  <testcase name="testCopyOfDouble2" classname="org.apache.commons.math3.util.MathArraysTest" time="0.001"/>
  <testcase name="testCopyOfDouble3" classname="org.apache.commons.math3.util.MathArraysTest" time="0.0"/>
  <testcase name="testSortInPlace" classname="org.apache.commons.math3.util.MathArraysTest" time="0.0"/>
  <testcase name="testCopyOfInt2" classname="org.apache.commons.math3.util.MathArraysTest" time="0.0"/>
  <testcase name="testCopyOfInt3" classname="org.apache.commons.math3.util.MathArraysTest" time="0.0"/>
  <testcase name="testLinearCombinationWithSingleElementArray" classname="org.apache.commons.math3.util.MathArraysTest" time="0.0"/>
  <testcase name="testNormalizeArray" classname="org.apache.commons.math3.util.MathArraysTest" time="0.0"/>
  <testcase name="testEbeMultiplyPrecondition" classname="org.apache.commons.math3.util.MathArraysTest" time="0.0"/>
  <testcase name="testCosAngleExtreme" classname="org.apache.commons.math3.util.MathArraysTest" time="0.0"/>
  <testcase name="testCheckEqualLength1" classname="org.apache.commons.math3.util.MathArraysTest" time="0.0"/>
  <testcase name="testCheckEqualLength2" classname="org.apache.commons.math3.util.MathArraysTest" time="0.0"/>
  <testcase name="testL1DistanceDouble" classname="org.apache.commons.math3.util.MathArraysTest" time="0.0"/>
  <testcase name="testCheckOrder" classname="org.apache.commons.math3.util.MathArraysTest" time="0.0"/>
  <testcase name="testScale" classname="org.apache.commons.math3.util.MathArraysTest" time="0.0"/>
  <testcase name="testL1DistanceInt" classname="org.apache.commons.math3.util.MathArraysTest" time="0.0"/>
  <testcase name="testEbeDivide" classname="org.apache.commons.math3.util.MathArraysTest" time="0.0"/>
  <testcase name="testEbeMultiply" classname="org.apache.commons.math3.util.MathArraysTest" time="0.0"/>
  <testcase name="testConcatenateNullArguments" classname="org.apache.commons.math3.util.MathArraysTest" time="0.0"/>
  <testcase name="testL2DistanceInt" classname="org.apache.commons.math3.util.MathArraysTest" time="0.0"/>
  <testcase name="testIsMonotonic" classname="org.apache.commons.math3.util.MathArraysTest" time="0.0"/>
  <testcase name="testLInfDistanceDouble" classname="org.apache.commons.math3.util.MathArraysTest" time="0.0"/>
  <testcase name="testArrayEqualsIncludingNaN" classname="org.apache.commons.math3.util.MathArraysTest" time="0.0"/>
  <testcase name="testArrayEquals" classname="org.apache.commons.math3.util.MathArraysTest" time="0.0"/>
  <testcase name="testShuffleHead" classname="org.apache.commons.math3.util.MathArraysTest" time="0.0"/>
  <testcase name="testShuffleTail" classname="org.apache.commons.math3.util.MathArraysTest" time="0.0"/>
  <testcase name="testIsMonotonicComparable" classname="org.apache.commons.math3.util.MathArraysTest" time="0.0"/>
  <testcase name="testUniqueNaNValues" classname="org.apache.commons.math3.util.MathArraysTest" time="0.0"/>
  <testcase name="testLinearCombinationHuge" classname="org.apache.commons.math3.util.MathArraysTest" time="0.0"/>
  <testcase name="testCheckNotNaN" classname="org.apache.commons.math3.util.MathArraysTest" time="0.0"/>
  <testcase name="testUniqueInfiniteValues" classname="org.apache.commons.math3.util.MathArraysTest" time="0.0"/>
  <testcase name="testL2DistanceDouble" classname="org.apache.commons.math3.util.MathArraysTest" time="0.0"/>
  <testcase name="testConvolve" classname="org.apache.commons.math3.util.MathArraysTest" time="0.0"/>
  <testcase name="testLInfDistanceInt" classname="org.apache.commons.math3.util.MathArraysTest" time="0.0"/>
  <testcase name="testConcatenate" classname="org.apache.commons.math3.util.MathArraysTest" time="0.001"/>
  <testcase name="testLinearCombinationInfinite" classname="org.apache.commons.math3.util.MathArraysTest" time="0.0"/>
  <testcase name="testCheckNonNegative2D" classname="org.apache.commons.math3.util.MathArraysTest" time="0.0"/>
  <testcase name="testSortInPlaceExample" classname="org.apache.commons.math3.util.MathArraysTest" time="0.0"/>
  <testcase name="testEbeAddPrecondition" classname="org.apache.commons.math3.util.MathArraysTest" time="0.0"/>
  <testcase name="testLinearCombination1" classname="org.apache.commons.math3.util.MathArraysTest" time="0.0"/>
  <testcase name="testLinearCombination2" classname="org.apache.commons.math3.util.MathArraysTest" time="0.006"/>
  <testcase name="testEbeSubtract" classname="org.apache.commons.math3.util.MathArraysTest" time="0.0"/>
  <testcase name="testEbeDividePrecondition" classname="org.apache.commons.math3.util.MathArraysTest" time="0.0"/>
  <testcase name="testCheckPositive" classname="org.apache.commons.math3.util.MathArraysTest" time="0.0"/>
  <testcase name="testScaleInPlace" classname="org.apache.commons.math3.util.MathArraysTest" time="0.0"/>
  <testcase name="testVerifyValuesPositive" classname="org.apache.commons.math3.util.MathArraysTest" time="0.0"/>
  <testcase name="testUniqueNullArgument" classname="org.apache.commons.math3.util.MathArraysTest" time="0.0"/>
  <testcase name="testNaturalZero" classname="org.apache.commons.math3.util.MathArraysTest" time="0.0"/>
  <testcase name="testVerifyValuesNegative" classname="org.apache.commons.math3.util.MathArraysTest" time="0.0"/>
  <testcase name="testCheckNonNegative" classname="org.apache.commons.math3.util.MathArraysTest" time="0.0"/>
  <testcase name="testSortInPlaceDecresasingOrder" classname="org.apache.commons.math3.util.MathArraysTest" time="0.0"/>
  <testcase name="testEbeAdd" classname="org.apache.commons.math3.util.MathArraysTest" time="0.0"/>
  <testcase name="testNatural" classname="org.apache.commons.math3.util.MathArraysTest" time="0.0"/>
  <testcase name="testConcatentateSingle" classname="org.apache.commons.math3.util.MathArraysTest" time="0.0"/>
  <testcase name="testCopyOfRange" classname="org.apache.commons.math3.util.MathArraysTest" time="0.0"/>
  <testcase name="testCheckRectangular" classname="org.apache.commons.math3.util.MathArraysTest" time="0.0"/>
  <testcase name="testCopyOfDouble" classname="org.apache.commons.math3.util.MathArraysTest" time="0.0"/>
  <testcase name="testSortInPlaceFailures" classname="org.apache.commons.math3.util.MathArraysTest" time="0.0"/>
  <testcase name="testUnique" classname="org.apache.commons.math3.util.MathArraysTest" time="0.0"/>
  <testcase name="testSequenceZero" classname="org.apache.commons.math3.util.MathArraysTest" time="0.0"/>
  <testcase name="testEbeSubtractPrecondition" classname="org.apache.commons.math3.util.MathArraysTest" time="0.0"/>
  <testcase name="testCosAngle2D" classname="org.apache.commons.math3.util.MathArraysTest" time="0.0"/>
  <testcase name="testCosAngle3D" classname="org.apache.commons.math3.util.MathArraysTest" time="0.0"/>
  <testcase name="testSequence" classname="org.apache.commons.math3.util.MathArraysTest" time="0.0"/>
  <system-out><![CDATA[]]></system-out>
  <system-err><![CDATA[]]></system-err>
</testsuite>
