<?xml version="1.0" encoding="UTF-8"?>
<testsuite name="org.apache.commons.math3.special.BesselJTest" tests="3" skipped="0" failures="0" errors="0" timestamp="2020-10-17T21:42:43" hostname="DYLAN-DESKTOP" time="0.007">
  <properties/>
  <testcase name="testBesselJ" classname="org.apache.commons.math3.special.BesselJTest" time="0.007"/>
  <testcase name="testIAEBadOrder" classname="org.apache.commons.math3.special.BesselJTest" time="0.0"/>
  <testcase name="testIAEBadArgument" classname="org.apache.commons.math3.special.BesselJTest" time="0.0"/>
  <system-out><![CDATA[]]></system-out>
  <system-err><![CDATA[]]></system-err>
</testsuite>
