<?xml version="1.0" encoding="UTF-8"?>
<testsuite name="org.apache.commons.math3.distribution.AbstractRealDistributionTest" tests="2" skipped="0" failures="0" errors="0" timestamp="2020-10-17T21:41:11" hostname="DYLAN-DESKTOP" time="0.027">
  <properties/>
  <testcase name="testDiscontinuous" classname="org.apache.commons.math3.distribution.AbstractRealDistributionTest" time="0.027"/>
  <testcase name="testContinuous" classname="org.apache.commons.math3.distribution.AbstractRealDistributionTest" time="0.0"/>
  <system-out><![CDATA[]]></system-out>
  <system-err><![CDATA[]]></system-err>
</testsuite>
