<?xml version="1.0" encoding="UTF-8"?>
<testsuite name="org.apache.commons.math3.ode.events.CloseEventsTest" tests="2" skipped="0" failures="0" errors="0" timestamp="2020-10-17T21:41:27" hostname="DYLAN-DESKTOP" time="0.005">
  <properties/>
  <testcase name="testSimultaneousEvents" classname="org.apache.commons.math3.ode.events.CloseEventsTest" time="0.005"/>
  <testcase name="testCloseEvents" classname="org.apache.commons.math3.ode.events.CloseEventsTest" time="0.0"/>
  <system-out><![CDATA[]]></system-out>
  <system-err><![CDATA[]]></system-err>
</testsuite>
