<?xml version="1.0" encoding="UTF-8"?>
<testsuite name="org.apache.commons.math3.complex.FrenchComplexFormatTest" tests="31" skipped="0" failures="0" errors="0" timestamp="2020-11-02T01:14:04" hostname="DESKTOP-C0495IR" time="0.005">
  <properties/>
  <testcase name="testParseNegativeImaginary" classname="org.apache.commons.math3.complex.FrenchComplexFormatTest" time="0.0"/>
  <testcase name="testConstructorSingleFormat" classname="org.apache.commons.math3.complex.FrenchComplexFormatTest" time="0.0"/>
  <testcase name="testParseSimpleWithDecimals" classname="org.apache.commons.math3.complex.FrenchComplexFormatTest" time="0.0"/>
  <testcase name="testZeroImaginary" classname="org.apache.commons.math3.complex.FrenchComplexFormatTest" time="0.0"/>
  <testcase name="testDifferentImaginaryChar" classname="org.apache.commons.math3.complex.FrenchComplexFormatTest" time="0.0"/>
  <testcase name="testFormatNumber" classname="org.apache.commons.math3.complex.FrenchComplexFormatTest" time="0.0"/>
  <testcase name="testNan" classname="org.apache.commons.math3.complex.FrenchComplexFormatTest" time="0.0"/>
  <testcase name="testSimpleWithDecimalsTrunc" classname="org.apache.commons.math3.complex.FrenchComplexFormatTest" time="0.0"/>
  <testcase name="testGetRealFormat" classname="org.apache.commons.math3.complex.FrenchComplexFormatTest" time="0.0"/>
  <testcase name="testParseNegativeBoth" classname="org.apache.commons.math3.complex.FrenchComplexFormatTest" time="0.0"/>
  <testcase name="testParseNegativeReal" classname="org.apache.commons.math3.complex.FrenchComplexFormatTest" time="0.001"/>
  <testcase name="testGetImaginaryFormat" classname="org.apache.commons.math3.complex.FrenchComplexFormatTest" time="0.0"/>
  <testcase name="testParseSimpleWithDecimalsTrunc" classname="org.apache.commons.math3.complex.FrenchComplexFormatTest" time="0.0"/>
  <testcase name="testNegativeInfinity" classname="org.apache.commons.math3.complex.FrenchComplexFormatTest" time="0.0"/>
  <testcase name="testTrimOneImaginary" classname="org.apache.commons.math3.complex.FrenchComplexFormatTest" time="0.0"/>
  <testcase name="testPaseNegativeInfinity" classname="org.apache.commons.math3.complex.FrenchComplexFormatTest" time="0.0"/>
  <testcase name="testParseDifferentImaginaryChar" classname="org.apache.commons.math3.complex.FrenchComplexFormatTest" time="0.0"/>
  <testcase name="testDefaultFormatComplex" classname="org.apache.commons.math3.complex.FrenchComplexFormatTest" time="0.0"/>
  <testcase name="testSimpleNoDecimals" classname="org.apache.commons.math3.complex.FrenchComplexFormatTest" time="0.0"/>
  <testcase name="testZeroReal" classname="org.apache.commons.math3.complex.FrenchComplexFormatTest" time="0.0"/>
  <testcase name="testNegativeBoth" classname="org.apache.commons.math3.complex.FrenchComplexFormatTest" time="0.0"/>
  <testcase name="testNegativeReal" classname="org.apache.commons.math3.complex.FrenchComplexFormatTest" time="0.0"/>
  <testcase name="testNegativeImaginary" classname="org.apache.commons.math3.complex.FrenchComplexFormatTest" time="0.0"/>
  <testcase name="testParseSimpleNoDecimals" classname="org.apache.commons.math3.complex.FrenchComplexFormatTest" time="0.0"/>
  <testcase name="testPositiveInfinity" classname="org.apache.commons.math3.complex.FrenchComplexFormatTest" time="0.0"/>
  <testcase name="testForgottenImaginaryCharacter" classname="org.apache.commons.math3.complex.FrenchComplexFormatTest" time="0.0"/>
  <testcase name="testParseZeroReal" classname="org.apache.commons.math3.complex.FrenchComplexFormatTest" time="0.0"/>
  <testcase name="testParseNan" classname="org.apache.commons.math3.complex.FrenchComplexFormatTest" time="0.0"/>
  <testcase name="testParseZeroImaginary" classname="org.apache.commons.math3.complex.FrenchComplexFormatTest" time="0.0"/>
  <testcase name="testParsePositiveInfinity" classname="org.apache.commons.math3.complex.FrenchComplexFormatTest" time="0.0"/>
  <testcase name="testSimpleWithDecimals" classname="org.apache.commons.math3.complex.FrenchComplexFormatTest" time="0.0"/>
  <system-out><![CDATA[]]></system-out>
  <system-err><![CDATA[]]></system-err>
</testsuite>
