<?xml version="1.0" encoding="UTF-8"?>
<testsuite name="org.apache.commons.math3.complex.QuaternionTest" tests="22" skipped="0" failures="0" errors="0" timestamp="2020-10-17T21:41:10" hostname="DYLAN-DESKTOP" time="0.017">
  <properties/>
  <testcase name="testSubtractQuaternionQuaternion" classname="org.apache.commons.math3.complex.QuaternionTest" time="0.001"/>
  <testcase name="testGetInverse" classname="org.apache.commons.math3.complex.QuaternionTest" time="0.0"/>
  <testcase name="testAccessors1" classname="org.apache.commons.math3.complex.QuaternionTest" time="0.0"/>
  <testcase name="testAccessors2" classname="org.apache.commons.math3.complex.QuaternionTest" time="0.0"/>
  <testcase name="testAccessors3" classname="org.apache.commons.math3.complex.QuaternionTest" time="0.0"/>
  <testcase name="testWrongDimension" classname="org.apache.commons.math3.complex.QuaternionTest" time="0.0"/>
  <testcase name="testNorm" classname="org.apache.commons.math3.complex.QuaternionTest" time="0.0"/>
  <testcase name="testToString" classname="org.apache.commons.math3.complex.QuaternionTest" time="0.0"/>
  <testcase name="testIsUnitQuaternion" classname="org.apache.commons.math3.complex.QuaternionTest" time="0.001"/>
  <testcase name="testObjectEquals" classname="org.apache.commons.math3.complex.QuaternionTest" time="0.0"/>
  <testcase name="testDotProductQuaternionQuaternion" classname="org.apache.commons.math3.complex.QuaternionTest" time="0.001"/>
  <testcase name="testConjugate" classname="org.apache.commons.math3.complex.QuaternionTest" time="0.0"/>
  <testcase name="testPolarForm" classname="org.apache.commons.math3.complex.QuaternionTest" time="0.013"/>
  <testcase name="testNormalizeFail" classname="org.apache.commons.math3.complex.QuaternionTest" time="0.0"/>
  <testcase name="testProductQuaternionQuaternion" classname="org.apache.commons.math3.complex.QuaternionTest" time="0.0"/>
  <testcase name="testAddQuaternionQuaternion" classname="org.apache.commons.math3.complex.QuaternionTest" time="0.0"/>
  <testcase name="testNormalize" classname="org.apache.commons.math3.complex.QuaternionTest" time="0.0"/>
  <testcase name="testQuaternionEquals2" classname="org.apache.commons.math3.complex.QuaternionTest" time="0.0"/>
  <testcase name="testScalarMultiplyDouble" classname="org.apache.commons.math3.complex.QuaternionTest" time="0.0"/>
  <testcase name="testQuaternionEquals" classname="org.apache.commons.math3.complex.QuaternionTest" time="0.0"/>
  <testcase name="testProductQuaternionVector" classname="org.apache.commons.math3.complex.QuaternionTest" time="0.001"/>
  <testcase name="testIsPureQuaternion" classname="org.apache.commons.math3.complex.QuaternionTest" time="0.0"/>
  <system-out><![CDATA[]]></system-out>
  <system-err><![CDATA[]]></system-err>
</testsuite>
