<?xml version="1.0" encoding="UTF-8"?>
<testsuite name="org.apache.commons.math3.ml.neuralnet.sofm.LearningFactorFunctionFactoryTest" tests="11" skipped="0" failures="0" errors="0" timestamp="2020-10-17T21:41:27" hostname="DYLAN-DESKTOP" time="0.004">
  <properties/>
  <testcase name="testQuasiSigmoidDecayPrecondition0" classname="org.apache.commons.math3.ml.neuralnet.sofm.LearningFactorFunctionFactoryTest" time="0.001"/>
  <testcase name="testQuasiSigmoidDecayPrecondition1" classname="org.apache.commons.math3.ml.neuralnet.sofm.LearningFactorFunctionFactoryTest" time="0.0"/>
  <testcase name="testQuasiSigmoidDecayPrecondition3" classname="org.apache.commons.math3.ml.neuralnet.sofm.LearningFactorFunctionFactoryTest" time="0.002"/>
  <testcase name="testQuasiSigmoidDecayPrecondition4" classname="org.apache.commons.math3.ml.neuralnet.sofm.LearningFactorFunctionFactoryTest" time="0.0"/>
  <testcase name="testExponentialDecayPrecondition0" classname="org.apache.commons.math3.ml.neuralnet.sofm.LearningFactorFunctionFactoryTest" time="0.0"/>
  <testcase name="testExponentialDecayPrecondition1" classname="org.apache.commons.math3.ml.neuralnet.sofm.LearningFactorFunctionFactoryTest" time="0.0"/>
  <testcase name="testExponentialDecayPrecondition2" classname="org.apache.commons.math3.ml.neuralnet.sofm.LearningFactorFunctionFactoryTest" time="0.0"/>
  <testcase name="testExponentialDecayPrecondition3" classname="org.apache.commons.math3.ml.neuralnet.sofm.LearningFactorFunctionFactoryTest" time="0.0"/>
  <testcase name="testExponentialDecayPrecondition4" classname="org.apache.commons.math3.ml.neuralnet.sofm.LearningFactorFunctionFactoryTest" time="0.0"/>
  <testcase name="testExponentialDecayTrivial" classname="org.apache.commons.math3.ml.neuralnet.sofm.LearningFactorFunctionFactoryTest" time="0.0"/>
  <testcase name="testQuasiSigmoidDecayTrivial" classname="org.apache.commons.math3.ml.neuralnet.sofm.LearningFactorFunctionFactoryTest" time="0.0"/>
  <system-out><![CDATA[]]></system-out>
  <system-err><![CDATA[]]></system-err>
</testsuite>
