<?xml version="1.0" encoding="UTF-8"?>
<testsuite name="org.apache.commons.math3.ode.nonstiff.HighamHall54StepInterpolatorTest" tests="3" skipped="0" failures="0" errors="0" timestamp="2020-10-17T21:41:30" hostname="DYLAN-DESKTOP" time="0.015">
  <properties/>
  <testcase name="derivativesConsistency" classname="org.apache.commons.math3.ode.nonstiff.HighamHall54StepInterpolatorTest" time="0.003"/>
  <testcase name="checkClone" classname="org.apache.commons.math3.ode.nonstiff.HighamHall54StepInterpolatorTest" time="0.005"/>
  <testcase name="serialization" classname="org.apache.commons.math3.ode.nonstiff.HighamHall54StepInterpolatorTest" time="0.006"/>
  <system-out><![CDATA[]]></system-out>
  <system-err><![CDATA[]]></system-err>
</testsuite>
