<?xml version="1.0" encoding="UTF-8"?>
<testsuite name="org.apache.commons.math3.distribution.fitting.MultivariateNormalMixtureExpectationMaximizationTest" tests="9" skipped="0" failures="0" errors="0" timestamp="2020-10-17T21:41:12" hostname="DYLAN-DESKTOP" time="0.032">
  <properties/>
  <testcase name="testFit" classname="org.apache.commons.math3.distribution.fitting.MultivariateNormalMixtureExpectationMaximizationTest" time="0.025"/>
  <testcase name="testThresholdPositive" classname="org.apache.commons.math3.distribution.fitting.MultivariateNormalMixtureExpectationMaximizationTest" time="0.001"/>
  <testcase name="testNonJaggedData" classname="org.apache.commons.math3.distribution.fitting.MultivariateNormalMixtureExpectationMaximizationTest" time="0.0"/>
  <testcase name="testIncompatibleIntialMixture" classname="org.apache.commons.math3.distribution.fitting.MultivariateNormalMixtureExpectationMaximizationTest" time="0.0"/>
  <testcase name="testConvergenceException" classname="org.apache.commons.math3.distribution.fitting.MultivariateNormalMixtureExpectationMaximizationTest" time="0.005"/>
  <testcase name="testMultipleColumnsRequired" classname="org.apache.commons.math3.distribution.fitting.MultivariateNormalMixtureExpectationMaximizationTest" time="0.0"/>
  <testcase name="testNonEmptyData" classname="org.apache.commons.math3.distribution.fitting.MultivariateNormalMixtureExpectationMaximizationTest" time="0.0"/>
  <testcase name="testInitialMixture" classname="org.apache.commons.math3.distribution.fitting.MultivariateNormalMixtureExpectationMaximizationTest" time="0.001"/>
  <testcase name="testMaxIterationsPositive" classname="org.apache.commons.math3.distribution.fitting.MultivariateNormalMixtureExpectationMaximizationTest" time="0.0"/>
  <system-out><![CDATA[]]></system-out>
  <system-err><![CDATA[]]></system-err>
</testsuite>
