<?xml version="1.0" encoding="UTF-8"?>
<testsuite name="org.apache.commons.math3.analysis.integration.RombergIntegratorTest" tests="3" skipped="0" failures="0" errors="0" timestamp="2020-10-17T21:41:08" hostname="DYLAN-DESKTOP" time="0.002">
  <properties/>
  <testcase name="testParameters" classname="org.apache.commons.math3.analysis.integration.RombergIntegratorTest" time="0.001"/>
  <testcase name="testSinFunction" classname="org.apache.commons.math3.analysis.integration.RombergIntegratorTest" time="0.001"/>
  <testcase name="testQuinticFunction" classname="org.apache.commons.math3.analysis.integration.RombergIntegratorTest" time="0.0"/>
  <system-out><![CDATA[]]></system-out>
  <system-err><![CDATA[]]></system-err>
</testsuite>
