<?xml version="1.0" encoding="UTF-8"?>
<testsuite name="org.apache.commons.math3.geometry.euclidean.threed.FieldRotationDSTest" tests="27" skipped="0" failures="0" errors="0" timestamp="2020-11-02T01:14:22" hostname="DESKTOP-C0495IR" time="4.505">
  <properties/>
  <testcase name="testDoubleVectors" classname="org.apache.commons.math3.geometry.euclidean.threed.FieldRotationDSTest" time="0.221"/>
  <testcase name="testAxisAngleFrameTransform" classname="org.apache.commons.math3.geometry.euclidean.threed.FieldRotationDSTest" time="0.0"/>
  <testcase name="testComposeInverseVectorOperator" classname="org.apache.commons.math3.geometry.euclidean.threed.FieldRotationDSTest" time="0.016"/>
  <testcase name="testArray" classname="org.apache.commons.math3.geometry.euclidean.threed.FieldRotationDSTest" time="0.01"/>
  <testcase name="testVectorTwoPairs" classname="org.apache.commons.math3.geometry.euclidean.threed.FieldRotationDSTest" time="0.001"/>
  <testcase name="testRevertVectorOperator" classname="org.apache.commons.math3.geometry.euclidean.threed.FieldRotationDSTest" time="0.001"/>
  <testcase name="testApplyInverseToRotation" classname="org.apache.commons.math3.geometry.euclidean.threed.FieldRotationDSTest" time="0.016"/>
  <testcase name="testRevertFrameTransform" classname="org.apache.commons.math3.geometry.euclidean.threed.FieldRotationDSTest" time="0.001"/>
  <testcase name="testComposeVectorOperator" classname="org.apache.commons.math3.geometry.euclidean.threed.FieldRotationDSTest" time="0.018"/>
  <testcase name="testComposeInverseframeTransform" classname="org.apache.commons.math3.geometry.euclidean.threed.FieldRotationDSTest" time="0.022"/>
  <testcase name="testAxisAngleDeprecated" classname="org.apache.commons.math3.geometry.euclidean.threed.FieldRotationDSTest" time="0.0"/>
  <testcase name="testComposeFrameTransform" classname="org.apache.commons.math3.geometry.euclidean.threed.FieldRotationDSTest" time="0.02"/>
  <testcase name="testDerivatives" classname="org.apache.commons.math3.geometry.euclidean.threed.FieldRotationDSTest" time="0.011"/>
  <testcase name="testIdentity" classname="org.apache.commons.math3.geometry.euclidean.threed.FieldRotationDSTest" time="0.0"/>
  <testcase name="testApplyToRotation" classname="org.apache.commons.math3.geometry.euclidean.threed.FieldRotationDSTest" time="0.023"/>
  <testcase name="testApplyInverseTo" classname="org.apache.commons.math3.geometry.euclidean.threed.FieldRotationDSTest" time="0.039"/>
  <testcase name="testAngles" classname="org.apache.commons.math3.geometry.euclidean.threed.FieldRotationDSTest" time="2.446"/>
  <testcase name="testVectorOnePair" classname="org.apache.commons.math3.geometry.euclidean.threed.FieldRotationDSTest" time="0.0"/>
  <testcase name="testDoubleRotations" classname="org.apache.commons.math3.geometry.euclidean.threed.FieldRotationDSTest" time="0.354"/>
  <testcase name="testIssue639" classname="org.apache.commons.math3.geometry.euclidean.threed.FieldRotationDSTest" time="0.0"/>
  <testcase name="testIssue801" classname="org.apache.commons.math3.geometry.euclidean.threed.FieldRotationDSTest" time="0.0"/>
  <testcase name="testAnglesDeprecated" classname="org.apache.commons.math3.geometry.euclidean.threed.FieldRotationDSTest" time="1.297"/>
  <testcase name="testMatrix" classname="org.apache.commons.math3.geometry.euclidean.threed.FieldRotationDSTest" time="0.001"/>
  <testcase name="testRevert" classname="org.apache.commons.math3.geometry.euclidean.threed.FieldRotationDSTest" time="0.0"/>
  <testcase name="testAxisAngleVectorOperator" classname="org.apache.commons.math3.geometry.euclidean.threed.FieldRotationDSTest" time="0.0"/>
  <testcase name="testSingularities" classname="org.apache.commons.math3.geometry.euclidean.threed.FieldRotationDSTest" time="0.002"/>
  <testcase name="testQuaternion" classname="org.apache.commons.math3.geometry.euclidean.threed.FieldRotationDSTest" time="0.005"/>
  <system-out><![CDATA[]]></system-out>
  <system-err><![CDATA[]]></system-err>
</testsuite>
