<?xml version="1.0" encoding="UTF-8"?>
<testsuite name="org.apache.commons.math3.geometry.euclidean.oned.IntervalsSetTest" tests="4" skipped="0" failures="0" errors="0" timestamp="2020-10-17T21:41:19" hostname="DYLAN-DESKTOP" time="0.017">
  <properties/>
  <testcase name="testInfinite" classname="org.apache.commons.math3.geometry.euclidean.oned.IntervalsSetTest" time="0.012"/>
  <testcase name="testInterval" classname="org.apache.commons.math3.geometry.euclidean.oned.IntervalsSetTest" time="0.0"/>
  <testcase name="testMultiple" classname="org.apache.commons.math3.geometry.euclidean.oned.IntervalsSetTest" time="0.005"/>
  <testcase name="testSinglePoint" classname="org.apache.commons.math3.geometry.euclidean.oned.IntervalsSetTest" time="0.0"/>
  <system-out><![CDATA[]]></system-out>
  <system-err><![CDATA[]]></system-err>
</testsuite>
