<?xml version="1.0" encoding="UTF-8"?>
<testsuite name="org.apache.commons.math3.geometry.enclosing.WelzlEncloser2DTest" tests="7" skipped="0" failures="0" errors="0" timestamp="2020-10-17T21:41:18" hostname="DYLAN-DESKTOP" time="0.129">
  <properties/>
  <testcase name="testSolutionOnDiameter" classname="org.apache.commons.math3.geometry.enclosing.WelzlEncloser2DTest" time="0.005"/>
  <testcase name="testNullList" classname="org.apache.commons.math3.geometry.enclosing.WelzlEncloser2DTest" time="0.0"/>
  <testcase name="testReducingBall1" classname="org.apache.commons.math3.geometry.enclosing.WelzlEncloser2DTest" time="0.001"/>
  <testcase name="testReducingBall2" classname="org.apache.commons.math3.geometry.enclosing.WelzlEncloser2DTest" time="0.003"/>
  <testcase name="testLargeSamples" classname="org.apache.commons.math3.geometry.enclosing.WelzlEncloser2DTest" time="0.119"/>
  <testcase name="testRegularPoints" classname="org.apache.commons.math3.geometry.enclosing.WelzlEncloser2DTest" time="0.0"/>
  <testcase name="testNoPoints" classname="org.apache.commons.math3.geometry.enclosing.WelzlEncloser2DTest" time="0.0"/>
  <system-out><![CDATA[]]></system-out>
  <system-err><![CDATA[]]></system-err>
</testsuite>
