<?xml version="1.0" encoding="UTF-8"?>
<testsuite name="org.apache.commons.math3.random.UnitSphereRandomVectorGeneratorTest" tests="1" skipped="0" failures="0" errors="0" timestamp="2020-10-17T21:42:23" hostname="DYLAN-DESKTOP" time="0.314">
  <properties/>
  <testcase name="test2DDistribution" classname="org.apache.commons.math3.random.UnitSphereRandomVectorGeneratorTest" time="0.314"/>
  <system-out><![CDATA[]]></system-out>
  <system-err><![CDATA[]]></system-err>
</testsuite>
