<?xml version="1.0" encoding="UTF-8"?>
<testsuite name="org.apache.commons.math3.analysis.differentiation.FiniteDifferencesDifferentiatorTest" tests="16" skipped="0" failures="0" errors="0" timestamp="2020-11-02T01:13:38" hostname="DESKTOP-C0495IR" time="0.051">
  <properties/>
  <testcase name="testBoundedSqrt" classname="org.apache.commons.math3.analysis.differentiation.FiniteDifferencesDifferentiatorTest" time="0.009"/>
  <testcase name="testVectorFunction" classname="org.apache.commons.math3.analysis.differentiation.FiniteDifferencesDifferentiatorTest" time="0.008"/>
  <testcase name="testSerialization" classname="org.apache.commons.math3.analysis.differentiation.FiniteDifferencesDifferentiatorTest" time="0.001"/>
  <testcase name="testGaussian" classname="org.apache.commons.math3.analysis.differentiation.FiniteDifferencesDifferentiatorTest" time="0.005"/>
  <testcase name="testStepSizeUnstability" classname="org.apache.commons.math3.analysis.differentiation.FiniteDifferencesDifferentiatorTest" time="0.003"/>
  <testcase name="testTooLargeStep" classname="org.apache.commons.math3.analysis.differentiation.FiniteDifferencesDifferentiatorTest" time="0.0"/>
  <testcase name="testWrongOrderMatrix" classname="org.apache.commons.math3.analysis.differentiation.FiniteDifferencesDifferentiatorTest" time="0.001"/>
  <testcase name="testWrongOrder" classname="org.apache.commons.math3.analysis.differentiation.FiniteDifferencesDifferentiatorTest" time="0.0"/>
  <testcase name="testWrongOrderVector" classname="org.apache.commons.math3.analysis.differentiation.FiniteDifferencesDifferentiatorTest" time="0.001"/>
  <testcase name="testWrongNumberOfPoints" classname="org.apache.commons.math3.analysis.differentiation.FiniteDifferencesDifferentiatorTest" time="0.0"/>
  <testcase name="testConstant" classname="org.apache.commons.math3.analysis.differentiation.FiniteDifferencesDifferentiatorTest" time="0.001"/>
  <testcase name="testSeveralFreeParameters" classname="org.apache.commons.math3.analysis.differentiation.FiniteDifferencesDifferentiatorTest" time="0.013"/>
  <testcase name="testMatrixFunction" classname="org.apache.commons.math3.analysis.differentiation.FiniteDifferencesDifferentiatorTest" time="0.003"/>
  <testcase name="testWrongStepSize" classname="org.apache.commons.math3.analysis.differentiation.FiniteDifferencesDifferentiatorTest" time="0.001"/>
  <testcase name="testBounds" classname="org.apache.commons.math3.analysis.differentiation.FiniteDifferencesDifferentiatorTest" time="0.0"/>
  <testcase name="testLinear" classname="org.apache.commons.math3.analysis.differentiation.FiniteDifferencesDifferentiatorTest" time="0.002"/>
  <system-out><![CDATA[]]></system-out>
  <system-err><![CDATA[]]></system-err>
</testsuite>
