<?xml version="1.0" encoding="UTF-8"?>
<testsuite name="org.apache.commons.math3.ode.nonstiff.DormandPrince54FieldStepInterpolatorTest" tests="3" skipped="0" failures="0" errors="0" timestamp="2020-10-17T21:41:29" hostname="DYLAN-DESKTOP" time="0.002">
  <properties/>
  <testcase name="interpolationAtBounds" classname="org.apache.commons.math3.ode.nonstiff.DormandPrince54FieldStepInterpolatorTest" time="0.0"/>
  <testcase name="interpolationInside" classname="org.apache.commons.math3.ode.nonstiff.DormandPrince54FieldStepInterpolatorTest" time="0.001"/>
  <testcase name="nonFieldInterpolatorConsistency" classname="org.apache.commons.math3.ode.nonstiff.DormandPrince54FieldStepInterpolatorTest" time="0.001"/>
  <system-out><![CDATA[]]></system-out>
  <system-err><![CDATA[]]></system-err>
</testsuite>
