<?xml version="1.0" encoding="UTF-8"?>
<testsuite name="org.apache.commons.math3.analysis.interpolation.PiecewiseBicubicSplineInterpolatorTest" tests="3" skipped="0" failures="0" errors="0" timestamp="2020-11-02T01:14:01" hostname="DESKTOP-C0495IR" time="0.015">
  <properties/>
  <testcase name="testPreconditions" classname="org.apache.commons.math3.analysis.interpolation.PiecewiseBicubicSplineInterpolatorTest" time="0.0"/>
  <testcase name="testInterpolation1" classname="org.apache.commons.math3.analysis.interpolation.PiecewiseBicubicSplineInterpolatorTest" time="0.008"/>
  <testcase name="testInterpolation2" classname="org.apache.commons.math3.analysis.interpolation.PiecewiseBicubicSplineInterpolatorTest" time="0.007"/>
  <system-out><![CDATA[]]></system-out>
  <system-err><![CDATA[]]></system-err>
</testsuite>
