<?xml version="1.0" encoding="UTF-8"?>
<testsuite name="org.apache.commons.math3.analysis.interpolation.AkimaSplineInterpolatorTest" tests="4" skipped="0" failures="0" errors="0" timestamp="2020-10-17T21:41:08" hostname="DYLAN-DESKTOP" time="0.011">
  <properties/>
  <testcase name="testInterpolateLine" classname="org.apache.commons.math3.analysis.interpolation.AkimaSplineInterpolatorTest" time="0.008"/>
  <testcase name="testIllegalArguments" classname="org.apache.commons.math3.analysis.interpolation.AkimaSplineInterpolatorTest" time="0.001"/>
  <testcase name="testInterpolateParabola" classname="org.apache.commons.math3.analysis.interpolation.AkimaSplineInterpolatorTest" time="0.001"/>
  <testcase name="testInterpolateCubic" classname="org.apache.commons.math3.analysis.interpolation.AkimaSplineInterpolatorTest" time="0.001"/>
  <system-out><![CDATA[]]></system-out>
  <system-err><![CDATA[]]></system-err>
</testsuite>
