<?xml version="1.0" encoding="UTF-8"?>
<testsuite name="org.apache.commons.math3.optim.nonlinear.scalar.MultivariateFunctionPenaltyAdapterTest" tests="5" skipped="0" failures="0" errors="0" timestamp="2020-10-17T21:41:32" hostname="DYLAN-DESKTOP" time="0.006">
  <properties/>
  <testcase name="testStartSimplexInsideRange" classname="org.apache.commons.math3.optim.nonlinear.scalar.MultivariateFunctionPenaltyAdapterTest" time="0.002"/>
  <testcase name="testOptimumOutsideRange" classname="org.apache.commons.math3.optim.nonlinear.scalar.MultivariateFunctionPenaltyAdapterTest" time="0.002"/>
  <testcase name="testUnbounded" classname="org.apache.commons.math3.optim.nonlinear.scalar.MultivariateFunctionPenaltyAdapterTest" time="0.0"/>
  <testcase name="testStartSimplexOutsideRange" classname="org.apache.commons.math3.optim.nonlinear.scalar.MultivariateFunctionPenaltyAdapterTest" time="0.0"/>
  <testcase name="testHalfBounded" classname="org.apache.commons.math3.optim.nonlinear.scalar.MultivariateFunctionPenaltyAdapterTest" time="0.001"/>
  <system-out><![CDATA[]]></system-out>
  <system-err><![CDATA[]]></system-err>
</testsuite>
