<?xml version="1.0" encoding="UTF-8"?>
<testsuite name="org.apache.commons.math3.linear.CholeskyDecompositionTest" tests="9" skipped="0" failures="0" errors="0" timestamp="2020-11-02T01:14:29" hostname="DESKTOP-C0495IR" time="0.001">
  <properties/>
  <testcase name="testMatricesValues" classname="org.apache.commons.math3.linear.CholeskyDecompositionTest" time="0.0"/>
  <testcase name="testNotSymmetricMatrixException" classname="org.apache.commons.math3.linear.CholeskyDecompositionTest" time="0.0"/>
  <testcase name="testDimensions" classname="org.apache.commons.math3.linear.CholeskyDecompositionTest" time="0.0"/>
  <testcase name="testMath274" classname="org.apache.commons.math3.linear.CholeskyDecompositionTest" time="0.001"/>
  <testcase name="testNonSquare" classname="org.apache.commons.math3.linear.CholeskyDecompositionTest" time="0.0"/>
  <testcase name="testNotPositiveDefinite" classname="org.apache.commons.math3.linear.CholeskyDecompositionTest" time="0.0"/>
  <testcase name="testLLowerTriangular" classname="org.apache.commons.math3.linear.CholeskyDecompositionTest" time="0.0"/>
  <testcase name="testLTTransposed" classname="org.apache.commons.math3.linear.CholeskyDecompositionTest" time="0.0"/>
  <testcase name="testAEqualLLT" classname="org.apache.commons.math3.linear.CholeskyDecompositionTest" time="0.0"/>
  <system-out><![CDATA[]]></system-out>
  <system-err><![CDATA[]]></system-err>
</testsuite>
