<?xml version="1.0" encoding="UTF-8"?>
<testsuite name="org.apache.commons.math3.stat.regression.GLSMultipleLinearRegressionTest" tests="21" skipped="0" failures="0" errors="0" timestamp="2020-10-17T21:42:56" hostname="DYLAN-DESKTOP" time="0.774">
  <properties/>
  <testcase name="testGLSEfficiency" classname="org.apache.commons.math3.stat.regression.GLSMultipleLinearRegressionTest" time="0.771"/>
  <testcase name="cannotAddNullYSampleData" classname="org.apache.commons.math3.stat.regression.GLSMultipleLinearRegressionTest" time="0.0"/>
  <testcase name="cannotAddCovarianceDataThatIsNotSquare" classname="org.apache.commons.math3.stat.regression.GLSMultipleLinearRegressionTest" time="0.0"/>
  <testcase name="notEnoughData" classname="org.apache.commons.math3.stat.regression.GLSMultipleLinearRegressionTest" time="0.0"/>
  <testcase name="testGLSOLSConsistency" classname="org.apache.commons.math3.stat.regression.GLSMultipleLinearRegressionTest" time="0.0"/>
  <testcase name="cannotAddNullCovarianceData" classname="org.apache.commons.math3.stat.regression.GLSMultipleLinearRegressionTest" time="0.0"/>
  <testcase name="cannotAddCovarianceDataWithSampleSizeMismatch" classname="org.apache.commons.math3.stat.regression.GLSMultipleLinearRegressionTest" time="0.0"/>
  <testcase name="testYVariance" classname="org.apache.commons.math3.stat.regression.GLSMultipleLinearRegressionTest" time="0.0"/>
  <testcase name="cannotAddSampleDataWithSizeMismatch" classname="org.apache.commons.math3.stat.regression.GLSMultipleLinearRegressionTest" time="0.0"/>
  <testcase name="cannotAddXSampleData" classname="org.apache.commons.math3.stat.regression.GLSMultipleLinearRegressionTest" time="0.0"/>
  <testcase name="testNewSample2" classname="org.apache.commons.math3.stat.regression.GLSMultipleLinearRegressionTest" time="0.0"/>
  <testcase name="canEstimateResiduals" classname="org.apache.commons.math3.stat.regression.GLSMultipleLinearRegressionTest" time="0.0"/>
  <testcase name="canEstimateRegressandVariance" classname="org.apache.commons.math3.stat.regression.GLSMultipleLinearRegressionTest" time="0.0"/>
  <testcase name="testNewSampleInsufficientData" classname="org.apache.commons.math3.stat.regression.GLSMultipleLinearRegressionTest" time="0.0"/>
  <testcase name="testNewSample" classname="org.apache.commons.math3.stat.regression.GLSMultipleLinearRegressionTest" time="0.0"/>
  <testcase name="canEstimateRegressionParameters" classname="org.apache.commons.math3.stat.regression.GLSMultipleLinearRegressionTest" time="0.001"/>
  <testcase name="canEstimateRegressionParametersVariance" classname="org.apache.commons.math3.stat.regression.GLSMultipleLinearRegressionTest" time="0.0"/>
  <testcase name="testNewSampleNullData" classname="org.apache.commons.math3.stat.regression.GLSMultipleLinearRegressionTest" time="0.0"/>
  <testcase name="testXSampleDataNull" classname="org.apache.commons.math3.stat.regression.GLSMultipleLinearRegressionTest" time="0.0"/>
  <testcase name="testNewSampleInvalidData" classname="org.apache.commons.math3.stat.regression.GLSMultipleLinearRegressionTest" time="0.0"/>
  <testcase name="testYSampleDataNull" classname="org.apache.commons.math3.stat.regression.GLSMultipleLinearRegressionTest" time="0.0"/>
  <system-out><![CDATA[]]></system-out>
  <system-err><![CDATA[]]></system-err>
</testsuite>
