<?xml version="1.0" encoding="UTF-8"?>
<testsuite name="org.apache.commons.math3.optimization.direct.BOBYQAOptimizerTest" tests="19" skipped="1" failures="0" errors="0" timestamp="2020-11-02T01:14:57" hostname="DESKTOP-C0495IR" time="4.603">
  <properties/>
  <testcase name="testConstrainedRosen" classname="org.apache.commons.math3.optimization.direct.BOBYQAOptimizerTest" time="0.38"/>
  <testcase name="testElliRotated" classname="org.apache.commons.math3.optimization.direct.BOBYQAOptimizerTest" time="2.023"/>
  <testcase name="testEllipse" classname="org.apache.commons.math3.optimization.direct.BOBYQAOptimizerTest" time="0.037"/>
  <testcase name="testInitOutOfBounds" classname="org.apache.commons.math3.optimization.direct.BOBYQAOptimizerTest" time="0.0"/>
  <testcase name="testTwoAxes" classname="org.apache.commons.math3.optimization.direct.BOBYQAOptimizerTest" time="0.009"/>
  <testcase name="testProblemDimensionTooSmall" classname="org.apache.commons.math3.optimization.direct.BOBYQAOptimizerTest" time="0.0"/>
  <testcase name="testCigar" classname="org.apache.commons.math3.optimization.direct.BOBYQAOptimizerTest" time="0.008"/>
  <testcase name="testRosen" classname="org.apache.commons.math3.optimization.direct.BOBYQAOptimizerTest" time="0.367"/>
  <testcase name="testRastrigin" classname="org.apache.commons.math3.optimization.direct.BOBYQAOptimizerTest" time="0.029"/>
  <testcase name="testSsDiffPow" classname="org.apache.commons.math3.optimization.direct.BOBYQAOptimizerTest" time="0.338"/>
  <testcase name="testMaximize" classname="org.apache.commons.math3.optimization.direct.BOBYQAOptimizerTest" time="0.073"/>
  <testcase name="testAckley" classname="org.apache.commons.math3.optimization.direct.BOBYQAOptimizerTest" time="0.09"/>
  <testcase name="testConstrainedRosenWithMoreInterpolationPoints" classname="org.apache.commons.math3.optimization.direct.BOBYQAOptimizerTest" time="0.0">
    <skipped/>
  </testcase>
  <testcase name="testCigTab" classname="org.apache.commons.math3.optimization.direct.BOBYQAOptimizerTest" time="0.009"/>
  <testcase name="testDiffPow" classname="org.apache.commons.math3.optimization.direct.BOBYQAOptimizerTest" time="1.223"/>
  <testcase name="testBoundariesDimensionMismatch" classname="org.apache.commons.math3.optimization.direct.BOBYQAOptimizerTest" time="0.0"/>
  <testcase name="testSphere" classname="org.apache.commons.math3.optimization.direct.BOBYQAOptimizerTest" time="0.006"/>
  <testcase name="testTablet" classname="org.apache.commons.math3.optimization.direct.BOBYQAOptimizerTest" time="0.007"/>
  <testcase name="testMaxEvaluations" classname="org.apache.commons.math3.optimization.direct.BOBYQAOptimizerTest" time="0.0"/>
  <system-out><![CDATA[]]></system-out>
  <system-err><![CDATA[]]></system-err>
</testsuite>
