<?xml version="1.0" encoding="UTF-8"?>
<testsuite name="org.apache.commons.math3.optimization.general.AbstractLeastSquaresOptimizerTest" tests="3" skipped="0" failures="0" errors="0" timestamp="2020-10-17T21:41:59" hostname="DYLAN-DESKTOP" time="0.009">
  <properties/>
  <testcase name="testComputeSigma" classname="org.apache.commons.math3.optimization.general.AbstractLeastSquaresOptimizerTest" time="0.006"/>
  <testcase name="testGetChiSquare" classname="org.apache.commons.math3.optimization.general.AbstractLeastSquaresOptimizerTest" time="0.001"/>
  <testcase name="testGetRMS" classname="org.apache.commons.math3.optimization.general.AbstractLeastSquaresOptimizerTest" time="0.001"/>
  <system-out><![CDATA[]]></system-out>
  <system-err><![CDATA[]]></system-err>
</testsuite>
