<?xml version="1.0" encoding="UTF-8"?>
<testsuite name="org.apache.commons.math3.util.IncrementorTest" tests="10" skipped="0" failures="0" errors="0" timestamp="2020-11-02T01:17:13" hostname="DESKTOP-C0495IR" time="0.004">
  <properties/>
  <testcase name="testAboveMaxCount" classname="org.apache.commons.math3.util.IncrementorTest" time="0.0"/>
  <testcase name="testBelowMaxCount" classname="org.apache.commons.math3.util.IncrementorTest" time="0.0"/>
  <testcase name="testAccessor" classname="org.apache.commons.math3.util.IncrementorTest" time="0.0"/>
  <testcase name="testReset" classname="org.apache.commons.math3.util.IncrementorTest" time="0.0"/>
  <testcase name="testConstructor1" classname="org.apache.commons.math3.util.IncrementorTest" time="0.0"/>
  <testcase name="testConstructor2" classname="org.apache.commons.math3.util.IncrementorTest" time="0.0"/>
  <testcase name="testBulkIncrement" classname="org.apache.commons.math3.util.IncrementorTest" time="0.0"/>
  <testcase name="testCanIncrement1" classname="org.apache.commons.math3.util.IncrementorTest" time="0.0"/>
  <testcase name="testCanIncrement2" classname="org.apache.commons.math3.util.IncrementorTest" time="0.0"/>
  <testcase name="testAlternateException" classname="org.apache.commons.math3.util.IncrementorTest" time="0.002"/>
  <system-out><![CDATA[]]></system-out>
  <system-err><![CDATA[]]></system-err>
</testsuite>
