<?xml version="1.0" encoding="UTF-8"?>
<testsuite name="org.apache.commons.math3.analysis.interpolation.BicubicInterpolatingFunctionTest" tests="4" skipped="0" failures="0" errors="0" timestamp="2020-11-02T01:13:59" hostname="DESKTOP-C0495IR" time="0.01">
  <properties/>
  <testcase name="testPlane" classname="org.apache.commons.math3.analysis.interpolation.BicubicInterpolatingFunctionTest" time="0.004"/>
  <testcase name="testIsValidPoint" classname="org.apache.commons.math3.analysis.interpolation.BicubicInterpolatingFunctionTest" time="0.0"/>
  <testcase name="testPreconditions" classname="org.apache.commons.math3.analysis.interpolation.BicubicInterpolatingFunctionTest" time="0.001"/>
  <testcase name="testParaboloid" classname="org.apache.commons.math3.analysis.interpolation.BicubicInterpolatingFunctionTest" time="0.005"/>
  <system-out><![CDATA[]]></system-out>
  <system-err><![CDATA[]]></system-err>
</testsuite>
