<?xml version="1.0" encoding="UTF-8"?>
<testsuite name="org.apache.commons.math3.ml.clustering.FuzzyKMeansClustererTest" tests="6" skipped="0" failures="0" errors="0" timestamp="2020-11-02T01:14:30" hostname="DESKTOP-C0495IR" time="0.005">
  <properties/>
  <testcase name="testNullDataset" classname="org.apache.commons.math3.ml.clustering.FuzzyKMeansClustererTest" time="0.001"/>
  <testcase name="testTooSmallFuzzynessFactor" classname="org.apache.commons.math3.ml.clustering.FuzzyKMeansClustererTest" time="0.0"/>
  <testcase name="testGetters" classname="org.apache.commons.math3.ml.clustering.FuzzyKMeansClustererTest" time="0.001"/>
  <testcase name="testCluster" classname="org.apache.commons.math3.ml.clustering.FuzzyKMeansClustererTest" time="0.003"/>
  <testcase name="testSingleCluster" classname="org.apache.commons.math3.ml.clustering.FuzzyKMeansClustererTest" time="0.0"/>
  <testcase name="testClusterCenterEqualsPoints" classname="org.apache.commons.math3.ml.clustering.FuzzyKMeansClustererTest" time="0.0"/>
  <system-out><![CDATA[]]></system-out>
  <system-err><![CDATA[]]></system-err>
</testsuite>
