<?xml version="1.0" encoding="UTF-8"?>
<testsuite name="org.apache.commons.math3.ode.nonstiff.ClassicalRungeKuttaIntegratorTest" tests="9" skipped="0" failures="0" errors="0" timestamp="2020-11-02T01:14:32" hostname="DESKTOP-C0495IR" time="0.067">
  <properties/>
  <testcase name="testBackward" classname="org.apache.commons.math3.ode.nonstiff.ClassicalRungeKuttaIntegratorTest" time="0.004"/>
  <testcase name="testMissedEndEvent" classname="org.apache.commons.math3.ode.nonstiff.ClassicalRungeKuttaIntegratorTest" time="0.001"/>
  <testcase name="testSmallStep" classname="org.apache.commons.math3.ode.nonstiff.ClassicalRungeKuttaIntegratorTest" time="0.004"/>
  <testcase name="testDecreasingSteps" classname="org.apache.commons.math3.ode.nonstiff.ClassicalRungeKuttaIntegratorTest" time="0.048"/>
  <testcase name="testBigStep" classname="org.apache.commons.math3.ode.nonstiff.ClassicalRungeKuttaIntegratorTest" time="0.0"/>
  <testcase name="testKepler" classname="org.apache.commons.math3.ode.nonstiff.ClassicalRungeKuttaIntegratorTest" time="0.006"/>
  <testcase name="testTooLargeFirstStep" classname="org.apache.commons.math3.ode.nonstiff.ClassicalRungeKuttaIntegratorTest" time="0.001"/>
  <testcase name="testSanityChecks" classname="org.apache.commons.math3.ode.nonstiff.ClassicalRungeKuttaIntegratorTest" time="0.0"/>
  <testcase name="testStepSize" classname="org.apache.commons.math3.ode.nonstiff.ClassicalRungeKuttaIntegratorTest" time="0.001"/>
  <system-out><![CDATA[]]></system-out>
  <system-err><![CDATA[]]></system-err>
</testsuite>
