<?xml version="1.0" encoding="UTF-8"?>
<testsuite name="org.apache.commons.math3.optim.nonlinear.scalar.MultivariateFunctionPenaltyAdapterTest" tests="5" skipped="0" failures="0" errors="0" timestamp="2020-11-02T01:14:35" hostname="DESKTOP-C0495IR" time="0.003">
  <properties/>
  <testcase name="testStartSimplexInsideRange" classname="org.apache.commons.math3.optim.nonlinear.scalar.MultivariateFunctionPenaltyAdapterTest" time="0.001"/>
  <testcase name="testOptimumOutsideRange" classname="org.apache.commons.math3.optim.nonlinear.scalar.MultivariateFunctionPenaltyAdapterTest" time="0.001"/>
  <testcase name="testUnbounded" classname="org.apache.commons.math3.optim.nonlinear.scalar.MultivariateFunctionPenaltyAdapterTest" time="0.0"/>
  <testcase name="testStartSimplexOutsideRange" classname="org.apache.commons.math3.optim.nonlinear.scalar.MultivariateFunctionPenaltyAdapterTest" time="0.0"/>
  <testcase name="testHalfBounded" classname="org.apache.commons.math3.optim.nonlinear.scalar.MultivariateFunctionPenaltyAdapterTest" time="0.0"/>
  <system-out><![CDATA[]]></system-out>
  <system-err><![CDATA[]]></system-err>
</testsuite>
