<?xml version="1.0" encoding="UTF-8"?>
<testsuite name="org.apache.commons.math3.geometry.euclidean.twod.hull.AklToussaintHeuristicTest" tests="16" skipped="0" failures="0" errors="0" timestamp="2020-10-17T21:41:24" hostname="DYLAN-DESKTOP" time="0.033">
  <properties/>
  <testcase name="testAllIdentical" classname="org.apache.commons.math3.geometry.euclidean.twod.hull.AklToussaintHeuristicTest" time="0.002"/>
  <testcase name="testCollinearPoints" classname="org.apache.commons.math3.geometry.euclidean.twod.hull.AklToussaintHeuristicTest" time="0.001"/>
  <testcase name="testOnePoint" classname="org.apache.commons.math3.geometry.euclidean.twod.hull.AklToussaintHeuristicTest" time="0.0"/>
  <testcase name="testCollinearPointsIncluded" classname="org.apache.commons.math3.geometry.euclidean.twod.hull.AklToussaintHeuristicTest" time="0.001"/>
  <testcase name="testIdenticalPoints" classname="org.apache.commons.math3.geometry.euclidean.twod.hull.AklToussaintHeuristicTest" time="0.0"/>
  <testcase name="testCollinearPointOnExistingBoundary" classname="org.apache.commons.math3.geometry.euclidean.twod.hull.AklToussaintHeuristicTest" time="0.0"/>
  <testcase name="testEmpty" classname="org.apache.commons.math3.geometry.euclidean.twod.hull.AklToussaintHeuristicTest" time="0.0"/>
  <testcase name="testCollinearPointsInAnyOrder" classname="org.apache.commons.math3.geometry.euclidean.twod.hull.AklToussaintHeuristicTest" time="0.002"/>
  <testcase name="testNullArgument" classname="org.apache.commons.math3.geometry.euclidean.twod.hull.AklToussaintHeuristicTest" time="0.0"/>
  <testcase name="testClosePoints" classname="org.apache.commons.math3.geometry.euclidean.twod.hull.AklToussaintHeuristicTest" time="0.0"/>
  <testcase name="testTwoPoints" classname="org.apache.commons.math3.geometry.euclidean.twod.hull.AklToussaintHeuristicTest" time="0.001"/>
  <testcase name="testIssue1123" classname="org.apache.commons.math3.geometry.euclidean.twod.hull.AklToussaintHeuristicTest" time="0.002"/>
  <testcase name="testCollinearPointsReverse" classname="org.apache.commons.math3.geometry.euclidean.twod.hull.AklToussaintHeuristicTest" time="0.0"/>
  <testcase name="testCollinearPointsIncludedReverse" classname="org.apache.commons.math3.geometry.euclidean.twod.hull.AklToussaintHeuristicTest" time="0.001"/>
  <testcase name="testIdenticalPoints2" classname="org.apache.commons.math3.geometry.euclidean.twod.hull.AklToussaintHeuristicTest" time="0.0"/>
  <testcase name="testConvexHull" classname="org.apache.commons.math3.geometry.euclidean.twod.hull.AklToussaintHeuristicTest" time="0.023"/>
  <system-out><![CDATA[]]></system-out>
  <system-err><![CDATA[]]></system-err>
</testsuite>
