<?xml version="1.0" encoding="UTF-8"?>
<testsuite name="org.apache.commons.math3.distribution.BetaDistributionTest" tests="5" skipped="0" failures="0" errors="0" timestamp="2020-10-17T21:41:11" hostname="DYLAN-DESKTOP" time="0.151">
  <properties/>
  <testcase name="testGoodnessOfFit" classname="org.apache.commons.math3.distribution.BetaDistributionTest" time="0.096"/>
  <testcase name="testMoments" classname="org.apache.commons.math3.distribution.BetaDistributionTest" time="0.0"/>
  <testcase name="testCumulative" classname="org.apache.commons.math3.distribution.BetaDistributionTest" time="0.006"/>
  <testcase name="testDensity" classname="org.apache.commons.math3.distribution.BetaDistributionTest" time="0.014"/>
  <testcase name="testMomentsSampling" classname="org.apache.commons.math3.distribution.BetaDistributionTest" time="0.033"/>
  <system-out><![CDATA[]]></system-out>
  <system-err><![CDATA[]]></system-err>
</testsuite>
