<?xml version="1.0" encoding="UTF-8"?>
<testsuite name="org.apache.commons.math3.ode.FirstOrderConverterTest" tests="4" skipped="0" failures="0" errors="0" timestamp="2020-11-02T01:14:30" hostname="DESKTOP-C0495IR" time="0.018">
  <properties/>
  <testcase name="testSmallStep" classname="org.apache.commons.math3.ode.FirstOrderConverterTest" time="0.014"/>
  <testcase name="testDecreasingSteps" classname="org.apache.commons.math3.ode.FirstOrderConverterTest" time="0.004"/>
  <testcase name="testBigStep" classname="org.apache.commons.math3.ode.FirstOrderConverterTest" time="0.0"/>
  <testcase name="testDoubleDimension" classname="org.apache.commons.math3.ode.FirstOrderConverterTest" time="0.0"/>
  <system-out><![CDATA[]]></system-out>
  <system-err><![CDATA[]]></system-err>
</testsuite>
