<?xml version="1.0" encoding="UTF-8"?>
<testsuite name="org.apache.commons.math3.ode.nonstiff.ThreeEighthesIntegratorTest" tests="7" skipped="0" failures="0" errors="0" timestamp="2020-10-17T21:41:31" hostname="DYLAN-DESKTOP" time="0.042">
  <properties/>
  <testcase name="testDimensionCheck" classname="org.apache.commons.math3.ode.nonstiff.ThreeEighthesIntegratorTest" time="0.0"/>
  <testcase name="testBackward" classname="org.apache.commons.math3.ode.nonstiff.ThreeEighthesIntegratorTest" time="0.004"/>
  <testcase name="testSmallStep" classname="org.apache.commons.math3.ode.nonstiff.ThreeEighthesIntegratorTest" time="0.004"/>
  <testcase name="testDecreasingSteps" classname="org.apache.commons.math3.ode.nonstiff.ThreeEighthesIntegratorTest" time="0.026"/>
  <testcase name="testBigStep" classname="org.apache.commons.math3.ode.nonstiff.ThreeEighthesIntegratorTest" time="0.0"/>
  <testcase name="testKepler" classname="org.apache.commons.math3.ode.nonstiff.ThreeEighthesIntegratorTest" time="0.006"/>
  <testcase name="testStepSize" classname="org.apache.commons.math3.ode.nonstiff.ThreeEighthesIntegratorTest" time="0.001"/>
  <system-out><![CDATA[]]></system-out>
  <system-err><![CDATA[]]></system-err>
</testsuite>
