<?xml version="1.0" encoding="UTF-8"?>
<testsuite name="org.apache.commons.math3.analysis.integration.IterativeLegendreGaussIntegratorTest" tests="5" skipped="0" failures="0" errors="0" timestamp="2020-11-02T01:13:52" hostname="DESKTOP-C0495IR" time="6.224">
  <properties/>
  <testcase name="testExactIntegration" classname="org.apache.commons.math3.analysis.integration.IterativeLegendreGaussIntegratorTest" time="0.091"/>
  <testcase name="testNormalDistributionWithLargeSigma" classname="org.apache.commons.math3.analysis.integration.IterativeLegendreGaussIntegratorTest" time="0.003"/>
  <testcase name="testSinFunction" classname="org.apache.commons.math3.analysis.integration.IterativeLegendreGaussIntegratorTest" time="0.001"/>
  <testcase name="testQuinticFunction" classname="org.apache.commons.math3.analysis.integration.IterativeLegendreGaussIntegratorTest" time="0.0"/>
  <testcase name="testIssue464" classname="org.apache.commons.math3.analysis.integration.IterativeLegendreGaussIntegratorTest" time="6.127"/>
  <system-out><![CDATA[]]></system-out>
  <system-err><![CDATA[]]></system-err>
</testsuite>
