<?xml version="1.0" encoding="UTF-8"?>
<testsuite name="org.apache.commons.math3.dfp.DfpMathTest" tests="2" skipped="0" failures="0" errors="0" timestamp="2020-10-17T21:41:11" hostname="DYLAN-DESKTOP" time="0.012">
  <properties/>
  <testcase name="testPow" classname="org.apache.commons.math3.dfp.DfpMathTest" time="0.004"/>
  <testcase name="testSin" classname="org.apache.commons.math3.dfp.DfpMathTest" time="0.008"/>
  <system-out><![CDATA[]]></system-out>
  <system-err><![CDATA[]]></system-err>
</testsuite>
