<?xml version="1.0" encoding="UTF-8"?>
<testsuite name="org.apache.commons.math3.analysis.differentiation.GradientFunctionTest" tests="2" skipped="0" failures="0" errors="0" timestamp="2020-10-17T21:41:00" hostname="DYLAN-DESKTOP" time="0.058">
  <properties/>
  <testcase name="test3DDistance" classname="org.apache.commons.math3.analysis.differentiation.GradientFunctionTest" time="0.056"/>
  <testcase name="test2DDistance" classname="org.apache.commons.math3.analysis.differentiation.GradientFunctionTest" time="0.001"/>
  <system-out><![CDATA[]]></system-out>
  <system-err><![CDATA[]]></system-err>
</testsuite>
