<?xml version="1.0" encoding="UTF-8"?>
<testsuite name="org.apache.commons.math3.ode.sampling.StepNormalizerTest" tests="2" skipped="0" failures="0" errors="0" timestamp="2020-11-02T01:14:35" hostname="DESKTOP-C0495IR" time="0.002">
  <properties/>
  <testcase name="testBoundaries" classname="org.apache.commons.math3.ode.sampling.StepNormalizerTest" time="0.001"/>
  <testcase name="testBeforeEnd" classname="org.apache.commons.math3.ode.sampling.StepNormalizerTest" time="0.001"/>
  <system-out><![CDATA[]]></system-out>
  <system-err><![CDATA[]]></system-err>
</testsuite>
