<?xml version="1.0" encoding="UTF-8"?>
<testsuite name="org.apache.commons.math3.geometry.euclidean.threed.SphereGeneratorTest" tests="7" skipped="0" failures="0" errors="0" timestamp="2020-11-02T01:14:27" hostname="DESKTOP-C0495IR" time="0.152">
  <properties/>
  <testcase name="testDegeneratedCase" classname="org.apache.commons.math3.geometry.euclidean.threed.SphereGeneratorTest" time="0.004"/>
  <testcase name="testSupport2Points" classname="org.apache.commons.math3.geometry.euclidean.threed.SphereGeneratorTest" time="0.0"/>
  <testcase name="testSupport3Points" classname="org.apache.commons.math3.geometry.euclidean.threed.SphereGeneratorTest" time="0.0"/>
  <testcase name="testSupport0Point" classname="org.apache.commons.math3.geometry.euclidean.threed.SphereGeneratorTest" time="0.0"/>
  <testcase name="testSupport1Point" classname="org.apache.commons.math3.geometry.euclidean.threed.SphereGeneratorTest" time="0.0"/>
  <testcase name="testSupport4Points" classname="org.apache.commons.math3.geometry.euclidean.threed.SphereGeneratorTest" time="0.001"/>
  <testcase name="testRandom" classname="org.apache.commons.math3.geometry.euclidean.threed.SphereGeneratorTest" time="0.146"/>
  <system-out><![CDATA[]]></system-out>
  <system-err><![CDATA[]]></system-err>
</testsuite>
