<?xml version="1.0" encoding="UTF-8"?>
<testsuite name="org.apache.commons.math3.analysis.interpolation.UnivariatePeriodicInterpolatorTest" tests="5" skipped="0" failures="0" errors="0" timestamp="2020-11-02T01:14:01" hostname="DESKTOP-C0495IR" time="0.002">
  <properties/>
  <testcase name="testLessThanOnePeriodCoverage" classname="org.apache.commons.math3.analysis.interpolation.UnivariatePeriodicInterpolatorTest" time="0.001"/>
  <testcase name="testSine" classname="org.apache.commons.math3.analysis.interpolation.UnivariatePeriodicInterpolatorTest" time="0.001"/>
  <testcase name="testTooFewSamples" classname="org.apache.commons.math3.analysis.interpolation.UnivariatePeriodicInterpolatorTest" time="0.0"/>
  <testcase name="testMoreThanOnePeriodCoverage" classname="org.apache.commons.math3.analysis.interpolation.UnivariatePeriodicInterpolatorTest" time="0.0"/>
  <testcase name="testUnsortedSamples" classname="org.apache.commons.math3.analysis.interpolation.UnivariatePeriodicInterpolatorTest" time="0.0"/>
  <system-out><![CDATA[]]></system-out>
  <system-err><![CDATA[]]></system-err>
</testsuite>
