<?xml version="1.0" encoding="UTF-8"?>
<testsuite name="org.apache.commons.math3.linear.QRDecompositionTest" tests="10" skipped="0" failures="0" errors="0" timestamp="2020-11-02T01:14:29" hostname="DESKTOP-C0495IR" time="0.019">
  <properties/>
  <testcase name="testAEqualQR" classname="org.apache.commons.math3.linear.QRDecompositionTest" time="0.008"/>
  <testcase name="testInvertShortWide" classname="org.apache.commons.math3.linear.QRDecompositionTest" time="0.0"/>
  <testcase name="testMatricesValues" classname="org.apache.commons.math3.linear.QRDecompositionTest" time="0.0"/>
  <testcase name="testDimensions" classname="org.apache.commons.math3.linear.QRDecompositionTest" time="0.002"/>
  <testcase name="testInvertTallSkinny" classname="org.apache.commons.math3.linear.QRDecompositionTest" time="0.0"/>
  <testcase name="testRUpperTriangular" classname="org.apache.commons.math3.linear.QRDecompositionTest" time="0.002"/>
  <testcase name="testNonInvertible" classname="org.apache.commons.math3.linear.QRDecompositionTest" time="0.0"/>
  <testcase name="testQRSingular" classname="org.apache.commons.math3.linear.QRDecompositionTest" time="0.0"/>
  <testcase name="testQOrthogonal" classname="org.apache.commons.math3.linear.QRDecompositionTest" time="0.004"/>
  <testcase name="testHTrapezoidal" classname="org.apache.commons.math3.linear.QRDecompositionTest" time="0.003"/>
  <system-out><![CDATA[]]></system-out>
  <system-err><![CDATA[]]></system-err>
</testsuite>
