<?xml version="1.0" encoding="UTF-8"?>
<testsuite name="org.apache.commons.math3.stat.correlation.SpearmansRankCorrelationTest" tests="11" skipped="0" failures="0" errors="0" timestamp="2020-11-02T01:16:34" hostname="DESKTOP-C0495IR" time="0.005">
  <properties/>
  <testcase name="testInsufficientData" classname="org.apache.commons.math3.stat.correlation.SpearmansRankCorrelationTest" time="0.003"/>
  <testcase name="testStdErrorConsistency" classname="org.apache.commons.math3.stat.correlation.SpearmansRankCorrelationTest" time="0.0"/>
  <testcase name="testMath891Array" classname="org.apache.commons.math3.stat.correlation.SpearmansRankCorrelationTest" time="0.0"/>
  <testcase name="testSwiss" classname="org.apache.commons.math3.stat.correlation.SpearmansRankCorrelationTest" time="0.0"/>
  <testcase name="testMath891Matrix" classname="org.apache.commons.math3.stat.correlation.SpearmansRankCorrelationTest" time="0.0"/>
  <testcase name="testConstant" classname="org.apache.commons.math3.stat.correlation.SpearmansRankCorrelationTest" time="0.0"/>
  <testcase name="testCovarianceConsistency" classname="org.apache.commons.math3.stat.correlation.SpearmansRankCorrelationTest" time="0.0"/>
  <testcase name="testConsistency" classname="org.apache.commons.math3.stat.correlation.SpearmansRankCorrelationTest" time="0.0"/>
  <testcase name="testLongly" classname="org.apache.commons.math3.stat.correlation.SpearmansRankCorrelationTest" time="0.0"/>
  <testcase name="testSwissFertility" classname="org.apache.commons.math3.stat.correlation.SpearmansRankCorrelationTest" time="0.0"/>
  <testcase name="testPValueNearZero" classname="org.apache.commons.math3.stat.correlation.SpearmansRankCorrelationTest" time="0.0"/>
  <system-out><![CDATA[]]></system-out>
  <system-err><![CDATA[]]></system-err>
</testsuite>
