<?xml version="1.0" encoding="UTF-8"?>
<testsuite name="org.apache.commons.math3.linear.OpenMapRealMatrixTest" tests="2" skipped="0" failures="0" errors="0" timestamp="2020-11-02T01:14:29" hostname="DESKTOP-C0495IR" time="0.002">
  <properties/>
  <testcase name="testMath679" classname="org.apache.commons.math3.linear.OpenMapRealMatrixTest" time="0.0"/>
  <testcase name="testMath870" classname="org.apache.commons.math3.linear.OpenMapRealMatrixTest" time="0.001"/>
  <system-out><![CDATA[]]></system-out>
  <system-err><![CDATA[]]></system-err>
</testsuite>
