<?xml version="1.0" encoding="UTF-8"?>
<testsuite name="org.apache.commons.math3.optimization.linear.SimplexTableauTest" tests="4" skipped="0" failures="0" errors="0" timestamp="2020-11-02T01:15:25" hostname="DESKTOP-C0495IR" time="0.002">
  <properties/>
  <testcase name="testInitialization" classname="org.apache.commons.math3.optimization.linear.SimplexTableauTest" time="0.0"/>
  <testcase name="testTableauWithNoArtificialVars" classname="org.apache.commons.math3.optimization.linear.SimplexTableauTest" time="0.0"/>
  <testcase name="testSerial" classname="org.apache.commons.math3.optimization.linear.SimplexTableauTest" time="0.002"/>
  <testcase name="testDropPhase1Objective" classname="org.apache.commons.math3.optimization.linear.SimplexTableauTest" time="0.0"/>
  <system-out><![CDATA[]]></system-out>
  <system-err><![CDATA[]]></system-err>
</testsuite>
