<?xml version="1.0" encoding="UTF-8"?>
<testsuite name="org.apache.commons.math3.exception.util.LocalizedFormatsTest" tests="6" skipped="0" failures="0" errors="0" timestamp="2020-10-17T21:41:13" hostname="DYLAN-DESKTOP" time="0.049">
  <properties/>
  <testcase name="testNoMissingFrenchTranslation" classname="org.apache.commons.math3.exception.util.LocalizedFormatsTest" time="0.014"/>
  <testcase name="testNoOpEnglishTranslation" classname="org.apache.commons.math3.exception.util.LocalizedFormatsTest" time="0.012"/>
  <testcase name="testVariablePartsConsistency" classname="org.apache.commons.math3.exception.util.LocalizedFormatsTest" time="0.009"/>
  <testcase name="testMessageNumber" classname="org.apache.commons.math3.exception.util.LocalizedFormatsTest" time="0.0"/>
  <testcase name="testAllKeysPresentInPropertiesFiles" classname="org.apache.commons.math3.exception.util.LocalizedFormatsTest" time="0.012"/>
  <testcase name="testAllPropertiesCorrespondToKeys" classname="org.apache.commons.math3.exception.util.LocalizedFormatsTest" time="0.001"/>
  <system-out><![CDATA[]]></system-out>
  <system-err><![CDATA[]]></system-err>
</testsuite>
