<?xml version="1.0" encoding="UTF-8"?>
<testsuite name="org.apache.commons.math3.ml.neuralnet.NeuronTest" tests="6" skipped="0" failures="0" errors="0" timestamp="2020-10-17T21:41:27" hostname="DYLAN-DESKTOP" time="0.001">
  <properties/>
  <testcase name="testCopy" classname="org.apache.commons.math3.ml.neuralnet.NeuronTest" time="0.0"/>
  <testcase name="testGetSize" classname="org.apache.commons.math3.ml.neuralnet.NeuronTest" time="0.0"/>
  <testcase name="testCompareAndSetFeatures" classname="org.apache.commons.math3.ml.neuralnet.NeuronTest" time="0.0"/>
  <testcase name="testGetIdentifier" classname="org.apache.commons.math3.ml.neuralnet.NeuronTest" time="0.001"/>
  <testcase name="testSerialize" classname="org.apache.commons.math3.ml.neuralnet.NeuronTest" time="0.0"/>
  <testcase name="testGetFeatures" classname="org.apache.commons.math3.ml.neuralnet.NeuronTest" time="0.0"/>
  <system-out><![CDATA[]]></system-out>
  <system-err><![CDATA[]]></system-err>
</testsuite>
