<?xml version="1.0" encoding="UTF-8"?>
<testsuite name="org.apache.commons.math3.optimization.general.GaussNewtonOptimizerTest" tests="19" skipped="0" failures="0" errors="0" timestamp="2020-11-02T01:15:24" hostname="DESKTOP-C0495IR" time="0.081">
  <properties/>
  <testcase name="testHahn1" classname="org.apache.commons.math3.optimization.general.GaussNewtonOptimizerTest" time="0.043"/>
  <testcase name="testMoreEstimatedParametersSimple" classname="org.apache.commons.math3.optimization.general.GaussNewtonOptimizerTest" time="0.001"/>
  <testcase name="testMoreEstimatedParametersUnsorted" classname="org.apache.commons.math3.optimization.general.GaussNewtonOptimizerTest" time="0.0"/>
  <testcase name="testMaxEvaluations" classname="org.apache.commons.math3.optimization.general.GaussNewtonOptimizerTest" time="0.003"/>
  <testcase name="testCircleFittingBadInit" classname="org.apache.commons.math3.optimization.general.GaussNewtonOptimizerTest" time="0.002"/>
  <testcase name="testCircleFittingGoodInit" classname="org.apache.commons.math3.optimization.general.GaussNewtonOptimizerTest" time="0.004"/>
  <testcase name="testNoDependency" classname="org.apache.commons.math3.optimization.general.GaussNewtonOptimizerTest" time="0.001"/>
  <testcase name="testRedundantEquations" classname="org.apache.commons.math3.optimization.general.GaussNewtonOptimizerTest" time="0.0"/>
  <testcase name="testTrivial" classname="org.apache.commons.math3.optimization.general.GaussNewtonOptimizerTest" time="0.0"/>
  <testcase name="testQRColumnsPermutation" classname="org.apache.commons.math3.optimization.general.GaussNewtonOptimizerTest" time="0.0"/>
  <testcase name="testInconsistentSizes1" classname="org.apache.commons.math3.optimization.general.GaussNewtonOptimizerTest" time="0.001"/>
  <testcase name="testInconsistentSizes2" classname="org.apache.commons.math3.optimization.general.GaussNewtonOptimizerTest" time="0.0"/>
  <testcase name="testTwoSets" classname="org.apache.commons.math3.optimization.general.GaussNewtonOptimizerTest" time="0.0"/>
  <testcase name="testIllConditioned" classname="org.apache.commons.math3.optimization.general.GaussNewtonOptimizerTest" time="0.0"/>
  <testcase name="testNonInvertible" classname="org.apache.commons.math3.optimization.general.GaussNewtonOptimizerTest" time="0.0"/>
  <testcase name="testInconsistentEquations" classname="org.apache.commons.math3.optimization.general.GaussNewtonOptimizerTest" time="0.0"/>
  <testcase name="testCircleFitting" classname="org.apache.commons.math3.optimization.general.GaussNewtonOptimizerTest" time="0.017"/>
  <testcase name="testKirby2" classname="org.apache.commons.math3.optimization.general.GaussNewtonOptimizerTest" time="0.008"/>
  <testcase name="testOneSet" classname="org.apache.commons.math3.optimization.general.GaussNewtonOptimizerTest" time="0.0"/>
  <system-out><![CDATA[]]></system-out>
  <system-err><![CDATA[]]></system-err>
</testsuite>
