<?xml version="1.0" encoding="UTF-8"?>
<testsuite name="org.apache.commons.math3.fitting.PolynomialCurveFitterTest" tests="5" skipped="0" failures="0" errors="0" timestamp="2020-11-02T01:14:10" hostname="DESKTOP-C0495IR" time="1.387">
  <properties/>
  <testcase name="testFit" classname="org.apache.commons.math3.fitting.PolynomialCurveFitterTest" time="0.001"/>
  <testcase name="testSmallError" classname="org.apache.commons.math3.fitting.PolynomialCurveFitterTest" time="0.008"/>
  <testcase name="testRedundantSolvable" classname="org.apache.commons.math3.fitting.PolynomialCurveFitterTest" time="0.002"/>
  <testcase name="testNoError" classname="org.apache.commons.math3.fitting.PolynomialCurveFitterTest" time="0.001"/>
  <testcase name="testLargeSample" classname="org.apache.commons.math3.fitting.PolynomialCurveFitterTest" time="1.373"/>
  <system-out><![CDATA[]]></system-out>
  <system-err><![CDATA[]]></system-err>
</testsuite>
