<?xml version="1.0" encoding="UTF-8"?>
<testsuite name="org.apache.commons.math3.optimization.general.AbstractLeastSquaresOptimizerTestValidation" tests="2" skipped="0" failures="0" errors="0" timestamp="2020-10-17T21:41:59" hostname="DYLAN-DESKTOP" time="0.028">
  <properties/>
  <testcase name="testParametersErrorMonteCarloParameters" classname="org.apache.commons.math3.optimization.general.AbstractLeastSquaresOptimizerTestValidation" time="0.009"/>
  <testcase name="testParametersErrorMonteCarloObservations" classname="org.apache.commons.math3.optimization.general.AbstractLeastSquaresOptimizerTestValidation" time="0.019"/>
  <system-out><![CDATA[+1.2345658851e+02 -1.0007711538e+02   5.74903214e-01

+1.2345365928e+02 -9.1410541457e+01   1.51994696e+00
+1.2345365928e+02 -8.4056082915e+01   1.37914949e+00
+1.2345482964e+02 -9.8765000000e+01   1.13999475e+00
+1.2345482964e+02 -9.1410541457e+01   8.57490525e-01
+1.2345482964e+02 -8.4056082915e+01   1.17596475e+00
+1.2345600000e+02 -1.0611945854e+02   1.04345607e+00
+1.2345600000e+02 -9.8765000000e+01   6.19245084e-01
+1.2345600000e+02 -9.1410541457e+01   7.96012543e-01
+1.2345600000e+02 -8.4056082915e+01   1.57375845e+00
+1.2345717036e+02 -1.1347391709e+02   1.23033091e+00
+1.2345717036e+02 -1.0611945854e+02   6.64413163e-01
+1.2345717036e+02 -9.8765000000e+01   6.99473862e-01
+1.2345717036e+02 -9.1410541457e+01   1.33551301e+00
+1.2345834072e+02 -1.1347391709e+02   9.92994763e-01
+1.2345834072e+02 -1.0611945854e+02   8.86348702e-01
+1.2345834072e+02 -9.8765000000e+01   1.38068109e+00
+1.2345951108e+02 -1.1347391709e+02   1.35663706e+00

+1.2345014820e+02 -1.3553729271e+02   2.88454096e+01
+1.2345014820e+02 -1.2818283417e+02   2.37209264e+01
+1.2345014820e+02 -1.2082837563e+02   1.91974216e+01
+1.2345014820e+02 -1.1347391709e+02   1.52748953e+01
+1.2345014820e+02 -1.0611945854e+02   1.19533474e+01
+1.2345014820e+02 -9.8765000000e+01   9.23277793e+00
+1.2345014820e+02 -9.1410541457e+01   7.11318695e+00
+1.2345014820e+02 -8.4056082915e+01   5.59457441e+00
+1.2345014820e+02 -7.6701624372e+01   4.67694032e+00
+1.2345014820e+02 -6.9347165829e+01   4.36028469e+00
+1.2345131856e+02 -1.3553729271e+02   2.36243877e+01
+1.2345131856e+02 -1.2818283417e+02   1.89591761e+01
+1.2345131856e+02 -1.2082837563e+02   1.48949431e+01
+1.2345131856e+02 -1.1347391709e+02   1.14316884e+01
+1.2345131856e+02 -1.0611945854e+02   8.56941221e+00
+1.2345131856e+02 -9.8765000000e+01   6.30811446e+00
+1.2345131856e+02 -9.1410541457e+01   4.64779517e+00
+1.2345131856e+02 -8.4056082915e+01   3.58845432e+00
+1.2345131856e+02 -7.6701624372e+01   3.13009192e+00
+1.2345131856e+02 -6.9347165829e+01   3.27270797e+00
+1.2345248892e+02 -1.3553729271e+02   1.90043442e+01
+1.2345248892e+02 -1.2818283417e+02   1.47984044e+01
+1.2345248892e+02 -1.2082837563e+02   1.11934430e+01
+1.2345248892e+02 -1.1347391709e+02   8.18946001e+00
+1.2345248892e+02 -1.0611945854e+02   5.78645550e+00
+1.2345248892e+02 -9.8765000000e+01   3.98442944e+00
+1.2345248892e+02 -9.1410541457e+01   2.78338184e+00
+1.2345248892e+02 -8.4056082915e+01   2.18331268e+00
+1.2345248892e+02 -7.6701624372e+01   2.18422197e+00
+1.2345248892e+02 -6.9347165829e+01   2.78610971e+00
+1.2345365928e+02 -1.3553729271e+02   1.49852792e+01
+1.2345365928e+02 -1.2818283417e+02   1.12386110e+01
+1.2345365928e+02 -1.2082837563e+02   8.09292133e+00
+1.2345365928e+02 -1.1347391709e+02   5.54821006e+00
+1.2345365928e+02 -1.0611945854e+02   3.60447724e+00
+1.2345365928e+02 -9.8765000000e+01   2.26172287e+00
+1.2345365928e+02 -7.6701624372e+01   1.83933047e+00
+1.2345365928e+02 -6.9347165829e+01   2.90048990e+00
+1.2345482964e+02 -1.3553729271e+02   1.15671926e+01
+1.2345482964e+02 -1.2818283417e+02   8.27979617e+00
+1.2345482964e+02 -1.2082837563e+02   5.59337814e+00
+1.2345482964e+02 -1.1347391709e+02   3.50793856e+00
+1.2345482964e+02 -1.0611945854e+02   2.02347743e+00
+1.2345482964e+02 -7.6701624372e+01   2.09541742e+00
+1.2345482964e+02 -6.9347165829e+01   3.61584853e+00
+1.2345600000e+02 -1.3553729271e+02   8.75008453e+00
+1.2345600000e+02 -1.2818283417e+02   5.92195974e+00
+1.2345600000e+02 -1.2082837563e+02   3.69481340e+00
+1.2345600000e+02 -1.1347391709e+02   2.06864551e+00
+1.2345600000e+02 -7.6701624372e+01   2.95248281e+00
+1.2345600000e+02 -6.9347165829e+01   4.93218562e+00
+1.2345717036e+02 -1.3553729271e+02   6.53395486e+00
+1.2345717036e+02 -1.2818283417e+02   4.16510176e+00
+1.2345717036e+02 -1.2082837563e+02   2.39722711e+00
+1.2345717036e+02 -8.4056082915e+01   2.57253061e+00
+1.2345717036e+02 -7.6701624372e+01   4.41052666e+00
+1.2345717036e+02 -6.9347165829e+01   6.84950115e+00
+1.2345834072e+02 -1.3553729271e+02   4.91880364e+00
+1.2345834072e+02 -1.2818283417e+02   3.00922223e+00
+1.2345834072e+02 -1.2082837563e+02   1.70061927e+00
+1.2345834072e+02 -9.1410541457e+01   2.47599193e+00
+1.2345834072e+02 -8.4056082915e+01   4.17228122e+00
+1.2345834072e+02 -7.6701624372e+01   6.46954895e+00
+1.2345834072e+02 -6.9347165829e+01   9.36779514e+00
+1.2345951108e+02 -1.3553729271e+02   3.90463088e+00
+1.2345951108e+02 -1.2818283417e+02   2.45432116e+00
+1.2345951108e+02 -1.2082837563e+02   1.60498988e+00
+1.2345951108e+02 -1.0611945854e+02   1.70926269e+00
+1.2345951108e+02 -9.8765000000e+01   2.66286677e+00
+1.2345951108e+02 -9.1410541457e+01   4.21744930e+00
+1.2345951108e+02 -8.4056082915e+01   6.37301027e+00
+1.2345951108e+02 -7.6701624372e+01   9.12954970e+00
+1.2345951108e+02 -6.9347165829e+01   1.24870676e+01
+1.2346068144e+02 -1.3553729271e+02   3.49143656e+00
+1.2346068144e+02 -1.2818283417e+02   2.50039853e+00
+1.2346068144e+02 -1.2082837563e+02   2.11033894e+00
+1.2346068144e+02 -1.1347391709e+02   2.32125781e+00
+1.2346068144e+02 -1.0611945854e+02   3.13315513e+00
+1.2346068144e+02 -9.8765000000e+01   4.54603090e+00
+1.2346068144e+02 -9.1410541457e+01   6.55988511e+00
+1.2346068144e+02 -8.4056082915e+01   9.17471778e+00
+1.2346068144e+02 -7.6701624372e+01   1.23905289e+01
+1.2346068144e+02 -6.9347165829e+01   1.62073185e+01

# sigma=[0.0011703608261000845, 7.3544585426432905]
# 83 sets filtered out
                 True value       Mean        Std deviation
--------------------------------------------------------------
Parameter #0
              +1.234560e+02   +1.234560e+02   +4.711312e-04
sigma: +4.796968e-04 (+2.315530e-05)
--------------------------------------------------------------
Parameter #1
              -9.876500e+01   -9.885318e+01   +2.609609e+00
sigma: +2.644958e+00 (+1.577361e-01)
--------------------------------------------------------------
]]></system-out>
  <system-err><![CDATA[]]></system-err>
</testsuite>
