<?xml version="1.0" encoding="UTF-8"?>
<testsuite name="org.apache.commons.math3.ode.nonstiff.GillIntegratorTest" tests="8" skipped="0" failures="0" errors="0" timestamp="2020-11-02T01:14:33" hostname="DESKTOP-C0495IR" time="0.054">
  <properties/>
  <testcase name="testDimensionCheck" classname="org.apache.commons.math3.ode.nonstiff.GillIntegratorTest" time="0.001"/>
  <testcase name="testBackward" classname="org.apache.commons.math3.ode.nonstiff.GillIntegratorTest" time="0.003"/>
  <testcase name="testSmallStep" classname="org.apache.commons.math3.ode.nonstiff.GillIntegratorTest" time="0.002"/>
  <testcase name="testDecreasingSteps" classname="org.apache.commons.math3.ode.nonstiff.GillIntegratorTest" time="0.039"/>
  <testcase name="testBigStep" classname="org.apache.commons.math3.ode.nonstiff.GillIntegratorTest" time="0.0"/>
  <testcase name="testUnstableDerivative" classname="org.apache.commons.math3.ode.nonstiff.GillIntegratorTest" time="0.0"/>
  <testcase name="testKepler" classname="org.apache.commons.math3.ode.nonstiff.GillIntegratorTest" time="0.006"/>
  <testcase name="testStepSize" classname="org.apache.commons.math3.ode.nonstiff.GillIntegratorTest" time="0.001"/>
  <system-out><![CDATA[]]></system-out>
  <system-err><![CDATA[]]></system-err>
</testsuite>
