<?xml version="1.0" encoding="UTF-8"?>
<testsuite name="org.apache.commons.math3.linear.HessenbergTransformerTest" tests="9" skipped="0" failures="0" errors="0" timestamp="2020-10-17T21:41:26" hostname="DYLAN-DESKTOP" time="0.033">
  <properties/>
  <testcase name="testPOrthogonal" classname="org.apache.commons.math3.linear.HessenbergTransformerTest" time="0.0"/>
  <testcase name="testRandomData" classname="org.apache.commons.math3.linear.HessenbergTransformerTest" time="0.015"/>
  <testcase name="testRandomDataNormalDistribution" classname="org.apache.commons.math3.linear.HessenbergTransformerTest" time="0.017"/>
  <testcase name="testAEqualPHPt" classname="org.apache.commons.math3.linear.HessenbergTransformerTest" time="0.0"/>
  <testcase name="testPTOrthogonal" classname="org.apache.commons.math3.linear.HessenbergTransformerTest" time="0.001"/>
  <testcase name="testNonSquare" classname="org.apache.commons.math3.linear.HessenbergTransformerTest" time="0.0"/>
  <testcase name="testHessenbergForm" classname="org.apache.commons.math3.linear.HessenbergTransformerTest" time="0.0"/>
  <testcase name="testMatricesValues3" classname="org.apache.commons.math3.linear.HessenbergTransformerTest" time="0.0"/>
  <testcase name="testMatricesValues5" classname="org.apache.commons.math3.linear.HessenbergTransformerTest" time="0.0"/>
  <system-out><![CDATA[]]></system-out>
  <system-err><![CDATA[]]></system-err>
</testsuite>
