<?xml version="1.0" encoding="UTF-8"?>
<testsuite name="org.apache.commons.math3.linear.SingularValueSolverTest" tests="6" skipped="0" failures="0" errors="0" timestamp="2020-11-02T01:14:29" hostname="DESKTOP-C0495IR" time="0.001">
  <properties/>
  <testcase name="testSolve" classname="org.apache.commons.math3.linear.SingularValueSolverTest" time="0.001"/>
  <testcase name="testSolveDimensionErrors" classname="org.apache.commons.math3.linear.SingularValueSolverTest" time="0.0"/>
  <testcase name="testConditionNumber" classname="org.apache.commons.math3.linear.SingularValueSolverTest" time="0.0"/>
  <testcase name="testLeastSquareSolve" classname="org.apache.commons.math3.linear.SingularValueSolverTest" time="0.0"/>
  <testcase name="testMath320B" classname="org.apache.commons.math3.linear.SingularValueSolverTest" time="0.0"/>
  <testcase name="testSingular" classname="org.apache.commons.math3.linear.SingularValueSolverTest" time="0.0"/>
  <system-out><![CDATA[]]></system-out>
  <system-err><![CDATA[]]></system-err>
</testsuite>
