<?xml version="1.0" encoding="UTF-8"?>
<testsuite name="org.apache.commons.math3.analysis.solvers.LaguerreSolverTest" tests="8" skipped="0" failures="0" errors="0" timestamp="2020-11-02T01:14:04" hostname="DESKTOP-C0495IR" time="0.006">
  <properties/>
  <testcase name="testEmptyCoefficients" classname="org.apache.commons.math3.analysis.solvers.LaguerreSolverTest" time="0.002"/>
  <testcase name="testTooManyEvaluations" classname="org.apache.commons.math3.analysis.solvers.LaguerreSolverTest" time="0.003"/>
  <testcase name="testLinearFunction" classname="org.apache.commons.math3.analysis.solvers.LaguerreSolverTest" time="0.0"/>
  <testcase name="testQuadraticFunction" classname="org.apache.commons.math3.analysis.solvers.LaguerreSolverTest" time="0.0"/>
  <testcase name="testParameters" classname="org.apache.commons.math3.analysis.solvers.LaguerreSolverTest" time="0.0"/>
  <testcase name="testQuinticFunction2" classname="org.apache.commons.math3.analysis.solvers.LaguerreSolverTest" time="0.001"/>
  <testcase name="testQuinticFunction" classname="org.apache.commons.math3.analysis.solvers.LaguerreSolverTest" time="0.0"/>
  <testcase name="testNullCoefficients" classname="org.apache.commons.math3.analysis.solvers.LaguerreSolverTest" time="0.0"/>
  <system-out><![CDATA[]]></system-out>
  <system-err><![CDATA[]]></system-err>
</testsuite>
