<?xml version="1.0" encoding="UTF-8"?>
<testsuite name="org.apache.commons.math3.ode.nonstiff.GillFieldIntegratorTest" tests="14" skipped="0" failures="0" errors="0" timestamp="2020-11-02T01:14:32" hostname="DESKTOP-C0495IR" time="0.397">
  <properties/>
  <testcase name="testBackward" classname="org.apache.commons.math3.ode.nonstiff.GillFieldIntegratorTest" time="0.044"/>
  <testcase name="testDerivativesConsistency" classname="org.apache.commons.math3.ode.nonstiff.GillFieldIntegratorTest" time="0.019"/>
  <testcase name="testMissedEndEvent" classname="org.apache.commons.math3.ode.nonstiff.GillFieldIntegratorTest" time="0.0"/>
  <testcase name="testSmallStep" classname="org.apache.commons.math3.ode.nonstiff.GillFieldIntegratorTest" time="0.046"/>
  <testcase name="testDecreasingSteps" classname="org.apache.commons.math3.ode.nonstiff.GillFieldIntegratorTest" time="0.242"/>
  <testcase name="testNonFieldIntegratorConsistency" classname="org.apache.commons.math3.ode.nonstiff.GillFieldIntegratorTest" time="0.001"/>
  <testcase name="testBigStep" classname="org.apache.commons.math3.ode.nonstiff.GillFieldIntegratorTest" time="0.0"/>
  <testcase name="testSingleStep" classname="org.apache.commons.math3.ode.nonstiff.GillFieldIntegratorTest" time="0.0"/>
  <testcase name="testUnstableDerivative" classname="org.apache.commons.math3.ode.nonstiff.GillFieldIntegratorTest" time="0.0"/>
  <testcase name="testPartialDerivatives" classname="org.apache.commons.math3.ode.nonstiff.GillFieldIntegratorTest" time="0.018"/>
  <testcase name="testKepler" classname="org.apache.commons.math3.ode.nonstiff.GillFieldIntegratorTest" time="0.025"/>
  <testcase name="testTooLargeFirstStep" classname="org.apache.commons.math3.ode.nonstiff.GillFieldIntegratorTest" time="0.0"/>
  <testcase name="testSanityChecks" classname="org.apache.commons.math3.ode.nonstiff.GillFieldIntegratorTest" time="0.0"/>
  <testcase name="testStepSize" classname="org.apache.commons.math3.ode.nonstiff.GillFieldIntegratorTest" time="0.0"/>
  <system-out><![CDATA[]]></system-out>
  <system-err><![CDATA[]]></system-err>
</testsuite>
