<?xml version="1.0" encoding="UTF-8"?>
<testsuite name="org.apache.commons.math3.ode.events.OverlappingEventsTest" tests="2" skipped="0" failures="0" errors="0" timestamp="2020-10-17T21:41:27" hostname="DYLAN-DESKTOP" time="0.006">
  <properties/>
  <testcase name="testOverlappingEvents0" classname="org.apache.commons.math3.ode.events.OverlappingEventsTest" time="0.005"/>
  <testcase name="testOverlappingEvents1" classname="org.apache.commons.math3.ode.events.OverlappingEventsTest" time="0.001"/>
  <system-out><![CDATA[]]></system-out>
  <system-err><![CDATA[]]></system-err>
</testsuite>
