<?xml version="1.0" encoding="UTF-8"?>
<testsuite name="org.apache.commons.math3.analysis.integration.LegendreGaussIntegratorTest" tests="4" skipped="0" failures="0" errors="0" timestamp="2020-11-02T01:13:58" hostname="DESKTOP-C0495IR" time="0.452">
  <properties/>
  <testcase name="testExactIntegration" classname="org.apache.commons.math3.analysis.integration.LegendreGaussIntegratorTest" time="0.002"/>
  <testcase name="testSinFunction" classname="org.apache.commons.math3.analysis.integration.LegendreGaussIntegratorTest" time="0.0"/>
  <testcase name="testQuinticFunction" classname="org.apache.commons.math3.analysis.integration.LegendreGaussIntegratorTest" time="0.0"/>
  <testcase name="testIssue464" classname="org.apache.commons.math3.analysis.integration.LegendreGaussIntegratorTest" time="0.45"/>
  <system-out><![CDATA[]]></system-out>
  <system-err><![CDATA[]]></system-err>
</testsuite>
