<?xml version="1.0" encoding="UTF-8"?>
<testsuite name="org.apache.commons.math3.dfp.DfpTest" tests="78" skipped="0" failures="0" errors="0" timestamp="2020-11-02T01:14:06" hostname="DESKTOP-C0495IR" time="1.446">
  <properties/>
  <testcase name="testAdd" classname="org.apache.commons.math3.dfp.DfpTest" time="0.0"/>
  <testcase name="testSpecialConstructors" classname="org.apache.commons.math3.dfp.DfpTest" time="0.0"/>
  <testcase name="testFloor" classname="org.apache.commons.math3.dfp.DfpTest" time="0.0"/>
  <testcase name="testLog10" classname="org.apache.commons.math3.dfp.DfpTest" time="0.0"/>
  <testcase name="testRound" classname="org.apache.commons.math3.dfp.DfpTest" time="0.0"/>
  <testcase name="testCeil" classname="org.apache.commons.math3.dfp.DfpTest" time="0.0"/>
  <testcase name="testRint" classname="org.apache.commons.math3.dfp.DfpTest" time="0.0"/>
  <testcase name="testSqrt" classname="org.apache.commons.math3.dfp.DfpTest" time="0.0"/>
  <testcase name="testToString" classname="org.apache.commons.math3.dfp.DfpTest" time="0.0"/>
  <testcase name="testReciprocal" classname="org.apache.commons.math3.dfp.DfpTest" time="0.0"/>
  <testcase name="testEqualsHashcodeContract" classname="org.apache.commons.math3.dfp.DfpTest" time="0.0"/>
  <testcase name="testDivideInt" classname="org.apache.commons.math3.dfp.DfpTest" time="0.0"/>
  <testcase name="testSignPredicates" classname="org.apache.commons.math3.dfp.DfpTest" time="0.0"/>
  <testcase name="testPower10" classname="org.apache.commons.math3.dfp.DfpTest" time="0.0"/>
  <testcase name="testCopySign" classname="org.apache.commons.math3.dfp.DfpTest" time="0.0"/>
  <testcase name="testCompare" classname="org.apache.commons.math3.dfp.DfpTest" time="0.0"/>
  <testcase name="testByteConstructor" classname="org.apache.commons.math3.dfp.DfpTest" time="0.0"/>
  <testcase name="testIntValue" classname="org.apache.commons.math3.dfp.DfpTest" time="0.001"/>
  <testcase name="testDivide" classname="org.apache.commons.math3.dfp.DfpTest" time="0.0"/>
  <testcase name="testMultiply" classname="org.apache.commons.math3.dfp.DfpTest" time="0.0"/>
  <testcase name="testIssue567" classname="org.apache.commons.math3.dfp.DfpTest" time="0.499"/>
  <testcase name="testIsZero" classname="org.apache.commons.math3.dfp.DfpTest" time="0.001"/>
  <testcase name="testIntConstructor" classname="org.apache.commons.math3.dfp.DfpTest" time="0.0"/>
  <testcase name="testLog10K" classname="org.apache.commons.math3.dfp.DfpTest" time="0.0"/>
  <testcase name="testRemainder" classname="org.apache.commons.math3.dfp.DfpTest" time="0.0"/>
  <testcase name="testPower10K" classname="org.apache.commons.math3.dfp.DfpTest" time="0.001"/>
  <testcase name="testLongConstructor" classname="org.apache.commons.math3.dfp.DfpTest" time="0.0"/>
  <testcase name="testNextAfter" classname="org.apache.commons.math3.dfp.DfpTest" time="0.0"/>
  <testcase name="testDivideField" classname="org.apache.commons.math3.dfp.DfpTest" time="0.032"/>
  <testcase name="testRemainderDouble" classname="org.apache.commons.math3.dfp.DfpTest" time="0.031"/>
  <testcase name="testGetField" classname="org.apache.commons.math3.dfp.DfpTest" time="0.0"/>
  <testcase name="testDivideDouble" classname="org.apache.commons.math3.dfp.DfpTest" time="0.029"/>
  <testcase name="testAbs" classname="org.apache.commons.math3.dfp.DfpTest" time="0.002"/>
  <testcase name="testCos" classname="org.apache.commons.math3.dfp.DfpTest" time="0.005"/>
  <testcase name="testExp" classname="org.apache.commons.math3.dfp.DfpTest" time="0.006"/>
  <testcase name="testLog" classname="org.apache.commons.math3.dfp.DfpTest" time="0.005"/>
  <testcase name="testSin" classname="org.apache.commons.math3.dfp.DfpTest" time="0.003"/>
  <testcase name="testTan" classname="org.apache.commons.math3.dfp.DfpTest" time="0.005"/>
  <testcase name="testAcosh" classname="org.apache.commons.math3.dfp.DfpTest" time="0.015"/>
  <testcase name="testAsinh" classname="org.apache.commons.math3.dfp.DfpTest" time="0.006"/>
  <testcase name="testAtan2" classname="org.apache.commons.math3.dfp.DfpTest" time="0.129"/>
  <testcase name="testAtanh" classname="org.apache.commons.math3.dfp.DfpTest" time="0.003"/>
  <testcase name="testExpm1" classname="org.apache.commons.math3.dfp.DfpTest" time="0.003"/>
  <testcase name="testHypot" classname="org.apache.commons.math3.dfp.DfpTest" time="0.048"/>
  <testcase name="testLog1p" classname="org.apache.commons.math3.dfp.DfpTest" time="0.003"/>
  <testcase name="testRootN" classname="org.apache.commons.math3.dfp.DfpTest" time="0.008"/>
  <testcase name="testScalb" classname="org.apache.commons.math3.dfp.DfpTest" time="0.295"/>
  <testcase name="testAcos" classname="org.apache.commons.math3.dfp.DfpTest" time="0.004"/>
  <testcase name="testAsin" classname="org.apache.commons.math3.dfp.DfpTest" time="0.003"/>
  <testcase name="testAtan" classname="org.apache.commons.math3.dfp.DfpTest" time="0.002"/>
  <testcase name="testCbrt" classname="org.apache.commons.math3.dfp.DfpTest" time="0.004"/>
  <testcase name="testCosh" classname="org.apache.commons.math3.dfp.DfpTest" time="0.002"/>
  <testcase name="testHash" classname="org.apache.commons.math3.dfp.DfpTest" time="0.001"/>
  <testcase name="testSinh" classname="org.apache.commons.math3.dfp.DfpTest" time="0.003"/>
  <testcase name="testTanh" classname="org.apache.commons.math3.dfp.DfpTest" time="0.003"/>
  <testcase name="testAddField" classname="org.apache.commons.math3.dfp.DfpTest" time="0.015"/>
  <testcase name="testMultiplyDouble" classname="org.apache.commons.math3.dfp.DfpTest" time="0.019"/>
  <testcase name="testMultiplyInt" classname="org.apache.commons.math3.dfp.DfpTest" time="0.007"/>
  <testcase name="testLinearCombinationDaFa" classname="org.apache.commons.math3.dfp.DfpTest" time="0.007"/>
  <testcase name="testLinearCombinationFaFa" classname="org.apache.commons.math3.dfp.DfpTest" time="0.006"/>
  <testcase name="testAddDouble" classname="org.apache.commons.math3.dfp.DfpTest" time="0.015"/>
  <testcase name="testPowDouble" classname="org.apache.commons.math3.dfp.DfpTest" time="0.046"/>
  <testcase name="testSubtractDouble" classname="org.apache.commons.math3.dfp.DfpTest" time="0.015"/>
  <testcase name="testRemainderField" classname="org.apache.commons.math3.dfp.DfpTest" time="0.026"/>
  <testcase name="testCopySignDouble" classname="org.apache.commons.math3.dfp.DfpTest" time="0.012"/>
  <testcase name="testLinearCombinationDF2" classname="org.apache.commons.math3.dfp.DfpTest" time="0.003"/>
  <testcase name="testLinearCombinationDF3" classname="org.apache.commons.math3.dfp.DfpTest" time="0.002"/>
  <testcase name="testLinearCombinationDF4" classname="org.apache.commons.math3.dfp.DfpTest" time="0.003"/>
  <testcase name="testLinearCombinationFF2" classname="org.apache.commons.math3.dfp.DfpTest" time="0.002"/>
  <testcase name="testLinearCombinationFF3" classname="org.apache.commons.math3.dfp.DfpTest" time="0.004"/>
  <testcase name="testLinearCombinationFF4" classname="org.apache.commons.math3.dfp.DfpTest" time="0.003"/>
  <testcase name="testEquals" classname="org.apache.commons.math3.dfp.DfpTest" time="0.0"/>
  <testcase name="testCopySignField" classname="org.apache.commons.math3.dfp.DfpTest" time="0.014"/>
  <testcase name="testPowField" classname="org.apache.commons.math3.dfp.DfpTest" time="0.044"/>
  <testcase name="testPowInt" classname="org.apache.commons.math3.dfp.DfpTest" time="0.004"/>
  <testcase name="testSignum" classname="org.apache.commons.math3.dfp.DfpTest" time="0.0"/>
  <testcase name="testMultiplyField" classname="org.apache.commons.math3.dfp.DfpTest" time="0.017"/>
  <testcase name="testSubtractField" classname="org.apache.commons.math3.dfp.DfpTest" time="0.015"/>
  <system-out><![CDATA[]]></system-out>
  <system-err><![CDATA[]]></system-err>
</testsuite>
