<?xml version="1.0" encoding="UTF-8"?>
<testsuite name="org.apache.commons.math3.analysis.solvers.BrentSolverTest" tests="6" skipped="0" failures="0" errors="0" timestamp="2020-11-02T01:14:03" hostname="DESKTOP-C0495IR" time="0.005">
  <properties/>
  <testcase name="testBadEndpoints" classname="org.apache.commons.math3.analysis.solvers.BrentSolverTest" time="0.001"/>
  <testcase name="testMath832" classname="org.apache.commons.math3.analysis.solvers.BrentSolverTest" time="0.002"/>
  <testcase name="testInitialGuess" classname="org.apache.commons.math3.analysis.solvers.BrentSolverTest" time="0.001"/>
  <testcase name="testRootEndpoints" classname="org.apache.commons.math3.analysis.solvers.BrentSolverTest" time="0.0"/>
  <testcase name="testQuinticZero" classname="org.apache.commons.math3.analysis.solvers.BrentSolverTest" time="0.0"/>
  <testcase name="testSinZero" classname="org.apache.commons.math3.analysis.solvers.BrentSolverTest" time="0.001"/>
  <system-out><![CDATA[]]></system-out>
  <system-err><![CDATA[]]></system-err>
</testsuite>
