<?xml version="1.0" encoding="UTF-8"?>
<testsuite name="org.apache.commons.math3.distribution.GammaDistributionTest" tests="24" skipped="0" failures="0" errors="0" timestamp="2020-10-17T21:41:12" hostname="DYLAN-DESKTOP" time="0.163">
  <properties/>
  <testcase name="testProbabilities" classname="org.apache.commons.math3.distribution.GammaDistributionTest" time="0.0"/>
  <testcase name="testPreconditions" classname="org.apache.commons.math3.distribution.GammaDistributionTest" time="0.001"/>
  <testcase name="testParameterAccessors" classname="org.apache.commons.math3.distribution.GammaDistributionTest" time="0.0"/>
  <testcase name="testMath753Shape100" classname="org.apache.commons.math3.distribution.GammaDistributionTest" time="0.024"/>
  <testcase name="testMath753Shape142" classname="org.apache.commons.math3.distribution.GammaDistributionTest" time="0.019"/>
  <testcase name="testMath753Shape10" classname="org.apache.commons.math3.distribution.GammaDistributionTest" time="0.006"/>
  <testcase name="testMath753Shape1" classname="org.apache.commons.math3.distribution.GammaDistributionTest" time="0.03"/>
  <testcase name="testMath753Shape8" classname="org.apache.commons.math3.distribution.GammaDistributionTest" time="0.025"/>
  <testcase name="testMoments" classname="org.apache.commons.math3.distribution.GammaDistributionTest" time="0.001"/>
  <testcase name="testDensity" classname="org.apache.commons.math3.distribution.GammaDistributionTest" time="0.0"/>
  <testcase name="testMath753Shape1000" classname="org.apache.commons.math3.distribution.GammaDistributionTest" time="0.048"/>
  <testcase name="testInverseCumulativeProbabilityExtremes" classname="org.apache.commons.math3.distribution.GammaDistributionTest" time="0.0"/>
  <testcase name="testValues" classname="org.apache.commons.math3.distribution.GammaDistributionTest" time="0.001"/>
  <testcase name="testIsSupportLowerBoundInclusive" classname="org.apache.commons.math3.distribution.GammaDistributionTest" time="0.0"/>
  <testcase name="testDensities" classname="org.apache.commons.math3.distribution.GammaDistributionTest" time="0.0"/>
  <testcase name="testInverseCumulativeProbabilities" classname="org.apache.commons.math3.distribution.GammaDistributionTest" time="0.001"/>
  <testcase name="testSampling" classname="org.apache.commons.math3.distribution.GammaDistributionTest" time="0.001"/>
  <testcase name="testCumulativeProbabilities" classname="org.apache.commons.math3.distribution.GammaDistributionTest" time="0.001"/>
  <testcase name="testDistributionClone" classname="org.apache.commons.math3.distribution.GammaDistributionTest" time="0.002"/>
  <testcase name="testIllegalArguments" classname="org.apache.commons.math3.distribution.GammaDistributionTest" time="0.0"/>
  <testcase name="testDensityIntegrals" classname="org.apache.commons.math3.distribution.GammaDistributionTest" time="0.001"/>
  <testcase name="testConsistency" classname="org.apache.commons.math3.distribution.GammaDistributionTest" time="0.0"/>
  <testcase name="testLogDensities" classname="org.apache.commons.math3.distribution.GammaDistributionTest" time="0.0"/>
  <testcase name="testIsSupportUpperBoundInclusive" classname="org.apache.commons.math3.distribution.GammaDistributionTest" time="0.0"/>
  <system-out><![CDATA[]]></system-out>
  <system-err><![CDATA[]]></system-err>
</testsuite>
