<?xml version="1.0" encoding="UTF-8"?>
<testsuite name="org.apache.commons.math3.fitting.leastsquares.LevenbergMarquardtOptimizerTest" tests="25" skipped="0" failures="0" errors="0" timestamp="2020-11-02T01:14:10" hostname="DESKTOP-C0495IR" time="0.099">
  <properties/>
  <testcase name="testBevington" classname="org.apache.commons.math3.fitting.leastsquares.LevenbergMarquardtOptimizerTest" time="0.003"/>
  <testcase name="testNonInvertible" classname="org.apache.commons.math3.fitting.leastsquares.LevenbergMarquardtOptimizerTest" time="0.001"/>
  <testcase name="testParameterValidator" classname="org.apache.commons.math3.fitting.leastsquares.LevenbergMarquardtOptimizerTest" time="0.053"/>
  <testcase name="testEvaluationCount" classname="org.apache.commons.math3.fitting.leastsquares.LevenbergMarquardtOptimizerTest" time="0.001"/>
  <testcase name="testCircleFitting2" classname="org.apache.commons.math3.fitting.leastsquares.LevenbergMarquardtOptimizerTest" time="0.031"/>
  <testcase name="testControlParameters" classname="org.apache.commons.math3.fitting.leastsquares.LevenbergMarquardtOptimizerTest" time="0.0"/>
  <testcase name="testCircleFittingGoodInit" classname="org.apache.commons.math3.fitting.leastsquares.LevenbergMarquardtOptimizerTest" time="0.0"/>
  <testcase name="testPointCopy" classname="org.apache.commons.math3.fitting.leastsquares.LevenbergMarquardtOptimizerTest" time="0.0"/>
  <testcase name="testNoDependency" classname="org.apache.commons.math3.fitting.leastsquares.LevenbergMarquardtOptimizerTest" time="0.0"/>
  <testcase name="testRedundantEquations" classname="org.apache.commons.math3.fitting.leastsquares.LevenbergMarquardtOptimizerTest" time="0.0"/>
  <testcase name="testTrivial" classname="org.apache.commons.math3.fitting.leastsquares.LevenbergMarquardtOptimizerTest" time="0.0"/>
  <testcase name="testQRColumnsPermutation" classname="org.apache.commons.math3.fitting.leastsquares.LevenbergMarquardtOptimizerTest" time="0.001"/>
  <testcase name="testInconsistentSizes1" classname="org.apache.commons.math3.fitting.leastsquares.LevenbergMarquardtOptimizerTest" time="0.0"/>
  <testcase name="testInconsistentSizes2" classname="org.apache.commons.math3.fitting.leastsquares.LevenbergMarquardtOptimizerTest" time="0.0"/>
  <testcase name="testTwoSets" classname="org.apache.commons.math3.fitting.leastsquares.LevenbergMarquardtOptimizerTest" time="0.0"/>
  <testcase name="testHahn1" classname="org.apache.commons.math3.fitting.leastsquares.LevenbergMarquardtOptimizerTest" time="0.003"/>
  <testcase name="testMoreEstimatedParametersSimple" classname="org.apache.commons.math3.fitting.leastsquares.LevenbergMarquardtOptimizerTest" time="0.0"/>
  <testcase name="testMoreEstimatedParametersUnsorted" classname="org.apache.commons.math3.fitting.leastsquares.LevenbergMarquardtOptimizerTest" time="0.0"/>
  <testcase name="testIllConditioned" classname="org.apache.commons.math3.fitting.leastsquares.LevenbergMarquardtOptimizerTest" time="0.001"/>
  <testcase name="testGetIterations" classname="org.apache.commons.math3.fitting.leastsquares.LevenbergMarquardtOptimizerTest" time="0.0"/>
  <testcase name="testInconsistentEquations" classname="org.apache.commons.math3.fitting.leastsquares.LevenbergMarquardtOptimizerTest" time="0.0"/>
  <testcase name="testCircleFitting" classname="org.apache.commons.math3.fitting.leastsquares.LevenbergMarquardtOptimizerTest" time="0.002"/>
  <testcase name="testKirby2" classname="org.apache.commons.math3.fitting.leastsquares.LevenbergMarquardtOptimizerTest" time="0.002"/>
  <testcase name="testOneSet" classname="org.apache.commons.math3.fitting.leastsquares.LevenbergMarquardtOptimizerTest" time="0.0"/>
  <testcase name="testCircleFittingBadInit" classname="org.apache.commons.math3.fitting.leastsquares.LevenbergMarquardtOptimizerTest" time="0.0"/>
  <system-out><![CDATA[]]></system-out>
  <system-err><![CDATA[]]></system-err>
</testsuite>
