<?xml version="1.0" encoding="UTF-8"?>
<testsuite name="org.apache.commons.math3.ode.nonstiff.DormandPrince853StepInterpolatorTest" tests="3" skipped="0" failures="0" errors="0" timestamp="2020-11-02T01:14:32" hostname="DESKTOP-C0495IR" time="0.008">
  <properties/>
  <testcase name="derivativesConsistency" classname="org.apache.commons.math3.ode.nonstiff.DormandPrince853StepInterpolatorTest" time="0.0"/>
  <testcase name="checklone" classname="org.apache.commons.math3.ode.nonstiff.DormandPrince853StepInterpolatorTest" time="0.002"/>
  <testcase name="serialization" classname="org.apache.commons.math3.ode.nonstiff.DormandPrince853StepInterpolatorTest" time="0.005"/>
  <system-out><![CDATA[]]></system-out>
  <system-err><![CDATA[]]></system-err>
</testsuite>
