<?xml version="1.0" encoding="UTF-8"?>
<testsuite name="org.apache.commons.math3.ode.nonstiff.AdamsNordsieckTransformerTest" tests="5" skipped="0" failures="0" errors="0" timestamp="2020-10-17T21:41:29" hostname="DYLAN-DESKTOP" time="0.001">
  <properties/>
  <testcase name="testPolynomialExtraDerivative" classname="org.apache.commons.math3.ode.nonstiff.AdamsNordsieckTransformerTest" time="0.0"/>
  <testcase name="testTransformInexact" classname="org.apache.commons.math3.ode.nonstiff.AdamsNordsieckTransformerTest" time="0.0"/>
  <testcase name="testPolynomialMissingLastDerivative" classname="org.apache.commons.math3.ode.nonstiff.AdamsNordsieckTransformerTest" time="0.0"/>
  <testcase name="testPolynomialRegular" classname="org.apache.commons.math3.ode.nonstiff.AdamsNordsieckTransformerTest" time="0.0"/>
  <testcase name="testTransformExact" classname="org.apache.commons.math3.ode.nonstiff.AdamsNordsieckTransformerTest" time="0.001"/>
  <system-out><![CDATA[]]></system-out>
  <system-err><![CDATA[]]></system-err>
</testsuite>
