<?xml version="1.0" encoding="UTF-8"?>
<testsuite name="org.apache.commons.math3.geometry.spherical.twod.SphericalPolygonsSetTest" tests="11" skipped="0" failures="0" errors="0" timestamp="2020-11-02T01:14:28" hostname="DESKTOP-C0495IR" time="0.067">
  <properties/>
  <testcase name="testSeveralParts" classname="org.apache.commons.math3.geometry.spherical.twod.SphericalPolygonsSetTest" time="0.006"/>
  <testcase name="testFullSphere" classname="org.apache.commons.math3.geometry.spherical.twod.SphericalPolygonsSetTest" time="0.001"/>
  <testcase name="testConcentricSubParts" classname="org.apache.commons.math3.geometry.spherical.twod.SphericalPolygonsSetTest" time="0.027"/>
  <testcase name="testEmpty" classname="org.apache.commons.math3.geometry.spherical.twod.SphericalPolygonsSetTest" time="0.001"/>
  <testcase name="testPartWithHole" classname="org.apache.commons.math3.geometry.spherical.twod.SphericalPolygonsSetTest" time="0.002"/>
  <testcase name="testModeratlyComplexShape" classname="org.apache.commons.math3.geometry.spherical.twod.SphericalPolygonsSetTest" time="0.0"/>
  <testcase name="testGeographicalMap" classname="org.apache.commons.math3.geometry.spherical.twod.SphericalPolygonsSetTest" time="0.021"/>
  <testcase name="testPositiveOctantByIntersection" classname="org.apache.commons.math3.geometry.spherical.twod.SphericalPolygonsSetTest" time="0.003"/>
  <testcase name="testNonConvex" classname="org.apache.commons.math3.geometry.spherical.twod.SphericalPolygonsSetTest" time="0.002"/>
  <testcase name="testSouthHemisphere" classname="org.apache.commons.math3.geometry.spherical.twod.SphericalPolygonsSetTest" time="0.001"/>
  <testcase name="testPositiveOctantByVertices" classname="org.apache.commons.math3.geometry.spherical.twod.SphericalPolygonsSetTest" time="0.002"/>
  <system-out><![CDATA[]]></system-out>
  <system-err><![CDATA[]]></system-err>
</testsuite>
