<?xml version="1.0" encoding="UTF-8"?>
<testsuite name="org.apache.commons.math3.analysis.function.SqrtTest" tests="3" skipped="0" failures="0" errors="0" timestamp="2020-10-17T21:41:01" hostname="DYLAN-DESKTOP" time="0.003">
  <properties/>
  <testcase name="testComparison" classname="org.apache.commons.math3.analysis.function.SqrtTest" time="0.001"/>
  <testcase name="testDerivativeComparison" classname="org.apache.commons.math3.analysis.function.SqrtTest" time="0.002"/>
  <testcase name="testDerivativesHighOrder" classname="org.apache.commons.math3.analysis.function.SqrtTest" time="0.0"/>
  <system-out><![CDATA[]]></system-out>
  <system-err><![CDATA[]]></system-err>
</testsuite>
