<?xml version="1.0" encoding="UTF-8"?>
<testsuite name="org.apache.commons.math3.stat.inference.KolmogorovSmirnovTestTest" tests="26" skipped="0" failures="0" errors="0" timestamp="2020-11-02T01:16:47" hostname="DESKTOP-C0495IR" time="4.154">
  <properties/>
  <testcase name="testOneSampleUniformGaussian" classname="org.apache.commons.math3.stat.inference.KolmogorovSmirnovTestTest" time="0.011"/>
  <testcase name="testFixTies" classname="org.apache.commons.math3.stat.inference.KolmogorovSmirnovTestTest" time="0.0"/>
  <testcase name="testOneSampleGaussianUniform" classname="org.apache.commons.math3.stat.inference.KolmogorovSmirnovTestTest" time="0.015"/>
  <testcase name="testTwoSamplesAllEqual" classname="org.apache.commons.math3.stat.inference.KolmogorovSmirnovTestTest" time="0.174"/>
  <testcase name="testBootstrapRounding" classname="org.apache.commons.math3.stat.inference.KolmogorovSmirnovTestTest" time="0.018"/>
  <testcase name="testOneSampleGaussianGaussian" classname="org.apache.commons.math3.stat.inference.KolmogorovSmirnovTestTest" time="0.006"/>
  <testcase name="testBootstrapLargeSamples" classname="org.apache.commons.math3.stat.inference.KolmogorovSmirnovTestTest" time="0.312"/>
  <testcase name="testBootstrapSmallSamplesWithTies" classname="org.apache.commons.math3.stat.inference.KolmogorovSmirnovTestTest" time="0.028"/>
  <testcase name="testTwoSampleMonteCarlo" classname="org.apache.commons.math3.stat.inference.KolmogorovSmirnovTestTest" time="1.593"/>
  <testcase name="testDRoundingMonteCarlo" classname="org.apache.commons.math3.stat.inference.KolmogorovSmirnovTestTest" time="0.695"/>
  <testcase name="testTwoSampleProductSizeOverflow" classname="org.apache.commons.math3.stat.inference.KolmogorovSmirnovTestTest" time="0.003"/>
  <testcase name="testTwoSampleSmallSampleExact" classname="org.apache.commons.math3.stat.inference.KolmogorovSmirnovTestTest" time="0.0"/>
  <testcase name="testPelzGoodApproximation" classname="org.apache.commons.math3.stat.inference.KolmogorovSmirnovTestTest" time="0.001"/>
  <testcase name="testFillBooleanArrayRandomlyWithFixedNumberTrueValues" classname="org.apache.commons.math3.stat.inference.KolmogorovSmirnovTestTest" time="1.059"/>
  <testcase name="testTwoSampleExactP" classname="org.apache.commons.math3.stat.inference.KolmogorovSmirnovTestTest" time="0.0"/>
  <testcase name="testDRounding" classname="org.apache.commons.math3.stat.inference.KolmogorovSmirnovTestTest" time="0.0"/>
  <testcase name="testTwoSampleMonteCarloDifferentSampleSizes" classname="org.apache.commons.math3.stat.inference.KolmogorovSmirnovTestTest" time="0.223"/>
  <testcase name="testFixTiesConsistency" classname="org.apache.commons.math3.stat.inference.KolmogorovSmirnovTestTest" time="0.001"/>
  <testcase name="testTwoSampleApproximateP" classname="org.apache.commons.math3.stat.inference.KolmogorovSmirnovTestTest" time="0.0"/>
  <testcase name="testOneSampleGaussianGaussianSmallSample" classname="org.apache.commons.math3.stat.inference.KolmogorovSmirnovTestTest" time="0.002"/>
  <testcase name="testTwoSampleSmallSampleExact2" classname="org.apache.commons.math3.stat.inference.KolmogorovSmirnovTestTest" time="0.0"/>
  <testcase name="testTwoSampleSmallSampleExact3" classname="org.apache.commons.math3.stat.inference.KolmogorovSmirnovTestTest" time="0.0"/>
  <testcase name="testTwoSampleWithManyTies" classname="org.apache.commons.math3.stat.inference.KolmogorovSmirnovTestTest" time="0.0"/>
  <testcase name="testFixTiesNoOp" classname="org.apache.commons.math3.stat.inference.KolmogorovSmirnovTestTest" time="0.0"/>
  <testcase name="testTwoSampleApproximateCritialValues" classname="org.apache.commons.math3.stat.inference.KolmogorovSmirnovTestTest" time="0.0"/>
  <testcase name="testOneSampleUniformUniformSmallSample" classname="org.apache.commons.math3.stat.inference.KolmogorovSmirnovTestTest" time="0.01"/>
  <system-out><![CDATA[]]></system-out>
  <system-err><![CDATA[]]></system-err>
</testsuite>
