<?xml version="1.0" encoding="UTF-8"?>
<testsuite name="org.apache.commons.math3.fitting.HarmonicCurveFitterTest" tests="7" skipped="0" failures="0" errors="0" timestamp="2020-10-17T21:41:13" hostname="DYLAN-DESKTOP" time="0.013">
  <properties/>
  <testcase name="test1PercentError" classname="org.apache.commons.math3.fitting.HarmonicCurveFitterTest" time="0.004"/>
  <testcase name="testTinyVariationsData" classname="org.apache.commons.math3.fitting.HarmonicCurveFitterTest" time="0.003"/>
  <testcase name="testPreconditions1" classname="org.apache.commons.math3.fitting.HarmonicCurveFitterTest" time="0.0"/>
  <testcase name="testMath844" classname="org.apache.commons.math3.fitting.HarmonicCurveFitterTest" time="0.0"/>
  <testcase name="testInitialGuess" classname="org.apache.commons.math3.fitting.HarmonicCurveFitterTest" time="0.004"/>
  <testcase name="testUnsorted" classname="org.apache.commons.math3.fitting.HarmonicCurveFitterTest" time="0.001"/>
  <testcase name="testNoError" classname="org.apache.commons.math3.fitting.HarmonicCurveFitterTest" time="0.0"/>
  <system-out><![CDATA[]]></system-out>
  <system-err><![CDATA[]]></system-err>
</testsuite>
