<?xml version="1.0" encoding="UTF-8"?>
<testsuite xmlns:xsi="http://www.w3.org/2001/XMLSchema-instance" xsi:noNamespaceSchemaLocation="https://maven.apache.org/surefire/maven-surefire-plugin/xsd/surefire-test-report.xsd" name="org.apache.maven.project.PomConstructionTest" time="5.488" tests="123" errors="0" skipped="0" failures="0">
  <properties>
    <property name="sun.desktop" value="windows"/>
    <property name="awt.toolkit" value="sun.awt.windows.WToolkit"/>
    <property name="file.encoding.pkg" value="sun.io"/>
    <property name="java.specification.version" value="1.8"/>
    <property name="sun.cpu.isalist" value="amd64"/>
    <property name="sun.jnu.encoding" value="Cp1252"/>
    <property name="java.class.path" value="C:\Users\dfbra\Documents\SoftwareEvProject\maven\apache-maven-3.6.3\maven-core\target\test-classes;C:\Users\dfbra\Documents\SoftwareEvProject\maven\apache-maven-3.6.3\maven-core\target\classes;C:\Users\dfbra\Documents\SoftwareEvProject\maven\apache-maven-3.6.3\maven-model\target\maven-model-3.6.3.jar;C:\Users\dfbra\Documents\SoftwareEvProject\maven\apache-maven-3.6.3\maven-settings\target\maven-settings-3.6.3.jar;C:\Users\dfbra\Documents\SoftwareEvProject\maven\apache-maven-3.6.3\maven-settings-builder\target\maven-settings-builder-3.6.3.jar;C:\Users\dfbra\.m2\repository\org\codehaus\plexus\plexus-interpolation\1.25\plexus-interpolation-1.25.jar;C:\Users\dfbra\.m2\repository\org\sonatype\plexus\plexus-sec-dispatcher\1.4\plexus-sec-dispatcher-1.4.jar;C:\Users\dfbra\.m2\repository\org\sonatype\plexus\plexus-cipher\1.7\plexus-cipher-1.7.jar;C:\Users\dfbra\Documents\SoftwareEvProject\maven\apache-maven-3.6.3\maven-builder-support\target\maven-builder-support-3.6.3.jar;C:\Users\dfbra\Documents\SoftwareEvProject\maven\apache-maven-3.6.3\maven-repository-metadata\target\maven-repository-metadata-3.6.3.jar;C:\Users\dfbra\Documents\SoftwareEvProject\maven\apache-maven-3.6.3\maven-artifact\target\maven-artifact-3.6.3.jar;C:\Users\dfbra\Documents\SoftwareEvProject\maven\apache-maven-3.6.3\maven-plugin-api\target\maven-plugin-api-3.6.3.jar;C:\Users\dfbra\Documents\SoftwareEvProject\maven\apache-maven-3.6.3\maven-model-builder\target\maven-model-builder-3.6.3.jar;C:\Users\dfbra\Documents\SoftwareEvProject\maven\apache-maven-3.6.3\maven-resolver-provider\target\maven-resolver-provider-3.6.3.jar;C:\Users\dfbra\.m2\repository\org\slf4j\slf4j-api\1.7.29\slf4j-api-1.7.29.jar;C:\Users\dfbra\.m2\repository\org\apache\maven\resolver\maven-resolver-impl\1.4.1\maven-resolver-impl-1.4.1.jar;C:\Users\dfbra\.m2\repository\org\apache\maven\resolver\maven-resolver-api\1.4.1\maven-resolver-api-1.4.1.jar;C:\Users\dfbra\.m2\repository\org\apache\maven\resolver\maven-resolver-spi\1.4.1\maven-resolver-spi-1.4.1.jar;C:\Users\dfbra\.m2\repository\org\apache\maven\resolver\maven-resolver-util\1.4.1\maven-resolver-util-1.4.1.jar;C:\Users\dfbra\.m2\repository\org\apache\maven\shared\maven-shared-utils\3.2.1\maven-shared-utils-3.2.1.jar;C:\Users\dfbra\.m2\repository\commons-io\commons-io\2.5\commons-io-2.5.jar;C:\Users\dfbra\.m2\repository\org\eclipse\sisu\org.eclipse.sisu.plexus\0.3.4\org.eclipse.sisu.plexus-0.3.4.jar;C:\Users\dfbra\.m2\repository\javax\enterprise\cdi-api\1.0\cdi-api-1.0.jar;C:\Users\dfbra\.m2\repository\javax\annotation\jsr250-api\1.0\jsr250-api-1.0.jar;C:\Users\dfbra\.m2\repository\org\eclipse\sisu\org.eclipse.sisu.inject\0.3.4\org.eclipse.sisu.inject-0.3.4.jar;C:\Users\dfbra\.m2\repository\com\google\inject\guice\4.2.1\guice-4.2.1-no_aop.jar;C:\Users\dfbra\.m2\repository\aopalliance\aopalliance\1.0\aopalliance-1.0.jar;C:\Users\dfbra\.m2\repository\com\google\guava\guava\25.1-android\guava-25.1-android.jar;C:\Users\dfbra\.m2\repository\com\google\code\findbugs\jsr305\3.0.2\jsr305-3.0.2.jar;C:\Users\dfbra\.m2\repository\org\checkerframework\checker-compat-qual\2.0.0\checker-compat-qual-2.0.0.jar;C:\Users\dfbra\.m2\repository\com\google\errorprone\error_prone_annotations\2.1.3\error_prone_annotations-2.1.3.jar;C:\Users\dfbra\.m2\repository\com\google\j2objc\j2objc-annotations\1.1\j2objc-annotations-1.1.jar;C:\Users\dfbra\.m2\repository\org\codehaus\mojo\animal-sniffer-annotations\1.14\animal-sniffer-annotations-1.14.jar;C:\Users\dfbra\.m2\repository\javax\inject\javax.inject\1\javax.inject-1.jar;C:\Users\dfbra\.m2\repository\org\codehaus\plexus\plexus-utils\3.2.1\plexus-utils-3.2.1.jar;C:\Users\dfbra\.m2\repository\org\codehaus\plexus\plexus-classworlds\2.6.0\plexus-classworlds-2.6.0.jar;C:\Users\dfbra\.m2\repository\org\codehaus\plexus\plexus-component-annotations\2.1.0\plexus-component-annotations-2.1.0.jar;C:\Users\dfbra\.m2\repository\org\apache\commons\commons-lang3\3.8.1\commons-lang3-3.8.1.jar;C:\Users\dfbra\.m2\repository\commons-jxpath\commons-jxpath\1.3\commons-jxpath-1.3.jar;C:\Users\dfbra\.m2\repository\org\mockito\mockito-core\2.21.0\mockito-core-2.21.0.jar;C:\Users\dfbra\.m2\repository\net\bytebuddy\byte-buddy\1.8.15\byte-buddy-1.8.15.jar;C:\Users\dfbra\.m2\repository\net\bytebuddy\byte-buddy-agent\1.8.15\byte-buddy-agent-1.8.15.jar;C:\Users\dfbra\.m2\repository\org\objenesis\objenesis\2.6\objenesis-2.6.jar;C:\Users\dfbra\.m2\repository\org\hamcrest\hamcrest-library\1.3\hamcrest-library-1.3.jar;C:\Users\dfbra\.m2\repository\org\hamcrest\hamcrest-core\1.3\hamcrest-core-1.3.jar;C:\Users\dfbra\.m2\repository\junit\junit\4.12\junit-4.12.jar;"/>
    <property name="java.vm.vendor" value=""/>
    <property name="sun.arch.data.model" value="64"/>
    <property name="user.variant" value=""/>
    <property name="java.vendor.url" value="http://java.oracle.com/"/>
    <property name="user.timezone" value="America/Chicago"/>
    <property name="java.vm.specification.version" value="1.8"/>
    <property name="os.name" value="Windows 10"/>
    <property name="user.country" value="US"/>
    <property name="sun.java.launcher" value="SUN_STANDARD"/>
    <property name="sun.boot.library.path" value="C:\Program Files\AdoptOpenJDK\jdk-8.0.242.08-hotspot\jre\bin"/>
    <property name="sun.java.command" value="C:\Users\dfbra\AppData\Local\Temp\surefire1945622111240573664\surefirebooter7447497326017947271.jar C:\Users\dfbra\AppData\Local\Temp\surefire1945622111240573664 2020-10-17T10-59-20_764-jvmRun1 surefire481489843828715213tmp surefire_75185288978336401740tmp"/>
    <property name="surefire.test.class.path" value="C:\Users\dfbra\Documents\SoftwareEvProject\maven\apache-maven-3.6.3\maven-core\target\test-classes;C:\Users\dfbra\Documents\SoftwareEvProject\maven\apache-maven-3.6.3\maven-core\target\classes;C:\Users\dfbra\Documents\SoftwareEvProject\maven\apache-maven-3.6.3\maven-model\target\maven-model-3.6.3.jar;C:\Users\dfbra\Documents\SoftwareEvProject\maven\apache-maven-3.6.3\maven-settings\target\maven-settings-3.6.3.jar;C:\Users\dfbra\Documents\SoftwareEvProject\maven\apache-maven-3.6.3\maven-settings-builder\target\maven-settings-builder-3.6.3.jar;C:\Users\dfbra\.m2\repository\org\codehaus\plexus\plexus-interpolation\1.25\plexus-interpolation-1.25.jar;C:\Users\dfbra\.m2\repository\org\sonatype\plexus\plexus-sec-dispatcher\1.4\plexus-sec-dispatcher-1.4.jar;C:\Users\dfbra\.m2\repository\org\sonatype\plexus\plexus-cipher\1.7\plexus-cipher-1.7.jar;C:\Users\dfbra\Documents\SoftwareEvProject\maven\apache-maven-3.6.3\maven-builder-support\target\maven-builder-support-3.6.3.jar;C:\Users\dfbra\Documents\SoftwareEvProject\maven\apache-maven-3.6.3\maven-repository-metadata\target\maven-repository-metadata-3.6.3.jar;C:\Users\dfbra\Documents\SoftwareEvProject\maven\apache-maven-3.6.3\maven-artifact\target\maven-artifact-3.6.3.jar;C:\Users\dfbra\Documents\SoftwareEvProject\maven\apache-maven-3.6.3\maven-plugin-api\target\maven-plugin-api-3.6.3.jar;C:\Users\dfbra\Documents\SoftwareEvProject\maven\apache-maven-3.6.3\maven-model-builder\target\maven-model-builder-3.6.3.jar;C:\Users\dfbra\Documents\SoftwareEvProject\maven\apache-maven-3.6.3\maven-resolver-provider\target\maven-resolver-provider-3.6.3.jar;C:\Users\dfbra\.m2\repository\org\slf4j\slf4j-api\1.7.29\slf4j-api-1.7.29.jar;C:\Users\dfbra\.m2\repository\org\apache\maven\resolver\maven-resolver-impl\1.4.1\maven-resolver-impl-1.4.1.jar;C:\Users\dfbra\.m2\repository\org\apache\maven\resolver\maven-resolver-api\1.4.1\maven-resolver-api-1.4.1.jar;C:\Users\dfbra\.m2\repository\org\apache\maven\resolver\maven-resolver-spi\1.4.1\maven-resolver-spi-1.4.1.jar;C:\Users\dfbra\.m2\repository\org\apache\maven\resolver\maven-resolver-util\1.4.1\maven-resolver-util-1.4.1.jar;C:\Users\dfbra\.m2\repository\org\apache\maven\shared\maven-shared-utils\3.2.1\maven-shared-utils-3.2.1.jar;C:\Users\dfbra\.m2\repository\commons-io\commons-io\2.5\commons-io-2.5.jar;C:\Users\dfbra\.m2\repository\org\eclipse\sisu\org.eclipse.sisu.plexus\0.3.4\org.eclipse.sisu.plexus-0.3.4.jar;C:\Users\dfbra\.m2\repository\javax\enterprise\cdi-api\1.0\cdi-api-1.0.jar;C:\Users\dfbra\.m2\repository\javax\annotation\jsr250-api\1.0\jsr250-api-1.0.jar;C:\Users\dfbra\.m2\repository\org\eclipse\sisu\org.eclipse.sisu.inject\0.3.4\org.eclipse.sisu.inject-0.3.4.jar;C:\Users\dfbra\.m2\repository\com\google\inject\guice\4.2.1\guice-4.2.1-no_aop.jar;C:\Users\dfbra\.m2\repository\aopalliance\aopalliance\1.0\aopalliance-1.0.jar;C:\Users\dfbra\.m2\repository\com\google\guava\guava\25.1-android\guava-25.1-android.jar;C:\Users\dfbra\.m2\repository\com\google\code\findbugs\jsr305\3.0.2\jsr305-3.0.2.jar;C:\Users\dfbra\.m2\repository\org\checkerframework\checker-compat-qual\2.0.0\checker-compat-qual-2.0.0.jar;C:\Users\dfbra\.m2\repository\com\google\errorprone\error_prone_annotations\2.1.3\error_prone_annotations-2.1.3.jar;C:\Users\dfbra\.m2\repository\com\google\j2objc\j2objc-annotations\1.1\j2objc-annotations-1.1.jar;C:\Users\dfbra\.m2\repository\org\codehaus\mojo\animal-sniffer-annotations\1.14\animal-sniffer-annotations-1.14.jar;C:\Users\dfbra\.m2\repository\javax\inject\javax.inject\1\javax.inject-1.jar;C:\Users\dfbra\.m2\repository\org\codehaus\plexus\plexus-utils\3.2.1\plexus-utils-3.2.1.jar;C:\Users\dfbra\.m2\repository\org\codehaus\plexus\plexus-classworlds\2.6.0\plexus-classworlds-2.6.0.jar;C:\Users\dfbra\.m2\repository\org\codehaus\plexus\plexus-component-annotations\2.1.0\plexus-component-annotations-2.1.0.jar;C:\Users\dfbra\.m2\repository\org\apache\commons\commons-lang3\3.8.1\commons-lang3-3.8.1.jar;C:\Users\dfbra\.m2\repository\commons-jxpath\commons-jxpath\1.3\commons-jxpath-1.3.jar;C:\Users\dfbra\.m2\repository\org\mockito\mockito-core\2.21.0\mockito-core-2.21.0.jar;C:\Users\dfbra\.m2\repository\net\bytebuddy\byte-buddy\1.8.15\byte-buddy-1.8.15.jar;C:\Users\dfbra\.m2\repository\net\bytebuddy\byte-buddy-agent\1.8.15\byte-buddy-agent-1.8.15.jar;C:\Users\dfbra\.m2\repository\org\objenesis\objenesis\2.6\objenesis-2.6.jar;C:\Users\dfbra\.m2\repository\org\hamcrest\hamcrest-library\1.3\hamcrest-library-1.3.jar;C:\Users\dfbra\.m2\repository\org\hamcrest\hamcrest-core\1.3\hamcrest-core-1.3.jar;C:\Users\dfbra\.m2\repository\junit\junit\4.12\junit-4.12.jar;"/>
    <property name="sun.cpu.endian" value="little"/>
    <property name="user.home" value="C:\Users\dfbra"/>
    <property name="user.language" value="en"/>
    <property name="java.specification.vendor" value="Oracle Corporation"/>
    <property name="java.home" value="C:\Program Files\AdoptOpenJDK\jdk-8.0.242.08-hotspot\jre"/>
    <property name="basedir" value="C:\Users\dfbra\Documents\SoftwareEvProject\maven\apache-maven-3.6.3\maven-core"/>
    <property name="file.separator" value="\"/>
    <property name="line.separator" value="&#10;"/>
    <property name="java.vm.specification.vendor" value="Oracle Corporation"/>
    <property name="java.specification.name" value="Java Platform API Specification"/>
    <property name="java.awt.graphicsenv" value="sun.awt.Win32GraphicsEnvironment"/>
    <property name="surefire.real.class.path" value="C:\Users\dfbra\AppData\Local\Temp\surefire1945622111240573664\surefirebooter7447497326017947271.jar"/>
    <property name="sun.boot.class.path" value="C:\Program Files\AdoptOpenJDK\jdk-8.0.242.08-hotspot\jre\lib\resources.jar;C:\Program Files\AdoptOpenJDK\jdk-8.0.242.08-hotspot\jre\lib\rt.jar;C:\Program Files\AdoptOpenJDK\jdk-8.0.242.08-hotspot\jre\lib\sunrsasign.jar;C:\Program Files\AdoptOpenJDK\jdk-8.0.242.08-hotspot\jre\lib\jsse.jar;C:\Program Files\AdoptOpenJDK\jdk-8.0.242.08-hotspot\jre\lib\jce.jar;C:\Program Files\AdoptOpenJDK\jdk-8.0.242.08-hotspot\jre\lib\charsets.jar;C:\Program Files\AdoptOpenJDK\jdk-8.0.242.08-hotspot\jre\lib\jfr.jar;C:\Program Files\AdoptOpenJDK\jdk-8.0.242.08-hotspot\jre\classes"/>
    <property name="user.script" value=""/>
    <property name="sun.management.compiler" value="HotSpot 64-Bit Tiered Compilers"/>
    <property name="java.runtime.version" value="1.8.0_242-b08"/>
    <property name="user.name" value="dfbra"/>
    <property name="path.separator" value=";"/>
    <property name="os.version" value="10.0"/>
    <property name="java.endorsed.dirs" value="C:\Program Files\AdoptOpenJDK\jdk-8.0.242.08-hotspot\jre\lib\endorsed"/>
    <property name="java.runtime.name" value="OpenJDK Runtime Environment"/>
    <property name="file.encoding" value="Cp1252"/>
    <property name="java.vm.name" value="OpenJDK 64-Bit Server VM"/>
    <property name="localRepository" value="C:\Users\dfbra\.m2\repository"/>
    <property name="java.vendor.url.bug" value="http://bugreport.sun.com/bugreport/"/>
    <property name="java.io.tmpdir" value="C:\Users\dfbra\AppData\Local\Temp\"/>
    <property name="java.version" value="1.8.0_242"/>
    <property name="user.dir" value="C:\Users\dfbra\Documents\SoftwareEvProject\maven\apache-maven-3.6.3\maven-core"/>
    <property name="os.arch" value="amd64"/>
    <property name="java.vm.specification.name" value="Java Virtual Machine Specification"/>
    <property name="java.awt.printerjob" value="sun.awt.windows.WPrinterJob"/>
    <property name="sun.os.patch.level" value=""/>
    <property name="java.library.path" value="C:\Program Files\AdoptOpenJDK\jdk-8.0.242.08-hotspot\jre\bin;C:\WINDOWS\Sun\Java\bin;C:\WINDOWS\system32;C:\WINDOWS;C:\Python38\Scripts\;C:\Python38\;C:\Program Files\AdoptOpenJDK\jdk-11.0.6.10-hotspot\bin;C:\Program Files\AdoptOpenJDK\jdk-8.0.242.08-hotspot\bin;C:\WINDOWS\system32;C:\WINDOWS;C:\WINDOWS\System32\Wbem;C:\WINDOWS\System32\WindowsPowerShell\v1.0\;C:\WINDOWS\System32\OpenSSH\;C:\Program Files\PuTTY\;C:\Program Files\Git\cmd;C:\Program Files\Calibre2\;C:\Program Files\nodejs\;C:\ProgramData\chocolatey\bin;C:\Program Files (x86)\Google\Cloud SDK\google-cloud-sdk\bin;C:\Program Files\PsychoPy3;C:\Program Files\PsychoPy3\DLLs;C:\gradle\gradle-6.6.1\bin;C:\Users\dfbra\AppData\Local\Microsoft\WindowsApps;C:\Users\dfbra\AppData\Local\atom\bin;C:\Users\dfbra\AppData\Roaming\npm;C:\Users\dfbra\AppData\Local\Microsoft\WindowsApps;C:\Users\dfbra\Desktop\apache-maven-3.6.3\bin;."/>
    <property name="java.vm.info" value="mixed mode"/>
    <property name="java.vendor" value="AdoptOpenJDK"/>
    <property name="java.vm.version" value="25.242-b08"/>
    <property name="java.ext.dirs" value="C:\Program Files\AdoptOpenJDK\jdk-8.0.242.08-hotspot\jre\lib\ext;C:\WINDOWS\Sun\Java\lib\ext"/>
    <property name="sun.io.unicode.encoding" value="UnicodeLittle"/>
    <property name="java.class.version" value="52.0"/>
  </properties>
  <testcase name="testCompleteModelWithParent" classname="org.apache.maven.project.PomConstructionTest" time="0.111"/>
  <testcase name="testErroneousJoiningOfDifferentPluginsWithEqualExecutionIds" classname="org.apache.maven.project.PomConstructionTest" time="0.039"/>
  <testcase name="testPluginConfigurationUsingAttributesWithPluginManagementAndProfile" classname="org.apache.maven.project.PomConstructionTest" time="0.041"/>
  <testcase name="testUrlAppendWithChildPathAdjustment" classname="org.apache.maven.project.PomConstructionTest" time="0.041"/>
  <testcase name="testDuplicateDependenciesCauseLastDeclarationToBePickedInLenientMode" classname="org.apache.maven.project.PomConstructionTest" time="0.042"/>
  <testcase name="testDistributionManagement" classname="org.apache.maven.project.PomConstructionTest" time="0.038"/>
  <testcase name="testValidationErrorUponNonUniqueArtifactRepositoryIdInProfile" classname="org.apache.maven.project.PomConstructionTest" time="0.039"/>
  <testcase name="testInheritedPropertiesInterpolatedWithValuesFromChildWithActiveProfiles" classname="org.apache.maven.project.PomConstructionTest" time="0.051"/>
  <testcase name="testMailingListsAreInheritedButNotAggregated" classname="org.apache.maven.project.PomConstructionTest" time="0.046"/>
  <testcase name="testSingleConfigurationInheritance" classname="org.apache.maven.project.PomConstructionTest" time="0.054"/>
  <testcase name="testPercentEncodedUrlsMustNotBeDecoded" classname="org.apache.maven.project.PomConstructionTest" time="0.042"/>
  <testcase name="testReportingPluginConfig" classname="org.apache.maven.project.PomConstructionTest" time="0.048"/>
  <testcase name="testInterpolationOfBasedirInPomWithUnusualName" classname="org.apache.maven.project.PomConstructionTest" time="0.041"/>
  <testcase name="testDependencyOrderWithPluginManagement" classname="org.apache.maven.project.PomConstructionTest" time="0.042"/>
  <testcase name="testOrderOfMergedPluginExecutionsWithPluginManagement" classname="org.apache.maven.project.PomConstructionTest" time="0.043"/>
  <testcase name="testNonInheritedElementsInSubtreesOverriddenByChild" classname="org.apache.maven.project.PomConstructionTest" time="0.04"/>
  <testcase name="testProfileInjectionOrder" classname="org.apache.maven.project.PomConstructionTest" time="0.037"/>
  <testcase name="testDependencyScopeInheritance" classname="org.apache.maven.project.PomConstructionTest" time="0.039"/>
  <testcase name="testProfilePropertiesInterpolation" classname="org.apache.maven.project.PomConstructionTest" time="0.04"/>
  <testcase name="testOrderOfMergedPluginExecutionGoalsWithoutPluginManagement" classname="org.apache.maven.project.PomConstructionTest" time="0.046"/>
  <testcase name="testThatExecutionsWithoutIdsAreMergedAndTheChildWins" classname="org.apache.maven.project.PomConstructionTest" time="0.04"/>
  <testcase name="testExecutionConfigurationSubcollections" classname="org.apache.maven.project.PomConstructionTest" time="0.04"/>
  <testcase name="testInterpolationWithXmlMarkup" classname="org.apache.maven.project.PomConstructionTest" time="0.039"/>
  <testcase name="testRepoInheritance" classname="org.apache.maven.project.PomConstructionTest" time="0.04"/>
  <testcase name="testInterpolationOfNestedBuildDirectories" classname="org.apache.maven.project.PomConstructionTest" time="0.046"/>
  <testcase name="testOrderOfPluginConfigurationElementsWithPluginManagement" classname="org.apache.maven.project.PomConstructionTest" time="0.039"/>
  <testcase name="testManagedPluginConfigurationAppliesToImplicitPluginsIntroducedByPackaging" classname="org.apache.maven.project.PomConstructionTest" time="0.051"/>
  <testcase name="testMultipleExecutionIds" classname="org.apache.maven.project.PomConstructionTest" time="0.044"/>
  <testcase name="testInterpolationWithBasedirAlignedDirectories" classname="org.apache.maven.project.PomConstructionTest" time="0.046"/>
  <testcase name="testInterpolationWithSystemProperty" classname="org.apache.maven.project.PomConstructionTest" time="0.045"/>
  <testcase name="testPluginManagementInherited" classname="org.apache.maven.project.PomConstructionTest" time="0.042"/>
  <testcase name="testOrderOfPluginExecutionsWithoutPluginManagement" classname="org.apache.maven.project.PomConstructionTest" time="0.04"/>
  <testcase name="testReportingInterpolation" classname="org.apache.maven.project.PomConstructionTest" time="0.039"/>
  <testcase name="testOrderOfGoalsFromPluginExecutionWithoutPluginManagement" classname="org.apache.maven.project.PomConstructionTest" time="0.048"/>
  <testcase name="testProfileModules" classname="org.apache.maven.project.PomConstructionTest" time="0.044"/>
  <testcase name="testPluginExecutionInheritanceWhenChildDoesDeclarePluginAsWell" classname="org.apache.maven.project.PomConstructionTest" time="0.046"/>
  <testcase name="testValidationErrorUponNonUniquePluginRepositoryIdInProfile" classname="org.apache.maven.project.PomConstructionTest" time="0.039"/>
  <testcase name="testUncPath" classname="org.apache.maven.project.PomConstructionTest" time="0.042"/>
  <testcase name="testAppendArtifactIdOfChildToInheritedUrls" classname="org.apache.maven.project.PomConstructionTest" time="0.042"/>
  <testcase name="testValidationErrorUponNonUniqueArtifactRepositoryId" classname="org.apache.maven.project.PomConstructionTest" time="0.037"/>
  <testcase name="testOrderOfMergedPluginDependenciesWithoutPluginManagement" classname="org.apache.maven.project.PomConstructionTest" time="0.048"/>
  <testcase name="testOrderOfPluginExecutionConfigurationElementsWithoutPluginManagement" classname="org.apache.maven.project.PomConstructionTest" time="0.042"/>
  <testcase name="testOrderOfMergedPluginExecutionGoalsWithPluginManagement" classname="org.apache.maven.project.PomConstructionTest" time="0.043"/>
  <testcase name="testConsecutiveEmptyElements" classname="org.apache.maven.project.PomConstructionTest" time="0.038"/>
  <testcase name="testAppendOfInheritedPluginConfigurationWithNoProfile" classname="org.apache.maven.project.PomConstructionTest" time="0.044"/>
  <testcase name="testProfileModuleInheritance" classname="org.apache.maven.project.PomConstructionTest" time="0.047"/>
  <testcase name="testInterpolationOfRfc3986BaseUri" classname="org.apache.maven.project.PomConstructionTest" time="0.042"/>
  <testcase name="testAppendOfInheritedPluginConfigurationWithActiveProfile" classname="org.apache.maven.project.PomConstructionTest" time="0.044"/>
  <testcase name="testErroneousJoiningOfDifferentPluginsWithEqualDependencies" classname="org.apache.maven.project.PomConstructionTest" time="0.042"/>
  <testcase name="testInheritedPropertiesInterpolatedWithValuesFromChildWithoutProfiles" classname="org.apache.maven.project.PomConstructionTest" time="0.045"/>
  <testcase name="testProfilePluginMngDependencies" classname="org.apache.maven.project.PomConstructionTest" time="0.048"/>
  <testcase name="testMultiplePluginExecutionsWithAndWithoutIdsWithoutPluginManagement" classname="org.apache.maven.project.PomConstructionTest" time="0.039"/>
  <testcase name="testDependencyInheritance" classname="org.apache.maven.project.PomConstructionTest" time="0.046"/>
  <testcase name="testManagedProfileDependency" classname="org.apache.maven.project.PomConstructionTest" time="0.043"/>
  <testcase name="testPropertiesInheritance" classname="org.apache.maven.project.PomConstructionTest" time="0.041"/>
  <testcase name="testBuildExtensionInheritance" classname="org.apache.maven.project.PomConstructionTest" time="0.043"/>
  <testcase name="testMergedFilterOrder" classname="org.apache.maven.project.PomConstructionTest" time="0.049"/>
  <testcase name="testPluginInheritanceOrder" classname="org.apache.maven.project.PomConstructionTest" time="0.042"/>
  <testcase name="testPrerequisitesAreNotInherited" classname="org.apache.maven.project.PomConstructionTest" time="0.041"/>
  <testcase name="testInterpolationOfBaseUri" classname="org.apache.maven.project.PomConstructionTest" time="0.042"/>
  <testcase name="testPluginDeclarationsRetainPomOrderAfterInjectionOfDefaultPlugins" classname="org.apache.maven.project.PomConstructionTest" time="0.043"/>
  <testcase name="testCliPropsDominateProjectPropsDuringInterpolation" classname="org.apache.maven.project.PomConstructionTest" time="0.049"/>
  <testcase name="testPluginConfigurationUsingAttributesWithPluginManagement" classname="org.apache.maven.project.PomConstructionTest" time="0.044"/>
  <testcase name="testPluginOrder" classname="org.apache.maven.project.PomConstructionTest" time="0.043"/>
  <testcase name="testBuildDirectoriesUsePlatformSpecificFileSeparator" classname="org.apache.maven.project.PomConstructionTest" time="0.04"/>
  <testcase name="testProfileInjectedDependencies" classname="org.apache.maven.project.PomConstructionTest" time="0.041"/>
  <testcase name="testPluginManagementDependencies" classname="org.apache.maven.project.PomConstructionTest" time="0.047"/>
  <testcase name="testOrderOfMergedPluginExecutionsWithoutPluginManagement" classname="org.apache.maven.project.PomConstructionTest" time="0.041"/>
  <testcase name="testDevelopersAreInheritedButNotAggregated" classname="org.apache.maven.project.PomConstructionTest" time="0.045"/>
  <testcase name="testPropertiesNoDuplication" classname="org.apache.maven.project.PomConstructionTest" time="0.045"/>
  <testcase name="testDuplicateExclusionsDependency" classname="org.apache.maven.project.PomConstructionTest" time="0.046"/>
  <testcase name="testMergeOfPluginExecutionsWhenChildInheritsPluginVersion" classname="org.apache.maven.project.PomConstructionTest" time="0.05"/>
  <testcase name="testXmlTextCoalescing" classname="org.apache.maven.project.PomConstructionTest" time="0.047"/>
  <testcase name="testDefaultPluginsExecutionContributedByPackagingExecuteBeforeUserDefinedExecutions" classname="org.apache.maven.project.PomConstructionTest" time="0.055"/>
  <testcase name="testPomInheritance" classname="org.apache.maven.project.PomConstructionTest" time="0.049"/>
  <testcase name="testMergeOfPluginExecutionsWhenChildAndParentUseDifferentPluginVersions" classname="org.apache.maven.project.PomConstructionTest" time="0.045"/>
  <testcase name="testExecutionConfigurationJoin" classname="org.apache.maven.project.PomConstructionTest" time="0.04"/>
  <testcase name="testXmlWhitespaceHandling" classname="org.apache.maven.project.PomConstructionTest" time="0.046"/>
  <testcase name="testBooleanInterpolation" classname="org.apache.maven.project.PomConstructionTest" time="0.038"/>
  <testcase name="testOrderOfPluginExecutionsWithPluginManagement" classname="org.apache.maven.project.PomConstructionTest" time="0.038"/>
  <testcase name="testPluginConfigurationUsingAttributesWithoutPluginManagement" classname="org.apache.maven.project.PomConstructionTest" time="0.039"/>
  <testcase name="testPluginOrderAfterMergingWithInjectedPlugins" classname="org.apache.maven.project.PomConstructionTest" time="0.039"/>
  <testcase name="testMultipleFilters" classname="org.apache.maven.project.PomConstructionTest" time="0.044"/>
  <testcase name="testPluginOrderAfterMergingWithInheritedPlugins" classname="org.apache.maven.project.PomConstructionTest" time="0.041"/>
  <testcase name="testContributorsAreInheritedButNotAggregated" classname="org.apache.maven.project.PomConstructionTest" time="0.043"/>
  <testcase name="testInterpolationOfLegacyExpressionsThatDontIncludeTheProjectPrefix" classname="org.apache.maven.project.PomConstructionTest" time="0.053"/>
  <testcase name="testPluginExecutionInheritanceWhenChildDoesNotDeclarePlugin" classname="org.apache.maven.project.PomConstructionTest" time="0.051"/>
  <testcase name="testParentInterpolation" classname="org.apache.maven.project.PomConstructionTest" time="0.045"/>
  <testcase name="testPluginInheritanceSimple" classname="org.apache.maven.project.PomConstructionTest" time="0.048"/>
  <testcase name="testProfileDependenciesMultipleProfiles" classname="org.apache.maven.project.PomConstructionTest" time="0.04"/>
  <testcase name="testParentInheritance" classname="org.apache.maven.project.PomConstructionTest" time="0.043"/>
  <testcase name="testFullInterpolationOfNestedExpressions" classname="org.apache.maven.project.PomConstructionTest" time="0.04"/>
  <testcase name="testPluginManagementInheritance" classname="org.apache.maven.project.PomConstructionTest" time="0.042"/>
  <testcase name="testJoiningOfContainersWhenChildHasEmptyElements" classname="org.apache.maven.project.PomConstructionTest" time="0.046"/>
  <testcase name="testCompleteModelWithoutParent" classname="org.apache.maven.project.PomConstructionTest" time="0.044"/>
  <testcase name="testAppendArtifactIdOfParentAndChildToInheritedUrls" classname="org.apache.maven.project.PomConstructionTest" time="0.044"/>
  <testcase name="testValidationErrorUponNonUniquePluginRepositoryId" classname="org.apache.maven.project.PomConstructionTest" time="0.04"/>
  <testcase name="testConfigWithPluginManagement" classname="org.apache.maven.project.PomConstructionTest" time="0.04"/>
  <testcase name="testOrderOfPluginConfigurationElementsWithoutPluginManagement" classname="org.apache.maven.project.PomConstructionTest" time="0.169"/>
  <testcase name="testLicensesAreInheritedButNotAggregated" classname="org.apache.maven.project.PomConstructionTest" time="0.042"/>
  <testcase name="testOrderOfPluginExecutionConfigurationElementsWithPluginManagement" classname="org.apache.maven.project.PomConstructionTest" time="0.042"/>
  <testcase name="testDependencyManagementWithInterpolation" classname="org.apache.maven.project.PomConstructionTest" time="0.038"/>
  <testcase name="testDependencyScope" classname="org.apache.maven.project.PomConstructionTest" time="0.038"/>
  <testcase name="testJdkActivation" classname="org.apache.maven.project.PomConstructionTest" time="0.039"/>
  <testcase name="testProfileDefaultActivation" classname="org.apache.maven.project.PomConstructionTest" time="0.042"/>
  <testcase name="testOrderOfMergedPluginDependenciesWithPluginManagement" classname="org.apache.maven.project.PomConstructionTest" time="0.04"/>
  <testcase name="testOverridingOfInheritedPluginExecutionsWithPluginManagement" classname="org.apache.maven.project.PomConstructionTest" time="0.041"/>
  <testcase name="testProfilePlugins" classname="org.apache.maven.project.PomConstructionTest" time="0.038"/>
  <testcase name="testMergeOfInheritedPluginConfiguration" classname="org.apache.maven.project.PomConstructionTest" time="0.043"/>
  <testcase name="testOverridingOfInheritedPluginExecutionsWithoutPluginManagement" classname="org.apache.maven.project.PomConstructionTest" time="0.051"/>
  <testcase name="testPluginManagementDuplicate" classname="org.apache.maven.project.PomConstructionTest" time="0.047"/>
  <testcase name="testMultiplePluginExecutionsWithAndWithoutIdsWithPluginManagement" classname="org.apache.maven.project.PomConstructionTest" time="0.043"/>
  <testcase name="testOrderOfGoalsFromPluginExecutionWithPluginManagement" classname="org.apache.maven.project.PomConstructionTest" time="0.041"/>
  <testcase name="testEmptyScm" classname="org.apache.maven.project.PomConstructionTest" time="0.041"/>
  <testcase name="testEmptyUrl" classname="org.apache.maven.project.PomConstructionTest" time="0.047"/>
  <testcase name="testProjectArtifactIdIsNotInheritedButMandatory" classname="org.apache.maven.project.PomConstructionTest" time="0.038"/>
  <testcase name="testPomEncoding" classname="org.apache.maven.project.PomConstructionTest" time="0.039"/>
  <testcase name="testPluginConfigProperties" classname="org.apache.maven.project.PomConstructionTest" time="0.043"/>
  <testcase name="testExecutionConfiguration" classname="org.apache.maven.project.PomConstructionTest" time="0.039"/>
  <testcase name="testParentPomPackagingMustBePom" classname="org.apache.maven.project.PomConstructionTest" time="0.041"/>
  <testcase name="testDependencyOrderWithoutPluginManagement" classname="org.apache.maven.project.PomConstructionTest" time="0.044"/>
  <testcase name="testMultipleRepositories" classname="org.apache.maven.project.PomConstructionTest" time="0.041"/>
  <testcase name="testDifferentContainersWithSameId" classname="org.apache.maven.project.PomConstructionTest" time="0.039"/>
</testsuite>