<?xml version="1.0" encoding="UTF-8"?>
<testsuite xmlns:xsi="http://www.w3.org/2001/XMLSchema-instance" xsi:noNamespaceSchemaLocation="https://maven.apache.org/surefire/maven-surefire-plugin/xsd/surefire-test-report.xsd" name="org.apache.commons.math4.analysis.solvers.IllinoisSolverTest" time="0.003" tests="8" errors="0" skipped="0" failures="0">
  <properties>
    <property name="sun.desktop" value="windows"/>
    <property name="awt.toolkit" value="sun.awt.windows.WToolkit"/>
    <property name="file.encoding.pkg" value="sun.io"/>
    <property name="java.specification.version" value="1.8"/>
    <property name="sun.cpu.isalist" value="amd64"/>
    <property name="sun.jnu.encoding" value="Cp1252"/>
    <property name="java.class.path" value="C:\Users\Alex Issa\.m2\repository\org\apache\maven\surefire\surefire-booter\2.22.2\surefire-booter-2.22.2.jar;C:\Users\Alex Issa\.m2\repository\org\apache\maven\surefire\surefire-api\2.22.2\surefire-api-2.22.2.jar;C:\Users\Alex Issa\.m2\repository\org\apache\maven\surefire\surefire-logger-api\2.22.2\surefire-logger-api-2.22.2.jar;C:\Users\Alex Issa\Desktop\SoftwareEvProject\commons-math-master\target\test-classes;C:\Users\Alex Issa\Desktop\SoftwareEvProject\commons-math-master\target\classes;C:\Users\Alex Issa\.m2\repository\org\apache\commons\commons-statistics-distribution\1.0-SNAPSHOT\commons-statistics-distribution-1.0-SNAPSHOT.jar;C:\Users\Alex Issa\.m2\repository\org\apache\commons\commons-numbers-core\1.0-SNAPSHOT\commons-numbers-core-1.0-SNAPSHOT.jar;C:\Users\Alex Issa\.m2\repository\org\apache\commons\commons-numbers-complex\1.0-SNAPSHOT\commons-numbers-complex-1.0-SNAPSHOT.jar;C:\Users\Alex Issa\.m2\repository\org\apache\commons\commons-numbers-complex-streams\1.0-SNAPSHOT\commons-numbers-complex-streams-1.0-SNAPSHOT.jar;C:\Users\Alex Issa\.m2\repository\org\apache\commons\commons-numbers-gamma\1.0-SNAPSHOT\commons-numbers-gamma-1.0-SNAPSHOT.jar;C:\Users\Alex Issa\.m2\repository\org\apache\commons\commons-numbers-fraction\1.0-SNAPSHOT\commons-numbers-fraction-1.0-SNAPSHOT.jar;C:\Users\Alex Issa\.m2\repository\org\apache\commons\commons-numbers-combinatorics\1.0-SNAPSHOT\commons-numbers-combinatorics-1.0-SNAPSHOT.jar;C:\Users\Alex Issa\.m2\repository\org\apache\commons\commons-numbers-arrays\1.0-SNAPSHOT\commons-numbers-arrays-1.0-SNAPSHOT.jar;C:\Users\Alex Issa\.m2\repository\org\apache\commons\commons-numbers-angle\1.0-SNAPSHOT\commons-numbers-angle-1.0-SNAPSHOT.jar;C:\Users\Alex Issa\.m2\repository\org\apache\commons\commons-numbers-rootfinder\1.0-SNAPSHOT\commons-numbers-rootfinder-1.0-SNAPSHOT.jar;C:\Users\Alex Issa\.m2\repository\org\apache\commons\commons-numbers-field\1.0-SNAPSHOT\commons-numbers-field-1.0-SNAPSHOT.jar;C:\Users\Alex Issa\.m2\repository\org\apache\commons\commons-numbers-quaternion\1.0-SNAPSHOT\commons-numbers-quaternion-1.0-SNAPSHOT.jar;C:\Users\Alex Issa\.m2\repository\org\apache\commons\commons-rng-client-api\1.2\commons-rng-client-api-1.2.jar;C:\Users\Alex Issa\.m2\repository\org\apache\commons\commons-rng-simple\1.2\commons-rng-simple-1.2.jar;C:\Users\Alex Issa\.m2\repository\org\apache\commons\commons-rng-core\1.2\commons-rng-core-1.2.jar;C:\Users\Alex Issa\.m2\repository\org\apache\commons\commons-rng-sampling\1.2\commons-rng-sampling-1.2.jar;C:\Users\Alex Issa\.m2\repository\org\apache\commons\commons-geometry-euclidean\1.0-SNAPSHOT\commons-geometry-euclidean-1.0-SNAPSHOT.jar;C:\Users\Alex Issa\.m2\repository\org\apache\commons\commons-geometry-core\1.0-SNAPSHOT\commons-geometry-core-1.0-SNAPSHOT.jar;C:\Users\Alex Issa\.m2\repository\org\openjdk\jmh\jmh-core\1.13\jmh-core-1.13.jar;C:\Users\Alex Issa\.m2\repository\net\sf\jopt-simple\jopt-simple\4.6\jopt-simple-4.6.jar;C:\Users\Alex Issa\.m2\repository\org\apache\commons\commons-math3\3.2\commons-math3-3.2.jar;C:\Users\Alex Issa\.m2\repository\org\openjdk\jmh\jmh-generator-annprocess\1.13\jmh-generator-annprocess-1.13.jar;C:\Users\Alex Issa\.m2\repository\junit\junit\4.13.1\junit-4.13.1.jar;C:\Users\Alex Issa\.m2\repository\org\hamcrest\hamcrest-core\1.3\hamcrest-core-1.3.jar;C:\Users\Alex Issa\.m2\repository\org\apache\maven\surefire\surefire-junit4\2.22.2\surefire-junit4-2.22.2.jar;C:\\Users\\Alex Issa\\.m2\\repository\\org\\jacoco\\org.jacoco.agent\\0.8.5\\org.jacoco.agent-0.8.5-runtime.jar"/>
    <property name="java.vm.vendor" value="Oracle Corporation"/>
    <property name="sun.arch.data.model" value="64"/>
    <property name="user.variant" value=""/>
    <property name="java.vendor.url" value="http://java.oracle.com/"/>
    <property name="user.timezone" value="America/Chicago"/>
    <property name="java.vm.specification.version" value="1.8"/>
    <property name="os.name" value="Windows 10"/>
    <property name="user.country" value="US"/>
    <property name="sun.java.launcher" value="SUN_STANDARD"/>
    <property name="sun.boot.library.path" value="C:\Program Files\Java\jdk1.8.0_181\jre\bin"/>
    <property name="sun.java.command" value="org.apache.maven.surefire.booter.ForkedBooter C:\Users\Alex Issa\AppData\Local\Temp\surefire1433908782430410634 2020-10-13T21-22-29_223-jvmRun1 surefire3768708884568321954tmp surefire_0835950518178806798tmp"/>
    <property name="surefire.test.class.path" value="C:\Users\Alex Issa\Desktop\SoftwareEvProject\commons-math-master\target\test-classes;C:\Users\Alex Issa\Desktop\SoftwareEvProject\commons-math-master\target\classes;C:\Users\Alex Issa\.m2\repository\org\apache\commons\commons-statistics-distribution\1.0-SNAPSHOT\commons-statistics-distribution-1.0-SNAPSHOT.jar;C:\Users\Alex Issa\.m2\repository\org\apache\commons\commons-numbers-core\1.0-SNAPSHOT\commons-numbers-core-1.0-SNAPSHOT.jar;C:\Users\Alex Issa\.m2\repository\org\apache\commons\commons-numbers-complex\1.0-SNAPSHOT\commons-numbers-complex-1.0-SNAPSHOT.jar;C:\Users\Alex Issa\.m2\repository\org\apache\commons\commons-numbers-complex-streams\1.0-SNAPSHOT\commons-numbers-complex-streams-1.0-SNAPSHOT.jar;C:\Users\Alex Issa\.m2\repository\org\apache\commons\commons-numbers-gamma\1.0-SNAPSHOT\commons-numbers-gamma-1.0-SNAPSHOT.jar;C:\Users\Alex Issa\.m2\repository\org\apache\commons\commons-numbers-fraction\1.0-SNAPSHOT\commons-numbers-fraction-1.0-SNAPSHOT.jar;C:\Users\Alex Issa\.m2\repository\org\apache\commons\commons-numbers-combinatorics\1.0-SNAPSHOT\commons-numbers-combinatorics-1.0-SNAPSHOT.jar;C:\Users\Alex Issa\.m2\repository\org\apache\commons\commons-numbers-arrays\1.0-SNAPSHOT\commons-numbers-arrays-1.0-SNAPSHOT.jar;C:\Users\Alex Issa\.m2\repository\org\apache\commons\commons-numbers-angle\1.0-SNAPSHOT\commons-numbers-angle-1.0-SNAPSHOT.jar;C:\Users\Alex Issa\.m2\repository\org\apache\commons\commons-numbers-rootfinder\1.0-SNAPSHOT\commons-numbers-rootfinder-1.0-SNAPSHOT.jar;C:\Users\Alex Issa\.m2\repository\org\apache\commons\commons-numbers-field\1.0-SNAPSHOT\commons-numbers-field-1.0-SNAPSHOT.jar;C:\Users\Alex Issa\.m2\repository\org\apache\commons\commons-numbers-quaternion\1.0-SNAPSHOT\commons-numbers-quaternion-1.0-SNAPSHOT.jar;C:\Users\Alex Issa\.m2\repository\org\apache\commons\commons-rng-client-api\1.2\commons-rng-client-api-1.2.jar;C:\Users\Alex Issa\.m2\repository\org\apache\commons\commons-rng-simple\1.2\commons-rng-simple-1.2.jar;C:\Users\Alex Issa\.m2\repository\org\apache\commons\commons-rng-core\1.2\commons-rng-core-1.2.jar;C:\Users\Alex Issa\.m2\repository\org\apache\commons\commons-rng-sampling\1.2\commons-rng-sampling-1.2.jar;C:\Users\Alex Issa\.m2\repository\org\apache\commons\commons-geometry-euclidean\1.0-SNAPSHOT\commons-geometry-euclidean-1.0-SNAPSHOT.jar;C:\Users\Alex Issa\.m2\repository\org\apache\commons\commons-geometry-core\1.0-SNAPSHOT\commons-geometry-core-1.0-SNAPSHOT.jar;C:\Users\Alex Issa\.m2\repository\org\openjdk\jmh\jmh-core\1.13\jmh-core-1.13.jar;C:\Users\Alex Issa\.m2\repository\net\sf\jopt-simple\jopt-simple\4.6\jopt-simple-4.6.jar;C:\Users\Alex Issa\.m2\repository\org\apache\commons\commons-math3\3.2\commons-math3-3.2.jar;C:\Users\Alex Issa\.m2\repository\org\openjdk\jmh\jmh-generator-annprocess\1.13\jmh-generator-annprocess-1.13.jar;C:\Users\Alex Issa\.m2\repository\junit\junit\4.13.1\junit-4.13.1.jar;C:\Users\Alex Issa\.m2\repository\org\hamcrest\hamcrest-core\1.3\hamcrest-core-1.3.jar;"/>
    <property name="sun.cpu.endian" value="little"/>
    <property name="user.home" value="C:\Users\Alex Issa"/>
    <property name="user.language" value="en"/>
    <property name="java.specification.vendor" value="Oracle Corporation"/>
    <property name="java.home" value="C:\Program Files\Java\jdk1.8.0_181\jre"/>
    <property name="basedir" value="C:\Users\Alex Issa\Desktop\SoftwareEvProject\commons-math-master"/>
    <property name="file.separator" value="\"/>
    <property name="line.separator" value="&#10;"/>
    <property name="java.vm.specification.vendor" value="Oracle Corporation"/>
    <property name="java.specification.name" value="Java Platform API Specification"/>
    <property name="java.awt.graphicsenv" value="sun.awt.Win32GraphicsEnvironment"/>
    <property name="sun.boot.class.path" value="C:\Program Files\Java\jdk1.8.0_181\jre\lib\resources.jar;C:\Program Files\Java\jdk1.8.0_181\jre\lib\rt.jar;C:\Program Files\Java\jdk1.8.0_181\jre\lib\sunrsasign.jar;C:\Program Files\Java\jdk1.8.0_181\jre\lib\jsse.jar;C:\Program Files\Java\jdk1.8.0_181\jre\lib\jce.jar;C:\Program Files\Java\jdk1.8.0_181\jre\lib\charsets.jar;C:\Program Files\Java\jdk1.8.0_181\jre\lib\jfr.jar;C:\Program Files\Java\jdk1.8.0_181\jre\classes"/>
    <property name="user.script" value=""/>
    <property name="sun.management.compiler" value="HotSpot 64-Bit Tiered Compilers"/>
    <property name="java.runtime.version" value="1.8.0_181-b13"/>
    <property name="user.name" value="Alex Issa"/>
    <property name="path.separator" value=";"/>
    <property name="os.version" value="10.0"/>
    <property name="java.endorsed.dirs" value="C:\Program Files\Java\jdk1.8.0_181\jre\lib\endorsed"/>
    <property name="java.runtime.name" value="Java(TM) SE Runtime Environment"/>
    <property name="file.encoding" value="Cp1252"/>
    <property name="java.vm.name" value="Java HotSpot(TM) 64-Bit Server VM"/>
    <property name="localRepository" value="C:\Users\Alex Issa\.m2\repository"/>
    <property name="java.vendor.url.bug" value="http://bugreport.sun.com/bugreport/"/>
    <property name="java.io.tmpdir" value="C:\Users\ALEXIS~1\AppData\Local\Temp\"/>
    <property name="java.version" value="1.8.0_181"/>
    <property name="user.dir" value="C:\Users\Alex Issa\Desktop\SoftwareEvProject\commons-math-master"/>
    <property name="os.arch" value="amd64"/>
    <property name="java.vm.specification.name" value="Java Virtual Machine Specification"/>
    <property name="java.awt.printerjob" value="sun.awt.windows.WPrinterJob"/>
    <property name="sun.os.patch.level" value=""/>
    <property name="java.library.path" value="C:\Program Files\Java\jdk1.8.0_181\jre\bin;C:\WINDOWS\Sun\Java\bin;C:\WINDOWS\system32;C:\WINDOWS;C:\Users\Alex Issa\bin;C:\Program Files\Git\mingw64\bin;C:\Program Files\Git\usr\local\bin;C:\Program Files\Git\usr\bin;C:\Program Files\Git\usr\bin;C:\Program Files\Git\mingw64\bin;C:\Program Files\Git\usr\bin;C:\Users\Alex Issa\bin;C:\Program Files (x86)\Common Files\Oracle\Java\javapath;C:\Program Files (x86)\Intel\iCLS Client;C:\Program Files\Intel\iCLS Client;C:\Windows\system32;C:\Windows;C:\Windows\System32\Wbem;C:\Windows\System32\WindowsPowerShell\v1.0;C:\Program Files (x86)\Intel\Intel(R) Management Engine Components\DAL;C:\Program Files\Intel\Intel(R) Management Engine Components\DAL;C:\Program Files (x86)\Intel\Intel(R) Management Engine Components\IPT;C:\Program Files\Intel\Intel(R) Management Engine Components\IPT;C:\Program Files (x86)\NVIDIA Corporation\PhysX\Common;C:\Program Files\Intel\WiFi\bin;C:\Program Files\Common Files\Intel\WirelessCommon;C:\WINDOWS\system32;C:\WINDOWS;C:\WINDOWS\System32\Wbem;C:\WINDOWS\System32\WindowsPowerShell\v1.0;C:\Program Files\MiKTeX 2.9\miktex\bin\x64;C:\Users\Alex Issa\Documents\MachineLearningForFun\graphviz-2.38\release\bin;C:\WINDOWS\System32\OpenSSH;C:\Program Files (x86)\Java\jdk1.8.0_181\bin;C:\Users\Alex Issa\apache-maven-3.6.0\bin;C:\Users\Alex Issa\apache-ant-1.10.5-bin\apache-ant-1.10.5\bin;C:\Program Files (x86)\GnuWin32\bin\make.exe;C:\Program Files (x86)\GnuWin32\bin;C:\Program Files\nodejs;C:\ProgramData\chocolatey\bin;C:\Program Files (x86)\Yarn\bin;C:\Users\Alex Issa\Anaconda\Library\bin\graphviz;C:\Program Files\Amazon\AWSCLIV2;C:\Users\Alex Issa\AppData\Roaming\Microsoft\Windows\Start Menu\Programs\Python 3.8;C:\Program Files\NVIDIA Corporation\NVIDIA NvDLISR;C:\WINDOWS\system32;C:\WINDOWS;C:\WINDOWS\System32\Wbem;C:\WINDOWS\System32\WindowsPowerShell\v1.0;C:\WINDOWS\System32\OpenSSH;C:\Users\Alex Issa\AppData\Local\Programs\Python\Python38\Scripts;C:\Users\Alex Issa\AppData\Local\Programs\Python\Python38;C:\Users\Alex Issa\AppData\Local\Microsoft\WindowsApps;C:\Users\Alex Issa\AppData\Roaming\Dashlane\4.8.4.35032\bin\Firefox_Extension\{442718d9-475e-452a-b3e1-fb1ee16b8e9f}\components;C:\Users\Alex Issa\AppData\Roaming\Dashlane\4.8.4.35032\ucrt;C:\Program Files\JetBrains\IntelliJ IDEA Community Edition 2018.3.1\bin;C:\Users\Alex Issa\AppData\Local\Google\Cloud SDK\google-cloud-sdk\bin;C:\Program Files\Docker Toolbox;C:\Program Files\JetBrains\PyCharm Community Edition 2019.1.1\bin;C:\Program Files (x86)\GnuWin32\bin\make.exe;C:\Program Files (x86)\GnuWin32\bin;C:\Users\Alex Issa\AppData\Roaming\npm;C:\Users\Alex Issa\AppData\Local\Yarn\bin;C:\Users\Alex Issa\AppData\Local\Programs\Microsoft VS Code\bin;C:\Program Files\Git\usr\bin\vendor_perl;C:\Program Files\Git\usr\bin\core_perl;."/>
    <property name="java.vm.info" value="mixed mode"/>
    <property name="java.vendor" value="Oracle Corporation"/>
    <property name="java.vm.version" value="25.181-b13"/>
    <property name="java.ext.dirs" value="C:\Program Files\Java\jdk1.8.0_181\jre\lib\ext;C:\WINDOWS\Sun\Java\lib\ext"/>
    <property name="sun.io.unicode.encoding" value="UnicodeLittle"/>
    <property name="java.class.version" value="52.0"/>
  </properties>
  <testcase name="testSolutionRightSide" classname="org.apache.commons.math4.analysis.solvers.IllinoisSolverTest" time="0.001"/>
  <testcase name="testSolutionAboveSide" classname="org.apache.commons.math4.analysis.solvers.IllinoisSolverTest" time="0"/>
  <testcase name="testSolutionBelowSide" classname="org.apache.commons.math4.analysis.solvers.IllinoisSolverTest" time="0"/>
  <testcase name="testSolutionLeftSide" classname="org.apache.commons.math4.analysis.solvers.IllinoisSolverTest" time="0"/>
  <testcase name="testBadEndpoints" classname="org.apache.commons.math4.analysis.solvers.IllinoisSolverTest" time="0.001"/>
  <testcase name="testRootEndpoints" classname="org.apache.commons.math4.analysis.solvers.IllinoisSolverTest" time="0"/>
  <testcase name="testQuinticZero" classname="org.apache.commons.math4.analysis.solvers.IllinoisSolverTest" time="0"/>
  <testcase name="testSinZero" classname="org.apache.commons.math4.analysis.solvers.IllinoisSolverTest" time="0"/>
</testsuite>