<?xml version="1.0" encoding="UTF-8"?>
<testsuite name="org.apache.commons.math3.analysis.differentiation.SparseGradientTest" time="0.323" tests="120" errors="0" skipped="0" failures="0">
  <properties>
    <property name="java.runtime.name" value="OpenJDK Runtime Environment"/>
    <property name="sun.boot.library.path" value="C:\Program Files\AdoptOpenJDK\jdk-8.0.242.08-hotspot\jre\bin"/>
    <property name="java.vm.version" value="25.242-b08"/>
    <property name="java.vm.vendor" value=""/>
    <property name="maven.multiModuleProjectDirectory" value="C:\Users\dfbra\Documents\SoftwareEvProject\maven\commons-math3-3.6.1-src"/>
    <property name="java.vendor.url" value="http://java.oracle.com/"/>
    <property name="path.separator" value=";"/>
    <property name="guice.disable.misplaced.annotation.check" value="true"/>
    <property name="java.vm.name" value="OpenJDK 64-Bit Server VM"/>
    <property name="file.encoding.pkg" value="sun.io"/>
    <property name="user.script" value=""/>
    <property name="user.country" value="US"/>
    <property name="sun.java.launcher" value="SUN_STANDARD"/>
    <property name="sun.os.patch.level" value=""/>
    <property name="java.vm.specification.name" value="Java Virtual Machine Specification"/>
    <property name="user.dir" value="C:\Users\dfbra\Documents\SoftwareEvProject\maven\commons-math3-3.6.1-src"/>
    <property name="java.runtime.version" value="1.8.0_242-b08"/>
    <property name="java.awt.graphicsenv" value="sun.awt.Win32GraphicsEnvironment"/>
    <property name="java.endorsed.dirs" value="C:\Program Files\AdoptOpenJDK\jdk-8.0.242.08-hotspot\jre\lib\endorsed"/>
    <property name="os.arch" value="amd64"/>
    <property name="java.io.tmpdir" value="C:\Users\dfbra\AppData\Local\Temp\"/>
    <property name="line.separator" value="&#10;"/>
    <property name="java.vm.specification.vendor" value="Oracle Corporation"/>
    <property name="user.variant" value=""/>
    <property name="os.name" value="Windows 10"/>
    <property name="classworlds.conf" value="C:\Users\dfbra\Desktop\apache-maven-3.6.3\bin\..\bin\m2.conf"/>
    <property name="sun.jnu.encoding" value="Cp1252"/>
    <property name="java.library.path" value="C:\Program Files\AdoptOpenJDK\jdk-8.0.242.08-hotspot\bin;C:\WINDOWS\Sun\Java\bin;C:\WINDOWS\system32;C:\WINDOWS;C:\Python38\Scripts\;C:\Python38\;C:\Program Files\AdoptOpenJDK\jdk-11.0.6.10-hotspot\bin;C:\Program Files\AdoptOpenJDK\jdk-8.0.242.08-hotspot\bin;C:\WINDOWS\system32;C:\WINDOWS;C:\WINDOWS\System32\Wbem;C:\WINDOWS\System32\WindowsPowerShell\v1.0\;C:\WINDOWS\System32\OpenSSH\;C:\Program Files\PuTTY\;C:\Program Files\Git\cmd;C:\Program Files\Calibre2\;C:\Program Files\nodejs\;C:\ProgramData\chocolatey\bin;C:\Program Files (x86)\Google\Cloud SDK\google-cloud-sdk\bin;C:\Program Files\PsychoPy3;C:\Program Files\PsychoPy3\DLLs;C:\gradle\gradle-6.6.1\bin;C:\Users\dfbra\AppData\Local\Microsoft\WindowsApps;C:\Users\dfbra\AppData\Local\atom\bin;C:\Users\dfbra\AppData\Roaming\npm;C:\Users\dfbra\AppData\Local\Microsoft\WindowsApps;C:\Users\dfbra\Desktop\apache-maven-3.6.3\bin;."/>
    <property name="maven.conf" value="C:\Users\dfbra\Desktop\apache-maven-3.6.3\bin\../conf"/>
    <property name="java.specification.name" value="Java Platform API Specification"/>
    <property name="java.class.version" value="52.0"/>
    <property name="sun.management.compiler" value="HotSpot 64-Bit Tiered Compilers"/>
    <property name="os.version" value="10.0"/>
    <property name="library.jansi.path" value="C:\Users\dfbra\Desktop\apache-maven-3.6.3\bin\..\lib\jansi-native"/>
    <property name="user.home" value="C:\Users\dfbra"/>
    <property name="user.timezone" value="America/Chicago"/>
    <property name="java.awt.printerjob" value="sun.awt.windows.WPrinterJob"/>
    <property name="java.specification.version" value="1.8"/>
    <property name="file.encoding" value="Cp1252"/>
    <property name="user.name" value="dfbra"/>
    <property name="java.class.path" value="C:\Users\dfbra\Desktop\apache-maven-3.6.3\bin\..\boot\plexus-classworlds-2.6.0.jar"/>
    <property name="java.vm.specification.version" value="1.8"/>
    <property name="sun.arch.data.model" value="64"/>
    <property name="java.home" value="C:\Program Files\AdoptOpenJDK\jdk-8.0.242.08-hotspot\jre"/>
    <property name="sun.java.command" value="org.codehaus.plexus.classworlds.launcher.Launcher package"/>
    <property name="java.specification.vendor" value="Oracle Corporation"/>
    <property name="user.language" value="en"/>
    <property name="awt.toolkit" value="sun.awt.windows.WToolkit"/>
    <property name="java.vm.info" value="mixed mode"/>
    <property name="java.version" value="1.8.0_242"/>
    <property name="java.ext.dirs" value="C:\Program Files\AdoptOpenJDK\jdk-8.0.242.08-hotspot\jre\lib\ext;C:\WINDOWS\Sun\Java\lib\ext"/>
    <property name="sun.boot.class.path" value="C:\Program Files\AdoptOpenJDK\jdk-8.0.242.08-hotspot\jre\lib\resources.jar;C:\Program Files\AdoptOpenJDK\jdk-8.0.242.08-hotspot\jre\lib\rt.jar;C:\Program Files\AdoptOpenJDK\jdk-8.0.242.08-hotspot\jre\lib\sunrsasign.jar;C:\Program Files\AdoptOpenJDK\jdk-8.0.242.08-hotspot\jre\lib\jsse.jar;C:\Program Files\AdoptOpenJDK\jdk-8.0.242.08-hotspot\jre\lib\jce.jar;C:\Program Files\AdoptOpenJDK\jdk-8.0.242.08-hotspot\jre\lib\charsets.jar;C:\Program Files\AdoptOpenJDK\jdk-8.0.242.08-hotspot\jre\lib\jfr.jar;C:\Program Files\AdoptOpenJDK\jdk-8.0.242.08-hotspot\jre\classes"/>
    <property name="sun.stderr.encoding" value="cp437"/>
    <property name="java.vendor" value="AdoptOpenJDK"/>
    <property name="maven.home" value="C:\Users\dfbra\Desktop\apache-maven-3.6.3\bin\.."/>
    <property name="file.separator" value="\"/>
    <property name="java.vendor.url.bug" value="http://bugreport.sun.com/bugreport/"/>
    <property name="sun.cpu.endian" value="little"/>
    <property name="sun.io.unicode.encoding" value="UnicodeLittle"/>
    <property name="sun.stdout.encoding" value="cp437"/>
    <property name="sun.desktop" value="windows"/>
    <property name="sun.cpu.isalist" value="amd64"/>
  </properties>
  <testcase name="testCeilFloorRintLong" classname="org.apache.commons.math3.analysis.differentiation.SparseGradientTest" time="0.004"/>
  <testcase name="testVarMultInPlace" classname="org.apache.commons.math3.analysis.differentiation.SparseGradientTest" time="0"/>
  <testcase name="testPrimitiveAdd" classname="org.apache.commons.math3.analysis.differentiation.SparseGradientTest" time="0"/>
  <testcase name="testTanAtan" classname="org.apache.commons.math3.analysis.differentiation.SparseGradientTest" time="0.01"/>
  <testcase name="testSqrtDefinition" classname="org.apache.commons.math3.analysis.differentiation.SparseGradientTest" time="0.004"/>
  <testcase name="testHypotDefinition" classname="org.apache.commons.math3.analysis.differentiation.SparseGradientTest" time="0.006"/>
  <testcase name="testLog1pDefinition" classname="org.apache.commons.math3.analysis.differentiation.SparseGradientTest" time="0.004"/>
  <testcase name="testLinearCombination1DSDS" classname="org.apache.commons.math3.analysis.differentiation.SparseGradientTest" time="0"/>
  <testcase name="testLinearCombination2DSDS" classname="org.apache.commons.math3.analysis.differentiation.SparseGradientTest" time="0.091"/>
  <testcase name="testExpm1Definition" classname="org.apache.commons.math3.analysis.differentiation.SparseGradientTest" time="0.002"/>
  <testcase name="testCoshDefinition" classname="org.apache.commons.math3.analysis.differentiation.SparseGradientTest" time="0.003"/>
  <testcase name="testSerialization" classname="org.apache.commons.math3.analysis.differentiation.SparseGradientTest" time="0.004"/>
  <testcase name="testAtan2SpecialCases" classname="org.apache.commons.math3.analysis.differentiation.SparseGradientTest" time="0"/>
  <testcase name="testAbs" classname="org.apache.commons.math3.analysis.differentiation.SparseGradientTest" time="0"/>
  <testcase name="testAdd" classname="org.apache.commons.math3.analysis.differentiation.SparseGradientTest" time="0"/>
  <testcase name="testExp" classname="org.apache.commons.math3.analysis.differentiation.SparseGradientTest" time="0"/>
  <testcase name="testLog" classname="org.apache.commons.math3.analysis.differentiation.SparseGradientTest" time="0.001"/>
  <testcase name="testPow" classname="org.apache.commons.math3.analysis.differentiation.SparseGradientTest" time="0"/>
  <testcase name="testSubtract" classname="org.apache.commons.math3.analysis.differentiation.SparseGradientTest" time="0.001"/>
  <testcase name="testAtan2" classname="org.apache.commons.math3.analysis.differentiation.SparseGradientTest" time="0.005"/>
  <testcase name="testField" classname="org.apache.commons.math3.analysis.differentiation.SparseGradientTest" time="0"/>
  <testcase name="testTrigo" classname="org.apache.commons.math3.analysis.differentiation.SparseGradientTest" time="0.005"/>
  <testcase name="testMult" classname="org.apache.commons.math3.analysis.differentiation.SparseGradientTest" time="0"/>
  <testcase name="testReciprocal" classname="org.apache.commons.math3.analysis.differentiation.SparseGradientTest" time="0.001"/>
  <testcase name="testLinearCombination2DoubleDS" classname="org.apache.commons.math3.analysis.differentiation.SparseGradientTest" time="0.06"/>
  <testcase name="testVarAddition" classname="org.apache.commons.math3.analysis.differentiation.SparseGradientTest" time="0"/>
  <testcase name="testSinhAsinh" classname="org.apache.commons.math3.analysis.differentiation.SparseGradientTest" time="0.003"/>
  <testcase name="testPrimitiveRemainder" classname="org.apache.commons.math3.analysis.differentiation.SparseGradientTest" time="0.001"/>
  <testcase name="testLog1pExpm1" classname="org.apache.commons.math3.analysis.differentiation.SparseGradientTest" time="0.002"/>
  <testcase name="testToRadiansDefinition" classname="org.apache.commons.math3.analysis.differentiation.SparseGradientTest" time="0.006"/>
  <testcase name="testVariable" classname="org.apache.commons.math3.analysis.differentiation.SparseGradientTest" time="0"/>
  <testcase name="testPrimitiveMultiply" classname="org.apache.commons.math3.analysis.differentiation.SparseGradientTest" time="0"/>
  <testcase name="testHypotSpecial" classname="org.apache.commons.math3.analysis.differentiation.SparseGradientTest" time="0"/>
  <testcase name="testCompositionOneVariableX" classname="org.apache.commons.math3.analysis.differentiation.SparseGradientTest" time="0.001"/>
  <testcase name="testCompositionOneVariableY" classname="org.apache.commons.math3.analysis.differentiation.SparseGradientTest" time="0"/>
  <testcase name="testSqrtPow2" classname="org.apache.commons.math3.analysis.differentiation.SparseGradientTest" time="0.002"/>
  <testcase name="testCoshAcosh" classname="org.apache.commons.math3.analysis.differentiation.SparseGradientTest" time="0.003"/>
  <testcase name="testSinhDefinition" classname="org.apache.commons.math3.analysis.differentiation.SparseGradientTest" time="0.003"/>
  <testcase name="testConstant" classname="org.apache.commons.math3.analysis.differentiation.SparseGradientTest" time="0"/>
  <testcase name="testCopySign" classname="org.apache.commons.math3.analysis.differentiation.SparseGradientTest" time="0"/>
  <testcase name="testTangentDefinition" classname="org.apache.commons.math3.analysis.differentiation.SparseGradientTest" time="0.003"/>
  <testcase name="testCompose" classname="org.apache.commons.math3.analysis.differentiation.SparseGradientTest" time="0.007"/>
  <testcase name="testCosAcos" classname="org.apache.commons.math3.analysis.differentiation.SparseGradientTest" time="0.002"/>
  <testcase name="testTanhAtanh" classname="org.apache.commons.math3.analysis.differentiation.SparseGradientTest" time="0.001"/>
  <testcase name="testPowDoubleDS" classname="org.apache.commons.math3.analysis.differentiation.SparseGradientTest" time="0.001"/>
  <testcase name="testLinearCombination1DoubleDS" classname="org.apache.commons.math3.analysis.differentiation.SparseGradientTest" time="0"/>
  <testcase name="testHypotNoOverflow" classname="org.apache.commons.math3.analysis.differentiation.SparseGradientTest" time="0"/>
  <testcase name="testTaylorPolynomial" classname="org.apache.commons.math3.analysis.differentiation.SparseGradientTest" time="0.004"/>
  <testcase name="testPrimitiveSubtract" classname="org.apache.commons.math3.analysis.differentiation.SparseGradientTest" time="0"/>
  <testcase name="testDivision" classname="org.apache.commons.math3.analysis.differentiation.SparseGradientTest" time="0"/>
  <testcase name="testDegRad" classname="org.apache.commons.math3.analysis.differentiation.SparseGradientTest" time="0.001"/>
  <testcase name="testMultiply" classname="org.apache.commons.math3.analysis.differentiation.SparseGradientTest" time="0"/>
  <testcase name="testPowReciprocalPow" classname="org.apache.commons.math3.analysis.differentiation.SparseGradientTest" time="0.018"/>
  <testcase name="testLogExp" classname="org.apache.commons.math3.analysis.differentiation.SparseGradientTest" time="0.001"/>
  <testcase name="testRemainder" classname="org.apache.commons.math3.analysis.differentiation.SparseGradientTest" time="0.002"/>
  <testcase name="testNegate" classname="org.apache.commons.math3.analysis.differentiation.SparseGradientTest" time="0"/>
  <testcase name="testHypotNeglectible" classname="org.apache.commons.math3.analysis.differentiation.SparseGradientTest" time="0"/>
  <testcase name="testCbrtPow3" classname="org.apache.commons.math3.analysis.differentiation.SparseGradientTest" time="0.002"/>
  <testcase name="testLog10Definition" classname="org.apache.commons.math3.analysis.differentiation.SparseGradientTest" time="0.004"/>
  <testcase name="testSinAsin" classname="org.apache.commons.math3.analysis.differentiation.SparseGradientTest" time="0.002"/>
  <testcase name="testSignum" classname="org.apache.commons.math3.analysis.differentiation.SparseGradientTest" time="0"/>
  <testcase name="testSinCos" classname="org.apache.commons.math3.analysis.differentiation.SparseGradientTest" time="0.001"/>
  <testcase name="testRootNSingularity" classname="org.apache.commons.math3.analysis.differentiation.SparseGradientTest" time="0"/>
  <testcase name="testExpression" classname="org.apache.commons.math3.analysis.differentiation.SparseGradientTest" time="0.004"/>
  <testcase name="testToDegreesDefinition" classname="org.apache.commons.math3.analysis.differentiation.SparseGradientTest" time="0.005"/>
  <testcase name="testSubtraction" classname="org.apache.commons.math3.analysis.differentiation.SparseGradientTest" time="0"/>
  <testcase name="testLog10Power" classname="org.apache.commons.math3.analysis.differentiation.SparseGradientTest" time="0.002"/>
  <testcase name="testTanhDefinition" classname="org.apache.commons.math3.analysis.differentiation.SparseGradientTest" time="0.007"/>
  <testcase name="testCbrtDefinition" classname="org.apache.commons.math3.analysis.differentiation.SparseGradientTest" time="0.004"/>
  <testcase name="testTaylorAtan2" classname="org.apache.commons.math3.analysis.differentiation.SparseGradientTest" time="0.005"/>
  <testcase name="testDivideField" classname="org.apache.commons.math3.analysis.differentiation.SparseGradientTest" time="0.002"/>
  <testcase name="testRemainderDouble" classname="org.apache.commons.math3.analysis.differentiation.SparseGradientTest" time="0.001"/>
  <testcase name="testGetField" classname="org.apache.commons.math3.analysis.differentiation.SparseGradientTest" time="0"/>
  <testcase name="testDivideDouble" classname="org.apache.commons.math3.analysis.differentiation.SparseGradientTest" time="0"/>
  <testcase name="testCos" classname="org.apache.commons.math3.analysis.differentiation.SparseGradientTest" time="0"/>
  <testcase name="testSin" classname="org.apache.commons.math3.analysis.differentiation.SparseGradientTest" time="0"/>
  <testcase name="testTan" classname="org.apache.commons.math3.analysis.differentiation.SparseGradientTest" time="0"/>
  <testcase name="testAcosh" classname="org.apache.commons.math3.analysis.differentiation.SparseGradientTest" time="0"/>
  <testcase name="testAsinh" classname="org.apache.commons.math3.analysis.differentiation.SparseGradientTest" time="0"/>
  <testcase name="testAtanh" classname="org.apache.commons.math3.analysis.differentiation.SparseGradientTest" time="0"/>
  <testcase name="testExpm1" classname="org.apache.commons.math3.analysis.differentiation.SparseGradientTest" time="0"/>
  <testcase name="testFloor" classname="org.apache.commons.math3.analysis.differentiation.SparseGradientTest" time="0"/>
  <testcase name="testHypot" classname="org.apache.commons.math3.analysis.differentiation.SparseGradientTest" time="0.002"/>
  <testcase name="testLog1p" classname="org.apache.commons.math3.analysis.differentiation.SparseGradientTest" time="0"/>
  <testcase name="testRootN" classname="org.apache.commons.math3.analysis.differentiation.SparseGradientTest" time="0"/>
  <testcase name="testRound" classname="org.apache.commons.math3.analysis.differentiation.SparseGradientTest" time="0"/>
  <testcase name="testScalb" classname="org.apache.commons.math3.analysis.differentiation.SparseGradientTest" time="0.004"/>
  <testcase name="testAcos" classname="org.apache.commons.math3.analysis.differentiation.SparseGradientTest" time="0"/>
  <testcase name="testAsin" classname="org.apache.commons.math3.analysis.differentiation.SparseGradientTest" time="0"/>
  <testcase name="testAtan" classname="org.apache.commons.math3.analysis.differentiation.SparseGradientTest" time="0"/>
  <testcase name="testCbrt" classname="org.apache.commons.math3.analysis.differentiation.SparseGradientTest" time="0"/>
  <testcase name="testCeil" classname="org.apache.commons.math3.analysis.differentiation.SparseGradientTest" time="0"/>
  <testcase name="testCosh" classname="org.apache.commons.math3.analysis.differentiation.SparseGradientTest" time="0"/>
  <testcase name="testHash" classname="org.apache.commons.math3.analysis.differentiation.SparseGradientTest" time="0"/>
  <testcase name="testRint" classname="org.apache.commons.math3.analysis.differentiation.SparseGradientTest" time="0.001"/>
  <testcase name="testSinh" classname="org.apache.commons.math3.analysis.differentiation.SparseGradientTest" time="0"/>
  <testcase name="testSqrt" classname="org.apache.commons.math3.analysis.differentiation.SparseGradientTest" time="0"/>
  <testcase name="testTanh" classname="org.apache.commons.math3.analysis.differentiation.SparseGradientTest" time="0"/>
  <testcase name="testAddField" classname="org.apache.commons.math3.analysis.differentiation.SparseGradientTest" time="0.001"/>
  <testcase name="testMultiplyDouble" classname="org.apache.commons.math3.analysis.differentiation.SparseGradientTest" time="0.001"/>
  <testcase name="testMultiplyInt" classname="org.apache.commons.math3.analysis.differentiation.SparseGradientTest" time="0"/>
  <testcase name="testLinearCombinationDaFa" classname="org.apache.commons.math3.analysis.differentiation.SparseGradientTest" time="0.001"/>
  <testcase name="testLinearCombinationFaFa" classname="org.apache.commons.math3.analysis.differentiation.SparseGradientTest" time="0.001"/>
  <testcase name="testAddDouble" classname="org.apache.commons.math3.analysis.differentiation.SparseGradientTest" time="0.001"/>
  <testcase name="testPowDouble" classname="org.apache.commons.math3.analysis.differentiation.SparseGradientTest" time="0.001"/>
  <testcase name="testSubtractDouble" classname="org.apache.commons.math3.analysis.differentiation.SparseGradientTest" time="0"/>
  <testcase name="testRemainderField" classname="org.apache.commons.math3.analysis.differentiation.SparseGradientTest" time="0.002"/>
  <testcase name="testCopySignDouble" classname="org.apache.commons.math3.analysis.differentiation.SparseGradientTest" time="0.001"/>
  <testcase name="testLinearCombinationDF2" classname="org.apache.commons.math3.analysis.differentiation.SparseGradientTest" time="0"/>
  <testcase name="testLinearCombinationDF3" classname="org.apache.commons.math3.analysis.differentiation.SparseGradientTest" time="0"/>
  <testcase name="testLinearCombinationDF4" classname="org.apache.commons.math3.analysis.differentiation.SparseGradientTest" time="0.001"/>
  <testcase name="testLinearCombinationFF2" classname="org.apache.commons.math3.analysis.differentiation.SparseGradientTest" time="0"/>
  <testcase name="testLinearCombinationFF3" classname="org.apache.commons.math3.analysis.differentiation.SparseGradientTest" time="0"/>
  <testcase name="testLinearCombinationFF4" classname="org.apache.commons.math3.analysis.differentiation.SparseGradientTest" time="0.001"/>
  <testcase name="testEquals" classname="org.apache.commons.math3.analysis.differentiation.SparseGradientTest" time="0"/>
  <testcase name="testCopySignField" classname="org.apache.commons.math3.analysis.differentiation.SparseGradientTest" time="0.001"/>
  <testcase name="testPowField" classname="org.apache.commons.math3.analysis.differentiation.SparseGradientTest" time="0.001"/>
  <testcase name="testPowInt" classname="org.apache.commons.math3.analysis.differentiation.SparseGradientTest" time="0"/>
  <testcase name="testMultiplyField" classname="org.apache.commons.math3.analysis.differentiation.SparseGradientTest" time="0.001"/>
  <testcase name="testSubtractField" classname="org.apache.commons.math3.analysis.differentiation.SparseGradientTest" time="0.001"/>
</testsuite>