<?xml version="1.0" encoding="UTF-8"?>
<testsuite name="org.apache.commons.math3.complex.ComplexTest" time="0.008" tests="138" errors="0" skipped="0" failures="0">
  <properties>
    <property name="java.runtime.name" value="OpenJDK Runtime Environment"/>
    <property name="sun.boot.library.path" value="C:\Program Files\AdoptOpenJDK\jdk-8.0.242.08-hotspot\jre\bin"/>
    <property name="java.vm.version" value="25.242-b08"/>
    <property name="java.vm.vendor" value=""/>
    <property name="maven.multiModuleProjectDirectory" value="C:\Users\dfbra\Documents\SoftwareEvProject\maven\commons-math3-3.6.1-src"/>
    <property name="java.vendor.url" value="http://java.oracle.com/"/>
    <property name="path.separator" value=";"/>
    <property name="guice.disable.misplaced.annotation.check" value="true"/>
    <property name="java.vm.name" value="OpenJDK 64-Bit Server VM"/>
    <property name="file.encoding.pkg" value="sun.io"/>
    <property name="user.script" value=""/>
    <property name="user.country" value="US"/>
    <property name="sun.java.launcher" value="SUN_STANDARD"/>
    <property name="sun.os.patch.level" value=""/>
    <property name="java.vm.specification.name" value="Java Virtual Machine Specification"/>
    <property name="user.dir" value="C:\Users\dfbra\Documents\SoftwareEvProject\maven\commons-math3-3.6.1-src"/>
    <property name="java.runtime.version" value="1.8.0_242-b08"/>
    <property name="java.awt.graphicsenv" value="sun.awt.Win32GraphicsEnvironment"/>
    <property name="java.endorsed.dirs" value="C:\Program Files\AdoptOpenJDK\jdk-8.0.242.08-hotspot\jre\lib\endorsed"/>
    <property name="os.arch" value="amd64"/>
    <property name="java.io.tmpdir" value="C:\Users\dfbra\AppData\Local\Temp\"/>
    <property name="line.separator" value="&#10;"/>
    <property name="java.vm.specification.vendor" value="Oracle Corporation"/>
    <property name="user.variant" value=""/>
    <property name="os.name" value="Windows 10"/>
    <property name="classworlds.conf" value="C:\Users\dfbra\Desktop\apache-maven-3.6.3\bin\..\bin\m2.conf"/>
    <property name="sun.jnu.encoding" value="Cp1252"/>
    <property name="java.library.path" value="C:\Program Files\AdoptOpenJDK\jdk-8.0.242.08-hotspot\bin;C:\WINDOWS\Sun\Java\bin;C:\WINDOWS\system32;C:\WINDOWS;C:\Python38\Scripts\;C:\Python38\;C:\Program Files\AdoptOpenJDK\jdk-11.0.6.10-hotspot\bin;C:\Program Files\AdoptOpenJDK\jdk-8.0.242.08-hotspot\bin;C:\WINDOWS\system32;C:\WINDOWS;C:\WINDOWS\System32\Wbem;C:\WINDOWS\System32\WindowsPowerShell\v1.0\;C:\WINDOWS\System32\OpenSSH\;C:\Program Files\PuTTY\;C:\Program Files\Git\cmd;C:\Program Files\Calibre2\;C:\Program Files\nodejs\;C:\ProgramData\chocolatey\bin;C:\Program Files (x86)\Google\Cloud SDK\google-cloud-sdk\bin;C:\Program Files\PsychoPy3;C:\Program Files\PsychoPy3\DLLs;C:\gradle\gradle-6.6.1\bin;C:\Users\dfbra\AppData\Local\Microsoft\WindowsApps;C:\Users\dfbra\AppData\Local\atom\bin;C:\Users\dfbra\AppData\Roaming\npm;C:\Users\dfbra\AppData\Local\Microsoft\WindowsApps;C:\Users\dfbra\Desktop\apache-maven-3.6.3\bin;."/>
    <property name="maven.conf" value="C:\Users\dfbra\Desktop\apache-maven-3.6.3\bin\../conf"/>
    <property name="java.specification.name" value="Java Platform API Specification"/>
    <property name="java.class.version" value="52.0"/>
    <property name="sun.management.compiler" value="HotSpot 64-Bit Tiered Compilers"/>
    <property name="os.version" value="10.0"/>
    <property name="library.jansi.path" value="C:\Users\dfbra\Desktop\apache-maven-3.6.3\bin\..\lib\jansi-native"/>
    <property name="user.home" value="C:\Users\dfbra"/>
    <property name="user.timezone" value="America/Chicago"/>
    <property name="java.awt.printerjob" value="sun.awt.windows.WPrinterJob"/>
    <property name="java.specification.version" value="1.8"/>
    <property name="file.encoding" value="Cp1252"/>
    <property name="user.name" value="dfbra"/>
    <property name="java.class.path" value="C:\Users\dfbra\Desktop\apache-maven-3.6.3\bin\..\boot\plexus-classworlds-2.6.0.jar"/>
    <property name="java.vm.specification.version" value="1.8"/>
    <property name="sun.arch.data.model" value="64"/>
    <property name="java.home" value="C:\Program Files\AdoptOpenJDK\jdk-8.0.242.08-hotspot\jre"/>
    <property name="sun.java.command" value="org.codehaus.plexus.classworlds.launcher.Launcher package"/>
    <property name="java.specification.vendor" value="Oracle Corporation"/>
    <property name="user.language" value="en"/>
    <property name="awt.toolkit" value="sun.awt.windows.WToolkit"/>
    <property name="java.vm.info" value="mixed mode"/>
    <property name="java.version" value="1.8.0_242"/>
    <property name="java.ext.dirs" value="C:\Program Files\AdoptOpenJDK\jdk-8.0.242.08-hotspot\jre\lib\ext;C:\WINDOWS\Sun\Java\lib\ext"/>
    <property name="sun.boot.class.path" value="C:\Program Files\AdoptOpenJDK\jdk-8.0.242.08-hotspot\jre\lib\resources.jar;C:\Program Files\AdoptOpenJDK\jdk-8.0.242.08-hotspot\jre\lib\rt.jar;C:\Program Files\AdoptOpenJDK\jdk-8.0.242.08-hotspot\jre\lib\sunrsasign.jar;C:\Program Files\AdoptOpenJDK\jdk-8.0.242.08-hotspot\jre\lib\jsse.jar;C:\Program Files\AdoptOpenJDK\jdk-8.0.242.08-hotspot\jre\lib\jce.jar;C:\Program Files\AdoptOpenJDK\jdk-8.0.242.08-hotspot\jre\lib\charsets.jar;C:\Program Files\AdoptOpenJDK\jdk-8.0.242.08-hotspot\jre\lib\jfr.jar;C:\Program Files\AdoptOpenJDK\jdk-8.0.242.08-hotspot\jre\classes"/>
    <property name="sun.stderr.encoding" value="cp437"/>
    <property name="java.vendor" value="AdoptOpenJDK"/>
    <property name="maven.home" value="C:\Users\dfbra\Desktop\apache-maven-3.6.3\bin\.."/>
    <property name="file.separator" value="\"/>
    <property name="java.vendor.url.bug" value="http://bugreport.sun.com/bugreport/"/>
    <property name="sun.cpu.endian" value="little"/>
    <property name="sun.io.unicode.encoding" value="UnicodeLittle"/>
    <property name="sun.stdout.encoding" value="cp437"/>
    <property name="sun.desktop" value="windows"/>
    <property name="sun.cpu.isalist" value="amd64"/>
  </properties>
  <testcase name="testReciprocalReal" classname="org.apache.commons.math3.complex.ComplexTest" time="0"/>
  <testcase name="testReciprocalZero" classname="org.apache.commons.math3.complex.ComplexTest" time="0"/>
  <testcase name="testFloatingPointEqualsWithAllowedDeltaNaN" classname="org.apache.commons.math3.complex.ComplexTest" time="0"/>
  <testcase name="testNthRoot_cornercase_NAN_Inf" classname="org.apache.commons.math3.complex.ComplexTest" time="0"/>
  <testcase name="testTanhInf" classname="org.apache.commons.math3.complex.ComplexTest" time="0"/>
  <testcase name="testTanhNaN" classname="org.apache.commons.math3.complex.ComplexTest" time="0"/>
  <testcase name="testConjugateNaN" classname="org.apache.commons.math3.complex.ComplexTest" time="0"/>
  <testcase name="testScalarDivideInf" classname="org.apache.commons.math3.complex.ComplexTest" time="0"/>
  <testcase name="testScalarDivideNaN" classname="org.apache.commons.math3.complex.ComplexTest" time="0"/>
  <testcase name="testScalarMultiplyInf" classname="org.apache.commons.math3.complex.ComplexTest" time="0"/>
  <testcase name="testScalarMultiplyNaN" classname="org.apache.commons.math3.complex.ComplexTest" time="0"/>
  <testcase name="testDivideImaginary" classname="org.apache.commons.math3.complex.ComplexTest" time="0"/>
  <testcase name="testExpInf1" classname="org.apache.commons.math3.complex.ComplexTest" time="0"/>
  <testcase name="testExpInf2" classname="org.apache.commons.math3.complex.ComplexTest" time="0"/>
  <testcase name="testExpInf3" classname="org.apache.commons.math3.complex.ComplexTest" time="0"/>
  <testcase name="testExpInf4" classname="org.apache.commons.math3.complex.ComplexTest" time="0"/>
  <testcase name="testExpInf5" classname="org.apache.commons.math3.complex.ComplexTest" time="0"/>
  <testcase name="testExpInf6" classname="org.apache.commons.math3.complex.ComplexTest" time="0"/>
  <testcase name="testExpInf7" classname="org.apache.commons.math3.complex.ComplexTest" time="0"/>
  <testcase name="testExpInf8" classname="org.apache.commons.math3.complex.ComplexTest" time="0"/>
  <testcase name="testAcosInf" classname="org.apache.commons.math3.complex.ComplexTest" time="0"/>
  <testcase name="testAcosNaN" classname="org.apache.commons.math3.complex.ComplexTest" time="0"/>
  <testcase name="testEqualsClass" classname="org.apache.commons.math3.complex.ComplexTest" time="0"/>
  <testcase name="testAbs" classname="org.apache.commons.math3.complex.ComplexTest" time="0"/>
  <testcase name="testAdd" classname="org.apache.commons.math3.complex.ComplexTest" time="0"/>
  <testcase name="testCos" classname="org.apache.commons.math3.complex.ComplexTest" time="0"/>
  <testcase name="testExp" classname="org.apache.commons.math3.complex.ComplexTest" time="0"/>
  <testcase name="testLog" classname="org.apache.commons.math3.complex.ComplexTest" time="0"/>
  <testcase name="testPow" classname="org.apache.commons.math3.complex.ComplexTest" time="0"/>
  <testcase name="testSin" classname="org.apache.commons.math3.complex.ComplexTest" time="0"/>
  <testcase name="testTan" classname="org.apache.commons.math3.complex.ComplexTest" time="0"/>
  <testcase name="testSubtract" classname="org.apache.commons.math3.complex.ComplexTest" time="0"/>
  <testcase name="testScalarAdd" classname="org.apache.commons.math3.complex.ComplexTest" time="0"/>
  <testcase name="testScalarPow" classname="org.apache.commons.math3.complex.ComplexTest" time="0"/>
  <testcase name="testDivideNaNInf" classname="org.apache.commons.math3.complex.ComplexTest" time="0"/>
  <testcase name="testAtanI" classname="org.apache.commons.math3.complex.ComplexTest" time="0"/>
  <testcase name="testAcos" classname="org.apache.commons.math3.complex.ComplexTest" time="0.001"/>
  <testcase name="testAsin" classname="org.apache.commons.math3.complex.ComplexTest" time="0"/>
  <testcase name="testAtan" classname="org.apache.commons.math3.complex.ComplexTest" time="0"/>
  <testcase name="testCosh" classname="org.apache.commons.math3.complex.ComplexTest" time="0"/>
  <testcase name="testSinh" classname="org.apache.commons.math3.complex.ComplexTest" time="0"/>
  <testcase name="testTanh" classname="org.apache.commons.math3.complex.ComplexTest" time="0"/>
  <testcase name="testAsinInf" classname="org.apache.commons.math3.complex.ComplexTest" time="0"/>
  <testcase name="testAsinNaN" classname="org.apache.commons.math3.complex.ComplexTest" time="0"/>
  <testcase name="testAtanInf" classname="org.apache.commons.math3.complex.ComplexTest" time="0"/>
  <testcase name="testAtanNaN" classname="org.apache.commons.math3.complex.ComplexTest" time="0"/>
  <testcase name="testFloatingPointEqualsWithRelativeToleranceNaN" classname="org.apache.commons.math3.complex.ComplexTest" time="0"/>
  <testcase name="testReciprocal" classname="org.apache.commons.math3.complex.ComplexTest" time="0"/>
  <testcase name="testScalarAddInf" classname="org.apache.commons.math3.complex.ComplexTest" time="0"/>
  <testcase name="testScalarAddNaN" classname="org.apache.commons.math3.complex.ComplexTest" time="0"/>
  <testcase name="testFloatingPointEqualsWithAllowedDelta" classname="org.apache.commons.math3.complex.ComplexTest" time="0"/>
  <testcase name="testScalarPowZero" classname="org.apache.commons.math3.complex.ComplexTest" time="0"/>
  <testcase name="testScalarDivide" classname="org.apache.commons.math3.complex.ComplexTest" time="0"/>
  <testcase name="testDivideInf" classname="org.apache.commons.math3.complex.ComplexTest" time="0"/>
  <testcase name="testDivideNaN" classname="org.apache.commons.math3.complex.ComplexTest" time="0"/>
  <testcase name="testEqualsRealDifference" classname="org.apache.commons.math3.complex.ComplexTest" time="0"/>
  <testcase name="testNegateNaN" classname="org.apache.commons.math3.complex.ComplexTest" time="0"/>
  <testcase name="testTanhCritical" classname="org.apache.commons.math3.complex.ComplexTest" time="0"/>
  <testcase name="testPowZero" classname="org.apache.commons.math3.complex.ComplexTest" time="0.001"/>
  <testcase name="testScalarPowInf" classname="org.apache.commons.math3.complex.ComplexTest" time="0"/>
  <testcase name="testScalarMultiply" classname="org.apache.commons.math3.complex.ComplexTest" time="0"/>
  <testcase name="testSqrtImaginaryZero" classname="org.apache.commons.math3.complex.ComplexTest" time="0"/>
  <testcase name="testSqrtRealPositive" classname="org.apache.commons.math3.complex.ComplexTest" time="0"/>
  <testcase name="testEqualsNull" classname="org.apache.commons.math3.complex.ComplexTest" time="0"/>
  <testcase name="testEqualsSame" classname="org.apache.commons.math3.complex.ComplexTest" time="0"/>
  <testcase name="testEqualsTrue" classname="org.apache.commons.math3.complex.ComplexTest" time="0"/>
  <testcase name="testSqrt1zNaN" classname="org.apache.commons.math3.complex.ComplexTest" time="0"/>
  <testcase name="testSqrtRealNegative" classname="org.apache.commons.math3.complex.ComplexTest" time="0"/>
  <testcase name="testScalarPowNaNBase" classname="org.apache.commons.math3.complex.ComplexTest" time="0"/>
  <testcase name="testGetArgument" classname="org.apache.commons.math3.complex.ComplexTest" time="0"/>
  <testcase name="testSqrtPolar" classname="org.apache.commons.math3.complex.ComplexTest" time="0.001"/>
  <testcase name="testMultiplyNaN" classname="org.apache.commons.math3.complex.ComplexTest" time="0"/>
  <testcase name="testLogZero" classname="org.apache.commons.math3.complex.ComplexTest" time="0"/>
  <testcase name="testConjugate" classname="org.apache.commons.math3.complex.ComplexTest" time="0"/>
  <testcase name="testFloatingPointEqualsNaN" classname="org.apache.commons.math3.complex.ComplexTest" time="0"/>
  <testcase name="testMultiplyInfInf" classname="org.apache.commons.math3.complex.ComplexTest" time="0"/>
  <testcase name="testNthRoot_normal_fourthRoot" classname="org.apache.commons.math3.complex.ComplexTest" time="0"/>
  <testcase name="testMultiplyNaNInf" classname="org.apache.commons.math3.complex.ComplexTest" time="0"/>
  <testcase name="testEqualsImaginaryDifference" classname="org.apache.commons.math3.complex.ComplexTest" time="0"/>
  <testcase name="testScalarSubtractInf" classname="org.apache.commons.math3.complex.ComplexTest" time="0"/>
  <testcase name="testScalarSubtractNaN" classname="org.apache.commons.math3.complex.ComplexTest" time="0"/>
  <testcase name="testTanCritical" classname="org.apache.commons.math3.complex.ComplexTest" time="0"/>
  <testcase name="testPowNaNBase" classname="org.apache.commons.math3.complex.ComplexTest" time="0"/>
  <testcase name="testMath221" classname="org.apache.commons.math3.complex.ComplexTest" time="0"/>
  <testcase name="testNthRoot_cornercase_thirdRoot_imaginaryPartEmpty" classname="org.apache.commons.math3.complex.ComplexTest" time="0"/>
  <testcase name="testFloatingPointEqualsWithRelativeTolerance" classname="org.apache.commons.math3.complex.ComplexTest" time="0"/>
  <testcase name="testGetArgumentInf" classname="org.apache.commons.math3.complex.ComplexTest" time="0"/>
  <testcase name="testGetArgumentNaN" classname="org.apache.commons.math3.complex.ComplexTest" time="0"/>
  <testcase name="testConstructorNaN" classname="org.apache.commons.math3.complex.ComplexTest" time="0"/>
  <testcase name="testCoshInf" classname="org.apache.commons.math3.complex.ComplexTest" time="0"/>
  <testcase name="testCoshNaN" classname="org.apache.commons.math3.complex.ComplexTest" time="0"/>
  <testcase name="testPowNaNExponent" classname="org.apache.commons.math3.complex.ComplexTest" time="0"/>
  <testcase name="testHashCode" classname="org.apache.commons.math3.complex.ComplexTest" time="0.001"/>
  <testcase name="testSqrtRealZero" classname="org.apache.commons.math3.complex.ComplexTest" time="0"/>
  <testcase name="testSqrtImaginaryNegative" classname="org.apache.commons.math3.complex.ComplexTest" time="0"/>
  <testcase name="testFloatingPointEqualsPrecondition1" classname="org.apache.commons.math3.complex.ComplexTest" time="0"/>
  <testcase name="testFloatingPointEqualsPrecondition2" classname="org.apache.commons.math3.complex.ComplexTest" time="0"/>
  <testcase name="testReciprocalInf" classname="org.apache.commons.math3.complex.ComplexTest" time="0"/>
  <testcase name="testReciprocalNaN" classname="org.apache.commons.math3.complex.ComplexTest" time="0"/>
  <testcase name="testFloatingPointEquals" classname="org.apache.commons.math3.complex.ComplexTest" time="0"/>
  <testcase name="testNthRoot_cornercase_thirdRoot_realPartZero" classname="org.apache.commons.math3.complex.ComplexTest" time="0"/>
  <testcase name="testScalarDivideZero" classname="org.apache.commons.math3.complex.ComplexTest" time="0"/>
  <testcase name="testScalarSubtract" classname="org.apache.commons.math3.complex.ComplexTest" time="0"/>
  <testcase name="testAbsNaN" classname="org.apache.commons.math3.complex.ComplexTest" time="0"/>
  <testcase name="testAddInf" classname="org.apache.commons.math3.complex.ComplexTest" time="0"/>
  <testcase name="testAddNaN" classname="org.apache.commons.math3.complex.ComplexTest" time="0"/>
  <testcase name="testCosInf" classname="org.apache.commons.math3.complex.ComplexTest" time="0"/>
  <testcase name="testCosNaN" classname="org.apache.commons.math3.complex.ComplexTest" time="0"/>
  <testcase name="testDivide" classname="org.apache.commons.math3.complex.ComplexTest" time="0"/>
  <testcase name="testExpNaN" classname="org.apache.commons.math3.complex.ComplexTest" time="0"/>
  <testcase name="testMultiply" classname="org.apache.commons.math3.complex.ComplexTest" time="0"/>
  <testcase name="testDivideReal" classname="org.apache.commons.math3.complex.ComplexTest" time="0"/>
  <testcase name="testDivideZero" classname="org.apache.commons.math3.complex.ComplexTest" time="0"/>
  <testcase name="testEqualsNaN" classname="org.apache.commons.math3.complex.ComplexTest" time="0"/>
  <testcase name="testLogInf" classname="org.apache.commons.math3.complex.ComplexTest" time="0"/>
  <testcase name="testLogNaN" classname="org.apache.commons.math3.complex.ComplexTest" time="0"/>
  <testcase name="testNegate" classname="org.apache.commons.math3.complex.ComplexTest" time="0"/>
  <testcase name="testPowInf" classname="org.apache.commons.math3.complex.ComplexTest" time="0"/>
  <testcase name="testConjugateInfiinite" classname="org.apache.commons.math3.complex.ComplexTest" time="0"/>
  <testcase name="testSinhInf" classname="org.apache.commons.math3.complex.ComplexTest" time="0"/>
  <testcase name="testSinhNaN" classname="org.apache.commons.math3.complex.ComplexTest" time="0"/>
  <testcase name="testSerial" classname="org.apache.commons.math3.complex.ComplexTest" time="0.004"/>
  <testcase name="testSinInf" classname="org.apache.commons.math3.complex.ComplexTest" time="0"/>
  <testcase name="testSinNaN" classname="org.apache.commons.math3.complex.ComplexTest" time="0"/>
  <testcase name="testSqrt1z" classname="org.apache.commons.math3.complex.ComplexTest" time="0"/>
  <testcase name="testTanInf" classname="org.apache.commons.math3.complex.ComplexTest" time="0"/>
  <testcase name="testTanNaN" classname="org.apache.commons.math3.complex.ComplexTest" time="0"/>
  <testcase name="testNthRoot_normal_thirdRoot" classname="org.apache.commons.math3.complex.ComplexTest" time="0"/>
  <testcase name="testpowNull" classname="org.apache.commons.math3.complex.ComplexTest" time="0"/>
  <testcase name="testSubtractInf" classname="org.apache.commons.math3.complex.ComplexTest" time="0"/>
  <testcase name="testSubtractNaN" classname="org.apache.commons.math3.complex.ComplexTest" time="0"/>
  <testcase name="testAbsInfinite" classname="org.apache.commons.math3.complex.ComplexTest" time="0"/>
  <testcase name="testSqrtInf" classname="org.apache.commons.math3.complex.ComplexTest" time="0"/>
  <testcase name="testSqrtNaN" classname="org.apache.commons.math3.complex.ComplexTest" time="0"/>
  <testcase name="testDivideZeroZero" classname="org.apache.commons.math3.complex.ComplexTest" time="0"/>
  <testcase name="testConstructor" classname="org.apache.commons.math3.complex.ComplexTest" time="0"/>
  <testcase name="testScalarPowNaNExponent" classname="org.apache.commons.math3.complex.ComplexTest" time="0"/>
  <testcase name="testReciprocalImaginary" classname="org.apache.commons.math3.complex.ComplexTest" time="0"/>
</testsuite>