<?xml version="1.0" encoding="UTF-8"?>
<testsuite name="org.apache.commons.math3.analysis.interpolation.FieldHermiteInterpolatorTest" time="3.059" tests="12" errors="0" skipped="0" failures="0">
  <properties>
    <property name="java.runtime.name" value="Java(TM) SE Runtime Environment"/>
    <property name="sun.boot.library.path" value="C:\Program Files (x86)\Java\jdk1.8.0_181\jre\bin"/>
    <property name="java.vm.version" value="25.181-b13"/>
    <property name="java.vm.vendor" value="Oracle Corporation"/>
    <property name="maven.multiModuleProjectDirectory" value="D:/MastersYear5/SoftwareEvolution/SoftwareEvProject/maven/commons-math3-3.6.1-src"/>
    <property name="java.vendor.url" value="http://java.oracle.com/"/>
    <property name="path.separator" value=";"/>
    <property name="guice.disable.misplaced.annotation.check" value="true"/>
    <property name="java.vm.name" value="Java HotSpot(TM) Client VM"/>
    <property name="file.encoding.pkg" value="sun.io"/>
    <property name="user.script" value=""/>
    <property name="user.country" value="US"/>
    <property name="sun.java.launcher" value="SUN_STANDARD"/>
    <property name="sun.os.patch.level" value=""/>
    <property name="java.vm.specification.name" value="Java Virtual Machine Specification"/>
    <property name="user.dir" value="D:\MastersYear5\SoftwareEvolution\SoftwareEvProject\maven\commons-math3-3.6.1-src"/>
    <property name="java.runtime.version" value="1.8.0_181-b13"/>
    <property name="java.awt.graphicsenv" value="sun.awt.Win32GraphicsEnvironment"/>
    <property name="java.endorsed.dirs" value="C:\Program Files (x86)\Java\jdk1.8.0_181\jre\lib\endorsed"/>
    <property name="os.arch" value="x86"/>
    <property name="java.io.tmpdir" value="C:\Users\ALEXIS~1\AppData\Local\Temp\"/>
    <property name="line.separator" value="&#10;"/>
    <property name="java.vm.specification.vendor" value="Oracle Corporation"/>
    <property name="user.variant" value=""/>
    <property name="os.name" value="Windows 10"/>
    <property name="classworlds.conf" value="C:/Users/Alex Issa/apache-maven-3.6.0/bin/m2.conf"/>
    <property name="sun.jnu.encoding" value="Cp1252"/>
    <property name="java.library.path" value="C:\Program Files (x86)\Java\jdk1.8.0_181\bin;C:\WINDOWS\Sun\Java\bin;C:\WINDOWS\system32;C:\WINDOWS;C:\Users\Alex Issa\bin;C:\Program Files\Git\mingw64\bin;C:\Program Files\Git\usr\local\bin;C:\Program Files\Git\usr\bin;C:\Program Files\Git\usr\bin;C:\Program Files\Git\mingw64\bin;C:\Program Files\Git\usr\bin;C:\Users\Alex Issa\bin;C:\Program Files (x86)\Intel\iCLS Client;C:\Program Files\Intel\iCLS Client;C:\Windows\system32;C:\Windows;C:\Windows\System32\Wbem;C:\Windows\System32\WindowsPowerShell\v1.0;C:\Program Files (x86)\Intel\Intel(R) Management Engine Components\DAL;C:\Program Files\Intel\Intel(R) Management Engine Components\DAL;C:\Program Files (x86)\Intel\Intel(R) Management Engine Components\IPT;C:\Program Files\Intel\Intel(R) Management Engine Components\IPT;C:\Program Files (x86)\NVIDIA Corporation\PhysX\Common;C:\Program Files\Intel\WiFi\bin;C:\Program Files\Common Files\Intel\WirelessCommon;C:\WINDOWS\system32;C:\WINDOWS;C:\WINDOWS\System32\Wbem;C:\WINDOWS\System32\WindowsPowerShell\v1.0;C:\Program Files\MiKTeX 2.9\miktex\bin\x64;C:\Users\Alex Issa\Documents\MachineLearningForFun\graphviz-2.38\release\bin;C:\WINDOWS\System32\OpenSSH;C:\Program Files (x86)\Java\jdk1.8.0_181\bin;C:\Program Files (x86)\Common Files\Oracle\Java\javapath;C:\Users\Alex Issa\apache-maven-3.6.0\bin;C:\Users\Alex Issa\apache-ant-1.10.5-bin\apache-ant-1.10.5\bin;C:\Program Files (x86)\GnuWin32\bin\make.exe;C:\Program Files (x86)\GnuWin32\bin;C:\Program Files\nodejs;C:\ProgramData\chocolatey\bin;C:\Program Files (x86)\Yarn\bin;C:\Users\Alex Issa\Anaconda\Library\bin\graphviz;C:\Program Files\Amazon\AWSCLIV2;C:\Users\Alex Issa\AppData\Roaming\Microsoft\Windows\Start Menu\Programs\Python 3.8;C:\Program Files\NVIDIA Corporation\NVIDIA NvDLISR;C:\WINDOWS\system32;C:\WINDOWS;C:\WINDOWS\System32\Wbem;C:\WINDOWS\System32\WindowsPowerShell\v1.0;C:\WINDOWS\System32\OpenSSH;C:\bazel;C:\msys64\usr\bin;C:\Users\Alex Issa\AppData\Local\Programs\Python\Python38\Scripts;C:\Users\Alex Issa\AppData\Local\Programs\Python\Python38;C:\Users\Alex Issa\AppData\Local\Microsoft\WindowsApps;C:\Users\Alex Issa\AppData\Roaming\Dashlane\4.8.4.35032\bin\Firefox_Extension\{442718d9-475e-452a-b3e1-fb1ee16b8e9f}\components;C:\Users\Alex Issa\AppData\Roaming\Dashlane\4.8.4.35032\ucrt;C:\Program Files\JetBrains\IntelliJ IDEA Community Edition 2018.3.1\bin;C:\Users\Alex Issa\AppData\Local\Google\Cloud SDK\google-cloud-sdk\bin;C:\Program Files\Docker Toolbox;C:\Program Files\JetBrains\PyCharm Community Edition 2019.1.1\bin;C:\Program Files (x86)\GnuWin32\bin\make.exe;C:\Program Files (x86)\GnuWin32\bin;C:\Users\Alex Issa\AppData\Roaming\npm;C:\Users\Alex Issa\AppData\Local\Yarn\bin;C:\Users\Alex Issa\AppData\Local\Programs\Microsoft VS Code\bin;C:\Program Files\Git\usr\bin\vendor_perl;C:\Program Files\Git\usr\bin\core_perl;."/>
    <property name="maven.conf" value="C:/Users/Alex Issa/apache-maven-3.6.0/conf"/>
    <property name="java.specification.name" value="Java Platform API Specification"/>
    <property name="java.class.version" value="52.0"/>
    <property name="sun.management.compiler" value="HotSpot Client Compiler"/>
    <property name="os.version" value="10.0"/>
    <property name="library.jansi.path" value="C:/Users/Alex Issa/apache-maven-3.6.0/lib/jansi-native"/>
    <property name="user.home" value="C:\Users\Alex Issa"/>
    <property name="user.timezone" value="America/Chicago"/>
    <property name="java.awt.printerjob" value="sun.awt.windows.WPrinterJob"/>
    <property name="java.specification.version" value="1.8"/>
    <property name="file.encoding" value="Cp1252"/>
    <property name="user.name" value="Alex Issa"/>
    <property name="java.class.path" value="C:/Users/Alex Issa/apache-maven-3.6.0/boot/plexus-classworlds-2.5.2.jar"/>
    <property name="java.vm.specification.version" value="1.8"/>
    <property name="sun.arch.data.model" value="32"/>
    <property name="java.home" value="C:\Program Files (x86)\Java\jdk1.8.0_181\jre"/>
    <property name="sun.java.command" value="org.codehaus.plexus.classworlds.launcher.Launcher package"/>
    <property name="java.specification.vendor" value="Oracle Corporation"/>
    <property name="user.language" value="en"/>
    <property name="awt.toolkit" value="sun.awt.windows.WToolkit"/>
    <property name="java.vm.info" value="mixed mode"/>
    <property name="java.version" value="1.8.0_181"/>
    <property name="java.ext.dirs" value="C:\Program Files (x86)\Java\jdk1.8.0_181\jre\lib\ext;C:\WINDOWS\Sun\Java\lib\ext"/>
    <property name="sun.boot.class.path" value="C:\Program Files (x86)\Java\jdk1.8.0_181\jre\lib\resources.jar;C:\Program Files (x86)\Java\jdk1.8.0_181\jre\lib\rt.jar;C:\Program Files (x86)\Java\jdk1.8.0_181\jre\lib\sunrsasign.jar;C:\Program Files (x86)\Java\jdk1.8.0_181\jre\lib\jsse.jar;C:\Program Files (x86)\Java\jdk1.8.0_181\jre\lib\jce.jar;C:\Program Files (x86)\Java\jdk1.8.0_181\jre\lib\charsets.jar;C:\Program Files (x86)\Java\jdk1.8.0_181\jre\lib\jfr.jar;C:\Program Files (x86)\Java\jdk1.8.0_181\jre\classes"/>
    <property name="java.vendor" value="Oracle Corporation"/>
    <property name="maven.home" value="C:\Users\Alex Issa\apache-maven-3.6.0"/>
    <property name="file.separator" value="\"/>
    <property name="java.vendor.url.bug" value="http://bugreport.sun.com/bugreport/"/>
    <property name="sun.cpu.endian" value="little"/>
    <property name="sun.io.unicode.encoding" value="UnicodeLittle"/>
    <property name="sun.desktop" value="windows"/>
    <property name="sun.cpu.isalist" value="pentium_pro+mmx pentium_pro pentium+mmx pentium i486 i386 i86"/>
  </properties>
  <testcase name="testWikipedia" classname="org.apache.commons.math3.analysis.interpolation.FieldHermiteInterpolatorTest" time="0.008"/>
  <testcase name="testEmptySampleDerivative" classname="org.apache.commons.math3.analysis.interpolation.FieldHermiteInterpolatorTest" time="0"/>
  <testcase name="testOnePointParabola" classname="org.apache.commons.math3.analysis.interpolation.FieldHermiteInterpolatorTest" time="0.001"/>
  <testcase name="testSine" classname="org.apache.commons.math3.analysis.interpolation.FieldHermiteInterpolatorTest" time="0.062"/>
  <testcase name="testZero" classname="org.apache.commons.math3.analysis.interpolation.FieldHermiteInterpolatorTest" time="0.001"/>
  <testcase name="testQuadratic" classname="org.apache.commons.math3.analysis.interpolation.FieldHermiteInterpolatorTest" time="0.002"/>
  <testcase name="testDuplicatedAbscissa" classname="org.apache.commons.math3.analysis.interpolation.FieldHermiteInterpolatorTest" time="0.001"/>
  <testcase name="testEmptySampleValue" classname="org.apache.commons.math3.analysis.interpolation.FieldHermiteInterpolatorTest" time="0"/>
  <testcase name="testRandomPolynomialsValuesOnly" classname="org.apache.commons.math3.analysis.interpolation.FieldHermiteInterpolatorTest" time="0.707"/>
  <testcase name="testMixedDerivatives" classname="org.apache.commons.math3.analysis.interpolation.FieldHermiteInterpolatorTest" time="0.001"/>
  <testcase name="testSquareRoot" classname="org.apache.commons.math3.analysis.interpolation.FieldHermiteInterpolatorTest" time="0.041"/>
  <testcase name="testRandomPolynomialsFirstDerivative" classname="org.apache.commons.math3.analysis.interpolation.FieldHermiteInterpolatorTest" time="2.235"/>
</testsuite>