<?xml version="1.0" encoding="UTF-8"?>
<testsuite name="org.apache.commons.math3.random.RandomGeneratorFactoryTest" time="3.412" tests="60" errors="0" skipped="0" failures="0">
  <properties>
    <property name="java.runtime.name" value="OpenJDK Runtime Environment"/>
    <property name="sun.boot.library.path" value="C:\Program Files\AdoptOpenJDK\jdk-8.0.242.08-hotspot\jre\bin"/>
    <property name="java.vm.version" value="25.242-b08"/>
    <property name="java.vm.vendor" value=""/>
    <property name="maven.multiModuleProjectDirectory" value="C:\Users\dfbra\Documents\SoftwareEvProject\maven\commons-math3-3.6.1-src"/>
    <property name="java.vendor.url" value="http://java.oracle.com/"/>
    <property name="path.separator" value=";"/>
    <property name="guice.disable.misplaced.annotation.check" value="true"/>
    <property name="java.vm.name" value="OpenJDK 64-Bit Server VM"/>
    <property name="file.encoding.pkg" value="sun.io"/>
    <property name="user.script" value=""/>
    <property name="user.country" value="US"/>
    <property name="sun.java.launcher" value="SUN_STANDARD"/>
    <property name="sun.os.patch.level" value=""/>
    <property name="java.vm.specification.name" value="Java Virtual Machine Specification"/>
    <property name="user.dir" value="C:\Users\dfbra\Documents\SoftwareEvProject\maven\commons-math3-3.6.1-src"/>
    <property name="java.runtime.version" value="1.8.0_242-b08"/>
    <property name="java.awt.graphicsenv" value="sun.awt.Win32GraphicsEnvironment"/>
    <property name="java.endorsed.dirs" value="C:\Program Files\AdoptOpenJDK\jdk-8.0.242.08-hotspot\jre\lib\endorsed"/>
    <property name="os.arch" value="amd64"/>
    <property name="java.io.tmpdir" value="C:\Users\dfbra\AppData\Local\Temp\"/>
    <property name="line.separator" value="&#10;"/>
    <property name="java.vm.specification.vendor" value="Oracle Corporation"/>
    <property name="user.variant" value=""/>
    <property name="os.name" value="Windows 10"/>
    <property name="classworlds.conf" value="C:\Users\dfbra\Desktop\apache-maven-3.6.3\bin\..\bin\m2.conf"/>
    <property name="sun.jnu.encoding" value="Cp1252"/>
    <property name="java.library.path" value="C:\Program Files\AdoptOpenJDK\jdk-8.0.242.08-hotspot\bin;C:\WINDOWS\Sun\Java\bin;C:\WINDOWS\system32;C:\WINDOWS;C:\Python38\Scripts\;C:\Python38\;C:\Program Files\AdoptOpenJDK\jdk-11.0.6.10-hotspot\bin;C:\Program Files\AdoptOpenJDK\jdk-8.0.242.08-hotspot\bin;C:\WINDOWS\system32;C:\WINDOWS;C:\WINDOWS\System32\Wbem;C:\WINDOWS\System32\WindowsPowerShell\v1.0\;C:\WINDOWS\System32\OpenSSH\;C:\Program Files\PuTTY\;C:\Program Files\Git\cmd;C:\Program Files\Calibre2\;C:\Program Files\nodejs\;C:\ProgramData\chocolatey\bin;C:\Program Files (x86)\Google\Cloud SDK\google-cloud-sdk\bin;C:\Program Files\PsychoPy3;C:\Program Files\PsychoPy3\DLLs;C:\gradle\gradle-6.6.1\bin;C:\Users\dfbra\AppData\Local\Microsoft\WindowsApps;C:\Users\dfbra\AppData\Local\atom\bin;C:\Users\dfbra\AppData\Roaming\npm;C:\Users\dfbra\AppData\Local\Microsoft\WindowsApps;C:\Users\dfbra\Desktop\apache-maven-3.6.3\bin;."/>
    <property name="maven.conf" value="C:\Users\dfbra\Desktop\apache-maven-3.6.3\bin\../conf"/>
    <property name="java.specification.name" value="Java Platform API Specification"/>
    <property name="java.class.version" value="52.0"/>
    <property name="sun.management.compiler" value="HotSpot 64-Bit Tiered Compilers"/>
    <property name="os.version" value="10.0"/>
    <property name="library.jansi.path" value="C:\Users\dfbra\Desktop\apache-maven-3.6.3\bin\..\lib\jansi-native"/>
    <property name="user.home" value="C:\Users\dfbra"/>
    <property name="user.timezone" value="America/Chicago"/>
    <property name="java.awt.printerjob" value="sun.awt.windows.WPrinterJob"/>
    <property name="java.specification.version" value="1.8"/>
    <property name="file.encoding" value="Cp1252"/>
    <property name="user.name" value="dfbra"/>
    <property name="java.class.path" value="C:\Users\dfbra\Desktop\apache-maven-3.6.3\bin\..\boot\plexus-classworlds-2.6.0.jar"/>
    <property name="java.vm.specification.version" value="1.8"/>
    <property name="sun.arch.data.model" value="64"/>
    <property name="java.home" value="C:\Program Files\AdoptOpenJDK\jdk-8.0.242.08-hotspot\jre"/>
    <property name="sun.java.command" value="org.codehaus.plexus.classworlds.launcher.Launcher package"/>
    <property name="java.specification.vendor" value="Oracle Corporation"/>
    <property name="user.language" value="en"/>
    <property name="awt.toolkit" value="sun.awt.windows.WToolkit"/>
    <property name="java.vm.info" value="mixed mode"/>
    <property name="java.version" value="1.8.0_242"/>
    <property name="java.ext.dirs" value="C:\Program Files\AdoptOpenJDK\jdk-8.0.242.08-hotspot\jre\lib\ext;C:\WINDOWS\Sun\Java\lib\ext"/>
    <property name="sun.boot.class.path" value="C:\Program Files\AdoptOpenJDK\jdk-8.0.242.08-hotspot\jre\lib\resources.jar;C:\Program Files\AdoptOpenJDK\jdk-8.0.242.08-hotspot\jre\lib\rt.jar;C:\Program Files\AdoptOpenJDK\jdk-8.0.242.08-hotspot\jre\lib\sunrsasign.jar;C:\Program Files\AdoptOpenJDK\jdk-8.0.242.08-hotspot\jre\lib\jsse.jar;C:\Program Files\AdoptOpenJDK\jdk-8.0.242.08-hotspot\jre\lib\jce.jar;C:\Program Files\AdoptOpenJDK\jdk-8.0.242.08-hotspot\jre\lib\charsets.jar;C:\Program Files\AdoptOpenJDK\jdk-8.0.242.08-hotspot\jre\lib\jfr.jar;C:\Program Files\AdoptOpenJDK\jdk-8.0.242.08-hotspot\jre\classes"/>
    <property name="sun.stderr.encoding" value="cp437"/>
    <property name="java.vendor" value="AdoptOpenJDK"/>
    <property name="maven.home" value="C:\Users\dfbra\Desktop\apache-maven-3.6.3\bin\.."/>
    <property name="file.separator" value="\"/>
    <property name="java.vendor.url.bug" value="http://bugreport.sun.com/bugreport/"/>
    <property name="sun.cpu.endian" value="little"/>
    <property name="sun.io.unicode.encoding" value="UnicodeLittle"/>
    <property name="sun.stdout.encoding" value="cp437"/>
    <property name="sun.desktop" value="windows"/>
    <property name="sun.cpu.isalist" value="amd64"/>
  </properties>
  <testcase name="testNextIntIAE2" classname="org.apache.commons.math3.random.RandomGeneratorFactoryTest" time="0"/>
  <testcase name="testNextIntDirect" classname="org.apache.commons.math3.random.RandomGeneratorFactoryTest" time="0.475"/>
  <testcase name="testNextFloatDirect" classname="org.apache.commons.math3.random.RandomGeneratorFactoryTest" time="0"/>
  <testcase name="testNextBooleanDirect" classname="org.apache.commons.math3.random.RandomGeneratorFactoryTest" time="0.001"/>
  <testcase name="testNextLongDirect" classname="org.apache.commons.math3.random.RandomGeneratorFactoryTest" time="0"/>
  <testcase name="testNexBoolean2" classname="org.apache.commons.math3.random.RandomGeneratorFactoryTest" time="0.001"/>
  <testcase name="testSeeding" classname="org.apache.commons.math3.random.RandomGeneratorFactoryTest" time="0"/>
  <testcase name="testNextLong2" classname="org.apache.commons.math3.random.RandomGeneratorFactoryTest" time="0.001"/>
  <testcase name="testNextDouble" classname="org.apache.commons.math3.random.RandomGeneratorFactoryTest" time="0.002"/>
  <testcase name="testNextIntNeg" classname="org.apache.commons.math3.random.RandomGeneratorFactoryTest" time="0"/>
  <testcase name="testNexBytes" classname="org.apache.commons.math3.random.RandomGeneratorFactoryTest" time="0.007"/>
  <testcase name="testNextInt2" classname="org.apache.commons.math3.random.RandomGeneratorFactoryTest" time="0"/>
  <testcase name="testNextPascal" classname="org.apache.commons.math3.random.RandomGeneratorFactoryTest" time="0.003"/>
  <testcase name="testNextSample" classname="org.apache.commons.math3.random.RandomGeneratorFactoryTest" time="0.001"/>
  <testcase name="testNextLongNegativeRange" classname="org.apache.commons.math3.random.RandomGeneratorFactoryTest" time="0.004"/>
  <testcase name="testNextIntNegativeToPositiveRange" classname="org.apache.commons.math3.random.RandomGeneratorFactoryTest" time="0.001"/>
  <testcase name="testNextIntExtremeValues" classname="org.apache.commons.math3.random.RandomGeneratorFactoryTest" time="0"/>
  <testcase name="testNextUniformExclusiveEndpoints" classname="org.apache.commons.math3.random.RandomGeneratorFactoryTest" time="0"/>
  <testcase name="testNextGaussian" classname="org.apache.commons.math3.random.RandomGeneratorFactoryTest" time="0"/>
  <testcase name="testNextUniformExtremeValues" classname="org.apache.commons.math3.random.RandomGeneratorFactoryTest" time="0"/>
  <testcase name="testNextSecureLongIAE" classname="org.apache.commons.math3.random.RandomGeneratorFactoryTest" time="0"/>
  <testcase name="testNextF" classname="org.apache.commons.math3.random.RandomGeneratorFactoryTest" time="0.013"/>
  <testcase name="testNextT" classname="org.apache.commons.math3.random.RandomGeneratorFactoryTest" time="0.008"/>
  <testcase name="testNextSecureIntNegativeToPositiveRange" classname="org.apache.commons.math3.random.RandomGeneratorFactoryTest" time="0"/>
  <testcase name="testNextChiSquare" classname="org.apache.commons.math3.random.RandomGeneratorFactoryTest" time="0.02"/>
  <testcase name="testNextSecureHex" classname="org.apache.commons.math3.random.RandomGeneratorFactoryTest" time="0.001"/>
  <testcase name="testNextPoissonConsistency" classname="org.apache.commons.math3.random.RandomGeneratorFactoryTest" time="2.341"/>
  <testcase name="testNextHypergeometric" classname="org.apache.commons.math3.random.RandomGeneratorFactoryTest" time="0.002"/>
  <testcase name="testNextSecureLongPositiveRange" classname="org.apache.commons.math3.random.RandomGeneratorFactoryTest" time="0"/>
  <testcase name="testNextSecureIntPositiveRange" classname="org.apache.commons.math3.random.RandomGeneratorFactoryTest" time="0"/>
  <testcase name="testNextLongNegativeToPositiveRange" classname="org.apache.commons.math3.random.RandomGeneratorFactoryTest" time="0.002"/>
  <testcase name="testNextUniformUniformMaximalInterval" classname="org.apache.commons.math3.random.RandomGeneratorFactoryTest" time="0.001"/>
  <testcase name="testNextLongExtremeValues" classname="org.apache.commons.math3.random.RandomGeneratorFactoryTest" time="0"/>
  <testcase name="testNextExponential" classname="org.apache.commons.math3.random.RandomGeneratorFactoryTest" time="0.001"/>
  <testcase name="testNextSecureLongNegativeRange" classname="org.apache.commons.math3.random.RandomGeneratorFactoryTest" time="0"/>
  <testcase name="testNextSecureIntNegativeRange" classname="org.apache.commons.math3.random.RandomGeneratorFactoryTest" time="0"/>
  <testcase name="testNextPoisson" classname="org.apache.commons.math3.random.RandomGeneratorFactoryTest" time="0.005"/>
  <testcase name="testNextUniformUniformNegativeToPositiveBounds" classname="org.apache.commons.math3.random.RandomGeneratorFactoryTest" time="0"/>
  <testcase name="testNextPermutation" classname="org.apache.commons.math3.random.RandomGeneratorFactoryTest" time="0.001"/>
  <testcase name="testNextIntPositiveRange" classname="org.apache.commons.math3.random.RandomGeneratorFactoryTest" time="0.002"/>
  <testcase name="testNextSecureIntIAE" classname="org.apache.commons.math3.random.RandomGeneratorFactoryTest" time="0"/>
  <testcase name="testNextUniformIAE" classname="org.apache.commons.math3.random.RandomGeneratorFactoryTest" time="0"/>
  <testcase name="testNextUniformUniformNegaiveBounds" classname="org.apache.commons.math3.random.RandomGeneratorFactoryTest" time="0.001"/>
  <testcase name="testNextBinomial" classname="org.apache.commons.math3.random.RandomGeneratorFactoryTest" time="0.003"/>
  <testcase name="testNextLongIAE" classname="org.apache.commons.math3.random.RandomGeneratorFactoryTest" time="0"/>
  <testcase name="testConfig" classname="org.apache.commons.math3.random.RandomGeneratorFactoryTest" time="0"/>
  <testcase name="testNextIntWideRange" classname="org.apache.commons.math3.random.RandomGeneratorFactoryTest" time="0.043"/>
  <testcase name="testNextSecureLongNegativeToPositiveRange" classname="org.apache.commons.math3.random.RandomGeneratorFactoryTest" time="0"/>
  <testcase name="testNextIntNegativeRange" classname="org.apache.commons.math3.random.RandomGeneratorFactoryTest" time="0.002"/>
  <testcase name="testNextHex" classname="org.apache.commons.math3.random.RandomGeneratorFactoryTest" time="0.011"/>
  <testcase name="testNextLongWideRange" classname="org.apache.commons.math3.random.RandomGeneratorFactoryTest" time="0.449"/>
  <testcase name="testNextLongPositiveRange" classname="org.apache.commons.math3.random.RandomGeneratorFactoryTest" time="0.004"/>
  <testcase name="testReseed" classname="org.apache.commons.math3.random.RandomGeneratorFactoryTest" time="0"/>
  <testcase name="testNextCauchy" classname="org.apache.commons.math3.random.RandomGeneratorFactoryTest" time="0.001"/>
  <testcase name="testNextUniformUniformPositiveBounds" classname="org.apache.commons.math3.random.RandomGeneratorFactoryTest" time="0"/>
  <testcase name="testNextGamma" classname="org.apache.commons.math3.random.RandomGeneratorFactoryTest" time="0.002"/>
  <testcase name="testNextWeibull" classname="org.apache.commons.math3.random.RandomGeneratorFactoryTest" time="0.001"/>
  <testcase name="testNextIntIAE" classname="org.apache.commons.math3.random.RandomGeneratorFactoryTest" time="0"/>
  <testcase name="testNextBeta" classname="org.apache.commons.math3.random.RandomGeneratorFactoryTest" time="0.001"/>
  <testcase name="testNextZipf" classname="org.apache.commons.math3.random.RandomGeneratorFactoryTest" time="0.001"/>
</testsuite>