<?xml version="1.0" encoding="UTF-8"?>
<testsuite name="org.apache.commons.math3.analysis.differentiation.DerivativeStructureTest" time="2.548" tests="124" errors="0" skipped="0" failures="0">
  <properties>
    <property name="java.runtime.name" value="Java(TM) SE Runtime Environment"/>
    <property name="sun.boot.library.path" value="C:\Program Files (x86)\Java\jdk1.8.0_181\jre\bin"/>
    <property name="java.vm.version" value="25.181-b13"/>
    <property name="java.vm.vendor" value="Oracle Corporation"/>
    <property name="maven.multiModuleProjectDirectory" value="D:/MastersYear5/SoftwareEvolution/SoftwareEvProject/maven/commons-math3-3.6.1-src"/>
    <property name="java.vendor.url" value="http://java.oracle.com/"/>
    <property name="path.separator" value=";"/>
    <property name="guice.disable.misplaced.annotation.check" value="true"/>
    <property name="java.vm.name" value="Java HotSpot(TM) Client VM"/>
    <property name="file.encoding.pkg" value="sun.io"/>
    <property name="user.script" value=""/>
    <property name="user.country" value="US"/>
    <property name="sun.java.launcher" value="SUN_STANDARD"/>
    <property name="sun.os.patch.level" value=""/>
    <property name="java.vm.specification.name" value="Java Virtual Machine Specification"/>
    <property name="user.dir" value="D:\MastersYear5\SoftwareEvolution\SoftwareEvProject\maven\commons-math3-3.6.1-src"/>
    <property name="java.runtime.version" value="1.8.0_181-b13"/>
    <property name="java.awt.graphicsenv" value="sun.awt.Win32GraphicsEnvironment"/>
    <property name="java.endorsed.dirs" value="C:\Program Files (x86)\Java\jdk1.8.0_181\jre\lib\endorsed"/>
    <property name="os.arch" value="x86"/>
    <property name="java.io.tmpdir" value="C:\Users\ALEXIS~1\AppData\Local\Temp\"/>
    <property name="line.separator" value="&#10;"/>
    <property name="java.vm.specification.vendor" value="Oracle Corporation"/>
    <property name="user.variant" value=""/>
    <property name="os.name" value="Windows 10"/>
    <property name="classworlds.conf" value="C:/Users/Alex Issa/apache-maven-3.6.0/bin/m2.conf"/>
    <property name="sun.jnu.encoding" value="Cp1252"/>
    <property name="java.library.path" value="C:\Program Files (x86)\Java\jdk1.8.0_181\bin;C:\WINDOWS\Sun\Java\bin;C:\WINDOWS\system32;C:\WINDOWS;C:\Users\Alex Issa\bin;C:\Program Files\Git\mingw64\bin;C:\Program Files\Git\usr\local\bin;C:\Program Files\Git\usr\bin;C:\Program Files\Git\usr\bin;C:\Program Files\Git\mingw64\bin;C:\Program Files\Git\usr\bin;C:\Users\Alex Issa\bin;C:\Program Files (x86)\Intel\iCLS Client;C:\Program Files\Intel\iCLS Client;C:\Windows\system32;C:\Windows;C:\Windows\System32\Wbem;C:\Windows\System32\WindowsPowerShell\v1.0;C:\Program Files (x86)\Intel\Intel(R) Management Engine Components\DAL;C:\Program Files\Intel\Intel(R) Management Engine Components\DAL;C:\Program Files (x86)\Intel\Intel(R) Management Engine Components\IPT;C:\Program Files\Intel\Intel(R) Management Engine Components\IPT;C:\Program Files (x86)\NVIDIA Corporation\PhysX\Common;C:\Program Files\Intel\WiFi\bin;C:\Program Files\Common Files\Intel\WirelessCommon;C:\WINDOWS\system32;C:\WINDOWS;C:\WINDOWS\System32\Wbem;C:\WINDOWS\System32\WindowsPowerShell\v1.0;C:\Program Files\MiKTeX 2.9\miktex\bin\x64;C:\Users\Alex Issa\Documents\MachineLearningForFun\graphviz-2.38\release\bin;C:\WINDOWS\System32\OpenSSH;C:\Program Files (x86)\Java\jdk1.8.0_181\bin;C:\Program Files (x86)\Common Files\Oracle\Java\javapath;C:\Users\Alex Issa\apache-maven-3.6.0\bin;C:\Users\Alex Issa\apache-ant-1.10.5-bin\apache-ant-1.10.5\bin;C:\Program Files (x86)\GnuWin32\bin\make.exe;C:\Program Files (x86)\GnuWin32\bin;C:\Program Files\nodejs;C:\ProgramData\chocolatey\bin;C:\Program Files (x86)\Yarn\bin;C:\Users\Alex Issa\Anaconda\Library\bin\graphviz;C:\Program Files\Amazon\AWSCLIV2;C:\Users\Alex Issa\AppData\Roaming\Microsoft\Windows\Start Menu\Programs\Python 3.8;C:\Program Files\NVIDIA Corporation\NVIDIA NvDLISR;C:\WINDOWS\system32;C:\WINDOWS;C:\WINDOWS\System32\Wbem;C:\WINDOWS\System32\WindowsPowerShell\v1.0;C:\WINDOWS\System32\OpenSSH;C:\bazel;C:\msys64\usr\bin;C:\Users\Alex Issa\AppData\Local\Programs\Python\Python38\Scripts;C:\Users\Alex Issa\AppData\Local\Programs\Python\Python38;C:\Users\Alex Issa\AppData\Local\Microsoft\WindowsApps;C:\Users\Alex Issa\AppData\Roaming\Dashlane\4.8.4.35032\bin\Firefox_Extension\{442718d9-475e-452a-b3e1-fb1ee16b8e9f}\components;C:\Users\Alex Issa\AppData\Roaming\Dashlane\4.8.4.35032\ucrt;C:\Program Files\JetBrains\IntelliJ IDEA Community Edition 2018.3.1\bin;C:\Users\Alex Issa\AppData\Local\Google\Cloud SDK\google-cloud-sdk\bin;C:\Program Files\Docker Toolbox;C:\Program Files\JetBrains\PyCharm Community Edition 2019.1.1\bin;C:\Program Files (x86)\GnuWin32\bin\make.exe;C:\Program Files (x86)\GnuWin32\bin;C:\Users\Alex Issa\AppData\Roaming\npm;C:\Users\Alex Issa\AppData\Local\Yarn\bin;C:\Users\Alex Issa\AppData\Local\Programs\Microsoft VS Code\bin;C:\Program Files\Git\usr\bin\vendor_perl;C:\Program Files\Git\usr\bin\core_perl;."/>
    <property name="maven.conf" value="C:/Users/Alex Issa/apache-maven-3.6.0/conf"/>
    <property name="java.specification.name" value="Java Platform API Specification"/>
    <property name="java.class.version" value="52.0"/>
    <property name="sun.management.compiler" value="HotSpot Client Compiler"/>
    <property name="os.version" value="10.0"/>
    <property name="library.jansi.path" value="C:/Users/Alex Issa/apache-maven-3.6.0/lib/jansi-native"/>
    <property name="user.home" value="C:\Users\Alex Issa"/>
    <property name="user.timezone" value="America/Chicago"/>
    <property name="java.awt.printerjob" value="sun.awt.windows.WPrinterJob"/>
    <property name="java.specification.version" value="1.8"/>
    <property name="file.encoding" value="Cp1252"/>
    <property name="user.name" value="Alex Issa"/>
    <property name="java.class.path" value="C:/Users/Alex Issa/apache-maven-3.6.0/boot/plexus-classworlds-2.5.2.jar"/>
    <property name="java.vm.specification.version" value="1.8"/>
    <property name="sun.arch.data.model" value="32"/>
    <property name="java.home" value="C:\Program Files (x86)\Java\jdk1.8.0_181\jre"/>
    <property name="sun.java.command" value="org.codehaus.plexus.classworlds.launcher.Launcher package"/>
    <property name="java.specification.vendor" value="Oracle Corporation"/>
    <property name="user.language" value="en"/>
    <property name="awt.toolkit" value="sun.awt.windows.WToolkit"/>
    <property name="java.vm.info" value="mixed mode"/>
    <property name="java.version" value="1.8.0_181"/>
    <property name="java.ext.dirs" value="C:\Program Files (x86)\Java\jdk1.8.0_181\jre\lib\ext;C:\WINDOWS\Sun\Java\lib\ext"/>
    <property name="sun.boot.class.path" value="C:\Program Files (x86)\Java\jdk1.8.0_181\jre\lib\resources.jar;C:\Program Files (x86)\Java\jdk1.8.0_181\jre\lib\rt.jar;C:\Program Files (x86)\Java\jdk1.8.0_181\jre\lib\sunrsasign.jar;C:\Program Files (x86)\Java\jdk1.8.0_181\jre\lib\jsse.jar;C:\Program Files (x86)\Java\jdk1.8.0_181\jre\lib\jce.jar;C:\Program Files (x86)\Java\jdk1.8.0_181\jre\lib\charsets.jar;C:\Program Files (x86)\Java\jdk1.8.0_181\jre\lib\jfr.jar;C:\Program Files (x86)\Java\jdk1.8.0_181\jre\classes"/>
    <property name="java.vendor" value="Oracle Corporation"/>
    <property name="maven.home" value="C:\Users\Alex Issa\apache-maven-3.6.0"/>
    <property name="file.separator" value="\"/>
    <property name="java.vendor.url.bug" value="http://bugreport.sun.com/bugreport/"/>
    <property name="sun.cpu.endian" value="little"/>
    <property name="sun.io.unicode.encoding" value="UnicodeLittle"/>
    <property name="sun.desktop" value="windows"/>
    <property name="sun.cpu.isalist" value="pentium_pro+mmx pentium_pro pentium+mmx pentium i486 i386 i86"/>
  </properties>
  <testcase name="testCeilFloorRintLong" classname="org.apache.commons.math3.analysis.differentiation.DerivativeStructureTest" time="0.023"/>
  <testcase name="testPrimitiveAdd" classname="org.apache.commons.math3.analysis.differentiation.DerivativeStructureTest" time="0"/>
  <testcase name="testTanAtan" classname="org.apache.commons.math3.analysis.differentiation.DerivativeStructureTest" time="0.107"/>
  <testcase name="testSqrtDefinition" classname="org.apache.commons.math3.analysis.differentiation.DerivativeStructureTest" time="0.31"/>
  <testcase name="testHypotDefinition" classname="org.apache.commons.math3.analysis.differentiation.DerivativeStructureTest" time="0.034"/>
  <testcase name="testLog1pDefinition" classname="org.apache.commons.math3.analysis.differentiation.DerivativeStructureTest" time="0.032"/>
  <testcase name="testLinearCombination1DSDS" classname="org.apache.commons.math3.analysis.differentiation.DerivativeStructureTest" time="0.012"/>
  <testcase name="testLinearCombination2DSDS" classname="org.apache.commons.math3.analysis.differentiation.DerivativeStructureTest" time="0.187"/>
  <testcase name="testExpm1Definition" classname="org.apache.commons.math3.analysis.differentiation.DerivativeStructureTest" time="0.031"/>
  <testcase name="testCoshDefinition" classname="org.apache.commons.math3.analysis.differentiation.DerivativeStructureTest" time="0.047"/>
  <testcase name="testSerialization" classname="org.apache.commons.math3.analysis.differentiation.DerivativeStructureTest" time="0.092"/>
  <testcase name="testAtan2SpecialCases" classname="org.apache.commons.math3.analysis.differentiation.DerivativeStructureTest" time="0"/>
  <testcase name="testAbs" classname="org.apache.commons.math3.analysis.differentiation.DerivativeStructureTest" time="0"/>
  <testcase name="testAdd" classname="org.apache.commons.math3.analysis.differentiation.DerivativeStructureTest" time="0.001"/>
  <testcase name="testExp" classname="org.apache.commons.math3.analysis.differentiation.DerivativeStructureTest" time="0.011"/>
  <testcase name="testLog" classname="org.apache.commons.math3.analysis.differentiation.DerivativeStructureTest" time="0.016"/>
  <testcase name="testPow" classname="org.apache.commons.math3.analysis.differentiation.DerivativeStructureTest" time="0.005"/>
  <testcase name="testWrongVariableIndex" classname="org.apache.commons.math3.analysis.differentiation.DerivativeStructureTest" time="0.012"/>
  <testcase name="testSubtract" classname="org.apache.commons.math3.analysis.differentiation.DerivativeStructureTest" time="0"/>
  <testcase name="testAtan2" classname="org.apache.commons.math3.analysis.differentiation.DerivativeStructureTest" time="0.023"/>
  <testcase name="testField" classname="org.apache.commons.math3.analysis.differentiation.DerivativeStructureTest" time="0"/>
  <testcase name="testTrigo" classname="org.apache.commons.math3.analysis.differentiation.DerivativeStructureTest" time="0.081"/>
  <testcase name="testOneParameterConstructor" classname="org.apache.commons.math3.analysis.differentiation.DerivativeStructureTest" time="0.001"/>
  <testcase name="testReciprocal" classname="org.apache.commons.math3.analysis.differentiation.DerivativeStructureTest" time="0.005"/>
  <testcase name="testLinearCombination2DoubleDS" classname="org.apache.commons.math3.analysis.differentiation.DerivativeStructureTest" time="0.128"/>
  <testcase name="testCreateConstant" classname="org.apache.commons.math3.analysis.differentiation.DerivativeStructureTest" time="0"/>
  <testcase name="testSinhAsinh" classname="org.apache.commons.math3.analysis.differentiation.DerivativeStructureTest" time="0.021"/>
  <testcase name="testPrimitiveRemainder" classname="org.apache.commons.math3.analysis.differentiation.DerivativeStructureTest" time="0.015"/>
  <testcase name="testLog1pExpm1" classname="org.apache.commons.math3.analysis.differentiation.DerivativeStructureTest" time="0.015"/>
  <testcase name="testToRadiansDefinition" classname="org.apache.commons.math3.analysis.differentiation.DerivativeStructureTest" time="0.016"/>
  <testcase name="testVariable" classname="org.apache.commons.math3.analysis.differentiation.DerivativeStructureTest" time="0"/>
  <testcase name="testPrimitiveMultiply" classname="org.apache.commons.math3.analysis.differentiation.DerivativeStructureTest" time="0.001"/>
  <testcase name="testHypotSpecial" classname="org.apache.commons.math3.analysis.differentiation.DerivativeStructureTest" time="0.002"/>
  <testcase name="testCompositionOneVariableX" classname="org.apache.commons.math3.analysis.differentiation.DerivativeStructureTest" time="0.002"/>
  <testcase name="testCompositionOneVariableY" classname="org.apache.commons.math3.analysis.differentiation.DerivativeStructureTest" time="0.002"/>
  <testcase name="testSqrtPow2" classname="org.apache.commons.math3.analysis.differentiation.DerivativeStructureTest" time="0.015"/>
  <testcase name="testCoshAcosh" classname="org.apache.commons.math3.analysis.differentiation.DerivativeStructureTest" time="0.023"/>
  <testcase name="testSinhDefinition" classname="org.apache.commons.math3.analysis.differentiation.DerivativeStructureTest" time="0.028"/>
  <testcase name="testConstant" classname="org.apache.commons.math3.analysis.differentiation.DerivativeStructureTest" time="0.002"/>
  <testcase name="testCopySign" classname="org.apache.commons.math3.analysis.differentiation.DerivativeStructureTest" time="0"/>
  <testcase name="testMissingOrders" classname="org.apache.commons.math3.analysis.differentiation.DerivativeStructureTest" time="0.001"/>
  <testcase name="testTangentDefinition" classname="org.apache.commons.math3.analysis.differentiation.DerivativeStructureTest" time="0.03"/>
  <testcase name="testCompose" classname="org.apache.commons.math3.analysis.differentiation.DerivativeStructureTest" time="0.054"/>
  <testcase name="testCosAcos" classname="org.apache.commons.math3.analysis.differentiation.DerivativeStructureTest" time="0.025"/>
  <testcase name="testTanhAtanh" classname="org.apache.commons.math3.analysis.differentiation.DerivativeStructureTest" time="0.07"/>
  <testcase name="testPowDoubleDS" classname="org.apache.commons.math3.analysis.differentiation.DerivativeStructureTest" time="0.002"/>
  <testcase name="testComposeMismatchedDimensions" classname="org.apache.commons.math3.analysis.differentiation.DerivativeStructureTest" time="0"/>
  <testcase name="testLinearCombination1DoubleDS" classname="org.apache.commons.math3.analysis.differentiation.DerivativeStructureTest" time="0"/>
  <testcase name="testHypotNoOverflow" classname="org.apache.commons.math3.analysis.differentiation.DerivativeStructureTest" time="0"/>
  <testcase name="testTaylorPolynomial" classname="org.apache.commons.math3.analysis.differentiation.DerivativeStructureTest" time="0.347"/>
  <testcase name="testPrimitiveSubtract" classname="org.apache.commons.math3.analysis.differentiation.DerivativeStructureTest" time="0"/>
  <testcase name="testDegRad" classname="org.apache.commons.math3.analysis.differentiation.DerivativeStructureTest" time="0.014"/>
  <testcase name="testMultiply" classname="org.apache.commons.math3.analysis.differentiation.DerivativeStructureTest" time="0.001"/>
  <testcase name="testTooLargeOrder" classname="org.apache.commons.math3.analysis.differentiation.DerivativeStructureTest" time="0"/>
  <testcase name="testPowReciprocalPow" classname="org.apache.commons.math3.analysis.differentiation.DerivativeStructureTest" time="0.261"/>
  <testcase name="testLogExp" classname="org.apache.commons.math3.analysis.differentiation.DerivativeStructureTest" time="0.012"/>
  <testcase name="testRemainder" classname="org.apache.commons.math3.analysis.differentiation.DerivativeStructureTest" time="0.012"/>
  <testcase name="testNegate" classname="org.apache.commons.math3.analysis.differentiation.DerivativeStructureTest" time="0"/>
  <testcase name="testHypotNeglectible" classname="org.apache.commons.math3.analysis.differentiation.DerivativeStructureTest" time="0"/>
  <testcase name="testCbrtPow3" classname="org.apache.commons.math3.analysis.differentiation.DerivativeStructureTest" time="0.017"/>
  <testcase name="testLog10Definition" classname="org.apache.commons.math3.analysis.differentiation.DerivativeStructureTest" time="0.024"/>
  <testcase name="testSinAsin" classname="org.apache.commons.math3.analysis.differentiation.DerivativeStructureTest" time="0.019"/>
  <testcase name="testSignum" classname="org.apache.commons.math3.analysis.differentiation.DerivativeStructureTest" time="0"/>
  <testcase name="testSinCos" classname="org.apache.commons.math3.analysis.differentiation.DerivativeStructureTest" time="0.022"/>
  <testcase name="testRootNSingularity" classname="org.apache.commons.math3.analysis.differentiation.DerivativeStructureTest" time="0.004"/>
  <testcase name="testExpression" classname="org.apache.commons.math3.analysis.differentiation.DerivativeStructureTest" time="0.073"/>
  <testcase name="testVariableWithoutDerivative0" classname="org.apache.commons.math3.analysis.differentiation.DerivativeStructureTest" time="0.001"/>
  <testcase name="testVariableWithoutDerivative1" classname="org.apache.commons.math3.analysis.differentiation.DerivativeStructureTest" time="0"/>
  <testcase name="testToDegreesDefinition" classname="org.apache.commons.math3.analysis.differentiation.DerivativeStructureTest" time="0.012"/>
  <testcase name="testLog10Power" classname="org.apache.commons.math3.analysis.differentiation.DerivativeStructureTest" time="0.017"/>
  <testcase name="testTanhDefinition" classname="org.apache.commons.math3.analysis.differentiation.DerivativeStructureTest" time="0.03"/>
  <testcase name="testOneOrderConstructor" classname="org.apache.commons.math3.analysis.differentiation.DerivativeStructureTest" time="0"/>
  <testcase name="testCbrtDefinition" classname="org.apache.commons.math3.analysis.differentiation.DerivativeStructureTest" time="0.016"/>
  <testcase name="testTaylorAtan2" classname="org.apache.commons.math3.analysis.differentiation.DerivativeStructureTest" time="0.144"/>
  <testcase name="testDivideField" classname="org.apache.commons.math3.analysis.differentiation.DerivativeStructureTest" time="0.002"/>
  <testcase name="testRemainderDouble" classname="org.apache.commons.math3.analysis.differentiation.DerivativeStructureTest" time="0.001"/>
  <testcase name="testGetField" classname="org.apache.commons.math3.analysis.differentiation.DerivativeStructureTest" time="0.001"/>
  <testcase name="testDivideDouble" classname="org.apache.commons.math3.analysis.differentiation.DerivativeStructureTest" time="0.001"/>
  <testcase name="testCos" classname="org.apache.commons.math3.analysis.differentiation.DerivativeStructureTest" time="0"/>
  <testcase name="testSin" classname="org.apache.commons.math3.analysis.differentiation.DerivativeStructureTest" time="0"/>
  <testcase name="testTan" classname="org.apache.commons.math3.analysis.differentiation.DerivativeStructureTest" time="0"/>
  <testcase name="testAcosh" classname="org.apache.commons.math3.analysis.differentiation.DerivativeStructureTest" time="0"/>
  <testcase name="testAsinh" classname="org.apache.commons.math3.analysis.differentiation.DerivativeStructureTest" time="0.001"/>
  <testcase name="testAtanh" classname="org.apache.commons.math3.analysis.differentiation.DerivativeStructureTest" time="0"/>
  <testcase name="testExpm1" classname="org.apache.commons.math3.analysis.differentiation.DerivativeStructureTest" time="0"/>
  <testcase name="testFloor" classname="org.apache.commons.math3.analysis.differentiation.DerivativeStructureTest" time="0"/>
  <testcase name="testHypot" classname="org.apache.commons.math3.analysis.differentiation.DerivativeStructureTest" time="0.003"/>
  <testcase name="testLog1p" classname="org.apache.commons.math3.analysis.differentiation.DerivativeStructureTest" time="0"/>
  <testcase name="testRootN" classname="org.apache.commons.math3.analysis.differentiation.DerivativeStructureTest" time="0.001"/>
  <testcase name="testRound" classname="org.apache.commons.math3.analysis.differentiation.DerivativeStructureTest" time="0"/>
  <testcase name="testScalb" classname="org.apache.commons.math3.analysis.differentiation.DerivativeStructureTest" time="0.003"/>
  <testcase name="testAcos" classname="org.apache.commons.math3.analysis.differentiation.DerivativeStructureTest" time="0"/>
  <testcase name="testAsin" classname="org.apache.commons.math3.analysis.differentiation.DerivativeStructureTest" time="0"/>
  <testcase name="testAtan" classname="org.apache.commons.math3.analysis.differentiation.DerivativeStructureTest" time="0.001"/>
  <testcase name="testCbrt" classname="org.apache.commons.math3.analysis.differentiation.DerivativeStructureTest" time="0"/>
  <testcase name="testCeil" classname="org.apache.commons.math3.analysis.differentiation.DerivativeStructureTest" time="0"/>
  <testcase name="testCosh" classname="org.apache.commons.math3.analysis.differentiation.DerivativeStructureTest" time="0.001"/>
  <testcase name="testHash" classname="org.apache.commons.math3.analysis.differentiation.DerivativeStructureTest" time="0"/>
  <testcase name="testRint" classname="org.apache.commons.math3.analysis.differentiation.DerivativeStructureTest" time="0"/>
  <testcase name="testSinh" classname="org.apache.commons.math3.analysis.differentiation.DerivativeStructureTest" time="0"/>
  <testcase name="testSqrt" classname="org.apache.commons.math3.analysis.differentiation.DerivativeStructureTest" time="0"/>
  <testcase name="testTanh" classname="org.apache.commons.math3.analysis.differentiation.DerivativeStructureTest" time="0.001"/>
  <testcase name="testAddField" classname="org.apache.commons.math3.analysis.differentiation.DerivativeStructureTest" time="0.001"/>
  <testcase name="testMultiplyDouble" classname="org.apache.commons.math3.analysis.differentiation.DerivativeStructureTest" time="0.001"/>
  <testcase name="testMultiplyInt" classname="org.apache.commons.math3.analysis.differentiation.DerivativeStructureTest" time="0.001"/>
  <testcase name="testLinearCombinationDaFa" classname="org.apache.commons.math3.analysis.differentiation.DerivativeStructureTest" time="0.003"/>
  <testcase name="testLinearCombinationFaFa" classname="org.apache.commons.math3.analysis.differentiation.DerivativeStructureTest" time="0.002"/>
  <testcase name="testAddDouble" classname="org.apache.commons.math3.analysis.differentiation.DerivativeStructureTest" time="0.001"/>
  <testcase name="testPowDouble" classname="org.apache.commons.math3.analysis.differentiation.DerivativeStructureTest" time="0.001"/>
  <testcase name="testSubtractDouble" classname="org.apache.commons.math3.analysis.differentiation.DerivativeStructureTest" time="0.001"/>
  <testcase name="testRemainderField" classname="org.apache.commons.math3.analysis.differentiation.DerivativeStructureTest" time="0.001"/>
  <testcase name="testCopySignDouble" classname="org.apache.commons.math3.analysis.differentiation.DerivativeStructureTest" time="0.002"/>
  <testcase name="testLinearCombinationDF2" classname="org.apache.commons.math3.analysis.differentiation.DerivativeStructureTest" time="0.001"/>
  <testcase name="testLinearCombinationDF3" classname="org.apache.commons.math3.analysis.differentiation.DerivativeStructureTest" time="0"/>
  <testcase name="testLinearCombinationDF4" classname="org.apache.commons.math3.analysis.differentiation.DerivativeStructureTest" time="0.001"/>
  <testcase name="testLinearCombinationFF2" classname="org.apache.commons.math3.analysis.differentiation.DerivativeStructureTest" time="0.002"/>
  <testcase name="testLinearCombinationFF3" classname="org.apache.commons.math3.analysis.differentiation.DerivativeStructureTest" time="0"/>
  <testcase name="testLinearCombinationFF4" classname="org.apache.commons.math3.analysis.differentiation.DerivativeStructureTest" time="0.001"/>
  <testcase name="testEquals" classname="org.apache.commons.math3.analysis.differentiation.DerivativeStructureTest" time="0"/>
  <testcase name="testCopySignField" classname="org.apache.commons.math3.analysis.differentiation.DerivativeStructureTest" time="0.002"/>
  <testcase name="testPowField" classname="org.apache.commons.math3.analysis.differentiation.DerivativeStructureTest" time="0.001"/>
  <testcase name="testPowInt" classname="org.apache.commons.math3.analysis.differentiation.DerivativeStructureTest" time="0"/>
  <testcase name="testMultiplyField" classname="org.apache.commons.math3.analysis.differentiation.DerivativeStructureTest" time="0.001"/>
  <testcase name="testSubtractField" classname="org.apache.commons.math3.analysis.differentiation.DerivativeStructureTest" time="0.001"/>
</testsuite>