<?xml version="1.0" encoding="UTF-8"?>
<testsuite name="org.apache.commons.math3.linear.SparseRealVectorTest" time="0.132" tests="106" errors="0" skipped="0" failures="0">
  <properties>
    <property name="java.runtime.name" value="OpenJDK Runtime Environment"/>
    <property name="sun.boot.library.path" value="C:\Program Files\AdoptOpenJDK\jdk-8.0.242.08-hotspot\jre\bin"/>
    <property name="java.vm.version" value="25.242-b08"/>
    <property name="java.vm.vendor" value=""/>
    <property name="maven.multiModuleProjectDirectory" value="C:\Users\dfbra\Documents\SoftwareEvProject\maven\commons-math3-3.6.1-src"/>
    <property name="java.vendor.url" value="http://java.oracle.com/"/>
    <property name="path.separator" value=";"/>
    <property name="guice.disable.misplaced.annotation.check" value="true"/>
    <property name="java.vm.name" value="OpenJDK 64-Bit Server VM"/>
    <property name="file.encoding.pkg" value="sun.io"/>
    <property name="user.script" value=""/>
    <property name="user.country" value="US"/>
    <property name="sun.java.launcher" value="SUN_STANDARD"/>
    <property name="sun.os.patch.level" value=""/>
    <property name="java.vm.specification.name" value="Java Virtual Machine Specification"/>
    <property name="user.dir" value="C:\Users\dfbra\Documents\SoftwareEvProject\maven\commons-math3-3.6.1-src"/>
    <property name="java.runtime.version" value="1.8.0_242-b08"/>
    <property name="java.awt.graphicsenv" value="sun.awt.Win32GraphicsEnvironment"/>
    <property name="java.endorsed.dirs" value="C:\Program Files\AdoptOpenJDK\jdk-8.0.242.08-hotspot\jre\lib\endorsed"/>
    <property name="os.arch" value="amd64"/>
    <property name="java.io.tmpdir" value="C:\Users\dfbra\AppData\Local\Temp\"/>
    <property name="line.separator" value="&#10;"/>
    <property name="java.vm.specification.vendor" value="Oracle Corporation"/>
    <property name="user.variant" value=""/>
    <property name="os.name" value="Windows 10"/>
    <property name="classworlds.conf" value="C:\Users\dfbra\Desktop\apache-maven-3.6.3\bin\..\bin\m2.conf"/>
    <property name="sun.jnu.encoding" value="Cp1252"/>
    <property name="java.library.path" value="C:\Program Files\AdoptOpenJDK\jdk-8.0.242.08-hotspot\bin;C:\WINDOWS\Sun\Java\bin;C:\WINDOWS\system32;C:\WINDOWS;C:\Python38\Scripts\;C:\Python38\;C:\Program Files\AdoptOpenJDK\jdk-11.0.6.10-hotspot\bin;C:\Program Files\AdoptOpenJDK\jdk-8.0.242.08-hotspot\bin;C:\WINDOWS\system32;C:\WINDOWS;C:\WINDOWS\System32\Wbem;C:\WINDOWS\System32\WindowsPowerShell\v1.0\;C:\WINDOWS\System32\OpenSSH\;C:\Program Files\PuTTY\;C:\Program Files\Git\cmd;C:\Program Files\Calibre2\;C:\Program Files\nodejs\;C:\ProgramData\chocolatey\bin;C:\Program Files (x86)\Google\Cloud SDK\google-cloud-sdk\bin;C:\Program Files\PsychoPy3;C:\Program Files\PsychoPy3\DLLs;C:\gradle\gradle-6.6.1\bin;C:\Users\dfbra\AppData\Local\Microsoft\WindowsApps;C:\Users\dfbra\AppData\Local\atom\bin;C:\Users\dfbra\AppData\Roaming\npm;C:\Users\dfbra\AppData\Local\Microsoft\WindowsApps;C:\Users\dfbra\Desktop\apache-maven-3.6.3\bin;."/>
    <property name="maven.conf" value="C:\Users\dfbra\Desktop\apache-maven-3.6.3\bin\../conf"/>
    <property name="java.specification.name" value="Java Platform API Specification"/>
    <property name="java.class.version" value="52.0"/>
    <property name="sun.management.compiler" value="HotSpot 64-Bit Tiered Compilers"/>
    <property name="os.version" value="10.0"/>
    <property name="library.jansi.path" value="C:\Users\dfbra\Desktop\apache-maven-3.6.3\bin\..\lib\jansi-native"/>
    <property name="user.home" value="C:\Users\dfbra"/>
    <property name="user.timezone" value="America/Chicago"/>
    <property name="java.awt.printerjob" value="sun.awt.windows.WPrinterJob"/>
    <property name="java.specification.version" value="1.8"/>
    <property name="file.encoding" value="Cp1252"/>
    <property name="user.name" value="dfbra"/>
    <property name="java.class.path" value="C:\Users\dfbra\Desktop\apache-maven-3.6.3\bin\..\boot\plexus-classworlds-2.6.0.jar"/>
    <property name="java.vm.specification.version" value="1.8"/>
    <property name="sun.arch.data.model" value="64"/>
    <property name="java.home" value="C:\Program Files\AdoptOpenJDK\jdk-8.0.242.08-hotspot\jre"/>
    <property name="sun.java.command" value="org.codehaus.plexus.classworlds.launcher.Launcher package"/>
    <property name="java.specification.vendor" value="Oracle Corporation"/>
    <property name="user.language" value="en"/>
    <property name="awt.toolkit" value="sun.awt.windows.WToolkit"/>
    <property name="java.vm.info" value="mixed mode"/>
    <property name="java.version" value="1.8.0_242"/>
    <property name="java.ext.dirs" value="C:\Program Files\AdoptOpenJDK\jdk-8.0.242.08-hotspot\jre\lib\ext;C:\WINDOWS\Sun\Java\lib\ext"/>
    <property name="sun.boot.class.path" value="C:\Program Files\AdoptOpenJDK\jdk-8.0.242.08-hotspot\jre\lib\resources.jar;C:\Program Files\AdoptOpenJDK\jdk-8.0.242.08-hotspot\jre\lib\rt.jar;C:\Program Files\AdoptOpenJDK\jdk-8.0.242.08-hotspot\jre\lib\sunrsasign.jar;C:\Program Files\AdoptOpenJDK\jdk-8.0.242.08-hotspot\jre\lib\jsse.jar;C:\Program Files\AdoptOpenJDK\jdk-8.0.242.08-hotspot\jre\lib\jce.jar;C:\Program Files\AdoptOpenJDK\jdk-8.0.242.08-hotspot\jre\lib\charsets.jar;C:\Program Files\AdoptOpenJDK\jdk-8.0.242.08-hotspot\jre\lib\jfr.jar;C:\Program Files\AdoptOpenJDK\jdk-8.0.242.08-hotspot\jre\classes"/>
    <property name="sun.stderr.encoding" value="cp437"/>
    <property name="java.vendor" value="AdoptOpenJDK"/>
    <property name="maven.home" value="C:\Users\dfbra\Desktop\apache-maven-3.6.3\bin\.."/>
    <property name="file.separator" value="\"/>
    <property name="java.vendor.url.bug" value="http://bugreport.sun.com/bugreport/"/>
    <property name="sun.cpu.endian" value="little"/>
    <property name="sun.io.unicode.encoding" value="UnicodeLittle"/>
    <property name="sun.stdout.encoding" value="cp437"/>
    <property name="sun.desktop" value="windows"/>
    <property name="sun.cpu.isalist" value="amd64"/>
  </properties>
  <testcase name="testConstructors" classname="org.apache.commons.math3.linear.SparseRealVectorTest" time="0.001"/>
  <testcase name="testEbeMultiplyMixedTypes" classname="org.apache.commons.math3.linear.SparseRealVectorTest" time="0.001"/>
  <testcase name="testEbeDivideSameType" classname="org.apache.commons.math3.linear.SparseRealVectorTest" time="0.001"/>
  <testcase name="testEbeMultiplySameType" classname="org.apache.commons.math3.linear.SparseRealVectorTest" time="0.001"/>
  <testcase name="testConcurrentModification" classname="org.apache.commons.math3.linear.SparseRealVectorTest" time="0"/>
  <testcase name="testAddMixedTypes" classname="org.apache.commons.math3.linear.SparseRealVectorTest" time="0.001"/>
  <testcase name="testProjectionSameType" classname="org.apache.commons.math3.linear.SparseRealVectorTest" time="0"/>
  <testcase name="testWalkInOptimizedOrderChangingVisitor1" classname="org.apache.commons.math3.linear.SparseRealVectorTest" time="0"/>
  <testcase name="testWalkInOptimizedOrderChangingVisitor2" classname="org.apache.commons.math3.linear.SparseRealVectorTest" time="0"/>
  <testcase name="testWalkInOptimizedOrderChangingVisitor3" classname="org.apache.commons.math3.linear.SparseRealVectorTest" time="0"/>
  <testcase name="testAppendScalar" classname="org.apache.commons.math3.linear.SparseRealVectorTest" time="0.001"/>
  <testcase name="testOuterProductMixedTypes" classname="org.apache.commons.math3.linear.SparseRealVectorTest" time="0"/>
  <testcase name="testEbeDivideDimensionMismatch" classname="org.apache.commons.math3.linear.SparseRealVectorTest" time="0"/>
  <testcase name="testAppendVector" classname="org.apache.commons.math3.linear.SparseRealVectorTest" time="0.001"/>
  <testcase name="testCombineMixedTypes" classname="org.apache.commons.math3.linear.SparseRealVectorTest" time="0.053"/>
  <testcase name="testGetEntry" classname="org.apache.commons.math3.linear.SparseRealVectorTest" time="0.001"/>
  <testcase name="testEbeMultiplyDimensionMismatch" classname="org.apache.commons.math3.linear.SparseRealVectorTest" time="0"/>
  <testcase name="testUnitizeNullVector" classname="org.apache.commons.math3.linear.SparseRealVectorTest" time="0"/>
  <testcase name="testToArray" classname="org.apache.commons.math3.linear.SparseRealVectorTest" time="0"/>
  <testcase name="testSubtractSameType" classname="org.apache.commons.math3.linear.SparseRealVectorTest" time="0.001"/>
  <testcase name="testMap" classname="org.apache.commons.math3.linear.SparseRealVectorTest" time="0.001"/>
  <testcase name="testSet" classname="org.apache.commons.math3.linear.SparseRealVectorTest" time="0.001"/>
  <testcase name="testOuterProductSameType" classname="org.apache.commons.math3.linear.SparseRealVectorTest" time="0"/>
  <testcase name="testIsInfinite" classname="org.apache.commons.math3.linear.SparseRealVectorTest" time="0"/>
  <testcase name="testGetLInfDistanceMixedTypes" classname="org.apache.commons.math3.linear.SparseRealVectorTest" time="0"/>
  <testcase name="testSetSubVectorInvalidIndex1" classname="org.apache.commons.math3.linear.SparseRealVectorTest" time="0"/>
  <testcase name="testSetSubVectorInvalidIndex2" classname="org.apache.commons.math3.linear.SparseRealVectorTest" time="0"/>
  <testcase name="testSetSubVectorInvalidIndex3" classname="org.apache.commons.math3.linear.SparseRealVectorTest" time="0"/>
  <testcase name="testCombineDimensionMismatchMixedTypes" classname="org.apache.commons.math3.linear.SparseRealVectorTest" time="0"/>
  <testcase name="testMapDivideToSelf" classname="org.apache.commons.math3.linear.SparseRealVectorTest" time="0.001"/>
  <testcase name="testIsNaN" classname="org.apache.commons.math3.linear.SparseRealVectorTest" time="0"/>
  <testcase name="testMapMultiplyToSelf" classname="org.apache.commons.math3.linear.SparseRealVectorTest" time="0.001"/>
  <testcase name="testWalkInDefaultOrderChangingVisitor1" classname="org.apache.commons.math3.linear.SparseRealVectorTest" time="0"/>
  <testcase name="testWalkInDefaultOrderChangingVisitor2" classname="org.apache.commons.math3.linear.SparseRealVectorTest" time="0"/>
  <testcase name="testWalkInDefaultOrderChangingVisitor3" classname="org.apache.commons.math3.linear.SparseRealVectorTest" time="0"/>
  <testcase name="testCopy" classname="org.apache.commons.math3.linear.SparseRealVectorTest" time="0"/>
  <testcase name="testSetEntryInvalidIndex1" classname="org.apache.commons.math3.linear.SparseRealVectorTest" time="0"/>
  <testcase name="testSetEntryInvalidIndex2" classname="org.apache.commons.math3.linear.SparseRealVectorTest" time="0"/>
  <testcase name="testSubtractMixedTypes" classname="org.apache.commons.math3.linear.SparseRealVectorTest" time="0.001"/>
  <testcase name="testCosineLeftNullVector" classname="org.apache.commons.math3.linear.SparseRealVectorTest" time="0"/>
  <testcase name="testCombineDimensionMismatchSameType" classname="org.apache.commons.math3.linear.SparseRealVectorTest" time="0"/>
  <testcase name="testGetL1DistanceDimensionMismatch" classname="org.apache.commons.math3.linear.SparseRealVectorTest" time="0"/>
  <testcase name="testEbeDivideMixedTypes" classname="org.apache.commons.math3.linear.SparseRealVectorTest" time="0"/>
  <testcase name="testCosineMixedTypes" classname="org.apache.commons.math3.linear.SparseRealVectorTest" time="0"/>
  <testcase name="testDotProductSameType" classname="org.apache.commons.math3.linear.SparseRealVectorTest" time="0.001"/>
  <testcase name="testMapMultiply" classname="org.apache.commons.math3.linear.SparseRealVectorTest" time="0.001"/>
  <testcase name="testUnitize" classname="org.apache.commons.math3.linear.SparseRealVectorTest" time="0"/>
  <testcase name="testGetNorm" classname="org.apache.commons.math3.linear.SparseRealVectorTest" time="0"/>
  <testcase name="testDotProductDimensionMismatchMixedTypes" classname="org.apache.commons.math3.linear.SparseRealVectorTest" time="0"/>
  <testcase name="testCosineRightNullVector" classname="org.apache.commons.math3.linear.SparseRealVectorTest" time="0"/>
  <testcase name="testCombineToSelfDimensionMismatchMixedTypes" classname="org.apache.commons.math3.linear.SparseRealVectorTest" time="0"/>
  <testcase name="testCosineSameType" classname="org.apache.commons.math3.linear.SparseRealVectorTest" time="0"/>
  <testcase name="testMapSubtractToSelf" classname="org.apache.commons.math3.linear.SparseRealVectorTest" time="0.001"/>
  <testcase name="testProjectionMixedTypes" classname="org.apache.commons.math3.linear.SparseRealVectorTest" time="0"/>
  <testcase name="testGetDimension" classname="org.apache.commons.math3.linear.SparseRealVectorTest" time="0"/>
  <testcase name="testCombineToSelfSameType" classname="org.apache.commons.math3.linear.SparseRealVectorTest" time="0.027"/>
  <testcase name="testGetLInfNorm" classname="org.apache.commons.math3.linear.SparseRealVectorTest" time="0.001"/>
  <testcase name="testAddToEntry" classname="org.apache.commons.math3.linear.SparseRealVectorTest" time="0"/>
  <testcase name="testGetDistanceDimensionMismatch" classname="org.apache.commons.math3.linear.SparseRealVectorTest" time="0"/>
  <testcase name="testAddSameType" classname="org.apache.commons.math3.linear.SparseRealVectorTest" time="0.001"/>
  <testcase name="testGetDistanceSameType" classname="org.apache.commons.math3.linear.SparseRealVectorTest" time="0"/>
  <testcase name="testCombineToSelfMixedTypes" classname="org.apache.commons.math3.linear.SparseRealVectorTest" time="0.014"/>
  <testcase name="testGetL1DistanceSameType" classname="org.apache.commons.math3.linear.SparseRealVectorTest" time="0"/>
  <testcase name="testGetEntryInvalidIndex1" classname="org.apache.commons.math3.linear.SparseRealVectorTest" time="0"/>
  <testcase name="testGetEntryInvalidIndex2" classname="org.apache.commons.math3.linear.SparseRealVectorTest" time="0"/>
  <testcase name="testCombineSameType" classname="org.apache.commons.math3.linear.SparseRealVectorTest" time="0.014"/>
  <testcase name="testProjectionDimensionMismatch" classname="org.apache.commons.math3.linear.SparseRealVectorTest" time="0"/>
  <testcase name="testGetSubVector" classname="org.apache.commons.math3.linear.SparseRealVectorTest" time="0"/>
  <testcase name="testGetLInfDistanceDimensionMismatch" classname="org.apache.commons.math3.linear.SparseRealVectorTest" time="0"/>
  <testcase name="testMapSubtract" classname="org.apache.commons.math3.linear.SparseRealVectorTest" time="0.001"/>
  <testcase name="testDotProductMixedTypes" classname="org.apache.commons.math3.linear.SparseRealVectorTest" time="0"/>
  <testcase name="testAddDimensionMismatch" classname="org.apache.commons.math3.linear.SparseRealVectorTest" time="0"/>
  <testcase name="testAddToEntryInvalidIndex1" classname="org.apache.commons.math3.linear.SparseRealVectorTest" time="0"/>
  <testcase name="testAddToEntryInvalidIndex2" classname="org.apache.commons.math3.linear.SparseRealVectorTest" time="0"/>
  <testcase name="testMapDivide" classname="org.apache.commons.math3.linear.SparseRealVectorTest" time="0.001"/>
  <testcase name="testSetSubVectorMixedType" classname="org.apache.commons.math3.linear.SparseRealVectorTest" time="0"/>
  <testcase name="testUnitVectorNullVector" classname="org.apache.commons.math3.linear.SparseRealVectorTest" time="0"/>
  <testcase name="testMapAddToSelf" classname="org.apache.commons.math3.linear.SparseRealVectorTest" time="0"/>
  <testcase name="testGetL1Norm" classname="org.apache.commons.math3.linear.SparseRealVectorTest" time="0"/>
  <testcase name="testGetLInfDistanceSameType" classname="org.apache.commons.math3.linear.SparseRealVectorTest" time="0"/>
  <testcase name="testCosineDimensionMismatch" classname="org.apache.commons.math3.linear.SparseRealVectorTest" time="0"/>
  <testcase name="testEquals" classname="org.apache.commons.math3.linear.SparseRealVectorTest" time="0"/>
  <testcase name="testDotProductDimensionMismatchSameType" classname="org.apache.commons.math3.linear.SparseRealVectorTest" time="0"/>
  <testcase name="testGetDistanceMixedTypes" classname="org.apache.commons.math3.linear.SparseRealVectorTest" time="0"/>
  <testcase name="testMapAdd" classname="org.apache.commons.math3.linear.SparseRealVectorTest" time="0"/>
  <testcase name="testMinMax" classname="org.apache.commons.math3.linear.SparseRealVectorTest" time="0"/>
  <testcase name="testUnitVector" classname="org.apache.commons.math3.linear.SparseRealVectorTest" time="0"/>
  <testcase name="testProjectionNullVector" classname="org.apache.commons.math3.linear.SparseRealVectorTest" time="0.001"/>
  <testcase name="testMapToSelf" classname="org.apache.commons.math3.linear.SparseRealVectorTest" time="0"/>
  <testcase name="testWalkInDefaultOrderPreservingVisitor1" classname="org.apache.commons.math3.linear.SparseRealVectorTest" time="0"/>
  <testcase name="testWalkInDefaultOrderPreservingVisitor2" classname="org.apache.commons.math3.linear.SparseRealVectorTest" time="0"/>
  <testcase name="testWalkInDefaultOrderPreservingVisitor3" classname="org.apache.commons.math3.linear.SparseRealVectorTest" time="0"/>
  <testcase name="testSubtractDimensionMismatch" classname="org.apache.commons.math3.linear.SparseRealVectorTest" time="0.001"/>
  <testcase name="testCombineToSelfDimensionMismatchSameType" classname="org.apache.commons.math3.linear.SparseRealVectorTest" time="0"/>
  <testcase name="testWalkInOptimizedOrderPreservingVisitor1" classname="org.apache.commons.math3.linear.SparseRealVectorTest" time="0"/>
  <testcase name="testWalkInOptimizedOrderPreservingVisitor2" classname="org.apache.commons.math3.linear.SparseRealVectorTest" time="0"/>
  <testcase name="testWalkInOptimizedOrderPreservingVisitor3" classname="org.apache.commons.math3.linear.SparseRealVectorTest" time="0"/>
  <testcase name="testSetSubVectorSameType" classname="org.apache.commons.math3.linear.SparseRealVectorTest" time="0"/>
  <testcase name="testSerial" classname="org.apache.commons.math3.linear.SparseRealVectorTest" time="0.001"/>
  <testcase name="testGetL1DistanceMixedTypes" classname="org.apache.commons.math3.linear.SparseRealVectorTest" time="0"/>
  <testcase name="testIterator" classname="org.apache.commons.math3.linear.SparseRealVectorTest" time="0"/>
  <testcase name="testSetEntry" classname="org.apache.commons.math3.linear.SparseRealVectorTest" time="0"/>
  <testcase name="testGetSubVectorInvalidIndex1" classname="org.apache.commons.math3.linear.SparseRealVectorTest" time="0"/>
  <testcase name="testGetSubVectorInvalidIndex2" classname="org.apache.commons.math3.linear.SparseRealVectorTest" time="0"/>
  <testcase name="testGetSubVectorInvalidIndex3" classname="org.apache.commons.math3.linear.SparseRealVectorTest" time="0"/>
  <testcase name="testGetSubVectorInvalidIndex4" classname="org.apache.commons.math3.linear.SparseRealVectorTest" time="0"/>
</testsuite>