<?xml version="1.0" encoding="UTF-8"?>
<testsuite name="org.apache.commons.math3.linear.RealVectorTest" time="0.068" tests="105" errors="0" skipped="24" failures="0">
  <properties>
    <property name="java.runtime.name" value="Java(TM) SE Runtime Environment"/>
    <property name="sun.boot.library.path" value="C:\Program Files (x86)\Java\jdk1.8.0_181\jre\bin"/>
    <property name="java.vm.version" value="25.181-b13"/>
    <property name="java.vm.vendor" value="Oracle Corporation"/>
    <property name="maven.multiModuleProjectDirectory" value="D:/MastersYear5/SoftwareEvolution/SoftwareEvProject/maven/commons-math3-3.6.1-src"/>
    <property name="java.vendor.url" value="http://java.oracle.com/"/>
    <property name="path.separator" value=";"/>
    <property name="guice.disable.misplaced.annotation.check" value="true"/>
    <property name="java.vm.name" value="Java HotSpot(TM) Client VM"/>
    <property name="file.encoding.pkg" value="sun.io"/>
    <property name="user.script" value=""/>
    <property name="user.country" value="US"/>
    <property name="sun.java.launcher" value="SUN_STANDARD"/>
    <property name="sun.os.patch.level" value=""/>
    <property name="java.vm.specification.name" value="Java Virtual Machine Specification"/>
    <property name="user.dir" value="D:\MastersYear5\SoftwareEvolution\SoftwareEvProject\maven\commons-math3-3.6.1-src"/>
    <property name="java.runtime.version" value="1.8.0_181-b13"/>
    <property name="java.awt.graphicsenv" value="sun.awt.Win32GraphicsEnvironment"/>
    <property name="java.endorsed.dirs" value="C:\Program Files (x86)\Java\jdk1.8.0_181\jre\lib\endorsed"/>
    <property name="os.arch" value="x86"/>
    <property name="java.io.tmpdir" value="C:\Users\ALEXIS~1\AppData\Local\Temp\"/>
    <property name="line.separator" value="&#10;"/>
    <property name="java.vm.specification.vendor" value="Oracle Corporation"/>
    <property name="user.variant" value=""/>
    <property name="os.name" value="Windows 10"/>
    <property name="classworlds.conf" value="C:/Users/Alex Issa/apache-maven-3.6.0/bin/m2.conf"/>
    <property name="sun.jnu.encoding" value="Cp1252"/>
    <property name="java.library.path" value="C:\Program Files (x86)\Java\jdk1.8.0_181\bin;C:\WINDOWS\Sun\Java\bin;C:\WINDOWS\system32;C:\WINDOWS;C:\Users\Alex Issa\bin;C:\Program Files\Git\mingw64\bin;C:\Program Files\Git\usr\local\bin;C:\Program Files\Git\usr\bin;C:\Program Files\Git\usr\bin;C:\Program Files\Git\mingw64\bin;C:\Program Files\Git\usr\bin;C:\Users\Alex Issa\bin;C:\Program Files (x86)\Intel\iCLS Client;C:\Program Files\Intel\iCLS Client;C:\Windows\system32;C:\Windows;C:\Windows\System32\Wbem;C:\Windows\System32\WindowsPowerShell\v1.0;C:\Program Files (x86)\Intel\Intel(R) Management Engine Components\DAL;C:\Program Files\Intel\Intel(R) Management Engine Components\DAL;C:\Program Files (x86)\Intel\Intel(R) Management Engine Components\IPT;C:\Program Files\Intel\Intel(R) Management Engine Components\IPT;C:\Program Files (x86)\NVIDIA Corporation\PhysX\Common;C:\Program Files\Intel\WiFi\bin;C:\Program Files\Common Files\Intel\WirelessCommon;C:\WINDOWS\system32;C:\WINDOWS;C:\WINDOWS\System32\Wbem;C:\WINDOWS\System32\WindowsPowerShell\v1.0;C:\Program Files\MiKTeX 2.9\miktex\bin\x64;C:\Users\Alex Issa\Documents\MachineLearningForFun\graphviz-2.38\release\bin;C:\WINDOWS\System32\OpenSSH;C:\Program Files (x86)\Java\jdk1.8.0_181\bin;C:\Program Files (x86)\Common Files\Oracle\Java\javapath;C:\Users\Alex Issa\apache-maven-3.6.0\bin;C:\Users\Alex Issa\apache-ant-1.10.5-bin\apache-ant-1.10.5\bin;C:\Program Files (x86)\GnuWin32\bin\make.exe;C:\Program Files (x86)\GnuWin32\bin;C:\Program Files\nodejs;C:\ProgramData\chocolatey\bin;C:\Program Files (x86)\Yarn\bin;C:\Users\Alex Issa\Anaconda\Library\bin\graphviz;C:\Program Files\Amazon\AWSCLIV2;C:\Users\Alex Issa\AppData\Roaming\Microsoft\Windows\Start Menu\Programs\Python 3.8;C:\Program Files\NVIDIA Corporation\NVIDIA NvDLISR;C:\WINDOWS\system32;C:\WINDOWS;C:\WINDOWS\System32\Wbem;C:\WINDOWS\System32\WindowsPowerShell\v1.0;C:\WINDOWS\System32\OpenSSH;C:\bazel;C:\msys64\usr\bin;C:\Users\Alex Issa\AppData\Local\Programs\Python\Python38\Scripts;C:\Users\Alex Issa\AppData\Local\Programs\Python\Python38;C:\Users\Alex Issa\AppData\Local\Microsoft\WindowsApps;C:\Users\Alex Issa\AppData\Roaming\Dashlane\4.8.4.35032\bin\Firefox_Extension\{442718d9-475e-452a-b3e1-fb1ee16b8e9f}\components;C:\Users\Alex Issa\AppData\Roaming\Dashlane\4.8.4.35032\ucrt;C:\Program Files\JetBrains\IntelliJ IDEA Community Edition 2018.3.1\bin;C:\Users\Alex Issa\AppData\Local\Google\Cloud SDK\google-cloud-sdk\bin;C:\Program Files\Docker Toolbox;C:\Program Files\JetBrains\PyCharm Community Edition 2019.1.1\bin;C:\Program Files (x86)\GnuWin32\bin\make.exe;C:\Program Files (x86)\GnuWin32\bin;C:\Users\Alex Issa\AppData\Roaming\npm;C:\Users\Alex Issa\AppData\Local\Yarn\bin;C:\Users\Alex Issa\AppData\Local\Programs\Microsoft VS Code\bin;C:\Program Files\Git\usr\bin\vendor_perl;C:\Program Files\Git\usr\bin\core_perl;."/>
    <property name="maven.conf" value="C:/Users/Alex Issa/apache-maven-3.6.0/conf"/>
    <property name="java.specification.name" value="Java Platform API Specification"/>
    <property name="java.class.version" value="52.0"/>
    <property name="sun.management.compiler" value="HotSpot Client Compiler"/>
    <property name="os.version" value="10.0"/>
    <property name="library.jansi.path" value="C:/Users/Alex Issa/apache-maven-3.6.0/lib/jansi-native"/>
    <property name="user.home" value="C:\Users\Alex Issa"/>
    <property name="user.timezone" value="America/Chicago"/>
    <property name="java.awt.printerjob" value="sun.awt.windows.WPrinterJob"/>
    <property name="java.specification.version" value="1.8"/>
    <property name="file.encoding" value="Cp1252"/>
    <property name="user.name" value="Alex Issa"/>
    <property name="java.class.path" value="C:/Users/Alex Issa/apache-maven-3.6.0/boot/plexus-classworlds-2.5.2.jar"/>
    <property name="java.vm.specification.version" value="1.8"/>
    <property name="sun.arch.data.model" value="32"/>
    <property name="java.home" value="C:\Program Files (x86)\Java\jdk1.8.0_181\jre"/>
    <property name="sun.java.command" value="org.codehaus.plexus.classworlds.launcher.Launcher package"/>
    <property name="java.specification.vendor" value="Oracle Corporation"/>
    <property name="user.language" value="en"/>
    <property name="awt.toolkit" value="sun.awt.windows.WToolkit"/>
    <property name="java.vm.info" value="mixed mode"/>
    <property name="java.version" value="1.8.0_181"/>
    <property name="java.ext.dirs" value="C:\Program Files (x86)\Java\jdk1.8.0_181\jre\lib\ext;C:\WINDOWS\Sun\Java\lib\ext"/>
    <property name="sun.boot.class.path" value="C:\Program Files (x86)\Java\jdk1.8.0_181\jre\lib\resources.jar;C:\Program Files (x86)\Java\jdk1.8.0_181\jre\lib\rt.jar;C:\Program Files (x86)\Java\jdk1.8.0_181\jre\lib\sunrsasign.jar;C:\Program Files (x86)\Java\jdk1.8.0_181\jre\lib\jsse.jar;C:\Program Files (x86)\Java\jdk1.8.0_181\jre\lib\jce.jar;C:\Program Files (x86)\Java\jdk1.8.0_181\jre\lib\charsets.jar;C:\Program Files (x86)\Java\jdk1.8.0_181\jre\lib\jfr.jar;C:\Program Files (x86)\Java\jdk1.8.0_181\jre\classes"/>
    <property name="java.vendor" value="Oracle Corporation"/>
    <property name="maven.home" value="C:\Users\Alex Issa\apache-maven-3.6.0"/>
    <property name="file.separator" value="\"/>
    <property name="java.vendor.url.bug" value="http://bugreport.sun.com/bugreport/"/>
    <property name="sun.cpu.endian" value="little"/>
    <property name="sun.io.unicode.encoding" value="UnicodeLittle"/>
    <property name="sun.desktop" value="windows"/>
    <property name="sun.cpu.isalist" value="pentium_pro+mmx pentium_pro pentium+mmx pentium i486 i386 i86"/>
  </properties>
  <testcase name="testAppendScalar" classname="org.apache.commons.math3.linear.RealVectorTest" time="0">
    <skipped message="Abstract class RealVector does not implement append(double)"/>
  </testcase>
  <testcase name="testEbeDivideDimensionMismatch" classname="org.apache.commons.math3.linear.RealVectorTest" time="0">
    <skipped message="Abstract class RealVector does not implement ebeDivide(RealVector)"/>
  </testcase>
  <testcase name="testAppendVector" classname="org.apache.commons.math3.linear.RealVectorTest" time="0">
    <skipped message="Abstract class RealVector does not implement append(RealVector)."/>
  </testcase>
  <testcase name="testEbeMultiplyDimensionMismatch" classname="org.apache.commons.math3.linear.RealVectorTest" time="0">
    <skipped message="Abstract class RealVector does not implement ebeMultiply(RealVector)"/>
  </testcase>
  <testcase name="testIsInfinite" classname="org.apache.commons.math3.linear.RealVectorTest" time="0">
    <skipped message="Abstract class RealVector does not implement isNaN()"/>
  </testcase>
  <testcase name="testSetSubVectorInvalidIndex1" classname="org.apache.commons.math3.linear.RealVectorTest" time="0">
    <skipped message="Abstract class RealVector does not implement setSubvector(int, RealVector)"/>
  </testcase>
  <testcase name="testSetSubVectorInvalidIndex2" classname="org.apache.commons.math3.linear.RealVectorTest" time="0">
    <skipped message="Abstract class RealVector does not implement setSubvector(int, RealVector)"/>
  </testcase>
  <testcase name="testSetSubVectorInvalidIndex3" classname="org.apache.commons.math3.linear.RealVectorTest" time="0">
    <skipped message="Abstract class RealVector does not implement setSubvector(int, RealVector)"/>
  </testcase>
  <testcase name="testIsNaN" classname="org.apache.commons.math3.linear.RealVectorTest" time="0">
    <skipped message="Abstract class RealVector does not implement isNaN()"/>
  </testcase>
  <testcase name="testEbeDivideMixedTypes" classname="org.apache.commons.math3.linear.RealVectorTest" time="0">
    <skipped message="Abstract class RealVector does not implement ebeDivide(RealVector)"/>
  </testcase>
  <testcase name="testEbeMultiplyMixedTypes" classname="org.apache.commons.math3.linear.RealVectorTest" time="0">
    <skipped message="Abstract class RealVector does not implement ebeMultiply(RealVector)"/>
  </testcase>
  <testcase name="testEbeDivideSameType" classname="org.apache.commons.math3.linear.RealVectorTest" time="0">
    <skipped message="Abstract class RealVector does not implement ebeDivide(RealVector)"/>
  </testcase>
  <testcase name="testGetLInfNorm" classname="org.apache.commons.math3.linear.RealVectorTest" time="0">
    <skipped message="Abstract class RealVector does not implement getLInfNorm()"/>
  </testcase>
  <testcase name="testEbeMultiplySameType" classname="org.apache.commons.math3.linear.RealVectorTest" time="0">
    <skipped message="Abstract class RealVector does not implement ebeMultiply(RealVector)"/>
  </testcase>
  <testcase name="testGetSubVector" classname="org.apache.commons.math3.linear.RealVectorTest" time="0">
    <skipped message="Abstract class RealVector does not implement getSubvector(int, int)"/>
  </testcase>
  <testcase name="testSparseIterator" classname="org.apache.commons.math3.linear.RealVectorTest" time="0.001"/>
  <testcase name="testSetSubVectorMixedType" classname="org.apache.commons.math3.linear.RealVectorTest" time="0">
    <skipped message="Abstract class RealVector does not implement setSubvector(int, RealVector)"/>
  </testcase>
  <testcase name="testGetL1Norm" classname="org.apache.commons.math3.linear.RealVectorTest" time="0">
    <skipped message="Abstract class RealVector does not implement getL1Norm()"/>
  </testcase>
  <testcase name="testEquals" classname="org.apache.commons.math3.linear.RealVectorTest" time="0">
    <skipped message="Abstract class RealVector does not override equals(Object)."/>
  </testcase>
  <testcase name="testSetSubVectorSameType" classname="org.apache.commons.math3.linear.RealVectorTest" time="0">
    <skipped message="Abstract class RealVector does not implement setSubvector(int, RealVector)"/>
  </testcase>
  <testcase name="testSerial" classname="org.apache.commons.math3.linear.RealVectorTest" time="0">
    <skipped message="Abstract class RealVector is not serializable."/>
  </testcase>
  <testcase name="testGetSubVectorInvalidIndex1" classname="org.apache.commons.math3.linear.RealVectorTest" time="0">
    <skipped message="Abstract class RealVector does not implement getSubvector(int, int)"/>
  </testcase>
  <testcase name="testGetSubVectorInvalidIndex2" classname="org.apache.commons.math3.linear.RealVectorTest" time="0">
    <skipped message="Abstract class RealVector does not implement getSubvector(int, int)"/>
  </testcase>
  <testcase name="testGetSubVectorInvalidIndex3" classname="org.apache.commons.math3.linear.RealVectorTest" time="0">
    <skipped message="Abstract class RealVector does not implement getSubvector(int, int)"/>
  </testcase>
  <testcase name="testGetSubVectorInvalidIndex4" classname="org.apache.commons.math3.linear.RealVectorTest" time="0">
    <skipped message="Abstract class RealVector does not implement getSubvector(int, int)"/>
  </testcase>
  <testcase name="testAddMixedTypes" classname="org.apache.commons.math3.linear.RealVectorTest" time="0"/>
  <testcase name="testProjectionSameType" classname="org.apache.commons.math3.linear.RealVectorTest" time="0"/>
  <testcase name="testWalkInOptimizedOrderChangingVisitor1" classname="org.apache.commons.math3.linear.RealVectorTest" time="0"/>
  <testcase name="testWalkInOptimizedOrderChangingVisitor2" classname="org.apache.commons.math3.linear.RealVectorTest" time="0"/>
  <testcase name="testWalkInOptimizedOrderChangingVisitor3" classname="org.apache.commons.math3.linear.RealVectorTest" time="0"/>
  <testcase name="testOuterProductMixedTypes" classname="org.apache.commons.math3.linear.RealVectorTest" time="0"/>
  <testcase name="testCombineMixedTypes" classname="org.apache.commons.math3.linear.RealVectorTest" time="0.015"/>
  <testcase name="testGetEntry" classname="org.apache.commons.math3.linear.RealVectorTest" time="0"/>
  <testcase name="testUnitizeNullVector" classname="org.apache.commons.math3.linear.RealVectorTest" time="0"/>
  <testcase name="testToArray" classname="org.apache.commons.math3.linear.RealVectorTest" time="0"/>
  <testcase name="testSubtractSameType" classname="org.apache.commons.math3.linear.RealVectorTest" time="0.001"/>
  <testcase name="testMap" classname="org.apache.commons.math3.linear.RealVectorTest" time="0.001"/>
  <testcase name="testSet" classname="org.apache.commons.math3.linear.RealVectorTest" time="0.001"/>
  <testcase name="testOuterProductSameType" classname="org.apache.commons.math3.linear.RealVectorTest" time="0"/>
  <testcase name="testGetLInfDistanceMixedTypes" classname="org.apache.commons.math3.linear.RealVectorTest" time="0"/>
  <testcase name="testCombineDimensionMismatchMixedTypes" classname="org.apache.commons.math3.linear.RealVectorTest" time="0"/>
  <testcase name="testMapDivideToSelf" classname="org.apache.commons.math3.linear.RealVectorTest" time="0"/>
  <testcase name="testMapMultiplyToSelf" classname="org.apache.commons.math3.linear.RealVectorTest" time="0.001"/>
  <testcase name="testWalkInDefaultOrderChangingVisitor1" classname="org.apache.commons.math3.linear.RealVectorTest" time="0"/>
  <testcase name="testWalkInDefaultOrderChangingVisitor2" classname="org.apache.commons.math3.linear.RealVectorTest" time="0"/>
  <testcase name="testWalkInDefaultOrderChangingVisitor3" classname="org.apache.commons.math3.linear.RealVectorTest" time="0"/>
  <testcase name="testCopy" classname="org.apache.commons.math3.linear.RealVectorTest" time="0"/>
  <testcase name="testSetEntryInvalidIndex1" classname="org.apache.commons.math3.linear.RealVectorTest" time="0"/>
  <testcase name="testSetEntryInvalidIndex2" classname="org.apache.commons.math3.linear.RealVectorTest" time="0"/>
  <testcase name="testSubtractMixedTypes" classname="org.apache.commons.math3.linear.RealVectorTest" time="0.002"/>
  <testcase name="testCosineLeftNullVector" classname="org.apache.commons.math3.linear.RealVectorTest" time="0"/>
  <testcase name="testCombineDimensionMismatchSameType" classname="org.apache.commons.math3.linear.RealVectorTest" time="0"/>
  <testcase name="testGetL1DistanceDimensionMismatch" classname="org.apache.commons.math3.linear.RealVectorTest" time="0"/>
  <testcase name="testCosineMixedTypes" classname="org.apache.commons.math3.linear.RealVectorTest" time="0"/>
  <testcase name="testDotProductSameType" classname="org.apache.commons.math3.linear.RealVectorTest" time="0"/>
  <testcase name="testMapMultiply" classname="org.apache.commons.math3.linear.RealVectorTest" time="0"/>
  <testcase name="testUnitize" classname="org.apache.commons.math3.linear.RealVectorTest" time="0"/>
  <testcase name="testGetNorm" classname="org.apache.commons.math3.linear.RealVectorTest" time="0.001"/>
  <testcase name="testDotProductDimensionMismatchMixedTypes" classname="org.apache.commons.math3.linear.RealVectorTest" time="0"/>
  <testcase name="testCosineRightNullVector" classname="org.apache.commons.math3.linear.RealVectorTest" time="0"/>
  <testcase name="testCombineToSelfDimensionMismatchMixedTypes" classname="org.apache.commons.math3.linear.RealVectorTest" time="0"/>
  <testcase name="testCosineSameType" classname="org.apache.commons.math3.linear.RealVectorTest" time="0"/>
  <testcase name="testMapSubtractToSelf" classname="org.apache.commons.math3.linear.RealVectorTest" time="0"/>
  <testcase name="testProjectionMixedTypes" classname="org.apache.commons.math3.linear.RealVectorTest" time="0"/>
  <testcase name="testGetDimension" classname="org.apache.commons.math3.linear.RealVectorTest" time="0"/>
  <testcase name="testCombineToSelfSameType" classname="org.apache.commons.math3.linear.RealVectorTest" time="0.014"/>
  <testcase name="testAddToEntry" classname="org.apache.commons.math3.linear.RealVectorTest" time="0"/>
  <testcase name="testGetDistanceDimensionMismatch" classname="org.apache.commons.math3.linear.RealVectorTest" time="0"/>
  <testcase name="testAddSameType" classname="org.apache.commons.math3.linear.RealVectorTest" time="0.001"/>
  <testcase name="testGetDistanceSameType" classname="org.apache.commons.math3.linear.RealVectorTest" time="0"/>
  <testcase name="testCombineToSelfMixedTypes" classname="org.apache.commons.math3.linear.RealVectorTest" time="0.014"/>
  <testcase name="testGetL1DistanceSameType" classname="org.apache.commons.math3.linear.RealVectorTest" time="0"/>
  <testcase name="testGetEntryInvalidIndex1" classname="org.apache.commons.math3.linear.RealVectorTest" time="0.001"/>
  <testcase name="testGetEntryInvalidIndex2" classname="org.apache.commons.math3.linear.RealVectorTest" time="0"/>
  <testcase name="testCombineSameType" classname="org.apache.commons.math3.linear.RealVectorTest" time="0.012"/>
  <testcase name="testProjectionDimensionMismatch" classname="org.apache.commons.math3.linear.RealVectorTest" time="0"/>
  <testcase name="testGetLInfDistanceDimensionMismatch" classname="org.apache.commons.math3.linear.RealVectorTest" time="0"/>
  <testcase name="testMapSubtract" classname="org.apache.commons.math3.linear.RealVectorTest" time="0"/>
  <testcase name="testDotProductMixedTypes" classname="org.apache.commons.math3.linear.RealVectorTest" time="0.001"/>
  <testcase name="testAddDimensionMismatch" classname="org.apache.commons.math3.linear.RealVectorTest" time="0"/>
  <testcase name="testAddToEntryInvalidIndex1" classname="org.apache.commons.math3.linear.RealVectorTest" time="0"/>
  <testcase name="testAddToEntryInvalidIndex2" classname="org.apache.commons.math3.linear.RealVectorTest" time="0"/>
  <testcase name="testMapDivide" classname="org.apache.commons.math3.linear.RealVectorTest" time="0"/>
  <testcase name="testUnitVectorNullVector" classname="org.apache.commons.math3.linear.RealVectorTest" time="0"/>
  <testcase name="testMapAddToSelf" classname="org.apache.commons.math3.linear.RealVectorTest" time="0"/>
  <testcase name="testGetLInfDistanceSameType" classname="org.apache.commons.math3.linear.RealVectorTest" time="0"/>
  <testcase name="testCosineDimensionMismatch" classname="org.apache.commons.math3.linear.RealVectorTest" time="0"/>
  <testcase name="testDotProductDimensionMismatchSameType" classname="org.apache.commons.math3.linear.RealVectorTest" time="0"/>
  <testcase name="testGetDistanceMixedTypes" classname="org.apache.commons.math3.linear.RealVectorTest" time="0"/>
  <testcase name="testMapAdd" classname="org.apache.commons.math3.linear.RealVectorTest" time="0"/>
  <testcase name="testMinMax" classname="org.apache.commons.math3.linear.RealVectorTest" time="0"/>
  <testcase name="testUnitVector" classname="org.apache.commons.math3.linear.RealVectorTest" time="0"/>
  <testcase name="testProjectionNullVector" classname="org.apache.commons.math3.linear.RealVectorTest" time="0"/>
  <testcase name="testMapToSelf" classname="org.apache.commons.math3.linear.RealVectorTest" time="0.001"/>
  <testcase name="testWalkInDefaultOrderPreservingVisitor1" classname="org.apache.commons.math3.linear.RealVectorTest" time="0"/>
  <testcase name="testWalkInDefaultOrderPreservingVisitor2" classname="org.apache.commons.math3.linear.RealVectorTest" time="0"/>
  <testcase name="testWalkInDefaultOrderPreservingVisitor3" classname="org.apache.commons.math3.linear.RealVectorTest" time="0.001"/>
  <testcase name="testSubtractDimensionMismatch" classname="org.apache.commons.math3.linear.RealVectorTest" time="0"/>
  <testcase name="testCombineToSelfDimensionMismatchSameType" classname="org.apache.commons.math3.linear.RealVectorTest" time="0"/>
  <testcase name="testWalkInOptimizedOrderPreservingVisitor1" classname="org.apache.commons.math3.linear.RealVectorTest" time="0"/>
  <testcase name="testWalkInOptimizedOrderPreservingVisitor2" classname="org.apache.commons.math3.linear.RealVectorTest" time="0"/>
  <testcase name="testWalkInOptimizedOrderPreservingVisitor3" classname="org.apache.commons.math3.linear.RealVectorTest" time="0"/>
  <testcase name="testGetL1DistanceMixedTypes" classname="org.apache.commons.math3.linear.RealVectorTest" time="0"/>
  <testcase name="testIterator" classname="org.apache.commons.math3.linear.RealVectorTest" time="0"/>
  <testcase name="testSetEntry" classname="org.apache.commons.math3.linear.RealVectorTest" time="0"/>
</testsuite>